GROUP,PACKAGE,CLASS,INSTRUCTION_MISSED,INSTRUCTION_COVERED,BRANCH_MISSED,BRANCH_COVERED,LINE_MISSED,LINE_COVERED,COMPLEXITY_MISSED,COMPLEXITY_COVERED,METHOD_MISSED,METHOD_COVERED
LibreriaMaven Maven Webapp,laptop.database,ContrassegnoDao,119,0,4,0,38,0,6,0,4,0
LibreriaMaven Maven Webapp,laptop.database,RivistaDao,586,211,15,3,126,46,17,5,9,4
LibreriaMaven Maven Webapp,laptop.database,PagamentoDao,185,0,6,0,52,0,8,0,5,0
LibreriaMaven Maven Webapp,laptop.database,NegozioDao,199,0,10,0,59,0,11,0,6,0
LibreriaMaven Maven Webapp,laptop.database,GiornaleDao,585,201,15,3,126,44,17,5,9,4
LibreriaMaven Maven Webapp,laptop.database,UsersDao,795,0,24,0,219,0,26,0,14,0
LibreriaMaven Maven Webapp,laptop.database,CsvDao,481,0,34,0,112,0,25,0,8,0
LibreriaMaven Maven Webapp,laptop.database,LibroDao,641,233,17,3,135,50,18,5,9,4
LibreriaMaven Maven Webapp,laptop.database,CartaCreditoDao,210,0,6,0,56,0,8,0,5,0
LibreriaMaven Maven Webapp,laptop.model,CartaDiCredito,140,0,0,0,49,0,23,0,23,0
LibreriaMaven Maven Webapp,laptop.model,Fattura,80,0,0,0,29,0,15,0,15,0
LibreriaMaven Maven Webapp,laptop.model,Negozio,58,0,0,0,21,0,11,0,11,0
LibreriaMaven Maven Webapp,laptop.model,User.Ruoli,27,0,0,0,5,0,1,0,1,0
LibreriaMaven Maven Webapp,laptop.model,User,101,0,6,0,36,0,23,0,19,0
LibreriaMaven Maven Webapp,laptop.model,TempUser.RuoliT,27,0,0,0,5,0,1,0,1,0
LibreriaMaven Maven Webapp,laptop.model,TempUser,121,0,10,0,44,0,27,0,19,0
LibreriaMaven Maven Webapp,laptop.model,Pagamento,120,0,2,0,43,0,19,0,18,0
LibreriaMaven Maven Webapp,laptop.model.raccolta,Factory,51,245,1,15,10,40,6,14,5,6
LibreriaMaven Maven Webapp,laptop.model.raccolta,MatchParam,0,62,0,0,0,16,0,3,0,3
LibreriaMaven Maven Webapp,laptop.model.raccolta,Giornale,37,122,0,0,10,45,2,22,2,22
LibreriaMaven Maven Webapp,laptop.model.raccolta,CategorieRivista,0,87,0,0,0,5,0,1,0,1
LibreriaMaven Maven Webapp,laptop.model.raccolta,Libro,227,224,33,1,79,73,33,34,2,34
LibreriaMaven Maven Webapp,laptop.model.raccolta,CategorieLibro,0,183,0,0,0,10,0,1,0,1
LibreriaMaven Maven Webapp,laptop.model.raccolta,Rivista,107,154,14,1,38,55,16,26,2,26
LibreriaMaven Maven Webapp,web.bean,SystemBean,86,0,2,0,37,0,24,0,23,0
LibreriaMaven Maven Webapp,web.bean,UserBean,142,0,17,0,48,0,33,0,23,0
LibreriaMaven Maven Webapp,web.bean,RivistaBean,181,0,17,0,57,0,42,0,27,0
LibreriaMaven Maven Webapp,web.bean,DownloadBean,17,0,0,0,7,0,5,0,5,0
LibreriaMaven Maven Webapp,web.bean,LibroBean,280,0,32,0,111,0,63,0,33,0
LibreriaMaven Maven Webapp,web.bean,AcquistaBean,24,0,0,0,10,0,7,0,7,0
LibreriaMaven Maven Webapp,web.bean,UserBean.Ruoli,27,0,0,0,5,0,1,0,1,0
LibreriaMaven Maven Webapp,web.bean,TextAreaBean,10,0,0,0,4,0,3,0,3,0
LibreriaMaven Maven Webapp,web.bean,FatturaBean,52,0,6,0,19,0,12,0,9,0
LibreriaMaven Maven Webapp,web.bean,NegozioBean,31,0,0,0,13,0,9,0,9,0
LibreriaMaven Maven Webapp,web.bean,GiornaleBean,92,0,2,0,37,0,24,0,23,0
LibreriaMaven Maven Webapp,web.bean,CartaCreditoBean,52,0,0,0,22,0,15,0,15,0
LibreriaMaven Maven Webapp,web.bean,PagamentoBean,59,0,0,0,25,0,17,0,17,0
LibreriaMaven Maven Webapp,web.bean,RicercaBean,38,0,0,0,16,0,11,0,11,0
LibreriaMaven Maven Webapp,web.bean,ModificaOggettoBean,28,0,4,0,9,0,7,0,5,0
LibreriaMaven Maven Webapp,laptop.exception,IdException,4,0,0,0,2,0,1,0,1,0
LibreriaMaven Maven Webapp,laptop.exception,AcquistaException,4,0,0,0,2,0,1,0,1,0
LibreriaMaven Maven Webapp,laptop.exception,LogoutException,4,0,0,0,2,0,1,0,1,0
LibreriaMaven Maven Webapp,laptop.controller,ControllerGestionePage,137,0,14,0,37,0,13,0,4,0
LibreriaMaven Maven Webapp,laptop.controller,ControllerRegistraUtente,134,0,22,0,30,0,17,0,6,0
LibreriaMaven Maven Webapp,laptop.controller,ControllerAcquista,30,378,8,18,7,89,8,19,0,9
LibreriaMaven Maven Webapp,laptop.controller,ControllerModifPage,188,0,0,0,39,0,7,0,7,0
LibreriaMaven Maven Webapp,laptop.controller,ControllerDownload,212,0,18,0,55,0,19,0,8,0
LibreriaMaven Maven Webapp,laptop.controller,ControllerAggiungiPage,3,129,4,4,1,28,4,4,0,4
LibreriaMaven Maven Webapp,laptop.controller,ControllerPassword,54,0,8,0,12,0,6,0,2,0
LibreriaMaven Maven Webapp,laptop.controller,ControllerReportPage,228,0,8,0,67,0,15,0,11,0
LibreriaMaven Maven Webapp,laptop.controller,ControllerPagamentoCash,55,0,0,0,15,0,2,0,2,0
LibreriaMaven Maven Webapp,laptop.controller,ControllerAggiungiUtente,44,0,0,0,13,0,2,0,2,0
LibreriaMaven Maven Webapp,laptop.controller,ControllerRicercaPerTipo,37,0,4,0,13,0,5,0,2,0
LibreriaMaven Maven Webapp,laptop.controller,ControllerVisualizzaProfilo,23,0,2,0,8,0,4,0,3,0
LibreriaMaven Maven Webapp,laptop.controller,ControllerHomePageAfterLoginSE,56,0,2,0,16,0,3,0,2,0
LibreriaMaven Maven Webapp,laptop.controller,ControllerReportRaccolta,9,0,0,0,3,0,3,0,3,0
LibreriaMaven Maven Webapp,laptop.controller,ControllerScegliNegozio,33,0,0,0,11,0,5,0,5,0
LibreriaMaven Maven Webapp,laptop.controller,ControllerLogin,54,0,2,0,15,0,4,0,3,0
LibreriaMaven Maven Webapp,laptop.controller,ControllerBookData,0,87,0,0,0,17,0,2,0,2
LibreriaMaven Maven Webapp,laptop.controller,ControllerRicercaPage,99,0,4,0,26,0,6,0,3,0
LibreriaMaven Maven Webapp,laptop.controller,ControllerSystemState,42,40,0,2,18,17,12,11,12,10
LibreriaMaven Maven Webapp,laptop.controller,ControllerHomePageAfterLogin,66,0,2,0,21,0,3,0,2,0
LibreriaMaven Maven Webapp,laptop.controller,ControllerVisualizzaOrdine,12,0,0,0,4,0,2,0,2,0
LibreriaMaven Maven Webapp,laptop.controller,ControllerVisualizza,103,0,0,0,22,0,6,0,6,0
LibreriaMaven Maven Webapp,laptop.controller,ControllerModificaUtente,60,0,2,0,17,0,4,0,3,0
LibreriaMaven Maven Webapp,laptop.controller,ControllerCheckPagamentoData,180,0,8,0,39,0,8,0,3,0
LibreriaMaven Maven Webapp,laptop.controller,ControllerUserPage,10,0,0,0,5,0,2,0,2,0
LibreriaMaven Maven Webapp,laptop.controller,ControllerCompravendita,164,0,16,0,40,0,16,0,6,0
LibreriaMaven Maven Webapp,laptop.controller,ControllerCancellaUser,15,0,0,0,5,0,2,0,2,0
LibreriaMaven Maven Webapp,laptop.controller,ControllerPagamentoCC,229,0,20,0,42,0,16,0,6,0
LibreriaMaven Maven Webapp,laptop.utilities,ConnToDb,111,48,6,0,34,15,8,3,5,3
