<?xml version="1.0" encoding="UTF-8" standalone="yes"?><!DOCTYPE report PUBLIC "-//JACOCO//DTD Report 1.1//EN" "report.dtd"><report name="LibreriaMaven Maven Webapp"><sessioninfo id="daniele-fcaaf295" start="1677003870250" dump="1677004019960"/><package name="laptop/database"><class name="laptop/database/RivistaDao" sourcefilename="RivistaDao.java"><method name="getDesc" desc="(Llaptop/model/raccolta/Rivista;)V" line="48"><counter type="INSTRUCTION" missed="7" covered="64"/><counter type="BRANCH" missed="0" covered="2"/><counter type="LINE" missed="2" covered="18"/><counter type="COMPLEXITY" missed="0" covered="2"/><counter type="METHOD" missed="0" covered="1"/></method><method name="getCosto" desc="(Llaptop/model/raccolta/Rivista;)F" line="86"><counter type="INSTRUCTION" missed="7" covered="31"/><counter type="BRANCH" missed="0" covered="2"/><counter type="LINE" missed="2" covered="10"/><counter type="COMPLEXITY" missed="0" covered="2"/><counter type="METHOD" missed="0" covered="1"/></method><method name="aggiornaDisponibilita" desc="(Llaptop/model/raccolta/Rivista;)V" line="110"><counter type="INSTRUCTION" missed="7" covered="35"/><counter type="LINE" missed="2" covered="11"/><counter type="COMPLEXITY" missed="0" covered="1"/><counter type="METHOD" missed="0" covered="1"/></method><method name="daiPrivilegi" desc="()V" line="135"><counter type="INSTRUCTION" missed="7" covered="24"/><counter type="LINE" missed="2" covered="8"/><counter type="COMPLEXITY" missed="0" covered="1"/><counter type="METHOD" missed="0" covered="1"/></method><method name="getRiviste" desc="()Ljavafx/collections/ObservableList;" line="158"><counter type="INSTRUCTION" missed="7" covered="75"/><counter type="BRANCH" missed="0" covered="2"/><counter type="LINE" missed="2" covered="11"/><counter type="COMPLEXITY" missed="0" covered="2"/><counter type="METHOD" missed="0" covered="1"/></method><method name="getRivisteByName" desc="(Ljava/lang/String;)Ljavafx/collections/ObservableList;" line="190"><counter type="INSTRUCTION" missed="7" covered="82"/><counter type="BRANCH" missed="0" covered="2"/><counter type="LINE" missed="2" covered="13"/><counter type="COMPLEXITY" missed="0" covered="2"/><counter type="METHOD" missed="0" covered="1"/></method><method name="getRivista" desc="(Llaptop/model/raccolta/Rivista;)Llaptop/model/raccolta/Rivista;" line="223"><counter type="INSTRUCTION" missed="7" covered="78"/><counter type="BRANCH" missed="0" covered="2"/><counter type="LINE" missed="2" covered="11"/><counter type="COMPLEXITY" missed="0" covered="2"/><counter type="METHOD" missed="0" covered="1"/></method><method name="&lt;init&gt;" desc="()V" line="32"><counter type="INSTRUCTION" missed="0" covered="20"/><counter type="LINE" missed="0" covered="7"/><counter type="COMPLEXITY" missed="0" covered="1"/><counter type="METHOD" missed="0" covered="1"/></method><method name="retId" desc="(Llaptop/model/raccolta/Rivista;)I" line="250"><counter type="INSTRUCTION" missed="7" covered="31"/><counter type="BRANCH" missed="0" covered="2"/><counter type="LINE" missed="2" covered="9"/><counter type="COMPLEXITY" missed="0" covered="2"/><counter type="METHOD" missed="0" covered="1"/></method><method name="retTip" desc="(Llaptop/model/raccolta/Rivista;)Ljava/lang/String;" line="273"><counter type="INSTRUCTION" missed="7" covered="36"/><counter type="BRANCH" missed="0" covered="2"/><counter type="LINE" missed="2" covered="11"/><counter type="COMPLEXITY" missed="0" covered="2"/><counter type="METHOD" missed="0" covered="1"/></method><method name="getNome" desc="(Llaptop/model/raccolta/Rivista;)Ljava/lang/String;" line="296"><counter type="INSTRUCTION" missed="7" covered="31"/><counter type="BRANCH" missed="0" covered="2"/><counter type="LINE" missed="2" covered="10"/><counter type="COMPLEXITY" missed="0" covered="2"/><counter type="METHOD" missed="0" covered="1"/></method><method name="getDisp" desc="(Llaptop/model/raccolta/Rivista;)I" line="317"><counter type="INSTRUCTION" missed="54" covered="0"/><counter type="BRANCH" missed="6" covered="0"/><counter type="LINE" missed="16" covered="0"/><counter type="COMPLEXITY" missed="4" covered="0"/><counter type="METHOD" missed="1" covered="0"/></method><method name="getQuantita" desc="(Llaptop/model/raccolta/Rivista;)I" line="348"><counter type="INSTRUCTION" missed="7" covered="31"/><counter type="BRANCH" missed="0" covered="2"/><counter type="LINE" missed="2" covered="9"/><counter type="COMPLEXITY" missed="0" covered="2"/><counter type="METHOD" missed="0" covered="1"/></method><method name="checkDisp" desc="(Llaptop/model/raccolta/Rivista;)Z" line="371"><counter type="INSTRUCTION" missed="17" covered="38"/><counter type="BRANCH" missed="1" covered="3"/><counter type="LINE" missed="3" covered="11"/><counter type="COMPLEXITY" missed="1" covered="2"/><counter type="METHOD" missed="0" covered="1"/></method><method name="getRivistaSingolo" desc="()Ljavafx/collections/ObservableList;" line="404"><counter type="INSTRUCTION" missed="7" covered="79"/><counter type="BRANCH" missed="0" covered="2"/><counter type="LINE" missed="2" covered="11"/><counter type="COMPLEXITY" missed="0" covered="2"/><counter type="METHOD" missed="0" covered="1"/></method><method name="creaRivista" desc="(Llaptop/model/raccolta/Rivista;)Ljava/lang/Boolean;" line="433"><counter type="INSTRUCTION" missed="10" covered="73"/><counter type="LINE" missed="3" covered="17"/><counter type="COMPLEXITY" missed="0" covered="1"/><counter type="METHOD" missed="0" covered="1"/></method><method name="cancella" desc="(Llaptop/model/raccolta/Rivista;)V" line="479"><counter type="INSTRUCTION" missed="7" covered="29"/><counter type="LINE" missed="2" covered="9"/><counter type="COMPLEXITY" missed="0" covered="1"/><counter type="METHOD" missed="0" covered="1"/></method><method name="getRivistaSingoloById" desc="(Llaptop/model/raccolta/Rivista;)Ljavafx/collections/ObservableList;" line="495"><counter type="INSTRUCTION" missed="7" covered="82"/><counter type="BRANCH" missed="0" covered="2"/><counter type="LINE" missed="2" covered="12"/><counter type="COMPLEXITY" missed="0" covered="2"/><counter type="METHOD" missed="0" covered="1"/></method><method name="aggiornaRivista" desc="(Llaptop/model/raccolta/Rivista;)V" line="522"><counter type="INSTRUCTION" missed="7" covered="80"/><counter type="LINE" missed="2" covered="19"/><counter type="COMPLEXITY" missed="0" covered="1"/><counter type="METHOD" missed="0" covered="1"/></method><method name="generaReport" desc="()V" line="568"><counter type="INSTRUCTION" missed="7" covered="64"/><counter type="BRANCH" missed="0" covered="2"/><counter type="LINE" missed="2" covered="15"/><counter type="COMPLEXITY" missed="0" covered="2"/><counter type="METHOD" missed="0" covered="1"/></method><method name="incrementaDisponibilita" desc="(Llaptop/model/raccolta/Rivista;)V" line="619"><counter type="INSTRUCTION" missed="7" covered="40"/><counter type="LINE" missed="2" covered="12"/><counter type="COMPLEXITY" missed="0" covered="1"/><counter type="METHOD" missed="0" covered="1"/></method><method name="getRivistaSingoloL" desc="()Ljava/util/List;" line="645"><counter type="INSTRUCTION" missed="88" covered="0"/><counter type="BRANCH" missed="2" covered="0"/><counter type="LINE" missed="13" covered="0"/><counter type="COMPLEXITY" missed="2" covered="0"/><counter type="METHOD" missed="1" covered="0"/></method><method name="getTitolo" desc="(Llaptop/model/raccolta/Rivista;)Ljava/lang/String;" line="675"><counter type="INSTRUCTION" missed="44" covered="0"/><counter type="BRANCH" missed="2" covered="0"/><counter type="LINE" missed="13" covered="0"/><counter type="COMPLEXITY" missed="2" covered="0"/><counter type="METHOD" missed="1" covered="0"/></method><method name="aggiornaData" desc="(Llaptop/model/raccolta/Rivista;Ljava/sql/Date;)V" line="696"><counter type="INSTRUCTION" missed="38" covered="0"/><counter type="LINE" missed="10" covered="0"/><counter type="COMPLEXITY" missed="1" covered="0"/><counter type="METHOD" missed="1" covered="0"/></method><method name="&lt;clinit&gt;" desc="()V" line="39"><counter type="INSTRUCTION" missed="0" covered="5"/><counter type="LINE" missed="0" covered="2"/><counter type="COMPLEXITY" missed="0" covered="1"/><counter type="METHOD" missed="0" covered="1"/></method><counter type="INSTRUCTION" missed="370" covered="1028"/><counter type="BRANCH" missed="11" covered="27"/><counter type="LINE" missed="92" covered="236"/><counter type="COMPLEXITY" missed="10" covered="34"/><counter type="METHOD" missed="4" covered="21"/><counter type="CLASS" missed="0" covered="1"/></class><class name="laptop/database/PagamentoDao" sourcefilename="PagamentoDao.java"><method name="&lt;init&gt;" desc="()V" line="15"><counter type="INSTRUCTION" missed="0" covered="3"/><counter type="LINE" missed="0" covered="1"/><counter type="COMPLEXITY" missed="0" covered="1"/><counter type="METHOD" missed="0" covered="1"/></method><method name="inserisciPagamento" desc="(Llaptop/model/Pagamento;)V" line="32"><counter type="INSTRUCTION" missed="0" covered="57"/><counter type="LINE" missed="0" covered="15"/><counter type="COMPLEXITY" missed="0" covered="1"/><counter type="METHOD" missed="0" covered="1"/></method><method name="daiPrivilegi" desc="()V" line="59"><counter type="INSTRUCTION" missed="7" covered="19"/><counter type="LINE" missed="2" covered="7"/><counter type="COMPLEXITY" missed="0" covered="1"/><counter type="METHOD" missed="0" covered="1"/></method><method name="getPagamenti" desc="()Ljavafx/collections/ObservableList;" line="76"><counter type="INSTRUCTION" missed="7" covered="51"/><counter type="BRANCH" missed="0" covered="2"/><counter type="LINE" missed="2" covered="10"/><counter type="COMPLEXITY" missed="0" covered="2"/><counter type="METHOD" missed="0" covered="1"/></method><method name="retUltimoOrdine" desc="()I" line="104"><counter type="INSTRUCTION" missed="7" covered="26"/><counter type="BRANCH" missed="0" covered="2"/><counter type="LINE" missed="2" covered="9"/><counter type="COMPLEXITY" missed="0" covered="2"/><counter type="METHOD" missed="0" covered="1"/></method><method name="annullaOrdine" desc="(I)Z" line="125"><counter type="INSTRUCTION" missed="7" covered="29"/><counter type="BRANCH" missed="1" covered="1"/><counter type="LINE" missed="2" covered="11"/><counter type="COMPLEXITY" missed="1" covered="1"/><counter type="METHOD" missed="0" covered="1"/></method><method name="&lt;clinit&gt;" desc="()V" line="17"><counter type="INSTRUCTION" missed="0" covered="3"/><counter type="LINE" missed="0" covered="1"/><counter type="COMPLEXITY" missed="0" covered="1"/><counter type="METHOD" missed="0" covered="1"/></method><counter type="INSTRUCTION" missed="28" covered="188"/><counter type="BRANCH" missed="1" covered="5"/><counter type="LINE" missed="8" covered="54"/><counter type="COMPLEXITY" missed="1" covered="9"/><counter type="METHOD" missed="0" covered="7"/><counter type="CLASS" missed="0" covered="1"/></class><class name="laptop/database/UsersDao" sourcefilename="UsersDao.java"><method name="createUser" desc="(Llaptop/model/User;)Z" line="41"><counter type="INSTRUCTION" missed="7" covered="44"/><counter type="LINE" missed="2" covered="13"/><counter type="COMPLEXITY" missed="0" covered="1"/><counter type="METHOD" missed="0" covered="1"/></method><method name="createUser2" desc="(Llaptop/model/TempUser;)Z" line="82"><counter type="INSTRUCTION" missed="7" covered="57"/><counter type="LINE" missed="2" covered="15"/><counter type="COMPLEXITY" missed="0" covered="1"/><counter type="METHOD" missed="0" covered="1"/></method><method name="checkUser" desc="(Llaptop/model/User;)I" line="128"><counter type="INSTRUCTION" missed="7" covered="39"/><counter type="BRANCH" missed="1" covered="3"/><counter type="LINE" missed="2" covered="13"/><counter type="COMPLEXITY" missed="1" covered="2"/><counter type="METHOD" missed="0" covered="1"/></method><method name="checkTempUser" desc="(Llaptop/model/TempUser;)I" line="165"><counter type="INSTRUCTION" missed="9" covered="35"/><counter type="BRANCH" missed="2" covered="2"/><counter type="LINE" missed="3" covered="13"/><counter type="COMPLEXITY" missed="1" covered="2"/><counter type="METHOD" missed="0" covered="1"/></method><method name="getRuolo" desc="(Llaptop/model/User;)Ljava/lang/String;" line="201"><counter type="INSTRUCTION" missed="7" covered="30"/><counter type="BRANCH" missed="0" covered="2"/><counter type="LINE" missed="2" covered="10"/><counter type="COMPLEXITY" missed="0" covered="2"/><counter type="METHOD" missed="0" covered="1"/></method><method name="checkResetpass" desc="(Llaptop/model/User;Ljava/lang/String;Ljava/lang/String;)Z" line="229"><counter type="INSTRUCTION" missed="7" covered="34"/><counter type="BRANCH" missed="1" covered="1"/><counter type="LINE" missed="2" covered="11"/><counter type="COMPLEXITY" missed="1" covered="1"/><counter type="METHOD" missed="0" covered="1"/></method><method name="findUser" desc="(Llaptop/model/TempUser;)Llaptop/model/TempUser;" line="255"><counter type="INSTRUCTION" missed="0" covered="8"/><counter type="LINE" missed="0" covered="3"/><counter type="COMPLEXITY" missed="0" covered="1"/><counter type="METHOD" missed="0" covered="1"/></method><method name="deleteUser" desc="(Llaptop/model/User;)Z" line="265"><counter type="INSTRUCTION" missed="7" covered="40"/><counter type="BRANCH" missed="1" covered="1"/><counter type="LINE" missed="2" covered="13"/><counter type="COMPLEXITY" missed="1" covered="1"/><counter type="METHOD" missed="0" covered="1"/></method><method name="deleteTempUser" desc="(Llaptop/model/TempUser;)Z" line="299"><counter type="INSTRUCTION" missed="9" covered="29"/><counter type="BRANCH" missed="1" covered="1"/><counter type="LINE" missed="3" covered="10"/><counter type="COMPLEXITY" missed="1" covered="1"/><counter type="METHOD" missed="0" covered="1"/></method><method name="pickData" desc="(Llaptop/model/User;)Llaptop/model/User;" line="331"><counter type="INSTRUCTION" missed="7" covered="61"/><counter type="BRANCH" missed="0" covered="2"/><counter type="LINE" missed="2" covered="15"/><counter type="COMPLEXITY" missed="0" covered="2"/><counter type="METHOD" missed="0" covered="1"/></method><method name="aggiornaNome" desc="(Llaptop/model/User;)Llaptop/model/User;" line="374"><counter type="INSTRUCTION" missed="7" covered="24"/><counter type="LINE" missed="2" covered="8"/><counter type="COMPLEXITY" missed="0" covered="1"/><counter type="METHOD" missed="0" covered="1"/></method><method name="aggiornaCognome" desc="(Llaptop/model/User;)Llaptop/model/User;" line="402"><counter type="INSTRUCTION" missed="7" covered="24"/><counter type="LINE" missed="2" covered="8"/><counter type="COMPLEXITY" missed="0" covered="1"/><counter type="METHOD" missed="0" covered="1"/></method><method name="aggiornaEmail" desc="(Llaptop/model/User;Ljava/lang/String;)Llaptop/model/User;" line="430"><counter type="INSTRUCTION" missed="7" covered="27"/><counter type="LINE" missed="2" covered="9"/><counter type="COMPLEXITY" missed="0" covered="1"/><counter type="METHOD" missed="0" covered="1"/></method><method name="aggiornaPass" desc="(Llaptop/model/User;)Llaptop/model/User;" line="459"><counter type="INSTRUCTION" missed="7" covered="24"/><counter type="LINE" missed="2" covered="8"/><counter type="COMPLEXITY" missed="0" covered="1"/><counter type="METHOD" missed="0" covered="1"/></method><method name="aggiornaDesc" desc="(Llaptop/model/User;)Llaptop/model/User;" line="482"><counter type="INSTRUCTION" missed="7" covered="24"/><counter type="LINE" missed="2" covered="8"/><counter type="COMPLEXITY" missed="0" covered="1"/><counter type="METHOD" missed="0" covered="1"/></method><method name="aggiornaTempNome" desc="(Llaptop/model/TempUser;)Llaptop/model/TempUser;" line="512"><counter type="INSTRUCTION" missed="7" covered="24"/><counter type="LINE" missed="2" covered="8"/><counter type="COMPLEXITY" missed="0" covered="1"/><counter type="METHOD" missed="0" covered="1"/></method><method name="aggiornaTempPass" desc="(Llaptop/model/TempUser;)Llaptop/model/TempUser;" line="539"><counter type="INSTRUCTION" missed="31" covered="0"/><counter type="LINE" missed="10" covered="0"/><counter type="COMPLEXITY" missed="1" covered="0"/><counter type="METHOD" missed="1" covered="0"/></method><method name="aggiornaTempDesc" desc="(Llaptop/model/TempUser;)Llaptop/model/TempUser;" line="562"><counter type="INSTRUCTION" missed="31" covered="0"/><counter type="LINE" missed="10" covered="0"/><counter type="COMPLEXITY" missed="1" covered="0"/><counter type="METHOD" missed="1" covered="0"/></method><method name="aggiornaTempData" desc="(Llaptop/model/TempUser;)Llaptop/model/TempUser;" line="582"><counter type="INSTRUCTION" missed="32" covered="0"/><counter type="LINE" missed="10" covered="0"/><counter type="COMPLEXITY" missed="1" covered="0"/><counter type="METHOD" missed="1" covered="0"/></method><method name="getListaUtenti" desc="()V" line="605"><counter type="INSTRUCTION" missed="7" covered="83"/><counter type="BRANCH" missed="0" covered="2"/><counter type="LINE" missed="2" covered="19"/><counter type="COMPLEXITY" missed="0" covered="2"/><counter type="METHOD" missed="0" covered="1"/></method><method name="getTempUserSingolo" desc="(Llaptop/model/TempUser;)Llaptop/model/TempUser;" line="649"><counter type="INSTRUCTION" missed="66" covered="0"/><counter type="BRANCH" missed="2" covered="0"/><counter type="LINE" missed="17" covered="0"/><counter type="COMPLEXITY" missed="2" covered="0"/><counter type="METHOD" missed="1" covered="0"/></method><method name="aggiornaUtente" desc="(Llaptop/model/User;)Llaptop/model/User;" line="684"><counter type="INSTRUCTION" missed="7" covered="58"/><counter type="LINE" missed="2" covered="14"/><counter type="COMPLEXITY" missed="0" covered="1"/><counter type="METHOD" missed="0" covered="1"/></method><method name="maxIdUSer" desc="()I" line="717"><counter type="INSTRUCTION" missed="7" covered="21"/><counter type="BRANCH" missed="1" covered="1"/><counter type="LINE" missed="2" covered="8"/><counter type="COMPLEXITY" missed="1" covered="1"/><counter type="METHOD" missed="0" covered="1"/></method><method name="getUserList" desc="()Ljava/lang/String;" line="743"><counter type="INSTRUCTION" missed="126" covered="0"/><counter type="BRANCH" missed="2" covered="0"/><counter type="LINE" missed="30" covered="0"/><counter type="COMPLEXITY" missed="2" covered="0"/><counter type="METHOD" missed="1" covered="0"/></method><method name="logout" desc="()Z" line="784"><counter type="INSTRUCTION" missed="49" covered="0"/><counter type="BRANCH" missed="2" covered="0"/><counter type="LINE" missed="14" covered="0"/><counter type="COMPLEXITY" missed="2" covered="0"/><counter type="METHOD" missed="1" covered="0"/></method><method name="&lt;clinit&gt;" desc="()V" line="28"><counter type="INSTRUCTION" missed="0" covered="7"/><counter type="LINE" missed="0" covered="3"/><counter type="COMPLEXITY" missed="0" covered="1"/><counter type="METHOD" missed="0" covered="1"/></method><counter type="INSTRUCTION" missed="465" covered="693"/><counter type="BRANCH" missed="13" covered="15"/><counter type="LINE" missed="129" covered="209"/><counter type="COMPLEXITY" missed="15" covered="25"/><counter type="METHOD" missed="6" covered="20"/><counter type="CLASS" missed="0" covered="1"/></class><class name="laptop/database/CartaCreditoDao" sourcefilename="CartaCreditoDao.java"><method name="&lt;init&gt;" desc="()V" line="15"><counter type="INSTRUCTION" missed="0" covered="3"/><counter type="LINE" missed="0" covered="1"/><counter type="COMPLEXITY" missed="0" covered="1"/><counter type="METHOD" missed="0" covered="1"/></method><method name="getCarteCredito" desc="(Ljava/lang/String;)Ljavafx/collections/ObservableList;" line="27"><counter type="INSTRUCTION" missed="7" covered="54"/><counter type="BRANCH" missed="0" covered="2"/><counter type="LINE" missed="2" covered="13"/><counter type="COMPLEXITY" missed="0" covered="2"/><counter type="METHOD" missed="0" covered="1"/></method><method name="daiPrivilegi" desc="()V" line="61"><counter type="INSTRUCTION" missed="7" covered="19"/><counter type="LINE" missed="2" covered="7"/><counter type="COMPLEXITY" missed="0" covered="1"/><counter type="METHOD" missed="0" covered="1"/></method><method name="insCC" desc="(Llaptop/model/CartaDiCredito;)V" line="78"><counter type="INSTRUCTION" missed="7" covered="46"/><counter type="LINE" missed="2" covered="12"/><counter type="COMPLEXITY" missed="0" covered="1"/><counter type="METHOD" missed="0" covered="1"/></method><method name="popolaDati" desc="(Llaptop/model/CartaDiCredito;)Llaptop/model/CartaDiCredito;" line="106"><counter type="INSTRUCTION" missed="0" covered="57"/><counter type="BRANCH" missed="0" covered="2"/><counter type="LINE" missed="0" covered="16"/><counter type="COMPLEXITY" missed="0" covered="2"/><counter type="METHOD" missed="0" covered="1"/></method><method name="&lt;clinit&gt;" desc="()V" line="20"><counter type="INSTRUCTION" missed="0" covered="3"/><counter type="LINE" missed="0" covered="1"/><counter type="COMPLEXITY" missed="0" covered="1"/><counter type="METHOD" missed="0" covered="1"/></method><counter type="INSTRUCTION" missed="21" covered="182"/><counter type="BRANCH" missed="0" covered="4"/><counter type="LINE" missed="6" covered="50"/><counter type="COMPLEXITY" missed="0" covered="8"/><counter type="METHOD" missed="0" covered="6"/><counter type="CLASS" missed="0" covered="1"/></class><class name="laptop/database/LibroDao" sourcefilename="LibroDao.java"><method name="getCosto" desc="(Llaptop/model/raccolta/Libro;)F" line="40"><counter type="INSTRUCTION" missed="7" covered="31"/><counter type="BRANCH" missed="0" covered="2"/><counter type="LINE" missed="2" covered="10"/><counter type="COMPLEXITY" missed="0" covered="2"/><counter type="METHOD" missed="0" covered="1"/></method><method name="aggiornaDisponibilita" desc="(Llaptop/model/raccolta/Libro;)V" line="66"><counter type="INSTRUCTION" missed="7" covered="35"/><counter type="LINE" missed="2" covered="11"/><counter type="COMPLEXITY" missed="0" covered="1"/><counter type="METHOD" missed="0" covered="1"/></method><method name="daiPrivilegi" desc="()V" line="94"><counter type="INSTRUCTION" missed="7" covered="19"/><counter type="LINE" missed="2" covered="7"/><counter type="COMPLEXITY" missed="0" covered="1"/><counter type="METHOD" missed="0" covered="1"/></method><method name="getLibri" desc="()Ljavafx/collections/ObservableList;" line="115"><counter type="INSTRUCTION" missed="7" covered="86"/><counter type="BRANCH" missed="0" covered="2"/><counter type="LINE" missed="2" covered="11"/><counter type="COMPLEXITY" missed="0" covered="2"/><counter type="METHOD" missed="0" covered="1"/></method><method name="getLibriByName" desc="(Ljava/lang/String;)Ljavafx/collections/ObservableList;" line="144"><counter type="INSTRUCTION" missed="7" covered="94"/><counter type="BRANCH" missed="0" covered="2"/><counter type="LINE" missed="2" covered="13"/><counter type="COMPLEXITY" missed="0" covered="2"/><counter type="METHOD" missed="0" covered="1"/></method><method name="getLibro" desc="(Llaptop/model/raccolta/Libro;)Llaptop/model/raccolta/Libro;" line="176"><counter type="INSTRUCTION" missed="7" covered="88"/><counter type="BRANCH" missed="0" covered="2"/><counter type="LINE" missed="2" covered="11"/><counter type="COMPLEXITY" missed="0" covered="2"/><counter type="METHOD" missed="0" covered="1"/></method><method name="&lt;init&gt;" desc="()V" line="30"><counter type="INSTRUCTION" missed="0" covered="14"/><counter type="LINE" missed="0" covered="5"/><counter type="COMPLEXITY" missed="0" covered="1"/><counter type="METHOD" missed="0" covered="1"/></method><method name="retId" desc="(Llaptop/model/raccolta/Libro;)I" line="209"><counter type="INSTRUCTION" missed="38" covered="0"/><counter type="BRANCH" missed="2" covered="0"/><counter type="LINE" missed="12" covered="0"/><counter type="COMPLEXITY" missed="2" covered="0"/><counter type="METHOD" missed="1" covered="0"/></method><method name="retTip" desc="(Llaptop/model/raccolta/Libro;)Ljava/lang/String;" line="233"><counter type="INSTRUCTION" missed="7" covered="36"/><counter type="BRANCH" missed="0" covered="2"/><counter type="LINE" missed="2" covered="11"/><counter type="COMPLEXITY" missed="0" covered="2"/><counter type="METHOD" missed="0" covered="1"/></method><method name="aggiornaCopieVendute" desc="(Llaptop/model/raccolta/Libro;)V" line="260"><counter type="INSTRUCTION" missed="42" covered="0"/><counter type="LINE" missed="13" covered="0"/><counter type="COMPLEXITY" missed="1" covered="0"/><counter type="METHOD" missed="1" covered="0"/></method><method name="creaLibrio" desc="(Llaptop/model/raccolta/Libro;)Z" line="289"><counter type="INSTRUCTION" missed="7" covered="96"/><counter type="LINE" missed="2" covered="22"/><counter type="COMPLEXITY" missed="0" covered="1"/><counter type="METHOD" missed="0" covered="1"/></method><method name="getQuantita" desc="(Llaptop/model/raccolta/Libro;)I" line="341"><counter type="INSTRUCTION" missed="7" covered="31"/><counter type="BRANCH" missed="0" covered="2"/><counter type="LINE" missed="2" covered="9"/><counter type="COMPLEXITY" missed="0" covered="2"/><counter type="METHOD" missed="0" covered="1"/></method><method name="checkDisp" desc="(Llaptop/model/raccolta/Libro;)Z" line="370"><counter type="INSTRUCTION" missed="7" covered="45"/><counter type="BRANCH" missed="1" covered="3"/><counter type="LINE" missed="2" covered="14"/><counter type="COMPLEXITY" missed="1" covered="2"/><counter type="METHOD" missed="0" covered="1"/></method><method name="getNome" desc="(Llaptop/model/raccolta/Libro;)Ljava/lang/String;" line="405"><counter type="INSTRUCTION" missed="7" covered="31"/><counter type="BRANCH" missed="0" covered="2"/><counter type="LINE" missed="2" covered="10"/><counter type="COMPLEXITY" missed="0" covered="2"/><counter type="METHOD" missed="0" covered="1"/></method><method name="getLibroSingolo" desc="()Ljavafx/collections/ObservableList;" line="425"><counter type="INSTRUCTION" missed="7" covered="92"/><counter type="BRANCH" missed="0" covered="2"/><counter type="LINE" missed="2" covered="12"/><counter type="COMPLEXITY" missed="0" covered="2"/><counter type="METHOD" missed="0" covered="1"/></method><method name="cancella" desc="(Llaptop/model/raccolta/Libro;)V" line="455"><counter type="INSTRUCTION" missed="0" covered="28"/><counter type="LINE" missed="0" covered="8"/><counter type="COMPLEXITY" missed="0" covered="1"/><counter type="METHOD" missed="0" covered="1"/></method><method name="getLibriSingoloById" desc="(Llaptop/model/raccolta/Libro;)Ljavafx/collections/ObservableList;" line="472"><counter type="INSTRUCTION" missed="7" covered="97"/><counter type="BRANCH" missed="0" covered="2"/><counter type="LINE" missed="2" covered="13"/><counter type="COMPLEXITY" missed="0" covered="2"/><counter type="METHOD" missed="0" covered="1"/></method><method name="aggiornaLibro" desc="(Llaptop/model/raccolta/Libro;)V" line="508"><counter type="INSTRUCTION" missed="0" covered="105"/><counter type="LINE" missed="0" covered="23"/><counter type="COMPLEXITY" missed="0" covered="1"/><counter type="METHOD" missed="0" covered="1"/></method><method name="generaReport" desc="()V" line="561"><counter type="INSTRUCTION" missed="7" covered="59"/><counter type="BRANCH" missed="0" covered="2"/><counter type="LINE" missed="2" covered="15"/><counter type="COMPLEXITY" missed="0" covered="2"/><counter type="METHOD" missed="0" covered="1"/></method><method name="incrementaDisponibilita" desc="(Llaptop/model/raccolta/Libro;)V" line="606"><counter type="INSTRUCTION" missed="7" covered="40"/><counter type="LINE" missed="2" covered="12"/><counter type="COMPLEXITY" missed="0" covered="1"/><counter type="METHOD" missed="0" covered="1"/></method><method name="getLibriSingoloByIdList" desc="(Llaptop/model/raccolta/Libro;)Ljava/util/List;" line="632"><counter type="INSTRUCTION" missed="105" covered="0"/><counter type="BRANCH" missed="2" covered="0"/><counter type="LINE" missed="15" covered="0"/><counter type="COMPLEXITY" missed="2" covered="0"/><counter type="METHOD" missed="1" covered="0"/></method><method name="getLibriByNameL" desc="(Ljava/lang/String;)Ljava/util/List;" line="665"><counter type="INSTRUCTION" missed="103" covered="0"/><counter type="BRANCH" missed="2" covered="0"/><counter type="LINE" missed="15" covered="0"/><counter type="COMPLEXITY" missed="2" covered="0"/><counter type="METHOD" missed="1" covered="0"/></method><method name="getTitolo" desc="(Llaptop/model/raccolta/Libro;)Ljava/lang/String;" line="696"><counter type="INSTRUCTION" missed="43" covered="0"/><counter type="BRANCH" missed="2" covered="0"/><counter type="LINE" missed="13" covered="0"/><counter type="COMPLEXITY" missed="2" covered="0"/><counter type="METHOD" missed="1" covered="0"/></method><method name="aggiornaData" desc="(Llaptop/model/raccolta/Libro;Ljava/sql/Date;)V" line="717"><counter type="INSTRUCTION" missed="38" covered="0"/><counter type="LINE" missed="10" covered="0"/><counter type="COMPLEXITY" missed="1" covered="0"/><counter type="METHOD" missed="1" covered="0"/></method><method name="&lt;clinit&gt;" desc="()V" line="35"><counter type="INSTRUCTION" missed="0" covered="3"/><counter type="LINE" missed="0" covered="1"/><counter type="COMPLEXITY" missed="0" covered="1"/><counter type="METHOD" missed="0" covered="1"/></method><counter type="INSTRUCTION" missed="474" covered="1030"/><counter type="BRANCH" missed="9" covered="23"/><counter type="LINE" missed="108" covered="218"/><counter type="COMPLEXITY" missed="11" covered="30"/><counter type="METHOD" missed="6" covered="19"/><counter type="CLASS" missed="0" covered="1"/></class><class name="laptop/database/ContrassegnoDao" sourcefilename="ContrassegnoDao.java"><method name="&lt;init&gt;" desc="()V" line="12"><counter type="INSTRUCTION" missed="0" covered="3"/><counter type="LINE" missed="0" covered="1"/><counter type="COMPLEXITY" missed="0" covered="1"/><counter type="METHOD" missed="0" covered="1"/></method><method name="inserisciFattura" desc="(Llaptop/model/Fattura;)V" line="22"><counter type="INSTRUCTION" missed="7" covered="44"/><counter type="LINE" missed="2" covered="12"/><counter type="COMPLEXITY" missed="0" covered="1"/><counter type="METHOD" missed="0" covered="1"/></method><method name="daiPrivilegi" desc="()V" line="49"><counter type="INSTRUCTION" missed="7" covered="19"/><counter type="LINE" missed="2" covered="7"/><counter type="COMPLEXITY" missed="0" covered="1"/><counter type="METHOD" missed="0" covered="1"/></method><method name="retUltimoOrdine" desc="()I" line="67"><counter type="INSTRUCTION" missed="7" covered="26"/><counter type="BRANCH" missed="0" covered="2"/><counter type="LINE" missed="2" covered="9"/><counter type="COMPLEXITY" missed="0" covered="2"/><counter type="METHOD" missed="0" covered="1"/></method><method name="annullaOrdine" desc="(I)Z" line="95"><counter type="INSTRUCTION" missed="7" covered="29"/><counter type="BRANCH" missed="0" covered="2"/><counter type="LINE" missed="2" covered="11"/><counter type="COMPLEXITY" missed="0" covered="2"/><counter type="METHOD" missed="0" covered="1"/></method><method name="&lt;clinit&gt;" desc="()V" line="14"><counter type="INSTRUCTION" missed="0" covered="3"/><counter type="LINE" missed="0" covered="1"/><counter type="COMPLEXITY" missed="0" covered="1"/><counter type="METHOD" missed="0" covered="1"/></method><counter type="INSTRUCTION" missed="28" covered="124"/><counter type="BRANCH" missed="0" covered="4"/><counter type="LINE" missed="8" covered="41"/><counter type="COMPLEXITY" missed="0" covered="8"/><counter type="METHOD" missed="0" covered="6"/><counter type="CLASS" missed="0" covered="1"/></class><class name="laptop/database/NegozioDao" sourcefilename="NegozioDao.java"><method name="&lt;init&gt;" desc="()V" line="15"><counter type="INSTRUCTION" missed="0" covered="3"/><counter type="LINE" missed="0" covered="1"/><counter type="COMPLEXITY" missed="0" covered="1"/><counter type="METHOD" missed="0" covered="1"/></method><method name="getNegozi" desc="()Ljavafx/collections/ObservableList;" line="27"><counter type="INSTRUCTION" missed="7" covered="44"/><counter type="BRANCH" missed="0" covered="2"/><counter type="LINE" missed="2" covered="10"/><counter type="COMPLEXITY" missed="0" covered="2"/><counter type="METHOD" missed="0" covered="1"/></method><method name="setOpen" desc="(Llaptop/model/Negozio;Z)Ljava/lang/Boolean;" line="54"><counter type="INSTRUCTION" missed="7" covered="26"/><counter type="LINE" missed="2" covered="8"/><counter type="COMPLEXITY" missed="0" covered="1"/><counter type="METHOD" missed="0" covered="1"/></method><method name="setRitiro" desc="(Llaptop/model/Negozio;Z)Z" line="78"><counter type="INSTRUCTION" missed="0" covered="24"/><counter type="LINE" missed="0" covered="7"/><counter type="COMPLEXITY" missed="0" covered="1"/><counter type="METHOD" missed="0" covered="1"/></method><method name="checkOpen" desc="(Llaptop/model/Negozio;)Z" line="99"><counter type="INSTRUCTION" missed="17" covered="28"/><counter type="BRANCH" missed="3" covered="1"/><counter type="LINE" missed="5" covered="10"/><counter type="COMPLEXITY" missed="2" covered="1"/><counter type="METHOD" missed="0" covered="1"/></method><method name="checkRitiro" desc="(Llaptop/model/Negozio;)Z" line="127"><counter type="INSTRUCTION" missed="17" covered="26"/><counter type="BRANCH" missed="3" covered="1"/><counter type="LINE" missed="5" covered="9"/><counter type="COMPLEXITY" missed="2" covered="1"/><counter type="METHOD" missed="0" covered="1"/></method><method name="&lt;clinit&gt;" desc="()V" line="18"><counter type="INSTRUCTION" missed="0" covered="3"/><counter type="LINE" missed="0" covered="1"/><counter type="COMPLEXITY" missed="0" covered="1"/><counter type="METHOD" missed="0" covered="1"/></method><counter type="INSTRUCTION" missed="48" covered="154"/><counter type="BRANCH" missed="6" covered="4"/><counter type="LINE" missed="14" covered="46"/><counter type="COMPLEXITY" missed="4" covered="8"/><counter type="METHOD" missed="0" covered="7"/><counter type="CLASS" missed="0" covered="1"/></class><class name="laptop/database/GiornaleDao" sourcefilename="GiornaleDao.java"><method name="getCosto" desc="(Llaptop/model/raccolta/Giornale;)F" line="50"><counter type="INSTRUCTION" missed="7" covered="31"/><counter type="BRANCH" missed="0" covered="2"/><counter type="LINE" missed="2" covered="10"/><counter type="COMPLEXITY" missed="0" covered="2"/><counter type="METHOD" missed="0" covered="1"/></method><method name="aggiornaDisponibilita" desc="(Llaptop/model/raccolta/Giornale;)V" line="77"><counter type="INSTRUCTION" missed="7" covered="35"/><counter type="LINE" missed="2" covered="11"/><counter type="COMPLEXITY" missed="0" covered="1"/><counter type="METHOD" missed="0" covered="1"/></method><method name="retId" desc="(Llaptop/model/raccolta/Giornale;)I" line="100"><counter type="INSTRUCTION" missed="7" covered="31"/><counter type="BRANCH" missed="0" covered="2"/><counter type="LINE" missed="2" covered="9"/><counter type="COMPLEXITY" missed="0" covered="2"/><counter type="METHOD" missed="0" covered="1"/></method><method name="daiPrivilegi" desc="()V" line="126"><counter type="INSTRUCTION" missed="7" covered="19"/><counter type="LINE" missed="2" covered="7"/><counter type="COMPLEXITY" missed="0" covered="1"/><counter type="METHOD" missed="0" covered="1"/></method><method name="getGiornali" desc="()Ljavafx/collections/ObservableList;" line="151"><counter type="INSTRUCTION" missed="7" covered="72"/><counter type="BRANCH" missed="0" covered="2"/><counter type="LINE" missed="2" covered="11"/><counter type="COMPLEXITY" missed="0" covered="2"/><counter type="METHOD" missed="0" covered="1"/></method><method name="getGiornale" desc="(Llaptop/model/raccolta/Giornale;)Llaptop/model/raccolta/Giornale;" line="181"><counter type="INSTRUCTION" missed="7" covered="74"/><counter type="BRANCH" missed="0" covered="2"/><counter type="LINE" missed="2" covered="11"/><counter type="COMPLEXITY" missed="0" covered="2"/><counter type="METHOD" missed="0" covered="1"/></method><method name="&lt;init&gt;" desc="()V" line="32"><counter type="INSTRUCTION" missed="0" covered="20"/><counter type="LINE" missed="0" covered="7"/><counter type="COMPLEXITY" missed="0" covered="1"/><counter type="METHOD" missed="0" covered="1"/></method><method name="retTip" desc="(Llaptop/model/raccolta/Giornale;)Ljava/lang/String;" line="214"><counter type="INSTRUCTION" missed="7" covered="36"/><counter type="BRANCH" missed="0" covered="2"/><counter type="LINE" missed="2" covered="10"/><counter type="COMPLEXITY" missed="0" covered="2"/><counter type="METHOD" missed="0" covered="1"/></method><method name="getNome" desc="(Llaptop/model/raccolta/Giornale;)Ljava/lang/String;" line="238"><counter type="INSTRUCTION" missed="7" covered="31"/><counter type="BRANCH" missed="0" covered="2"/><counter type="LINE" missed="2" covered="10"/><counter type="COMPLEXITY" missed="0" covered="2"/><counter type="METHOD" missed="0" covered="1"/></method><method name="getDisp" desc="(Llaptop/model/raccolta/Giornale;)I" line="262"><counter type="INSTRUCTION" missed="7" covered="31"/><counter type="BRANCH" missed="0" covered="2"/><counter type="LINE" missed="2" covered="9"/><counter type="COMPLEXITY" missed="0" covered="2"/><counter type="METHOD" missed="0" covered="1"/></method><method name="getQuantita" desc="(Llaptop/model/raccolta/Giornale;)I" line="287"><counter type="INSTRUCTION" missed="7" covered="31"/><counter type="BRANCH" missed="0" covered="2"/><counter type="LINE" missed="2" covered="9"/><counter type="COMPLEXITY" missed="0" covered="2"/><counter type="METHOD" missed="0" covered="1"/></method><method name="checkDisp" desc="(Llaptop/model/raccolta/Giornale;)Z" line="309"><counter type="INSTRUCTION" missed="10" covered="40"/><counter type="BRANCH" missed="1" covered="3"/><counter type="LINE" missed="3" covered="11"/><counter type="COMPLEXITY" missed="1" covered="2"/><counter type="METHOD" missed="0" covered="1"/></method><method name="getGiornaleSingolo" desc="()Ljavafx/collections/ObservableList;" line="335"><counter type="INSTRUCTION" missed="7" covered="72"/><counter type="BRANCH" missed="0" covered="2"/><counter type="LINE" missed="2" covered="11"/><counter type="COMPLEXITY" missed="0" covered="2"/><counter type="METHOD" missed="0" covered="1"/></method><method name="creaGiornale" desc="(Llaptop/model/raccolta/Giornale;)Z" line="368"><counter type="INSTRUCTION" missed="7" covered="62"/><counter type="LINE" missed="2" covered="15"/><counter type="COMPLEXITY" missed="0" covered="1"/><counter type="METHOD" missed="0" covered="1"/></method><method name="cancella" desc="(Llaptop/model/raccolta/Giornale;)V" line="409"><counter type="INSTRUCTION" missed="7" covered="29"/><counter type="LINE" missed="2" covered="9"/><counter type="COMPLEXITY" missed="0" covered="1"/><counter type="METHOD" missed="0" covered="1"/></method><method name="getGiornaliSingoloById" desc="(Llaptop/model/raccolta/Giornale;)Ljavafx/collections/ObservableList;" line="430"><counter type="INSTRUCTION" missed="7" covered="84"/><counter type="BRANCH" missed="0" covered="2"/><counter type="LINE" missed="2" covered="13"/><counter type="COMPLEXITY" missed="0" covered="2"/><counter type="METHOD" missed="0" covered="1"/></method><method name="getGiornaliByName" desc="(Ljava/lang/String;)Ljavafx/collections/ObservableList;" line="461"><counter type="INSTRUCTION" missed="7" covered="80"/><counter type="BRANCH" missed="0" covered="2"/><counter type="LINE" missed="2" covered="13"/><counter type="COMPLEXITY" missed="0" covered="2"/><counter type="METHOD" missed="0" covered="1"/></method><method name="aggiornaGiornale" desc="(Llaptop/model/raccolta/Giornale;)V" line="497"><counter type="INSTRUCTION" missed="7" covered="76"/><counter type="LINE" missed="2" covered="18"/><counter type="COMPLEXITY" missed="0" covered="1"/><counter type="METHOD" missed="0" covered="1"/></method><method name="generaReport" desc="()V" line="541"><counter type="INSTRUCTION" missed="7" covered="64"/><counter type="BRANCH" missed="0" covered="2"/><counter type="LINE" missed="2" covered="15"/><counter type="COMPLEXITY" missed="0" covered="2"/><counter type="METHOD" missed="0" covered="1"/></method><method name="incrementaDisponibilita" desc="(Llaptop/model/raccolta/Giornale;)V" line="590"><counter type="INSTRUCTION" missed="7" covered="40"/><counter type="LINE" missed="2" covered="12"/><counter type="COMPLEXITY" missed="0" covered="1"/><counter type="METHOD" missed="0" covered="1"/></method><method name="getGiornaleSingoloL" desc="()Ljava/util/List;" line="615"><counter type="INSTRUCTION" missed="81" covered="0"/><counter type="BRANCH" missed="2" covered="0"/><counter type="LINE" missed="13" covered="0"/><counter type="COMPLEXITY" missed="2" covered="0"/><counter type="METHOD" missed="1" covered="0"/></method><method name="getGiornaliByNameL" desc="(Ljava/lang/String;)Ljava/util/List;" line="645"><counter type="INSTRUCTION" missed="89" covered="0"/><counter type="BRANCH" missed="2" covered="0"/><counter type="LINE" missed="15" covered="0"/><counter type="COMPLEXITY" missed="2" covered="0"/><counter type="METHOD" missed="1" covered="0"/></method><method name="getTitolo" desc="(Llaptop/model/raccolta/Giornale;)Ljava/lang/String;" line="682"><counter type="INSTRUCTION" missed="44" covered="0"/><counter type="BRANCH" missed="2" covered="0"/><counter type="LINE" missed="13" covered="0"/><counter type="COMPLEXITY" missed="2" covered="0"/><counter type="METHOD" missed="1" covered="0"/></method><method name="aggiornaData" desc="(Llaptop/model/raccolta/Giornale;Ljava/sql/Date;)V" line="705"><counter type="INSTRUCTION" missed="38" covered="0"/><counter type="LINE" missed="10" covered="0"/><counter type="COMPLEXITY" missed="1" covered="0"/><counter type="METHOD" missed="1" covered="0"/></method><method name="&lt;clinit&gt;" desc="()V" line="39"><counter type="INSTRUCTION" missed="0" covered="3"/><counter type="LINE" missed="0" covered="1"/><counter type="COMPLEXITY" missed="0" covered="1"/><counter type="METHOD" missed="0" covered="1"/></method><counter type="INSTRUCTION" missed="388" covered="961"/><counter type="BRANCH" missed="7" covered="27"/><counter type="LINE" missed="90" covered="222"/><counter type="COMPLEXITY" missed="8" covered="34"/><counter type="METHOD" missed="4" covered="21"/><counter type="CLASS" missed="0" covered="1"/></class><sourcefile name="CartaCreditoDao.java"><line nr="15" mi="0" ci="3" mb="0" cb="0"/><line nr="20" mi="0" ci="3" mb="0" cb="0"/><line nr="27" mi="0" ci="3" mb="0" cb="0"/><line nr="29" mi="0" ci="2" mb="0" cb="0"/><line nr="31" mi="0" ci="2" mb="0" cb="0"/><line nr="32" mi="0" ci="5" mb="0" cb="0"/><line nr="34" mi="0" ci="4" mb="0" cb="0"/><line nr="35" mi="0" ci="3" mb="0" cb="0"/><line nr="36" mi="0" ci="3" mb="0" cb="2"/><line nr="38" mi="0" ci="5" mb="0" cb="0"/><line nr="39" mi="0" ci="5" mb="0" cb="0"/><line nr="40" mi="0" ci="4" mb="0" cb="0"/><line nr="43" mi="0" ci="15" mb="0" cb="0"/><line nr="47" mi="1" ci="0" mb="0" cb="0"/><line nr="49" mi="6" ci="0" mb="0" cb="0"/><line nr="50" mi="0" ci="1" mb="0" cb="0"/><line nr="53" mi="0" ci="2" mb="0" cb="0"/><line nr="61" mi="0" ci="3" mb="0" cb="0"/><line nr="62" mi="0" ci="2" mb="0" cb="0"/><line nr="63" mi="0" ci="5" mb="0" cb="0"/><line nr="65" mi="0" ci="4" mb="0" cb="0"/><line nr="66" mi="0" ci="3" mb="0" cb="0"/><line nr="68" mi="1" ci="0" mb="0" cb="0"/><line nr="70" mi="6" ci="0" mb="0" cb="0"/><line nr="71" mi="0" ci="1" mb="0" cb="0"/><line nr="74" mi="0" ci="1" mb="0" cb="0"/><line nr="78" mi="0" ci="3" mb="0" cb="0"/><line nr="81" mi="0" ci="2" mb="0" cb="0"/><line nr="82" mi="0" ci="5" mb="0" cb="0"/><line nr="84" mi="0" ci="5" mb="0" cb="0"/><line nr="85" mi="0" ci="5" mb="0" cb="0"/><line nr="86" mi="0" ci="5" mb="0" cb="0"/><line nr="87" mi="0" ci="6" mb="0" cb="0"/><line nr="88" mi="0" ci="5" mb="0" cb="0"/><line nr="90" mi="0" ci="5" mb="0" cb="0"/><line nr="91" mi="0" ci="3" mb="0" cb="0"/><line nr="92" mi="1" ci="0" mb="0" cb="0"/><line nr="94" mi="6" ci="0" mb="0" cb="0"/><line nr="96" mi="0" ci="1" mb="0" cb="0"/><line nr="99" mi="0" ci="1" mb="0" cb="0"/><line nr="106" mi="0" ci="3" mb="0" cb="0"/><line nr="107" mi="0" ci="3" mb="0" cb="0"/><line nr="108" mi="0" ci="2" mb="0" cb="0"/><line nr="110" mi="0" ci="3" mb="0" cb="0"/><line nr="113" mi="0" ci="2" mb="0" cb="0"/><line nr="114" mi="0" ci="5" mb="0" cb="0"/><line nr="115" mi="0" ci="5" mb="0" cb="0"/><line nr="116" mi="0" ci="3" mb="0" cb="0"/><line nr="118" mi="0" ci="3" mb="0" cb="2"/><line nr="120" mi="0" ci="5" mb="0" cb="0"/><line nr="121" mi="0" ci="5" mb="0" cb="0"/><line nr="122" mi="0" ci="5" mb="0" cb="0"/><line nr="125" mi="0" ci="4" mb="0" cb="0"/><line nr="126" mi="0" ci="4" mb="0" cb="0"/><line nr="127" mi="0" ci="3" mb="0" cb="0"/><line nr="129" mi="0" ci="2" mb="0" cb="0"/><counter type="INSTRUCTION" missed="21" covered="182"/><counter type="BRANCH" missed="0" covered="4"/><counter type="LINE" missed="6" covered="50"/><counter type="COMPLEXITY" missed="0" covered="8"/><counter type="METHOD" missed="0" covered="6"/><counter type="CLASS" missed="0" covered="1"/></sourcefile><sourcefile name="PagamentoDao.java"><line nr="15" mi="0" ci="3" mb="0" cb="0"/><line nr="17" mi="0" ci="3" mb="0" cb="0"/><line nr="32" mi="0" ci="3" mb="0" cb="0"/><line nr="34" mi="0" ci="2" mb="0" cb="0"/><line nr="35" mi="0" ci="5" mb="0" cb="0"/><line nr="39" mi="0" ci="5" mb="0" cb="0"/><line nr="40" mi="0" ci="5" mb="0" cb="0"/><line nr="41" mi="0" ci="5" mb="0" cb="0"/><line nr="42" mi="0" ci="5" mb="0" cb="0"/><line nr="43" mi="0" ci="5" mb="0" cb="0"/><line nr="44" mi="0" ci="5" mb="0" cb="0"/><line nr="45" mi="0" ci="5" mb="0" cb="0"/><line nr="46" mi="0" ci="3" mb="0" cb="0"/><line nr="47" mi="0" ci="1" mb="0" cb="0"/><line nr="49" mi="0" ci="6" mb="0" cb="0"/><line nr="50" mi="0" ci="1" mb="0" cb="0"/><line nr="53" mi="0" ci="1" mb="0" cb="0"/><line nr="59" mi="0" ci="3" mb="0" cb="0"/><line nr="60" mi="0" ci="2" mb="0" cb="0"/><line nr="61" mi="0" ci="5" mb="0" cb="0"/><line nr="63" mi="0" ci="4" mb="0" cb="0"/><line nr="65" mi="0" ci="3" mb="0" cb="0"/><line nr="67" mi="1" ci="0" mb="0" cb="0"/><line nr="69" mi="6" ci="0" mb="0" cb="0"/><line nr="70" mi="0" ci="1" mb="0" cb="0"/><line nr="73" mi="0" ci="1" mb="0" cb="0"/><line nr="76" mi="0" ci="2" mb="0" cb="0"/><line nr="77" mi="0" ci="3" mb="0" cb="0"/><line nr="78" mi="0" ci="2" mb="0" cb="0"/><line nr="79" mi="0" ci="5" mb="0" cb="0"/><line nr="81" mi="0" ci="5" mb="0" cb="0"/><line nr="82" mi="0" ci="3" mb="0" cb="0"/><line nr="83" mi="0" ci="3" mb="0" cb="2"/><line nr="87" mi="0" ci="25" mb="0" cb="0"/><line nr="90" mi="1" ci="0" mb="0" cb="0"/><line nr="92" mi="6" ci="0" mb="0" cb="0"/><line nr="93" mi="0" ci="1" mb="0" cb="0"/><line nr="95" mi="0" ci="2" mb="0" cb="0"/><line nr="104" mi="0" ci="2" mb="0" cb="0"/><line nr="105" mi="0" ci="3" mb="0" cb="0"/><line nr="106" mi="0" ci="2" mb="0" cb="0"/><line nr="107" mi="0" ci="5" mb="0" cb="0"/><line nr="109" mi="0" ci="3" mb="0" cb="0"/><line nr="110" mi="0" ci="3" mb="0" cb="2"/><line nr="111" mi="0" ci="5" mb="0" cb="0"/><line nr="114" mi="1" ci="0" mb="0" cb="0"/><line nr="116" mi="6" ci="0" mb="0" cb="0"/><line nr="117" mi="0" ci="1" mb="0" cb="0"/><line nr="119" mi="0" ci="2" mb="0" cb="0"/><line nr="125" mi="0" ci="2" mb="0" cb="0"/><line nr="126" mi="0" ci="2" mb="0" cb="0"/><line nr="128" mi="0" ci="3" mb="0" cb="0"/><line nr="129" mi="0" ci="2" mb="0" cb="0"/><line nr="130" mi="0" ci="5" mb="0" cb="0"/><line nr="132" mi="0" ci="4" mb="0" cb="0"/><line nr="133" mi="0" ci="3" mb="0" cb="0"/><line nr="134" mi="0" ci="3" mb="1" cb="1"/><line nr="135" mi="0" ci="2" mb="0" cb="0"/><line nr="136" mi="1" ci="0" mb="0" cb="0"/><line nr="138" mi="6" ci="0" mb="0" cb="0"/><line nr="139" mi="0" ci="1" mb="0" cb="0"/><line nr="141" mi="0" ci="2" mb="0" cb="0"/><counter type="INSTRUCTION" missed="28" covered="188"/><counter type="BRANCH" missed="1" covered="5"/><counter type="LINE" missed="8" covered="54"/><counter type="COMPLEXITY" missed="1" covered="9"/><counter type="METHOD" missed="0" covered="7"/><counter type="CLASS" missed="0" covered="1"/></sourcefile><sourcefile name="LibroDao.java"><line nr="30" mi="0" ci="3" mb="0" cb="0"/><line nr="31" mi="0" ci="3" mb="0" cb="0"/><line nr="35" mi="0" ci="3" mb="0" cb="0"/><line nr="40" mi="0" ci="2" mb="0" cb="0"/><line nr="42" mi="0" ci="3" mb="0" cb="0"/><line nr="45" mi="0" ci="2" mb="0" cb="0"/><line nr="46" mi="0" ci="5" mb="0" cb="0"/><line nr="49" mi="0" ci="5" mb="0" cb="0"/><line nr="50" mi="0" ci="3" mb="0" cb="0"/><line nr="52" mi="0" ci="3" mb="0" cb="2"/><line nr="53" mi="0" ci="5" mb="0" cb="0"/><line nr="55" mi="1" ci="0" mb="0" cb="0"/><line nr="57" mi="6" ci="0" mb="0" cb="0"/><line nr="58" mi="0" ci="1" mb="0" cb="0"/><line nr="59" mi="0" ci="2" mb="0" cb="0"/><line nr="66" mi="0" ci="4" mb="0" cb="0"/><line nr="67" mi="0" ci="3" mb="0" cb="0"/><line nr="68" mi="0" ci="4" mb="0" cb="0"/><line nr="74" mi="0" ci="3" mb="0" cb="0"/><line nr="76" mi="0" ci="2" mb="0" cb="0"/><line nr="77" mi="0" ci="5" mb="0" cb="0"/><line nr="79" mi="0" ci="4" mb="0" cb="0"/><line nr="80" mi="0" ci="5" mb="0" cb="0"/><line nr="81" mi="0" ci="3" mb="0" cb="0"/><line nr="82" mi="1" ci="0" mb="0" cb="0"/><line nr="84" mi="6" ci="0" mb="0" cb="0"/><line nr="85" mi="0" ci="1" mb="0" cb="0"/><line nr="89" mi="0" ci="1" mb="0" cb="0"/><line nr="94" mi="0" ci="3" mb="0" cb="0"/><line nr="95" mi="0" ci="2" mb="0" cb="0"/><line nr="96" mi="0" ci="5" mb="0" cb="0"/><line nr="98" mi="0" ci="4" mb="0" cb="0"/><line nr="101" mi="0" ci="3" mb="0" cb="0"/><line nr="104" mi="1" ci="0" mb="0" cb="0"/><line nr="106" mi="6" ci="0" mb="0" cb="0"/><line nr="107" mi="0" ci="1" mb="0" cb="0"/><line nr="110" mi="0" ci="1" mb="0" cb="0"/><line nr="115" mi="0" ci="2" mb="0" cb="0"/><line nr="117" mi="0" ci="3" mb="0" cb="0"/><line nr="118" mi="0" ci="2" mb="0" cb="0"/><line nr="119" mi="0" ci="5" mb="0" cb="0"/><line nr="120" mi="0" ci="3" mb="0" cb="0"/><line nr="122" mi="0" ci="3" mb="0" cb="2"/><line nr="126" mi="0" ci="22" mb="0" cb="0"/><line nr="127" mi="0" ci="22" mb="0" cb="0"/><line nr="128" mi="0" ci="21" mb="0" cb="0"/><line nr="133" mi="1" ci="0" mb="0" cb="0"/><line nr="135" mi="6" ci="0" mb="0" cb="0"/><line nr="136" mi="0" ci="1" mb="0" cb="0"/><line nr="139" mi="0" ci="2" mb="0" cb="0"/><line nr="144" mi="0" ci="2" mb="0" cb="0"/><line nr="146" mi="0" ci="3" mb="0" cb="0"/><line nr="147" mi="0" ci="2" mb="0" cb="0"/><line nr="148" mi="0" ci="5" mb="0" cb="0"/><line nr="150" mi="0" ci="4" mb="0" cb="0"/><line nr="151" mi="0" ci="4" mb="0" cb="0"/><line nr="152" mi="0" ci="3" mb="0" cb="0"/><line nr="153" mi="0" ci="3" mb="0" cb="2"/><line nr="156" mi="0" ci="22" mb="0" cb="0"/><line nr="157" mi="0" ci="22" mb="0" cb="0"/><line nr="158" mi="0" ci="21" mb="0" cb="0"/><line nr="164" mi="1" ci="0" mb="0" cb="0"/><line nr="166" mi="6" ci="0" mb="0" cb="0"/><line nr="167" mi="0" ci="1" mb="0" cb="0"/><line nr="170" mi="0" ci="2" mb="0" cb="0"/><line nr="176" mi="0" ci="3" mb="0" cb="0"/><line nr="177" mi="0" ci="2" mb="0" cb="0"/><line nr="178" mi="0" ci="5" mb="0" cb="0"/><line nr="180" mi="0" ci="5" mb="0" cb="0"/><line nr="181" mi="0" ci="3" mb="0" cb="0"/><line nr="182" mi="0" ci="3" mb="0" cb="2"/><line nr="184" mi="0" ci="22" mb="0" cb="0"/><line nr="187" mi="0" ci="22" mb="0" cb="0"/><line nr="189" mi="0" ci="20" mb="0" cb="0"/><line nr="193" mi="1" ci="0" mb="0" cb="0"/><line nr="195" mi="6" ci="0" mb="0" cb="0"/><line nr="196" mi="0" ci="1" mb="0" cb="0"/><line nr="198" mi="0" ci="2" mb="0" cb="0"/><line nr="204" mi="0" ci="2" mb="0" cb="0"/><line nr="205" mi="0" ci="5" mb="0" cb="0"/><line nr="206" mi="0" ci="1" mb="0" cb="0"/><line nr="209" mi="2" ci="0" mb="0" cb="0"/><line nr="210" mi="3" ci="0" mb="0" cb="0"/><line nr="211" mi="2" ci="0" mb="0" cb="0"/><line nr="212" mi="5" ci="0" mb="0" cb="0"/><line nr="214" mi="5" ci="0" mb="0" cb="0"/><line nr="215" mi="3" ci="0" mb="0" cb="0"/><line nr="217" mi="3" ci="0" mb="2" cb="0"/><line nr="218" mi="5" ci="0" mb="0" cb="0"/><line nr="220" mi="1" ci="0" mb="0" cb="0"/><line nr="222" mi="6" ci="0" mb="0" cb="0"/><line nr="223" mi="1" ci="0" mb="0" cb="0"/><line nr="224" mi="2" ci="0" mb="0" cb="0"/><line nr="233" mi="0" ci="3" mb="0" cb="0"/><line nr="234" mi="0" ci="2" mb="0" cb="0"/><line nr="236" mi="0" ci="2" mb="0" cb="0"/><line nr="237" mi="0" ci="5" mb="0" cb="0"/><line nr="239" mi="0" ci="5" mb="0" cb="0"/><line nr="240" mi="0" ci="5" mb="0" cb="0"/><line nr="241" mi="0" ci="3" mb="0" cb="0"/><line nr="244" mi="0" ci="3" mb="0" cb="2"/><line nr="245" mi="0" ci="5" mb="0" cb="0"/><line nr="248" mi="1" ci="0" mb="0" cb="0"/><line nr="250" mi="6" ci="0" mb="0" cb="0"/><line nr="251" mi="0" ci="1" mb="0" cb="0"/><line nr="252" mi="0" ci="2" mb="0" cb="0"/><line nr="260" mi="4" ci="0" mb="0" cb="0"/><line nr="261" mi="3" ci="0" mb="0" cb="0"/><line nr="263" mi="4" ci="0" mb="0" cb="0"/><line nr="266" mi="3" ci="0" mb="0" cb="0"/><line nr="268" mi="2" ci="0" mb="0" cb="0"/><line nr="269" mi="5" ci="0" mb="0" cb="0"/><line nr="271" mi="4" ci="0" mb="0" cb="0"/><line nr="272" mi="5" ci="0" mb="0" cb="0"/><line nr="274" mi="3" ci="0" mb="0" cb="0"/><line nr="275" mi="1" ci="0" mb="0" cb="0"/><line nr="277" mi="6" ci="0" mb="0" cb="0"/><line nr="278" mi="1" ci="0" mb="0" cb="0"/><line nr="283" mi="1" ci="0" mb="0" cb="0"/><line nr="289" mi="0" ci="3" mb="0" cb="0"/><line nr="307" mi="0" ci="2" mb="0" cb="0"/><line nr="308" mi="0" ci="5" mb="0" cb="0"/><line nr="310" mi="0" ci="5" mb="0" cb="0"/><line nr="311" mi="0" ci="5" mb="0" cb="0"/><line nr="312" mi="0" ci="5" mb="0" cb="0"/><line nr="313" mi="0" ci="5" mb="0" cb="0"/><line nr="314" mi="0" ci="5" mb="0" cb="0"/><line nr="315" mi="0" ci="5" mb="0" cb="0"/><line nr="316" mi="0" ci="5" mb="0" cb="0"/><line nr="317" mi="0" ci="7" mb="0" cb="0"/><line nr="318" mi="0" ci="5" mb="0" cb="0"/><line nr="319" mi="0" ci="5" mb="0" cb="0"/><line nr="320" mi="0" ci="5" mb="0" cb="0"/><line nr="321" mi="0" ci="5" mb="0" cb="0"/><line nr="322" mi="0" ci="5" mb="0" cb="0"/><line nr="323" mi="0" ci="5" mb="0" cb="0"/><line nr="324" mi="0" ci="4" mb="0" cb="0"/><line nr="325" mi="0" ci="3" mb="0" cb="0"/><line nr="326" mi="0" ci="3" mb="0" cb="0"/><line nr="327" mi="1" ci="0" mb="0" cb="0"/><line nr="329" mi="6" ci="0" mb="0" cb="0"/><line nr="330" mi="0" ci="1" mb="0" cb="0"/><line nr="334" mi="0" ci="3" mb="0" cb="0"/><line nr="341" mi="0" ci="3" mb="0" cb="0"/><line nr="343" mi="0" ci="2" mb="0" cb="0"/><line nr="344" mi="0" ci="5" mb="0" cb="0"/><line nr="346" mi="0" ci="5" mb="0" cb="0"/><line nr="347" mi="0" ci="3" mb="0" cb="0"/><line nr="349" mi="0" ci="3" mb="0" cb="2"/><line nr="350" mi="0" ci="6" mb="0" cb="0"/><line nr="353" mi="1" ci="0" mb="0" cb="0"/><line nr="355" mi="6" ci="0" mb="0" cb="0"/><line nr="356" mi="0" ci="1" mb="0" cb="0"/><line nr="363" mi="0" ci="3" mb="0" cb="0"/><line nr="370" mi="0" ci="3" mb="0" cb="0"/><line nr="371" mi="0" ci="2" mb="0" cb="0"/><line nr="372" mi="0" ci="3" mb="0" cb="0"/><line nr="374" mi="0" ci="2" mb="0" cb="0"/><line nr="375" mi="0" ci="5" mb="0" cb="0"/><line nr="380" mi="0" ci="4" mb="0" cb="0"/><line nr="381" mi="0" ci="3" mb="0" cb="0"/><line nr="382" mi="0" ci="3" mb="0" cb="2"/><line nr="384" mi="0" ci="4" mb="0" cb="0"/><line nr="385" mi="0" ci="3" mb="1" cb="1"/><line nr="386" mi="0" ci="3" mb="0" cb="0"/><line nr="389" mi="0" ci="6" mb="0" cb="0"/><line nr="391" mi="1" ci="0" mb="0" cb="0"/><line nr="393" mi="6" ci="0" mb="0" cb="0"/><line nr="394" mi="0" ci="1" mb="0" cb="0"/><line nr="397" mi="0" ci="3" mb="0" cb="0"/><line nr="405" mi="0" ci="2" mb="0" cb="0"/><line nr="406" mi="0" ci="3" mb="0" cb="0"/><line nr="407" mi="0" ci="2" mb="0" cb="0"/><line nr="408" mi="0" ci="5" mb="0" cb="0"/><line nr="410" mi="0" ci="5" mb="0" cb="0"/><line nr="411" mi="0" ci="3" mb="0" cb="0"/><line nr="412" mi="0" ci="3" mb="0" cb="2"/><line nr="414" mi="0" ci="5" mb="0" cb="0"/><line nr="416" mi="1" ci="0" mb="0" cb="0"/><line nr="418" mi="6" ci="0" mb="0" cb="0"/><line nr="419" mi="0" ci="1" mb="0" cb="0"/><line nr="420" mi="0" ci="2" mb="0" cb="0"/><line nr="425" mi="0" ci="2" mb="0" cb="0"/><line nr="426" mi="0" ci="3" mb="0" cb="0"/><line nr="427" mi="0" ci="2" mb="0" cb="0"/><line nr="428" mi="0" ci="5" mb="0" cb="0"/><line nr="431" mi="0" ci="3" mb="0" cb="0"/><line nr="432" mi="0" ci="3" mb="0" cb="2"/><line nr="434" mi="0" ci="22" mb="0" cb="0"/><line nr="437" mi="0" ci="22" mb="0" cb="0"/><line nr="439" mi="0" ci="21" mb="0" cb="0"/><line nr="443" mi="1" ci="0" mb="0" cb="0"/><line nr="445" mi="6" ci="0" mb="0" cb="0"/><line nr="446" mi="0" ci="1" mb="0" cb="0"/><line nr="448" mi="0" ci="6" mb="0" cb="0"/><line nr="450" mi="0" ci="2" mb="0" cb="0"/><line nr="455" mi="0" ci="2" mb="0" cb="0"/><line nr="456" mi="0" ci="3" mb="0" cb="0"/><line nr="458" mi="0" ci="2" mb="0" cb="0"/><line nr="459" mi="0" ci="5" mb="0" cb="0"/><line nr="461" mi="0" ci="5" mb="0" cb="0"/><line nr="462" mi="0" ci="3" mb="0" cb="0"/><line nr="465" mi="0" ci="7" mb="0" cb="0"/><line nr="468" mi="0" ci="1" mb="0" cb="0"/><line nr="472" mi="0" ci="3" mb="0" cb="0"/><line nr="473" mi="0" ci="2" mb="0" cb="0"/><line nr="474" mi="0" ci="2" mb="0" cb="0"/><line nr="475" mi="0" ci="5" mb="0" cb="0"/><line nr="477" mi="0" ci="5" mb="0" cb="0"/><line nr="478" mi="0" ci="3" mb="0" cb="0"/><line nr="479" mi="0" ci="3" mb="0" cb="2"/><line nr="483" mi="0" ci="22" mb="0" cb="0"/><line nr="486" mi="0" ci="22" mb="0" cb="0"/><line nr="488" mi="0" ci="22" mb="0" cb="0"/><line nr="494" mi="1" ci="0" mb="0" cb="0"/><line nr="496" mi="6" ci="0" mb="0" cb="0"/><line nr="497" mi="0" ci="1" mb="0" cb="0"/><line nr="498" mi="0" ci="5" mb="0" cb="0"/><line nr="500" mi="0" ci="2" mb="0" cb="0"/><line nr="508" mi="0" ci="2" mb="0" cb="0"/><line nr="512" mi="0" ci="3" mb="0" cb="0"/><line nr="529" mi="0" ci="2" mb="0" cb="0"/><line nr="530" mi="0" ci="5" mb="0" cb="0"/><line nr="533" mi="0" ci="5" mb="0" cb="0"/><line nr="534" mi="0" ci="5" mb="0" cb="0"/><line nr="535" mi="0" ci="5" mb="0" cb="0"/><line nr="536" mi="0" ci="5" mb="0" cb="0"/><line nr="537" mi="0" ci="5" mb="0" cb="0"/><line nr="538" mi="0" ci="5" mb="0" cb="0"/><line nr="539" mi="0" ci="5" mb="0" cb="0"/><line nr="540" mi="0" ci="6" mb="0" cb="0"/><line nr="541" mi="0" ci="5" mb="0" cb="0"/><line nr="542" mi="0" ci="5" mb="0" cb="0"/><line nr="543" mi="0" ci="5" mb="0" cb="0"/><line nr="544" mi="0" ci="5" mb="0" cb="0"/><line nr="545" mi="0" ci="5" mb="0" cb="0"/><line nr="546" mi="0" ci="5" mb="0" cb="0"/><line nr="547" mi="0" ci="5" mb="0" cb="0"/><line nr="548" mi="0" ci="6" mb="0" cb="0"/><line nr="551" mi="0" ci="3" mb="0" cb="0"/><line nr="554" mi="0" ci="7" mb="0" cb="0"/><line nr="557" mi="0" ci="1" mb="0" cb="0"/><line nr="561" mi="0" ci="2" mb="0" cb="0"/><line nr="562" mi="0" ci="5" mb="0" cb="0"/><line nr="563" mi="0" ci="3" mb="0" cb="0"/><line nr="565" mi="0" ci="5" mb="0" cb="0"/><line nr="568" mi="0" ci="2" mb="0" cb="0"/><line nr="569" mi="0" ci="5" mb="0" cb="0"/><line nr="572" mi="0" ci="3" mb="0" cb="0"/><line nr="575" mi="0" ci="3" mb="0" cb="2"/><line nr="580" mi="0" ci="4" mb="0" cb="0"/><line nr="581" mi="0" ci="4" mb="0" cb="0"/><line nr="582" mi="0" ci="4" mb="0" cb="0"/><line nr="585" mi="0" ci="14" mb="0" cb="0"/><line nr="590" mi="0" ci="3" mb="0" cb="0"/><line nr="595" mi="1" ci="0" mb="0" cb="0"/><line nr="597" mi="6" ci="0" mb="0" cb="0"/><line nr="598" mi="0" ci="1" mb="0" cb="0"/><line nr="602" mi="0" ci="1" mb="0" cb="0"/><line nr="606" mi="0" ci="4" mb="0" cb="0"/><line nr="607" mi="0" ci="3" mb="0" cb="0"/><line nr="609" mi="0" ci="4" mb="0" cb="0"/><line nr="610" mi="0" ci="3" mb="0" cb="0"/><line nr="614" mi="0" ci="2" mb="0" cb="0"/><line nr="615" mi="0" ci="5" mb="0" cb="0"/><line nr="617" mi="0" ci="4" mb="0" cb="0"/><line nr="618" mi="0" ci="5" mb="0" cb="0"/><line nr="619" mi="0" ci="5" mb="0" cb="0"/><line nr="620" mi="0" ci="3" mb="0" cb="0"/><line nr="621" mi="1" ci="0" mb="0" cb="0"/><line nr="623" mi="6" ci="0" mb="0" cb="0"/><line nr="624" mi="0" ci="1" mb="0" cb="0"/><line nr="628" mi="0" ci="1" mb="0" cb="0"/><line nr="632" mi="3" ci="0" mb="0" cb="0"/><line nr="633" mi="4" ci="0" mb="0" cb="0"/><line nr="634" mi="2" ci="0" mb="0" cb="0"/><line nr="635" mi="5" ci="0" mb="0" cb="0"/><line nr="637" mi="5" ci="0" mb="0" cb="0"/><line nr="638" mi="3" ci="0" mb="0" cb="0"/><line nr="639" mi="3" ci="0" mb="2" cb="0"/><line nr="643" mi="22" ci="0" mb="0" cb="0"/><line nr="646" mi="22" ci="0" mb="0" cb="0"/><line nr="648" mi="21" ci="0" mb="0" cb="0"/><line nr="654" mi="1" ci="0" mb="0" cb="0"/><line nr="656" mi="6" ci="0" mb="0" cb="0"/><line nr="657" mi="1" ci="0" mb="0" cb="0"/><line nr="658" mi="5" ci="0" mb="0" cb="0"/><line nr="660" mi="2" ci="0" mb="0" cb="0"/><line nr="665" mi="4" ci="0" mb="0" cb="0"/><line nr="667" mi="3" ci="0" mb="0" cb="0"/><line nr="668" mi="2" ci="0" mb="0" cb="0"/><line nr="669" mi="5" ci="0" mb="0" cb="0"/><line nr="671" mi="4" ci="0" mb="0" cb="0"/><line nr="672" mi="4" ci="0" mb="0" cb="0"/><line nr="673" mi="3" ci="0" mb="0" cb="0"/><line nr="674" mi="3" ci="0" mb="2" cb="0"/><line nr="677" mi="22" ci="0" mb="0" cb="0"/><line nr="678" mi="22" ci="0" mb="0" cb="0"/><line nr="679" mi="21" ci="0" mb="0" cb="0"/><line nr="685" mi="1" ci="0" mb="0" cb="0"/><line nr="687" mi="6" ci="0" mb="0" cb="0"/><line nr="688" mi="1" ci="0" mb="0" cb="0"/><line nr="691" mi="2" ci="0" mb="0" cb="0"/><line nr="696" mi="2" ci="0" mb="0" cb="0"/><line nr="697" mi="3" ci="0" mb="0" cb="0"/><line nr="698" mi="2" ci="0" mb="0" cb="0"/><line nr="699" mi="5" ci="0" mb="0" cb="0"/><line nr="701" mi="5" ci="0" mb="0" cb="0"/><line nr="702" mi="6" ci="0" mb="0" cb="0"/><line nr="703" mi="3" ci="0" mb="0" cb="0"/><line nr="704" mi="3" ci="0" mb="2" cb="0"/><line nr="706" mi="4" ci="0" mb="0" cb="0"/><line nr="708" mi="1" ci="0" mb="0" cb="0"/><line nr="710" mi="6" ci="0" mb="0" cb="0"/><line nr="712" mi="1" ci="0" mb="0" cb="0"/><line nr="713" mi="2" ci="0" mb="0" cb="0"/><line nr="717" mi="2" ci="0" mb="0" cb="0"/><line nr="718" mi="3" ci="0" mb="0" cb="0"/><line nr="719" mi="2" ci="0" mb="0" cb="0"/><line nr="720" mi="5" ci="0" mb="0" cb="0"/><line nr="722" mi="4" ci="0" mb="0" cb="0"/><line nr="723" mi="5" ci="0" mb="0" cb="0"/><line nr="724" mi="6" ci="0" mb="0" cb="0"/><line nr="725" mi="3" ci="0" mb="0" cb="0"/><line nr="729" mi="7" ci="0" mb="0" cb="0"/><line nr="731" mi="1" ci="0" mb="0" cb="0"/><counter type="INSTRUCTION" missed="474" covered="1030"/><counter type="BRANCH" missed="9" covered="23"/><counter type="LINE" missed="108" covered="218"/><counter type="COMPLEXITY" missed="11" covered="30"/><counter type="METHOD" missed="6" covered="19"/><counter type="CLASS" missed="0" covered="1"/></sourcefile><sourcefile name="RivistaDao.java"><line nr="32" mi="0" ci="3" mb="0" cb="0"/><line nr="33" mi="0" ci="3" mb="0" cb="0"/><line nr="34" mi="0" ci="3" mb="0" cb="0"/><line nr="36" mi="0" ci="3" mb="0" cb="0"/><line nr="39" mi="0" ci="2" mb="0" cb="0"/><line nr="41" mi="0" ci="3" mb="0" cb="0"/><line nr="48" mi="0" ci="3" mb="0" cb="0"/><line nr="49" mi="0" ci="2" mb="0" cb="0"/><line nr="50" mi="0" ci="5" mb="0" cb="0"/><line nr="53" mi="0" ci="5" mb="0" cb="0"/><line nr="54" mi="0" ci="3" mb="0" cb="0"/><line nr="55" mi="0" ci="3" mb="0" cb="2"/><line nr="56" mi="0" ci="4" mb="0" cb="0"/><line nr="57" mi="0" ci="4" mb="0" cb="0"/><line nr="58" mi="0" ci="4" mb="0" cb="0"/><line nr="59" mi="0" ci="4" mb="0" cb="0"/><line nr="60" mi="0" ci="4" mb="0" cb="0"/><line nr="61" mi="0" ci="4" mb="0" cb="0"/><line nr="63" mi="0" ci="4" mb="0" cb="0"/><line nr="65" mi="0" ci="4" mb="0" cb="0"/><line nr="66" mi="0" ci="4" mb="0" cb="0"/><line nr="67" mi="0" ci="5" mb="0" cb="0"/><line nr="74" mi="1" ci="0" mb="0" cb="0"/><line nr="76" mi="6" ci="0" mb="0" cb="0"/><line nr="77" mi="0" ci="1" mb="0" cb="0"/><line nr="82" mi="0" ci="1" mb="0" cb="0"/><line nr="86" mi="0" ci="2" mb="0" cb="0"/><line nr="87" mi="0" ci="3" mb="0" cb="0"/><line nr="88" mi="0" ci="2" mb="0" cb="0"/><line nr="89" mi="0" ci="5" mb="0" cb="0"/><line nr="91" mi="0" ci="5" mb="0" cb="0"/><line nr="92" mi="0" ci="3" mb="0" cb="0"/><line nr="93" mi="0" ci="3" mb="0" cb="2"/><line nr="94" mi="0" ci="5" mb="0" cb="0"/><line nr="97" mi="1" ci="0" mb="0" cb="0"/><line nr="99" mi="6" ci="0" mb="0" cb="0"/><line nr="100" mi="0" ci="1" mb="0" cb="0"/><line nr="103" mi="0" ci="2" mb="0" cb="0"/><line nr="110" mi="0" ci="4" mb="0" cb="0"/><line nr="111" mi="0" ci="3" mb="0" cb="0"/><line nr="113" mi="0" ci="4" mb="0" cb="0"/><line nr="116" mi="0" ci="3" mb="0" cb="0"/><line nr="118" mi="0" ci="2" mb="0" cb="0"/><line nr="119" mi="0" ci="5" mb="0" cb="0"/><line nr="121" mi="0" ci="4" mb="0" cb="0"/><line nr="122" mi="0" ci="5" mb="0" cb="0"/><line nr="123" mi="0" ci="3" mb="0" cb="0"/><line nr="124" mi="1" ci="0" mb="0" cb="0"/><line nr="126" mi="6" ci="0" mb="0" cb="0"/><line nr="127" mi="0" ci="1" mb="0" cb="0"/><line nr="131" mi="0" ci="1" mb="0" cb="0"/><line nr="135" mi="0" ci="3" mb="0" cb="0"/><line nr="136" mi="0" ci="2" mb="0" cb="0"/><line nr="137" mi="0" ci="5" mb="0" cb="0"/><line nr="139" mi="0" ci="4" mb="0" cb="0"/><line nr="140" mi="0" ci="3" mb="0" cb="0"/><line nr="142" mi="1" ci="0" mb="0" cb="0"/><line nr="144" mi="6" ci="0" mb="0" cb="0"/><line nr="145" mi="0" ci="1" mb="0" cb="0"/><line nr="148" mi="0" ci="5" mb="0" cb="0"/><line nr="151" mi="0" ci="1" mb="0" cb="0"/><line nr="158" mi="0" ci="2" mb="0" cb="0"/><line nr="160" mi="0" ci="4" mb="0" cb="0"/><line nr="161" mi="0" ci="2" mb="0" cb="0"/><line nr="162" mi="0" ci="5" mb="0" cb="0"/><line nr="163" mi="0" ci="3" mb="0" cb="0"/><line nr="165" mi="0" ci="3" mb="0" cb="2"/><line nr="169" mi="0" ci="20" mb="0" cb="0"/><line nr="170" mi="0" ci="16" mb="0" cb="0"/><line nr="171" mi="0" ci="17" mb="0" cb="0"/><line nr="176" mi="1" ci="0" mb="0" cb="0"/><line nr="178" mi="6" ci="0" mb="0" cb="0"/><line nr="179" mi="0" ci="1" mb="0" cb="0"/><line nr="180" mi="0" ci="2" mb="0" cb="0"/><line nr="190" mi="0" ci="2" mb="0" cb="0"/><line nr="192" mi="0" ci="3" mb="0" cb="0"/><line nr="193" mi="0" ci="2" mb="0" cb="0"/><line nr="194" mi="0" ci="5" mb="0" cb="0"/><line nr="197" mi="0" ci="4" mb="0" cb="0"/><line nr="198" mi="0" ci="4" mb="0" cb="0"/><line nr="199" mi="0" ci="3" mb="0" cb="0"/><line nr="200" mi="0" ci="3" mb="0" cb="2"/><line nr="204" mi="0" ci="20" mb="0" cb="0"/><line nr="205" mi="0" ci="16" mb="0" cb="0"/><line nr="206" mi="0" ci="17" mb="0" cb="0"/><line nr="211" mi="1" ci="0" mb="0" cb="0"/><line nr="213" mi="6" ci="0" mb="0" cb="0"/><line nr="214" mi="0" ci="1" mb="0" cb="0"/><line nr="215" mi="0" ci="2" mb="0" cb="0"/><line nr="223" mi="0" ci="3" mb="0" cb="0"/><line nr="225" mi="0" ci="2" mb="0" cb="0"/><line nr="226" mi="0" ci="5" mb="0" cb="0"/><line nr="229" mi="0" ci="5" mb="0" cb="0"/><line nr="230" mi="0" ci="3" mb="0" cb="0"/><line nr="231" mi="0" ci="3" mb="0" cb="2"/><line nr="233" mi="0" ci="20" mb="0" cb="0"/><line nr="234" mi="0" ci="16" mb="0" cb="0"/><line nr="235" mi="0" ci="18" mb="0" cb="0"/><line nr="237" mi="1" ci="0" mb="0" cb="0"/><line nr="239" mi="6" ci="0" mb="0" cb="0"/><line nr="240" mi="0" ci="1" mb="0" cb="0"/><line nr="241" mi="0" ci="2" mb="0" cb="0"/><line nr="245" mi="0" ci="2" mb="0" cb="0"/><line nr="246" mi="0" ci="5" mb="0" cb="0"/><line nr="247" mi="0" ci="1" mb="0" cb="0"/><line nr="250" mi="0" ci="3" mb="0" cb="0"/><line nr="252" mi="0" ci="2" mb="0" cb="0"/><line nr="253" mi="0" ci="5" mb="0" cb="0"/><line nr="255" mi="0" ci="5" mb="0" cb="0"/><line nr="256" mi="0" ci="3" mb="0" cb="0"/><line nr="257" mi="0" ci="3" mb="0" cb="2"/><line nr="258" mi="0" ci="6" mb="0" cb="0"/><line nr="261" mi="1" ci="0" mb="0" cb="0"/><line nr="263" mi="6" ci="0" mb="0" cb="0"/><line nr="264" mi="0" ci="1" mb="0" cb="0"/><line nr="265" mi="0" ci="3" mb="0" cb="0"/><line nr="273" mi="0" ci="2" mb="0" cb="0"/><line nr="274" mi="0" ci="3" mb="0" cb="0"/><line nr="275" mi="0" ci="2" mb="0" cb="0"/><line nr="276" mi="0" ci="5" mb="0" cb="0"/><line nr="278" mi="0" ci="5" mb="0" cb="0"/><line nr="279" mi="0" ci="5" mb="0" cb="0"/><line nr="280" mi="0" ci="3" mb="0" cb="0"/><line nr="281" mi="0" ci="3" mb="0" cb="2"/><line nr="282" mi="0" ci="5" mb="0" cb="0"/><line nr="285" mi="1" ci="0" mb="0" cb="0"/><line nr="287" mi="6" ci="0" mb="0" cb="0"/><line nr="288" mi="0" ci="1" mb="0" cb="0"/><line nr="289" mi="0" ci="2" mb="0" cb="0"/><line nr="296" mi="0" ci="2" mb="0" cb="0"/><line nr="297" mi="0" ci="3" mb="0" cb="0"/><line nr="298" mi="0" ci="2" mb="0" cb="0"/><line nr="299" mi="0" ci="5" mb="0" cb="0"/><line nr="301" mi="0" ci="5" mb="0" cb="0"/><line nr="302" mi="0" ci="3" mb="0" cb="0"/><line nr="303" mi="0" ci="3" mb="0" cb="2"/><line nr="305" mi="0" ci="5" mb="0" cb="0"/><line nr="307" mi="1" ci="0" mb="0" cb="0"/><line nr="309" mi="6" ci="0" mb="0" cb="0"/><line nr="310" mi="0" ci="1" mb="0" cb="0"/><line nr="312" mi="0" ci="2" mb="0" cb="0"/><line nr="317" mi="3" ci="0" mb="0" cb="0"/><line nr="318" mi="3" ci="0" mb="0" cb="0"/><line nr="320" mi="2" ci="0" mb="0" cb="0"/><line nr="321" mi="5" ci="0" mb="0" cb="0"/><line nr="323" mi="5" ci="0" mb="0" cb="0"/><line nr="324" mi="3" ci="0" mb="0" cb="0"/><line nr="325" mi="3" ci="0" mb="2" cb="0"/><line nr="327" mi="5" ci="0" mb="0" cb="0"/><line nr="330" mi="4" ci="0" mb="2" cb="0"/><line nr="331" mi="3" ci="0" mb="0" cb="0"/><line nr="332" mi="3" ci="0" mb="2" cb="0"/><line nr="333" mi="4" ci="0" mb="0" cb="0"/><line nr="335" mi="1" ci="0" mb="0" cb="0"/><line nr="337" mi="6" ci="0" mb="0" cb="0"/><line nr="338" mi="1" ci="0" mb="0" cb="0"/><line nr="342" mi="3" ci="0" mb="0" cb="0"/><line nr="348" mi="0" ci="3" mb="0" cb="0"/><line nr="349" mi="0" ci="2" mb="0" cb="0"/><line nr="350" mi="0" ci="5" mb="0" cb="0"/><line nr="353" mi="0" ci="5" mb="0" cb="0"/><line nr="354" mi="0" ci="3" mb="0" cb="0"/><line nr="356" mi="0" ci="3" mb="0" cb="2"/><line nr="357" mi="0" ci="6" mb="0" cb="0"/><line nr="360" mi="1" ci="0" mb="0" cb="0"/><line nr="362" mi="6" ci="0" mb="0" cb="0"/><line nr="363" mi="0" ci="1" mb="0" cb="0"/><line nr="365" mi="0" ci="3" mb="0" cb="0"/><line nr="371" mi="0" ci="3" mb="0" cb="0"/><line nr="373" mi="0" ci="2" mb="0" cb="0"/><line nr="374" mi="0" ci="5" mb="0" cb="0"/><line nr="379" mi="0" ci="5" mb="0" cb="0"/><line nr="381" mi="0" ci="3" mb="0" cb="0"/><line nr="382" mi="0" ci="3" mb="0" cb="2"/><line nr="384" mi="0" ci="5" mb="0" cb="0"/><line nr="385" mi="0" ci="4" mb="1" cb="1"/><line nr="386" mi="0" ci="4" mb="0" cb="0"/><line nr="389" mi="10" ci="0" mb="0" cb="0"/><line nr="394" mi="1" ci="0" mb="0" cb="0"/><line nr="396" mi="6" ci="0" mb="0" cb="0"/><line nr="397" mi="0" ci="1" mb="0" cb="0"/><line nr="399" mi="0" ci="3" mb="0" cb="0"/><line nr="404" mi="0" ci="2" mb="0" cb="0"/><line nr="406" mi="0" ci="4" mb="0" cb="0"/><line nr="407" mi="0" ci="2" mb="0" cb="0"/><line nr="408" mi="0" ci="5" mb="0" cb="0"/><line nr="412" mi="0" ci="3" mb="0" cb="0"/><line nr="413" mi="0" ci="3" mb="0" cb="2"/><line nr="415" mi="0" ci="22" mb="0" cb="0"/><line nr="416" mi="0" ci="16" mb="0" cb="0"/><line nr="417" mi="0" ci="19" mb="0" cb="0"/><line nr="419" mi="1" ci="0" mb="0" cb="0"/><line nr="421" mi="6" ci="0" mb="0" cb="0"/><line nr="422" mi="0" ci="1" mb="0" cb="0"/><line nr="423" mi="0" ci="2" mb="0" cb="0"/><line nr="433" mi="0" ci="3" mb="0" cb="0"/><line nr="445" mi="0" ci="2" mb="0" cb="0"/><line nr="446" mi="0" ci="5" mb="0" cb="0"/><line nr="448" mi="0" ci="5" mb="0" cb="0"/><line nr="449" mi="0" ci="5" mb="0" cb="0"/><line nr="450" mi="0" ci="5" mb="0" cb="0"/><line nr="451" mi="0" ci="5" mb="0" cb="0"/><line nr="452" mi="0" ci="5" mb="0" cb="0"/><line nr="453" mi="0" ci="5" mb="0" cb="0"/><line nr="454" mi="0" ci="7" mb="0" cb="0"/><line nr="455" mi="0" ci="5" mb="0" cb="0"/><line nr="456" mi="0" ci="5" mb="0" cb="0"/><line nr="457" mi="0" ci="5" mb="0" cb="0"/><line nr="461" mi="0" ci="3" mb="0" cb="0"/><line nr="462" mi="0" ci="3" mb="0" cb="0"/><line nr="463" mi="1" ci="0" mb="0" cb="0"/><line nr="465" mi="3" ci="0" mb="0" cb="0"/><line nr="466" mi="6" ci="0" mb="0" cb="0"/><line nr="467" mi="0" ci="1" mb="0" cb="0"/><line nr="472" mi="0" ci="4" mb="0" cb="0"/><line nr="479" mi="0" ci="2" mb="0" cb="0"/><line nr="480" mi="0" ci="3" mb="0" cb="0"/><line nr="481" mi="0" ci="2" mb="0" cb="0"/><line nr="482" mi="0" ci="5" mb="0" cb="0"/><line nr="484" mi="0" ci="5" mb="0" cb="0"/><line nr="485" mi="0" ci="3" mb="0" cb="0"/><line nr="486" mi="1" ci="0" mb="0" cb="0"/><line nr="488" mi="6" ci="0" mb="0" cb="0"/><line nr="489" mi="0" ci="1" mb="0" cb="0"/><line nr="490" mi="0" ci="7" mb="0" cb="0"/><line nr="492" mi="0" ci="1" mb="0" cb="0"/><line nr="495" mi="0" ci="2" mb="0" cb="0"/><line nr="497" mi="0" ci="3" mb="0" cb="0"/><line nr="498" mi="0" ci="2" mb="0" cb="0"/><line nr="499" mi="0" ci="5" mb="0" cb="0"/><line nr="501" mi="0" ci="5" mb="0" cb="0"/><line nr="502" mi="0" ci="3" mb="0" cb="0"/><line nr="503" mi="0" ci="3" mb="0" cb="2"/><line nr="507" mi="0" ci="20" mb="0" cb="0"/><line nr="508" mi="0" ci="16" mb="0" cb="0"/><line nr="509" mi="0" ci="20" mb="0" cb="0"/><line nr="511" mi="1" ci="0" mb="0" cb="0"/><line nr="513" mi="6" ci="0" mb="0" cb="0"/><line nr="514" mi="0" ci="1" mb="0" cb="0"/><line nr="516" mi="0" ci="2" mb="0" cb="0"/><line nr="522" mi="0" ci="2" mb="0" cb="0"/><line nr="527" mi="0" ci="3" mb="0" cb="0"/><line nr="540" mi="0" ci="2" mb="0" cb="0"/><line nr="541" mi="0" ci="5" mb="0" cb="0"/><line nr="544" mi="0" ci="5" mb="0" cb="0"/><line nr="545" mi="0" ci="5" mb="0" cb="0"/><line nr="546" mi="0" ci="5" mb="0" cb="0"/><line nr="547" mi="0" ci="5" mb="0" cb="0"/><line nr="548" mi="0" ci="5" mb="0" cb="0"/><line nr="549" mi="0" ci="5" mb="0" cb="0"/><line nr="550" mi="0" ci="6" mb="0" cb="0"/><line nr="551" mi="0" ci="5" mb="0" cb="0"/><line nr="552" mi="0" ci="5" mb="0" cb="0"/><line nr="553" mi="0" ci="5" mb="0" cb="0"/><line nr="554" mi="0" ci="5" mb="0" cb="0"/><line nr="557" mi="0" ci="3" mb="0" cb="0"/><line nr="558" mi="1" ci="0" mb="0" cb="0"/><line nr="560" mi="6" ci="0" mb="0" cb="0"/><line nr="561" mi="0" ci="1" mb="0" cb="0"/><line nr="562" mi="0" ci="7" mb="0" cb="0"/><line nr="563" mi="0" ci="1" mb="0" cb="0"/><line nr="568" mi="0" ci="3" mb="0" cb="0"/><line nr="569" mi="0" ci="5" mb="0" cb="0"/><line nr="572" mi="0" ci="5" mb="0" cb="0"/><line nr="573" mi="0" ci="2" mb="0" cb="0"/><line nr="574" mi="0" ci="5" mb="0" cb="0"/><line nr="577" mi="0" ci="3" mb="0" cb="0"/><line nr="580" mi="0" ci="3" mb="0" cb="2"/><line nr="586" mi="0" ci="4" mb="0" cb="0"/><line nr="587" mi="0" ci="4" mb="0" cb="0"/><line nr="588" mi="0" ci="4" mb="0" cb="0"/><line nr="589" mi="0" ci="4" mb="0" cb="0"/><line nr="593" mi="0" ci="17" mb="0" cb="0"/><line nr="598" mi="0" ci="3" mb="0" cb="0"/><line nr="604" mi="1" ci="0" mb="0" cb="0"/><line nr="606" mi="6" ci="0" mb="0" cb="0"/><line nr="607" mi="0" ci="1" mb="0" cb="0"/><line nr="612" mi="0" ci="1" mb="0" cb="0"/><line nr="619" mi="0" ci="4" mb="0" cb="0"/><line nr="620" mi="0" ci="3" mb="0" cb="0"/><line nr="622" mi="0" ci="4" mb="0" cb="0"/><line nr="624" mi="0" ci="3" mb="0" cb="0"/><line nr="626" mi="0" ci="2" mb="0" cb="0"/><line nr="627" mi="0" ci="5" mb="0" cb="0"/><line nr="629" mi="0" ci="4" mb="0" cb="0"/><line nr="630" mi="0" ci="5" mb="0" cb="0"/><line nr="631" mi="0" ci="5" mb="0" cb="0"/><line nr="632" mi="0" ci="3" mb="0" cb="0"/><line nr="634" mi="1" ci="0" mb="0" cb="0"/><line nr="636" mi="6" ci="0" mb="0" cb="0"/><line nr="637" mi="0" ci="1" mb="0" cb="0"/><line nr="642" mi="0" ci="1" mb="0" cb="0"/><line nr="645" mi="4" ci="0" mb="0" cb="0"/><line nr="647" mi="4" ci="0" mb="0" cb="0"/><line nr="648" mi="2" ci="0" mb="0" cb="0"/><line nr="649" mi="5" ci="0" mb="0" cb="0"/><line nr="653" mi="3" ci="0" mb="0" cb="0"/><line nr="654" mi="3" ci="0" mb="2" cb="0"/><line nr="656" mi="22" ci="0" mb="0" cb="0"/><line nr="657" mi="16" ci="0" mb="0" cb="0"/><line nr="658" mi="19" ci="0" mb="0" cb="0"/><line nr="660" mi="1" ci="0" mb="0" cb="0"/><line nr="662" mi="6" ci="0" mb="0" cb="0"/><line nr="663" mi="1" ci="0" mb="0" cb="0"/><line nr="664" mi="2" ci="0" mb="0" cb="0"/><line nr="675" mi="2" ci="0" mb="0" cb="0"/><line nr="676" mi="3" ci="0" mb="0" cb="0"/><line nr="677" mi="2" ci="0" mb="0" cb="0"/><line nr="678" mi="5" ci="0" mb="0" cb="0"/><line nr="680" mi="5" ci="0" mb="0" cb="0"/><line nr="681" mi="6" ci="0" mb="0" cb="0"/><line nr="682" mi="3" ci="0" mb="0" cb="0"/><line nr="683" mi="3" ci="0" mb="2" cb="0"/><line nr="685" mi="4" ci="0" mb="0" cb="0"/><line nr="687" mi="1" ci="0" mb="0" cb="0"/><line nr="689" mi="7" ci="0" mb="0" cb="0"/><line nr="690" mi="1" ci="0" mb="0" cb="0"/><line nr="692" mi="2" ci="0" mb="0" cb="0"/><line nr="696" mi="2" ci="0" mb="0" cb="0"/><line nr="697" mi="3" ci="0" mb="0" cb="0"/><line nr="698" mi="2" ci="0" mb="0" cb="0"/><line nr="699" mi="5" ci="0" mb="0" cb="0"/><line nr="701" mi="4" ci="0" mb="0" cb="0"/><line nr="702" mi="5" ci="0" mb="0" cb="0"/><line nr="703" mi="6" ci="0" mb="0" cb="0"/><line nr="704" mi="3" ci="0" mb="0" cb="0"/><line nr="706" mi="7" ci="0" mb="0" cb="0"/><line nr="708" mi="1" ci="0" mb="0" cb="0"/><counter type="INSTRUCTION" missed="370" covered="1028"/><counter type="BRANCH" missed="11" covered="27"/><counter type="LINE" missed="92" covered="236"/><counter type="COMPLEXITY" missed="10" covered="34"/><counter type="METHOD" missed="4" covered="21"/><counter type="CLASS" missed="0" covered="1"/></sourcefile><sourcefile name="UsersDao.java"><line nr="28" mi="0" ci="2" mb="0" cb="0"/><line nr="29" mi="0" ci="2" mb="0" cb="0"/><line nr="30" mi="0" ci="3" mb="0" cb="0"/><line nr="41" mi="0" ci="3" mb="0" cb="0"/><line nr="43" mi="0" ci="2" mb="0" cb="0"/><line nr="52" mi="0" ci="2" mb="0" cb="0"/><line nr="53" mi="0" ci="4" mb="0" cb="0"/><line nr="57" mi="0" ci="5" mb="0" cb="0"/><line nr="58" mi="0" ci="5" mb="0" cb="0"/><line nr="59" mi="0" ci="5" mb="0" cb="0"/><line nr="60" mi="0" ci="5" mb="0" cb="0"/><line nr="61" mi="0" ci="5" mb="0" cb="0"/><line nr="62" mi="0" ci="3" mb="0" cb="0"/><line nr="64" mi="0" ci="2" mb="0" cb="0"/><line nr="65" mi="1" ci="0" mb="0" cb="0"/><line nr="67" mi="6" ci="0" mb="0" cb="0"/><line nr="69" mi="0" ci="1" mb="0" cb="0"/><line nr="73" mi="0" ci="2" mb="0" cb="0"/><line nr="82" mi="0" ci="3" mb="0" cb="0"/><line nr="83" mi="0" ci="2" mb="0" cb="0"/><line nr="93" mi="0" ci="2" mb="0" cb="0"/><line nr="94" mi="0" ci="4" mb="0" cb="0"/><line nr="100" mi="0" ci="8" mb="0" cb="0"/><line nr="101" mi="0" ci="5" mb="0" cb="0"/><line nr="102" mi="0" ci="5" mb="0" cb="0"/><line nr="103" mi="0" ci="5" mb="0" cb="0"/><line nr="104" mi="0" ci="5" mb="0" cb="0"/><line nr="105" mi="0" ci="5" mb="0" cb="0"/><line nr="108" mi="0" ci="5" mb="0" cb="0"/><line nr="110" mi="0" ci="3" mb="0" cb="0"/><line nr="111" mi="0" ci="2" mb="0" cb="0"/><line nr="113" mi="1" ci="0" mb="0" cb="0"/><line nr="115" mi="6" ci="0" mb="0" cb="0"/><line nr="117" mi="0" ci="1" mb="0" cb="0"/><line nr="120" mi="0" ci="2" mb="0" cb="0"/><line nr="128" mi="0" ci="2" mb="0" cb="0"/><line nr="134" mi="0" ci="2" mb="0" cb="0"/><line nr="135" mi="0" ci="2" mb="0" cb="0"/><line nr="136" mi="0" ci="4" mb="0" cb="0"/><line nr="139" mi="0" ci="5" mb="0" cb="0"/><line nr="140" mi="0" ci="3" mb="0" cb="0"/><line nr="141" mi="0" ci="3" mb="0" cb="2"/><line nr="143" mi="0" ci="4" mb="0" cb="0"/><line nr="144" mi="0" ci="2" mb="1" cb="1"/><line nr="145" mi="0" ci="2" mb="0" cb="0"/><line nr="148" mi="1" ci="0" mb="0" cb="0"/><line nr="150" mi="6" ci="0" mb="0" cb="0"/><line nr="152" mi="0" ci="1" mb="0" cb="0"/><line nr="154" mi="0" ci="7" mb="0" c
[...]
ine nr="11" mi="0" ci="3" mb="0" cb="0"/><line nr="15" mi="0" ci="3" mb="0" cb="0"/><line nr="20" mi="0" ci="2" mb="0" cb="0"/><line nr="21" mi="0" ci="5" mb="0" cb="0"/><line nr="23" mi="0" ci="1" mb="0" cb="0"/><line nr="28" mi="0" ci="3" mb="1" cb="1"/><line nr="30" mi="0" ci="3" mb="0" cb="0"/><line nr="34" mi="0" ci="3" mb="0" cb="0"/><counter type="INSTRUCTION" missed="0" covered="23"/><counter type="BRANCH" missed="1" covered="1"/><counter type="LINE" missed="0" covered="8"/><counter type="COMPLEXITY" missed="1" covered="3"/><counter type="METHOD" missed="0" covered="3"/><counter type="CLASS" missed="0" covered="1"/></sourcefile><sourcefile name="ControllerHomePageAfterLogin.java"><line nr="10" mi="0" ci="2" mb="0" cb="0"/><line nr="11" mi="0" ci="3" mb="0" cb="0"/><line nr="17" mi="0" ci="2" mb="0" cb="0"/><line nr="18" mi="0" ci="3" mb="0" cb="0"/><line nr="19" mi="0" ci="6" mb="0" cb="0"/><line nr="21" mi="0" ci="2" mb="1" cb="1"/><line nr="24" mi="5" ci="0" mb="0" cb="0"/><line nr="25" mi="1" ci="0" mb="0" cb="0"/><line nr="28" mi="6" ci="0" mb="0" cb="0"/><line nr="30" mi="1" ci="0" mb="0" cb="0"/><line nr="33" mi="0" ci="3" mb="0" cb="0"/><line nr="34" mi="0" ci="3" mb="0" cb="0"/><line nr="35" mi="0" ci="3" mb="0" cb="0"/><line nr="36" mi="0" ci="3" mb="0" cb="0"/><line nr="37" mi="0" ci="3" mb="0" cb="0"/><line nr="38" mi="0" ci="3" mb="0" cb="0"/><line nr="39" mi="0" ci="3" mb="0" cb="0"/><line nr="42" mi="0" ci="7" mb="0" cb="0"/><line nr="43" mi="0" ci="3" mb="0" cb="0"/><line nr="44" mi="0" ci="2" mb="0" cb="0"/><line nr="46" mi="0" ci="2" mb="0" cb="0"/><counter type="INSTRUCTION" missed="13" covered="53"/><counter type="BRANCH" missed="1" covered="1"/><counter type="LINE" missed="4" covered="17"/><counter type="COMPLEXITY" missed="1" covered="2"/><counter type="METHOD" missed="0" covered="2"/><counter type="CLASS" missed="0" covered="1"/></sourcefile><sourcefile name="ControllerAggiungiPage.java"><line nr="19" mi="0" ci="3" mb="0" cb="0"/><line nr="30" mi="0" ci="8" mb="2" cb="2"/><line nr="32" mi="3" ci="0" mb="0" cb="0"/><line nr="37" mi="0" ci="6" mb="0" cb="0"/><line nr="38" mi="0" ci="7" mb="0" cb="0"/><line nr="39" mi="0" ci="6" mb="0" cb="0"/><line nr="40" mi="0" ci="6" mb="0" cb="0"/><line nr="41" mi="0" ci="6" mb="0" cb="0"/><line nr="42" mi="0" ci="6" mb="0" cb="0"/><line nr="43" mi="0" ci="6" mb="0" cb="0"/><line nr="44" mi="0" ci="4" mb="0" cb="0"/><line nr="45" mi="0" ci="4" mb="0" cb="0"/><line nr="46" mi="0" ci="4" mb="0" cb="0"/><line nr="47" mi="0" ci="7" mb="0" cb="0"/><line nr="48" mi="0" ci="7" mb="0" cb="0"/><line nr="49" mi="0" ci="7" mb="0" cb="0"/><line nr="53" mi="0" ci="7" mb="0" cb="0"/><line nr="55" mi="0" ci="3" mb="0" cb="0"/><line nr="61" mi="0" ci="3" mb="1" cb="1"/><line nr="63" mi="3" ci="0" mb="0" cb="0"/><line nr="67" mi="0" ci="6" mb="0" cb="0"/><line nr="70" mi="0" ci="3" mb="0" cb="0"/><line nr="79" mi="0" ci="2" mb="1" cb="1"/><line nr="82" mi="0" ci="6" mb="0" cb="0"/><line nr="83" mi="0" ci="6" mb="0" cb="0"/><line nr="84" mi="0" ci="6" mb="0" cb="0"/><line nr="85" mi="0" ci="4" mb="0" cb="0"/><line nr="86" mi="0" ci="6" mb="0" cb="0"/><line nr="87" mi="0" ci="4" mb="0" cb="0"/><line nr="88" mi="0" ci="4" mb="0" cb="0"/><line nr="89" mi="0" ci="4" mb="0" cb="0"/><line nr="90" mi="0" ci="4" mb="0" cb="0"/><line nr="91" mi="0" ci="4" mb="0" cb="0"/><line nr="93" mi="0" ci="6" mb="0" cb="0"/><line nr="95" mi="0" ci="3" mb="0" cb="0"/><line nr="98" mi="0" ci="3" mb="0" cb="0"/><line nr="104" mi="0" ci="2" mb="0" cb="0"/><line nr="105" mi="0" ci="5" mb="0" cb="0"/><line nr="106" mi="0" ci="5" mb="0" cb="0"/><line nr="107" mi="0" ci="5" mb="0" cb="0"/><line nr="108" mi="0" ci="5" mb="0" cb="0"/><line nr="109" mi="0" ci="5" mb="0" cb="0"/><line nr="110" mi="0" ci="1" mb="0" cb="0"/><counter type="INSTRUCTION" missed="6" covered="199"/><counter type="BRANCH" missed="4" covered="4"/><counter type="LINE" missed="2" covered="41"/><counter type="COMPLEXITY" missed="4" covered="4"/><counter type="METHOD" missed="0" covered="4"/><counter type="CLASS" missed="0" covered="1"/></sourcefile><sourcefile name="ControllerRicercaPerTipo.java"><line nr="10" mi="0" ci="3" mb="0" cb="0"/><line nr="11" mi="0" ci="3" mb="0" cb="0"/><line nr="14" mi="0" ci="2" mb="0" cb="0"/><line nr="15" mi="0" ci="5" mb="0" cb="0"/><line nr="17" mi="0" ci="1" mb="0" cb="0"/><line nr="22" mi="0" ci="6" mb="1" cb="1"/><line nr="23" mi="0" ci="3" mb="0" cb="0"/><line nr="24" mi="0" ci="3" mb="0" cb="0"/><line nr="28" mi="0" ci="2" mb="0" cb="0"/><line nr="29" mi="0" ci="5" mb="1" cb="1"/><line nr="30" mi="0" ci="3" mb="0" cb="0"/><line nr="31" mi="0" ci="3" mb="0" cb="0"/><line nr="35" mi="0" ci="2" mb="0" cb="0"/><line nr="36" mi="0" ci="5" mb="1" cb="1"/><line nr="37" mi="0" ci="3" mb="0" cb="0"/><line nr="38" mi="0" ci="3" mb="0" cb="0"/><counter type="INSTRUCTION" missed="0" covered="52"/><counter type="BRANCH" missed="3" covered="3"/><counter type="LINE" missed="0" covered="16"/><counter type="COMPLEXITY" missed="3" covered="4"/><counter type="METHOD" missed="0" covered="4"/><counter type="CLASS" missed="0" covered="1"/></sourcefile><counter type="INSTRUCTION" missed="404" covered="2714"/><counter type="BRANCH" missed="91" covered="107"/><counter type="LINE" missed="102" covered="649"/><counter type="COMPLEXITY" missed="100" covered="140"/><counter type="METHOD" missed="25" covered="114"/><counter type="CLASS" missed="0" covered="26"/></package><package name="laptop/utilities"><class name="laptop/utilities/ConnToDb" sourcefilename="ConnToDb.java"><method name="initailConnection" desc="()Z" line="26"><counter type="INSTRUCTION" missed="7" covered="37"/><counter type="LINE" missed="2" covered="11"/><counter type="COMPLEXITY" missed="0" covered="1"/><counter type="METHOD" missed="0" covered="1"/></method><method name="connection" desc="()Z" line="58"><counter type="INSTRUCTION" missed="13" covered="40"/><counter type="BRANCH" missed="1" covered="1"/><counter type="LINE" missed="4" covered="12"/><counter type="COMPLEXITY" missed="1" covered="1"/><counter type="METHOD" missed="0" covered="1"/></method><method name="generalConnection" desc="()Ljava/sql/Connection;" line="97"><counter type="INSTRUCTION" missed="7" covered="40"/><counter type="LINE" missed="2" covered="11"/><counter type="COMPLEXITY" missed="0" covered="1"/><counter type="METHOD" missed="0" covered="1"/></method><method name="&lt;clinit&gt;" desc="()V" line="13"><counter type="INSTRUCTION" missed="0" covered="11"/><counter type="LINE" missed="0" covered="5"/><counter type="COMPLEXITY" missed="0" covered="1"/><counter type="METHOD" missed="0" covered="1"/></method><counter type="INSTRUCTION" missed="27" covered="128"/><counter type="BRANCH" missed="1" covered="1"/><counter type="LINE" missed="8" covered="39"/><counter type="COMPLEXITY" missed="1" covered="4"/><counter type="METHOD" missed="0" covered="4"/><counter type="CLASS" missed="0" covered="1"/></class><class name="laptop/utilities/PopulateDefaultDb" sourcefilename="PopulateDefaultDb.java"><method name="populateDefaultDb" desc="()Z" line="26"><counter type="INSTRUCTION" missed="0" covered="14"/><counter type="LINE" missed="0" covered="7"/><counter type="COMPLEXITY" missed="0" covered="1"/><counter type="METHOD" missed="0" covered="1"/></method><method name="createLibri" desc="()Z" line="39"><counter type="INSTRUCTION" missed="0" covered="30"/><counter type="LINE" missed="0" covered="8"/><counter type="COMPLEXITY" missed="0" covered="1"/><counter type="METHOD" missed="0" covered="1"/></method><method name="createGiornale" desc="()Z" line="56"><counter type="INSTRUCTION" missed="0" covered="30"/><counter type="LINE" missed="0" covered="8"/><counter type="COMPLEXITY" missed="0" covered="1"/><counter type="METHOD" missed="0" covered="1"/></method><method name="createRivista" desc="()Z" line="72"><counter type="INSTRUCTION" missed="0" covered="30"/><counter type="LINE" missed="0" covered="8"/><counter type="COMPLEXITY" missed="0" covered="1"/><counter type="METHOD" missed="0" covered="1"/></method><method name="createUser" desc="()Z" line="88"><counter type="INSTRUCTION" missed="0" covered="30"/><counter type="LINE" missed="0" covered="8"/><counter type="COMPLEXITY" missed="0" covered="1"/><counter type="METHOD" missed="0" covered="1"/></method><method name="createNegozio" desc="()Z" line="103"><counter type="INSTRUCTION" missed="0" covered="30"/><counter type="LINE" missed="0" covered="8"/><counter type="COMPLEXITY" missed="0" covered="1"/><counter type="METHOD" missed="0" covered="1"/></method><method name="&lt;clinit&gt;" desc="()V" line="17"><counter type="INSTRUCTION" missed="0" covered="3"/><counter type="LINE" missed="0" covered="1"/><counter type="COMPLEXITY" missed="0" covered="1"/><counter type="METHOD" missed="0" covered="1"/></method><counter type="INSTRUCTION" missed="0" covered="167"/><counter type="LINE" missed="0" covered="48"/><counter type="COMPLEXITY" missed="0" covered="7"/><counter type="METHOD" missed="0" covered="7"/><counter type="CLASS" missed="0" covered="1"/></class><class name="laptop/utilities/CreateDefaultDB" sourcefilename="CreateDefaultDB.java"><method name="&lt;init&gt;" desc="()V" line="75"><counter type="INSTRUCTION" missed="8" covered="0"/><counter type="LINE" missed="3" covered="0"/><counter type="COMPLEXITY" missed="1" covered="0"/><counter type="METHOD" missed="1" covered="0"/></method><method name="createDefaultDB" desc="()V" line="89"><counter type="INSTRUCTION" missed="12" covered="97"/><counter type="BRANCH" missed="4" covered="4"/><counter type="LINE" missed="2" covered="26"/><counter type="COMPLEXITY" missed="4" covered="1"/><counter type="METHOD" missed="0" covered="1"/></method><method name="&lt;clinit&gt;" desc="()V" line="12"><counter type="INSTRUCTION" missed="0" covered="19"/><counter type="LINE" missed="0" covered="9"/><counter type="COMPLEXITY" missed="0" covered="1"/><counter type="METHOD" missed="0" covered="1"/></method><counter type="INSTRUCTION" missed="20" covered="116"/><counter type="BRANCH" missed="4" covered="4"/><counter type="LINE" missed="5" covered="35"/><counter type="COMPLEXITY" missed="5" covered="2"/><counter type="METHOD" missed="1" covered="2"/><counter type="CLASS" missed="0" covered="1"/></class><sourcefile name="PopulateDefaultDb.java"><line nr="17" mi="0" ci="3" mb="0" cb="0"/><line nr="26" mi="0" ci="2" mb="0" cb="0"/><line nr="27" mi="0" ci="2" mb="0" cb="0"/><line nr="28" mi="0" ci="2" mb="0" cb="0"/><line nr="29" mi="0" ci="2" mb="0" cb="0"/><line nr="30" mi="0" ci="2" mb="0" cb="0"/><line nr="32" mi="0" ci="2" mb="0" cb="0"/><line nr="34" mi="0" ci="2" mb="0" cb="0"/><line nr="39" mi="0" ci="5" mb="0" cb="0"/><line nr="41" mi="0" ci="2" mb="0" cb="0"/><line nr="42" mi="0" ci="5" mb="0" cb="0"/><line nr="43" mi="0" ci="3" mb="0" cb="0"/><line nr="44" mi="0" ci="8" mb="0" cb="0"/><line nr="46" mi="0" ci="3" mb="0" cb="0"/><line nr="47" mi="0" ci="2" mb="0" cb="0"/><line nr="51" mi="0" ci="2" mb="0" cb="0"/><line nr="56" mi="0" ci="5" mb="0" cb="0"/><line nr="59" mi="0" ci="2" mb="0" cb="0"/><line nr="60" mi="0" ci="5" mb="0" cb="0"/><line nr="61" mi="0" ci="3" mb="0" cb="0"/><line nr="62" mi="0" ci="8" mb="0" cb="0"/><line nr="64" mi="0" ci="3" mb="0" cb="0"/><line nr="65" mi="0" ci="2" mb="0" cb="0"/><line nr="67" mi="0" ci="2" mb="0" cb="0"/><line nr="72" mi="0" ci="5" mb="0" cb="0"/><line nr="74" mi="0" ci="2" mb="0" cb="0"/><line nr="75" mi="0" ci="5" mb="0" cb="0"/><line nr="76" mi="0" ci="3" mb="0" cb="0"/><line nr="77" mi="0" ci="8" mb="0" cb="0"/><line nr="79" mi="0" ci="3" mb="0" cb="0"/><line nr="80" mi="0" ci="2" mb="0" cb="0"/><line nr="83" mi="0" ci="2" mb="0" cb="0"/><line nr="88" mi="0" ci="5" mb="0" cb="0"/><line nr="91" mi="0" ci="2" mb="0" cb="0"/><line nr="92" mi="0" ci="5" mb="0" cb="0"/><line nr="93" mi="0" ci="3" mb="0" cb="0"/><line nr="94" mi="0" ci="8" mb="0" cb="0"/><line nr="95" mi="0" ci="3" mb="0" cb="0"/><line nr="96" mi="0" ci="2" mb="0" cb="0"/><line nr="98" mi="0" ci="2" mb="0" cb="0"/><line nr="103" mi="0" ci="5" mb="0" cb="0"/><line nr="106" mi="0" ci="2" mb="0" cb="0"/><line nr="107" mi="0" ci="5" mb="0" cb="0"/><line nr="108" mi="0" ci="3" mb="0" cb="0"/><line nr="109" mi="0" ci="8" mb="0" cb="0"/><line nr="110" mi="0" ci="3" mb="0" cb="0"/><line nr="111" mi="0" ci="2" mb="0" cb="0"/><line nr="112" mi="0" ci="2" mb="0" cb="0"/><counter type="INSTRUCTION" missed="0" covered="167"/><counter type="LINE" missed="0" covered="48"/><counter type="COMPLEXITY" missed="0" covered="7"/><counter type="METHOD" missed="0" covered="7"/><counter type="CLASS" missed="0" covered="1"/></sourcefile><sourcefile name="ConnToDb.java"><line nr="13" mi="0" ci="2" mb="0" cb="0"/><line nr="16" mi="0" ci="2" mb="0" cb="0"/><line nr="18" mi="0" ci="2" mb="0" cb="0"/><line nr="19" mi="0" ci="2" mb="0" cb="0"/><line nr="20" mi="0" ci="3" mb="0" cb="0"/><line nr="26" mi="0" ci="3" mb="0" cb="0"/><line nr="29" mi="0" ci="4" mb="0" cb="0"/><line nr="30" mi="0" ci="4" mb="0" cb="0"/><line nr="31" mi="0" ci="4" mb="0" cb="0"/><line nr="32" mi="0" ci="4" mb="0" cb="0"/><line nr="39" mi="0" ci="3" mb="0" cb="0"/><line nr="41" mi="0" ci="5" mb="0" cb="0"/><line nr="42" mi="0" ci="5" mb="0" cb="0"/><line nr="44" mi="0" ci="2" mb="0" cb="0"/><line nr="47" mi="1" ci="0" mb="0" cb="0"/><line nr="49" mi="6" ci="0" mb="0" cb="0"/><line nr="51" mi="0" ci="1" mb="0" cb="0"/><line nr="53" mi="0" ci="2" mb="0" cb="0"/><line nr="58" mi="0" ci="2" mb="0" cb="0"/><line nr="59" mi="0" ci="3" mb="0" cb="0"/><line nr="60" mi="0" ci="4" mb="0" cb="0"/><line nr="61" mi="0" ci="4" mb="0" cb="0"/><line nr="62" mi="0" ci="4" mb="0" cb="0"/><line nr="63" mi="0" ci="4" mb="0" cb="0"/><line nr="67" mi="0" ci="2" mb="1" cb="1"/><line nr="71" mi="0" ci="3" mb="0" cb="0"/><line nr="72" mi="0" ci="5" mb="0" cb="0"/><line nr="76" mi="5" ci="0" mb="0" cb="0"/><line nr="77" mi="5" ci="0" mb="0" cb="0"/><line nr="80" mi="2" ci="0" mb="0" cb="0"/><line nr="84" mi="0" ci="1" mb="0" cb="0"/><line nr="86" mi="0" ci="6" mb="0" cb="0"/><line nr="88" mi="1" ci="0" mb="0" cb="0"/><line nr="91" mi="0" ci="2" mb="0" cb="0"/><line nr="97" mi="0" ci="3" mb="0" cb="0"/><line nr="98" mi="0" ci="4" mb="0" cb="0"/><line nr="99" mi="0" ci="4" mb="0" cb="0"/><line nr="100" mi="0" ci="4" mb="0" cb="0"/><line nr="101" mi="0" ci="4" mb="0" cb="0"/><line nr="104" mi="0" ci="3" mb="0" cb="0"/><line nr="105" mi="0" ci="5" mb="0" cb="0"/><line nr="106" mi="0" ci="5" mb="0" cb="0"/><line nr="107" mi="0" ci="5" mb="0" cb="0"/><line nr="110" mi="1" ci="0" mb="0" cb="0"/><line nr="112" mi="6" ci="0" mb="0" cb="0"/><line nr="115" mi="0" ci="1" mb="0" cb="0"/><line nr="117" mi="0" ci="2" mb="0" cb="0"/><counter type="INSTRUCTION" missed="27" covered="128"/><counter type="BRANCH" missed="1" covered="1"/><counter type="LINE" missed="8" covered="39"/><counter type="COMPLEXITY" missed="1" covered="4"/><counter type="METHOD" missed="0" covered="4"/><counter type="CLASS" missed="0" covered="1"/></sourcefile><sourcefile name="CreateDefaultDB.java"><line nr="12" mi="0" ci="2" mb="0" cb="0"/><line nr="16" mi="0" ci="2" mb="0" cb="0"/><line nr="21" mi="0" ci="2" mb="0" cb="0"/><line nr="30" mi="0" ci="2" mb="0" cb="0"/><line nr="39" mi="0" ci="2" mb="0" cb="0"/><line nr="45" mi="0" ci="2" mb="0" cb="0"/><line nr="51" mi="0" ci="2" mb="0" cb="0"/><line nr="55" mi="0" ci="2" mb="0" cb="0"/><line nr="65" mi="0" ci="3" mb="0" cb="0"/><line nr="75" mi="2" ci="0" mb="0" cb="0"/><line nr="76" mi="5" ci="0" mb="0" cb="0"/><line nr="78" mi="1" ci="0" mb="0" cb="0"/><line nr="89" mi="1" ci="7" mb="2" cb="2"/><line nr="95" mi="0" ci="2" mb="1" cb="1"/><line nr="97" mi="0" ci="3" mb="0" cb="0"/><line nr="99" mi="0" ci="4" mb="0" cb="0"/><line nr="101" mi="0" ci="3" mb="0" cb="0"/><line nr="103" mi="0" ci="4" mb="0" cb="0"/><line nr="107" mi="0" ci="3" mb="0" cb="0"/><line nr="109" mi="0" ci="4" mb="0" cb="0"/><line nr="112" mi="0" ci="3" mb="0" cb="0"/><line nr="114" mi="0" ci="4" mb="0" cb="0"/><line nr="115" mi="0" ci="4" mb="0" cb="0"/><line nr="116" mi="0" ci="4" mb="0" cb="0"/><line nr="117" mi="0" ci="4" mb="0" cb="0"/><line nr="118" mi="0" ci="4" mb="0" cb="0"/><line nr="119" mi="0" ci="4" mb="0" cb="0"/><line nr="120" mi="0" ci="4" mb="0" cb="0"/><line nr="121" mi="0" ci="4" mb="0" cb="0"/><line nr="122" mi="0" ci="4" mb="0" cb="0"/><line nr="125" mi="0" ci="3" mb="0" cb="0"/><line nr="127" mi="0" ci="4" mb="0" cb="0"/><line nr="134" mi="0" ci="5" mb="0" cb="0"/><line nr="138" mi="0" ci="2" mb="1" cb="1"/><line nr="139" mi="0" ci="5" mb="0" cb="0"/><line nr="142" mi="0" ci="2" mb="0" cb="0"/><line nr="143" mi="0" ci="6" mb="0" cb="0"/><line nr="149" mi="6" ci="0" mb="0" cb="0"/><line nr="157" mi="5" ci="0" mb="0" cb="0"/><line nr="160" mi="0" ci="1" mb="0" cb="0"/><counter type="INSTRUCTION" missed="20" covered="116"/><counter type="BRANCH" missed="4" covered="4"/><counter type="LINE" missed="5" covered="35"/><counter type="COMPLEXITY" missed="5" covered="2"/><counter type="METHOD" missed="1" covered="2"/><counter type="CLASS" missed="0" covered="1"/></sourcefile><counter type="INSTRUCTION" missed="47" covered="411"/><counter type="BRANCH" missed="5" covered="5"/><counter type="LINE" missed="13" covered="122"/><counter type="COMPLEXITY" missed="6" covered="13"/><counter type="METHOD" missed="1" covered="13"/><counter type="CLASS" missed="0" covered="3"/></package><package name="laptop/exception"><class name="laptop/exception/IdException" sourcefilename="IdException.java"><method name="&lt;init&gt;" desc="(Ljava/lang/String;)V" line="11"><counter type="INSTRUCTION" missed="4" covered="0"/><counter type="LINE" missed="2" covered="0"/><counter type="COMPLEXITY" missed="1" covered="0"/><counter type="METHOD" missed="1" covered="0"/></method><counter type="INSTRUCTION" missed="4" covered="0"/><counter type="LINE" missed="2" covered="0"/><counter type="COMPLEXITY" missed="1" covered="0"/><counter type="METHOD" missed="1" covered="0"/><counter type="CLASS" missed="1" covered="0"/></class><class name="laptop/exception/LogoutException" sourcefilename="LogoutException.java"><method name="&lt;init&gt;" desc="(Ljava/lang/String;)V" line="12"><counter type="INSTRUCTION" missed="4" covered="0"/><counter type="LINE" missed="2" covered="0"/><counter type="COMPLEXITY" missed="1" covered="0"/><counter type="METHOD" missed="1" covered="0"/></method><counter type="INSTRUCTION" missed="4" covered="0"/><counter type="LINE" missed="2" covered="0"/><counter type="COMPLEXITY" missed="1" covered="0"/><counter type="METHOD" missed="1" covered="0"/><counter type="CLASS" missed="1" covered="0"/></class><sourcefile name="IdException.java"><line nr="11" mi="3" ci="0" mb="0" cb="0"/><line nr="12" mi="1" ci="0" mb="0" cb="0"/><counter type="INSTRUCTION" missed="4" covered="0"/><counter type="LINE" missed="2" covered="0"/><counter type="COMPLEXITY" missed="1" covered="0"/><counter type="METHOD" missed="1" covered="0"/><counter type="CLASS" missed="1" covered="0"/></sourcefile><sourcefile name="LogoutException.java"><line nr="12" mi="3" ci="0" mb="0" cb="0"/><line nr="13" mi="1" ci="0" mb="0" cb="0"/><counter type="INSTRUCTION" missed="4" covered="0"/><counter type="LINE" missed="2" covered="0"/><counter type="COMPLEXITY" missed="1" covered="0"/><counter type="METHOD" missed="1" covered="0"/><counter type="CLASS" missed="1" covered="0"/></sourcefile><counter type="INSTRUCTION" missed="8" covered="0"/><counter type="LINE" missed="4" covered="0"/><counter type="COMPLEXITY" missed="2" covered="0"/><counter type="METHOD" missed="2" covered="0"/><counter type="CLASS" missed="2" covered="0"/></package><counter type="INSTRUCTION" missed="19869" covered="9618"/><counter type="BRANCH" missed="1238" covered="295"/><counter type="LINE" missed="4812" covered="2443"/><counter type="COMPLEXITY" missed="1282" covered="550"/><counter type="METHOD" missed="591" covered="424"/><counter type="CLASS" missed="81" covered="52"/></report>