GROUP,PACKAGE,CLASS,INSTRUCTION_MISSED,INSTRUCTION_COVERED,BRANCH_MISSED,BRANCH_COVERED,LINE_MISSED,LINE_COVERED,COMPLEXITY_MISSED,COMPLEXITY_COVERED,METHOD_MISSED,METHOD_COVERED
LibreriaMaven Maven Webapp,laptop.database,ContrassegnoDao,119,0,4,0,38,0,6,0,4,0
LibreriaMaven Maven Webapp,laptop.database,RivistaDao,1264,0,36,0,301,0,41,0,23,0
LibreriaMaven Maven Webapp,laptop.database,PagamentoDao,185,0,6,0,52,0,8,0,5,0
LibreriaMaven Maven Webapp,laptop.database,NegozioDao,199,0,10,0,59,0,11,0,6,0
LibreriaMaven Maven Webapp,laptop.database,GiornaleDao,1136,0,30,0,271,0,37,0,22,0
LibreriaMaven Maven Webapp,laptop.database,UsersDao,1095,0,26,0,322,0,38,0,25,0
LibreriaMaven Maven Webapp,laptop.database,LibroDao,1258,0,28,0,284,0,36,0,22,0
LibreriaMaven Maven Webapp,laptop.database,CartaCreditoDao,182,0,4,0,49,0,6,0,4,0
LibreriaMaven Maven Webapp,laptop.model,CartaDiCredito,140,0,0,0,49,0,23,0,23,0
LibreriaMaven Maven Webapp,laptop.model,Fattura,80,0,0,0,29,0,15,0,15,0
LibreriaMaven Maven Webapp,laptop.model,Negozio,58,0,0,0,21,0,11,0,11,0
LibreriaMaven Maven Webapp,laptop.model,User.Ruoli,27,0,0,0,5,0,1,0,1,0
LibreriaMaven Maven Webapp,laptop.model,User,121,0,10,0,44,0,27,0,19,0
LibreriaMaven Maven Webapp,laptop.model,TempUser.RuoliT,27,0,0,0,5,0,1,0,1,0
LibreriaMaven Maven Webapp,laptop.model,TempUser,121,0,10,0,44,0,27,0,19,0
LibreriaMaven Maven Webapp,laptop.model,Pagamento,120,0,2,0,43,0,19,0,18,0
LibreriaMaven Maven Webapp,laptop.model.raccolta,Factory,310,0,16,0,51,0,20,0,11,0
LibreriaMaven Maven Webapp,laptop.model.raccolta,MatchParam,70,0,0,0,18,0,3,0,3,0
LibreriaMaven Maven Webapp,laptop.model.raccolta,Giornale,159,0,0,0,55,0,24,0,24,0
LibreriaMaven Maven Webapp,laptop.model.raccolta,CategorieRivista,87,0,0,0,5,0,1,0,1,0
LibreriaMaven Maven Webapp,laptop.model.raccolta,Libro,450,0,34,0,154,0,69,0,38,0
LibreriaMaven Maven Webapp,laptop.model.raccolta,CategorieLibro,183,0,0,0,10,0,1,0,1,0
LibreriaMaven Maven Webapp,laptop.model.raccolta,Rivista,261,0,15,0,93,0,42,0,28,0
LibreriaMaven Maven Webapp,web.bean,SystemBean,93,0,2,0,40,0,26,0,25,0
LibreriaMaven Maven Webapp,web.bean,UserBean,91,19,5,2,35,8,22,5,18,4
LibreriaMaven Maven Webapp,web.bean,RivistaBean,193,0,0,0,75,0,32,0,32,0
LibreriaMaven Maven Webapp,web.bean,DownloadBean,24,0,0,0,10,0,7,0,7,0
LibreriaMaven Maven Webapp,web.bean,LibroBean,375,0,30,0,146,0,67,0,38,0
LibreriaMaven Maven Webapp,web.bean,AcquistaBean,31,0,0,0,13,0,9,0,9,0
LibreriaMaven Maven Webapp,web.bean,UserBean.Ruoli,27,0,0,0,5,0,1,0,1,0
LibreriaMaven Maven Webapp,web.bean,TextAreaBean,536,0,8,0,118,0,12,0,8,0
LibreriaMaven Maven Webapp,web.bean,FatturaBean,38,0,0,0,16,0,11,0,11,0
LibreriaMaven Maven Webapp,web.bean,NegozioBean,38,0,0,0,16,0,11,0,11,0
LibreriaMaven Maven Webapp,web.bean,GiornaleBean,97,0,0,0,41,0,27,0,27,0
LibreriaMaven Maven Webapp,web.bean,CartaCreditoBean,52,0,0,0,22,0,15,0,15,0
LibreriaMaven Maven Webapp,web.bean,PagamentoBean,59,0,0,0,25,0,17,0,17,0
LibreriaMaven Maven Webapp,web.bean,RicercaBean,10,0,0,0,4,0,3,0,3,0
LibreriaMaven Maven Webapp,web.bean,ModificaOggettoBean,31,0,0,0,13,0,9,0,9,0
LibreriaMaven Maven Webapp,laptop.exception,IdException,4,0,0,0,2,0,1,0,1,0
LibreriaMaven Maven Webapp,laptop.exception,AcquistaException,4,0,0,0,2,0,1,0,1,0
LibreriaMaven Maven Webapp,laptop.exception,LogoutException,4,0,0,0,2,0,1,0,1,0
LibreriaMaven Maven Webapp,laptop.controller,ControllerGestionePage,134,0,14,0,37,0,13,0,4,0
LibreriaMaven Maven Webapp,laptop.controller,ControllerRegistraUtente,134,0,22,0,30,0,17,0,6,0
LibreriaMaven Maven Webapp,laptop.controller,ControllerAcquista,407,0,28,0,98,0,27,0,9,0
LibreriaMaven Maven Webapp,laptop.controller,ControllerModifPage,186,0,0,0,40,0,7,0,7,0
LibreriaMaven Maven Webapp,laptop.controller,ControllerDownload,212,0,18,0,55,0,19,0,8,0
LibreriaMaven Maven Webapp,laptop.controller,ControllerAggiungiPage,135,0,8,0,30,0,8,0,4,0
LibreriaMaven Maven Webapp,laptop.controller,ControllerPassword,54,0,8,0,12,0,6,0,2,0
LibreriaMaven Maven Webapp,laptop.controller,ControllerReportPage,262,0,12,0,69,0,16,0,10,0
LibreriaMaven Maven Webapp,laptop.controller,ControllerPagamentoCash,55,0,0,0,15,0,2,0,2,0
LibreriaMaven Maven Webapp,laptop.controller,ControllerAggiungiUtente,44,0,0,0,13,0,2,0,2,0
LibreriaMaven Maven Webapp,laptop.controller,ControllerRicercaPerTipo,37,0,4,0,13,0,5,0,2,0
LibreriaMaven Maven Webapp,laptop.controller,ControllerVisualizzaProfilo,23,0,2,0,8,0,4,0,3,0
LibreriaMaven Maven Webapp,laptop.controller,ControllerHomePageAfterLoginSE,56,0,2,0,16,0,3,0,2,0
LibreriaMaven Maven Webapp,laptop.controller,ControllerReportRaccolta,9,0,0,0,3,0,3,0,3,0
LibreriaMaven Maven Webapp,laptop.controller,ControllerScegliNegozio,33,0,0,0,11,0,5,0,5,0
LibreriaMaven Maven Webapp,laptop.controller,ControllerLogin,54,0,2,0,15,0,4,0,3,0
LibreriaMaven Maven Webapp,laptop.controller,ControllerBookData,87,0,0,0,17,0,2,0,2,0
LibreriaMaven Maven Webapp,laptop.controller,ControllerRicercaPage,57,0,4,0,17,0,6,0,3,0
LibreriaMaven Maven Webapp,laptop.controller,ControllerSystemState,75,0,2,0,32,0,21,0,20,0
LibreriaMaven Maven Webapp,laptop.controller,ControllerHomePageAfterLogin,66,0,2,0,21,0,3,0,2,0
LibreriaMaven Maven Webapp,laptop.controller,ControllerVisualizzaOrdine,12,0,0,0,4,0,2,0,2,0
LibreriaMaven Maven Webapp,laptop.controller,ControllerVisualizza,103,0,0,0,22,0,6,0,6,0
LibreriaMaven Maven Webapp,laptop.controller,ControllerModificaUtente,172,0,26,0,41,0,17,0,4,0
LibreriaMaven Maven Webapp,laptop.controller,ControllerCheckPagamentoData,177,0,8,0,39,0,8,0,3,0
LibreriaMaven Maven Webapp,laptop.controller,ControllerUserPage,10,0,0,0,5,0,2,0,2,0
LibreriaMaven Maven Webapp,laptop.controller,ControllerCompravendita,155,0,10,0,40,0,13,0,6,0
LibreriaMaven Maven Webapp,laptop.controller,ControllerCancellaUser,15,0,0,0,5,0,2,0,2,0
LibreriaMaven Maven Webapp,laptop.controller,ControllerPagamentoCC,229,0,20,0,42,0,16,0,6,0
LibreriaMaven Maven Webapp,laptop.utilities,ConnToDb,159,0,6,0,49,0,11,0,8,0
