-------------------------------------------------------------------------------
Test set: laptop.test.TestControllerPassword
-------------------------------------------------------------------------------
Tests run: 1, Failures: 1, Errors: 0, Skipped: 0, Time elapsed: 0.268 s <<< FAILURE! - in laptop.test.TestControllerPassword
laptop.test.TestControllerPassword.testAggiornaPass  Time elapsed: 0.131 s  <<< FAILURE!
org.opentest4j.AssertionFailedError: expected: <true> but was: <false>
	at laptop.test.TestControllerPassword.testAggiornaPass(TestControllerPassword.java:18)

