<?xml version="1.0" encoding="UTF-8"?>
<testsuite xmlns:xsi="http://www.w3.org/2001/XMLSchema-instance" xsi:noNamespaceSchemaLocation="https://maven.apache.org/surefire/maven-surefire-plugin/xsd/surefire-test-report-3.0.xsd" version="3.0" name="laptop.test.TestUser" time="0.546" tests="3" errors="0" skipped="0" failures="0">
  <properties>
[...]
</properties>
  <testcase name="testLogin" classname="laptop.test.TestUser" time="0.065">
    <system-err><![CDATA[nov 14, 2023 6:48:21 PM laptop.controller.ControllerAggiungiUtente <init>
INFORMAZIONI: Costruttore ControllerAggiungiUtente
nov 14, 2023 6:48:21 PM laptop.controller.ControllerModificaUtente <init>
INFORMAZIONI: Costruttore ControllerModificaUtente
nov 14, 2023 6:48:21 PM laptop.utilities.ConnToDb generalConnection
INFORMAZIONI: Tentativo di conessione al server..........\\n
nov 14, 2023 6:48:21 PM laptop.utilities.ConnToDb generalConnection
INFORMAZIONI: Connesso standard ........

]]></system-err>
  </testcase>
  <testcase name="testAggiornaUtenteTot" classname="laptop.test.TestUser" time="0.074">
    <system-err><![CDATA[nov 14, 2023 6:48:21 PM laptop.controller.ControllerAggiungiUtente <init>
INFORMAZIONI: Costruttore ControllerAggiungiUtente
nov 14, 2023 6:48:21 PM laptop.controller.ControllerModificaUtente <init>
INFORMAZIONI: Costruttore ControllerModificaUtente
nov 14, 2023 6:48:21 PM laptop.utilities.ConnToDb generalConnection
INFORMAZIONI: Tentativo di conessione al server..........\\n
nov 14, 2023 6:48:21 PM laptop.utilities.ConnToDb generalConnection
INFORMAZIONI: Connesso standard ........

nov 14, 2023 6:48:21 PM laptop.utilities.ConnToDb generalConnection
INFORMAZIONI: Tentativo di conessione al server..........\\n
nov 14, 2023 6:48:21 PM laptop.utilities.ConnToDb generalConnection
INFORMAZIONI: Connesso standard ........

]]></system-err>
  </testcase>
  <testcase name="testInsertUser" classname="laptop.test.TestUser" time="0.378">
    <system-err><![CDATA[nov 14, 2023 6:48:21 PM laptop.controller.ControllerAggiungiUtente <init>
INFORMAZIONI: Costruttore ControllerAggiungiUtente
nov 14, 2023 6:48:21 PM laptop.controller.ControllerModificaUtente <init>
INFORMAZIONI: Costruttore ControllerModificaUtente
nov 14, 2023 6:48:21 PM laptop.utilities.ConnToDb generalConnection
INFORMAZIONI: Tentativo di conessione al server..........\\n
nov 14, 2023 6:48:21 PM laptop.utilities.ConnToDb generalConnection
INFORMAZIONI: Connesso standard ........

]]></system-err>
  </testcase>
</testsuite>