<?xml version="1.0" encoding="UTF-8"?>
<testsuite xmlns:xsi="http://www.w3.org/2001/XMLSchema-instance" xsi:noNamespaceSchemaLocation="https://maven.apache.org/surefire/maven-surefire-plugin/xsd/surefire-test-report-3.0.xsd" version="3.0" name="laptop.test.TestLaptop3" time="4.084" tests="86" errors="0" skipped="0" failures="0">
  <properties>
[...]
</properties>
  <testcase name="testGetPassword" classname="laptop.test.TestLaptop3" time="0.001">
    <system-err><![CDATA[ott 28, 2023 11:42:10 AM laptop.controller.ControllerUserPage <init>
INFORMAZIONI: Costruttore ControllerUserPage
ott 28, 2023 11:42:10 AM laptop.controller.ControllerAggiungiUtente <init>
INFORMAZIONI: Costruttore ControllerAggiungiUtente
ott 28, 2023 11:42:10 AM laptop.controller.ControllerModificaUtente <init>
INFORMAZIONI: Costruttore ControllerModificaUtente
ott 28, 2023 11:42:10 AM laptop.controller.ControllerCancellaUser <init>
INFORMAZIONI: Costruttore ControllerCancellaUser
]]></system-err>
  </testcase>
  <testcase name="testGetEmail" classname="laptop.test.TestLaptop3" time="0.002">
    <system-err><![CDATA[ott 28, 2023 11:42:10 AM laptop.controller.ControllerUserPage <init>
INFORMAZIONI: Costruttore ControllerUserPage
ott 28, 2023 11:42:10 AM laptop.controller.ControllerAggiungiUtente <init>
INFORMAZIONI: Costruttore ControllerAggiungiUtente
ott 28, 2023 11:42:10 AM laptop.controller.ControllerModificaUtente <init>
INFORMAZIONI: Costruttore ControllerModificaUtente
ott 28, 2023 11:42:10 AM laptop.controller.ControllerCancellaUser <init>
INFORMAZIONI: Costruttore ControllerCancellaUser
]]></system-err>
  </testcase>
  <testcase name="testGetNomeU" classname="laptop.test.TestLaptop3" time="0.003">
    <system-err><![CDATA[ott 28, 2023 11:42:10 AM laptop.controller.ControllerUserPage <init>
INFORMAZIONI: Costruttore ControllerUserPage
ott 28, 2023 11:42:10 AM laptop.controller.ControllerAggiungiUtente <init>
INFORMAZIONI: Costruttore ControllerAggiungiUtente
ott 28, 2023 11:42:10 AM laptop.controller.ControllerModificaUtente <init>
INFORMAZIONI: Costruttore ControllerModificaUtente
ott 28, 2023 11:42:10 AM laptop.controller.ControllerCancellaUser <init>
INFORMAZIONI: Costruttore ControllerCancellaUser
]]></system-err>
  </testcase>
  <testcase name="testGetDescrizioneTU" classname="laptop.test.TestLaptop3" time="0.001">
    <system-err><![CDATA[ott 28, 2023 11:42:10 AM laptop.controller.ControllerUserPage <init>
INFORMAZIONI: Costruttore ControllerUserPage
ott 28, 2023 11:42:10 AM laptop.controller.ControllerAggiungiUtente <init>
INFORMAZIONI: Costruttore ControllerAggiungiUtente
ott 28, 2023 11:42:10 AM laptop.controller.ControllerModificaUtente <init>
INFORMAZIONI: Costruttore ControllerModificaUtente
ott 28, 2023 11:42:10 AM laptop.controller.ControllerCancellaUser <init>
INFORMAZIONI: Costruttore ControllerCancellaUser
]]></system-err>
  </testcase>
  <testcase name="testAggiornaTotale" classname="laptop.test.TestLaptop3" time="0.713">
    <system-err><![CDATA[ott 28, 2023 11:42:10 AM laptop.controller.ControllerUserPage <init>
INFORMAZIONI: Costruttore ControllerUserPage
ott 28, 2023 11:42:10 AM laptop.controller.ControllerAggiungiUtente <init>
INFORMAZIONI: Costruttore ControllerAggiungiUtente
ott 28, 2023 11:42:10 AM laptop.controller.ControllerModificaUtente <init>
INFORMAZIONI: Costruttore ControllerModificaUtente
ott 28, 2023 11:42:10 AM laptop.controller.ControllerCancellaUser <init>
INFORMAZIONI: Costruttore ControllerCancellaUser
ott 28, 2023 11:42:10 AM laptop.utilities.ConnToDb generalConnection
INFORMAZIONI: Tentativo di conessione al server..........\\n
ott 28, 2023 11:42:10 AM laptop.utilities.ConnToDb generalConnection
INFORMAZIONI: Connesso standard ........

ott 28, 2023 11:42:10 AM laptop.database.UsersDao pickData
INFORMAZIONI: errore in mysql :
ott 28, 2023 11:42:10 AM laptop.utilities.ConnToDb generalConnection
INFORMAZIONI: Tentativo di conessione al server..........\\n
ott 28, 2023 11:42:10 AM laptop.utilities.ConnToDb generalConnection
INFORMAZIONI: Connesso standard ........

]]></system-err>
  </testcase>
  <testcase name="testGetEditore" classname="laptop.test.TestLaptop3" time="0">
    <system-err><![CDATA[ott 28, 2023 11:42:11 AM laptop.controller.ControllerUserPage <init>
INFORMAZIONI: Costruttore ControllerUserPage
ott 28, 2023 11:42:11 AM laptop.controller.ControllerAggiungiUtente <init>
INFORMAZIONI: Costruttore ControllerAggiungiUtente
ott 28, 2023 11:42:11 AM laptop.controller.ControllerModificaUtente <init>
INFORMAZIONI: Costruttore ControllerModificaUtente
ott 28, 2023 11:42:11 AM laptop.controller.ControllerCancellaUser <init>
INFORMAZIONI: Costruttore ControllerCancellaUser
]]></system-err>
  </testcase>
  <testcase name="testUpdateDataL" classname="laptop.test.TestLaptop3" time="0.39">
    <system-err><![CDATA[ott 28, 2023 11:42:11 AM laptop.controller.ControllerUserPage <init>
INFORMAZIONI: Costruttore ControllerUserPage
ott 28, 2023 11:42:11 AM laptop.controller.ControllerAggiungiUtente <init>
INFORMAZIONI: Costruttore ControllerAggiungiUtente
ott 28, 2023 11:42:11 AM laptop.controller.ControllerModificaUtente <init>
INFORMAZIONI: Costruttore ControllerModificaUtente
ott 28, 2023 11:42:11 AM laptop.controller.ControllerCancellaUser <init>
INFORMAZIONI: Costruttore ControllerCancellaUser
ott 28, 2023 11:42:11 AM laptop.utilities.ConnToDb generalConnection
INFORMAZIONI: Tentativo di conessione al server..........\\n
ott 28, 2023 11:42:11 AM laptop.utilities.ConnToDb generalConnection
INFORMAZIONI: Connesso standard ........

ott 28, 2023 11:42:11 AM laptop.database.LibroDao aggiornaData
INFORMAZIONI: libri aggiornati 2.
]]></system-err>
  </testcase>
  <testcase name="testAnnullaOrdine" classname="laptop.test.TestLaptop3" time="0.302">
    <system-err><![CDATA[ott 28, 2023 11:42:11 AM laptop.controller.ControllerUserPage <init>
INFORMAZIONI: Costruttore ControllerUserPage
ott 28, 2023 11:42:11 AM laptop.controller.ControllerAggiungiUtente <init>
INFORMAZIONI: Costruttore ControllerAggiungiUtente
ott 28, 2023 11:42:11 AM laptop.controller.ControllerModificaUtente <init>
INFORMAZIONI: Costruttore ControllerModificaUtente
ott 28, 2023 11:42:11 AM laptop.controller.ControllerCancellaUser <init>
INFORMAZIONI: Costruttore ControllerCancellaUser
ott 28, 2023 11:42:11 AM laptop.utilities.ConnToDb generalConnection
INFORMAZIONI: Tentativo di conessione al server..........\\n
ott 28, 2023 11:42:11 AM laptop.utilities.ConnToDb generalConnection
INFORMAZIONI: Connesso standard ........

ott 28, 2023 11:42:11 AM laptop.utilities.ConnToDb generalConnection
INFORMAZIONI: Tentativo di conessione al server..........\\n
ott 28, 2023 11:42:11 AM laptop.utilities.ConnToDb generalConnection
INFORMAZIONI: Connesso standard ........

]]></system-err>
  </testcase>
  <testcase name="testGetId" classname="laptop.test.TestLaptop3" time="0.001">
    <system-err><![CDATA[ott 28, 2023 11:42:12 AM laptop.controller.ControllerUserPage <init>
INFORMAZIONI: Costruttore ControllerUserPage
ott 28, 2023 11:42:12 AM laptop.controller.ControllerAggiungiUtente <init>
INFORMAZIONI: Costruttore ControllerAggiungiUtente
ott 28, 2023 11:42:12 AM laptop.controller.ControllerModificaUtente <init>
INFORMAZIONI: Costruttore ControllerModificaUtente
ott 28, 2023 11:42:12 AM laptop.controller.ControllerCancellaUser <init>
INFORMAZIONI: Costruttore ControllerCancellaUser
]]></system-err>
  </testcase>
  <testcase name="testGetId(int)[1]" classname="laptop.test.TestLaptop3" time="0.002">
    <system-err><![CDATA[ott 28, 2023 11:42:12 AM laptop.controller.ControllerUserPage <init>
INFORMAZIONI: Costruttore ControllerUserPage
ott 28, 2023 11:42:12 AM laptop.controller.ControllerAggiungiUtente <init>
INFORMAZIONI: Costruttore ControllerAggiungiUtente
ott 28, 2023 11:42:12 AM laptop.controller.ControllerModificaUtente <init>
INFORMAZIONI: Costruttore ControllerModificaUtente
ott 28, 2023 11:42:12 AM laptop.controller.ControllerCancellaUser <init>
INFORMAZIONI: Costruttore ControllerCancellaUser
]]></system-err>
  </testcase>
  <testcase name="testGetId(int)[2]" classname="laptop.test.TestLaptop3" time="0.001">
    <system-err><![CDATA[ott 28, 2023 11:42:12 AM laptop.controller.ControllerUserPage <init>
INFORMAZIONI: Costruttore ControllerUserPage
ott 28, 2023 11:42:12 AM laptop.controller.ControllerAggiungiUtente <init>
INFORMAZIONI: Costruttore ControllerAggiungiUtente
ott 28, 2023 11:42:12 AM laptop.controller.ControllerModificaUtente <init>
INFORMAZIONI: Costruttore ControllerModificaUtente
ott 28, 2023 11:42:12 AM laptop.controller.ControllerCancellaUser <init>
INFORMAZIONI: Costruttore ControllerCancellaUser
]]></system-err>
  </testcase>
  <testcase name="testGetId(int)[3]" classname="laptop.test.TestLaptop3" time="0.001">
    <system-err><![CDATA[ott 28, 2023 11:42:12 AM laptop.controller.ControllerUserPage <init>
INFORMAZIONI: Costruttore ControllerUserPage
ott 28, 2023 11:42:12 AM laptop.controller.ControllerAggiungiUtente <init>
INFORMAZIONI: Costruttore ControllerAggiungiUtente
ott 28, 2023 11:42:12 AM laptop.controller.ControllerModificaUtente <init>
INFORMAZIONI: Costruttore ControllerModificaUtente
ott 28, 2023 11:42:12 AM laptop.controller.ControllerCancellaUser <init>
INFORMAZIONI: Costruttore ControllerCancellaUser
]]></system-err>
  </testcase>
  <testcase name="testGetId(int)[4]" classname="laptop.test.TestLaptop3" time="0.001">
    <system-err><![CDATA[ott 28, 2023 11:42:12 AM laptop.controller.ControllerUserPage <init>
INFORMAZIONI: Costruttore ControllerUserPage
ott 28, 2023 11:42:12 AM laptop.controller.ControllerAggiungiUtente <init>
INFORMAZIONI: Costruttore ControllerAggiungiUtente
ott 28, 2023 11:42:12 AM laptop.controller.ControllerModificaUtente <init>
INFORMAZIONI: Costruttore ControllerModificaUtente
ott 28, 2023 11:42:12 AM laptop.controller.ControllerCancellaUser <init>
INFORMAZIONI: Costruttore ControllerCancellaUser
]]></system-err>
  </testcase>
  <testcase name="testGetId(int)[5]" classname="laptop.test.TestLaptop3" time="0.001">
    <system-err><![CDATA[ott 28, 2023 11:42:12 AM laptop.controller.ControllerUserPage <init>
INFORMAZIONI: Costruttore ControllerUserPage
ott 28, 2023 11:42:12 AM laptop.controller.ControllerAggiungiUtente <init>
INFORMAZIONI: Costruttore ControllerAggiungiUtente
ott 28, 2023 11:42:12 AM laptop.controller.ControllerModificaUtente <init>
INFORMAZIONI: Costruttore ControllerModificaUtente
ott 28, 2023 11:42:12 AM laptop.controller.ControllerCancellaUser <init>
INFORMAZIONI: Costruttore ControllerCancellaUser
]]></system-err>
  </testcase>
  <testcase name="testLeggi(int)[1]" classname="laptop.test.TestLaptop3" time="0.008">
    <system-err><![CDATA[ott 28, 2023 11:42:12 AM laptop.controller.ControllerUserPage <init>
INFORMAZIONI: Costruttore ControllerUserPage
ott 28, 2023 11:42:12 AM laptop.controller.ControllerAggiungiUtente <init>
INFORMAZIONI: Costruttore ControllerAggiungiUtente
ott 28, 2023 11:42:12 AM laptop.controller.ControllerModificaUtente <init>
INFORMAZIONI: Costruttore ControllerModificaUtente
ott 28, 2023 11:42:12 AM laptop.controller.ControllerCancellaUser <init>
INFORMAZIONI: Costruttore ControllerCancellaUser
]]></system-err>
  </testcase>
  <testcase name="testLeggi(int)[2]" classname="laptop.test.TestLaptop3" time="0.008">
    <system-err><![CDATA[ott 28, 2023 11:42:12 AM laptop.controller.ControllerUserPage <init>
INFORMAZIONI: Costruttore ControllerUserPage
ott 28, 2023 11:42:12 AM laptop.controller.ControllerAggiungiUtente <init>
INFORMAZIONI: Costruttore ControllerAggiungiUtente
ott 28, 2023 11:42:12 AM laptop.controller.ControllerModificaUtente <init>
INFORMAZIONI: Costruttore ControllerModificaUtente
ott 28, 2023 11:42:12 AM laptop.controller.ControllerCancellaUser <init>
INFORMAZIONI: Costruttore ControllerCancellaUser
]]></system-err>
  </testcase>
  <testcase name="testLeggi(int)[3]" classname="laptop.test.TestLaptop3" time="0.008">
    <system-err><![CDATA[ott 28, 2023 11:42:12 AM laptop.controller.ControllerUserPage <init>
INFORMAZIONI: Costruttore ControllerUserPage
ott 28, 2023 11:42:12 AM laptop.controller.ControllerAggiungiUtente <init>
INFORMAZIONI: Costruttore ControllerAggiungiUtente
ott 28, 2023 11:42:12 AM laptop.controller.ControllerModificaUtente <init>
INFORMAZIONI: Costruttore ControllerModificaUtente
ott 28, 2023 11:42:12 AM laptop.controller.ControllerCancellaUser <init>
INFORMAZIONI: Costruttore ControllerCancellaUser
]]></system-err>
  </testcase>
  <testcase name="testLeggi(int)[4]" classname="laptop.test.TestLaptop3" time="0.007">
    <system-err><![CDATA[ott 28, 2023 11:42:12 AM laptop.controller.ControllerUserPage <init>
INFORMAZIONI: Costruttore ControllerUserPage
ott 28, 2023 11:42:12 AM laptop.controller.ControllerAggiungiUtente <init>
INFORMAZIONI: Costruttore ControllerAggiungiUtente
ott 28, 2023 11:42:12 AM laptop.controller.ControllerModificaUtente <init>
INFORMAZIONI: Costruttore ControllerModificaUtente
ott 28, 2023 11:42:12 AM laptop.controller.ControllerCancellaUser <init>
INFORMAZIONI: Costruttore ControllerCancellaUser
]]></system-err>
  </testcase>
  <testcase name="testLeggi(int)[5]" classname="laptop.test.TestLaptop3" time="0.008">
    <system-err><![CDATA[ott 28, 2023 11:42:12 AM laptop.controller.ControllerUserPage <init>
INFORMAZIONI: Costruttore ControllerUserPage
ott 28, 2023 11:42:12 AM laptop.controller.ControllerAggiungiUtente <init>
INFORMAZIONI: Costruttore ControllerAggiungiUtente
ott 28, 2023 11:42:12 AM laptop.controller.ControllerModificaUtente <init>
INFORMAZIONI: Costruttore ControllerModificaUtente
ott 28, 2023 11:42:12 AM laptop.controller.ControllerCancellaUser <init>
INFORMAZIONI: Costruttore ControllerCancellaUser
]]></system-err>
  </testcase>
  <testcase name="testRetId" classname="laptop.test.TestLaptop3" time="0.022">
    <system-err><![CDATA[ott 28, 2023 11:42:12 AM laptop.controller.ControllerUserPage <init>
INFORMAZIONI: Costruttore ControllerUserPage
ott 28, 2023 11:42:12 AM laptop.controller.ControllerAggiungiUtente <init>
INFORMAZIONI: Costruttore ControllerAggiungiUtente
ott 28, 2023 11:42:12 AM laptop.controller.ControllerModificaUtente <init>
INFORMAZIONI: Costruttore ControllerModificaUtente
ott 28, 2023 11:42:12 AM laptop.controller.ControllerCancellaUser <init>
INFORMAZIONI: Costruttore ControllerCancellaUser
ott 28, 2023 11:42:12 AM laptop.utilities.ConnToDb generalConnection
INFORMAZIONI: Tentativo di conessione al server..........\\n
ott 28, 2023 11:42:12 AM laptop.utilities.ConnToDb generalConnection
INFORMAZIONI: Connesso standard ........

]]></system-err>
  </testcase>
  <testcase name="testGetDataPubb" classname="laptop.test.TestLaptop3" time="0.001">
    <system-err><![CDATA[ott 28, 2023 11:42:12 AM laptop.controller.ControllerUserPage <init>
INFORMAZIONI: Costruttore ControllerUserPage
ott 28, 2023 11:42:12 AM laptop.controller.ControllerAggiungiUtente <init>
INFORMAZIONI: Costruttore ControllerAggiungiUtente
ott 28, 2023 11:42:12 AM laptop.controller.ControllerModificaUtente <init>
INFORMAZIONI: Costruttore ControllerModificaUtente
ott 28, 2023 11:42:12 AM laptop.controller.ControllerCancellaUser <init>
INFORMAZIONI: Costruttore ControllerCancellaUser
]]></system-err>
  </testcase>
  <testcase name="testRetUltimoOrdine" classname="laptop.test.TestLaptop3" time="0.026">
    <system-err><![CDATA[ott 28, 2023 11:42:12 AM laptop.controller.ControllerUserPage <init>
INFORMAZIONI: Costruttore ControllerUserPage
ott 28, 2023 11:42:12 AM laptop.controller.ControllerAggiungiUtente <init>
INFORMAZIONI: Costruttore ControllerAggiungiUtente
ott 28, 2023 11:42:12 AM laptop.controller.ControllerModificaUtente <init>
INFORMAZIONI: Costruttore ControllerModificaUtente
ott 28, 2023 11:42:12 AM laptop.controller.ControllerCancellaUser <init>
INFORMAZIONI: Costruttore ControllerCancellaUser
ott 28, 2023 11:42:12 AM laptop.utilities.ConnToDb generalConnection
INFORMAZIONI: Tentativo di conessione al server..........\\n
ott 28, 2023 11:42:12 AM laptop.utilities.ConnToDb generalConnection
INFORMAZIONI: Connesso standard ........

]]></system-err>
  </testcase>
  <testcase name="testGetDesc" classname="laptop.test.TestLaptop3" time="0.021">
    <system-err><![CDATA[ott 28, 2023 11:42:12 AM laptop.controller.ControllerUserPage <init>
INFORMAZIONI: Costruttore ControllerUserPage
ott 28, 2023 11:42:12 AM laptop.controller.ControllerAggiungiUtente <init>
INFORMAZIONI: Costruttore ControllerAggiungiUtente
ott 28, 2023 11:42:12 AM laptop.controller.ControllerModificaUtente <init>
INFORMAZIONI: Costruttore ControllerModificaUtente
ott 28, 2023 11:42:12 AM laptop.controller.ControllerCancellaUser <init>
INFORMAZIONI: Costruttore ControllerCancellaUser
ott 28, 2023 11:42:12 AM laptop.utilities.ConnToDb generalConnection
INFORMAZIONI: Tentativo di conessione al server..........\\n
ott 28, 2023 11:42:12 AM laptop.utilities.ConnToDb generalConnection
INFORMAZIONI: Connesso standard ........

]]></system-err>
  </testcase>
  <testcase name="testGetDisp" classname="laptop.test.TestLaptop3" time="0.001">
    <system-err><![CDATA[ott 28, 2023 11:42:12 AM laptop.controller.ControllerUserPage <init>
INFORMAZIONI: Costruttore ControllerUserPage
ott 28, 2023 11:42:12 AM laptop.controller.ControllerAggiungiUtente <init>
INFORMAZIONI: Costruttore ControllerAggiungiUtente
ott 28, 2023 11:42:12 AM laptop.controller.ControllerModificaUtente <init>
INFORMAZIONI: Costruttore ControllerModificaUtente
ott 28, 2023 11:42:12 AM laptop.controller.ControllerCancellaUser <init>
INFORMAZIONI: Costruttore ControllerCancellaUser
]]></system-err>
  </testcase>
  <testcase name="testGetNome" classname="laptop.test.TestLaptop3" time="0">
    <system-err><![CDATA[ott 28, 2023 11:42:12 AM laptop.controller.ControllerUserPage <init>
INFORMAZIONI: Costruttore ControllerUserPage
ott 28, 2023 11:42:12 AM laptop.controller.ControllerAggiungiUtente <init>
INFORMAZIONI: Costruttore ControllerAggiungiUtente
ott 28, 2023 11:42:12 AM laptop.controller.ControllerModificaUtente <init>
INFORMAZIONI: Costruttore ControllerModificaUtente
ott 28, 2023 11:42:12 AM laptop.controller.ControllerCancellaUser <init>
INFORMAZIONI: Costruttore ControllerCancellaUser
]]></system-err>
  </testcase>
  <testcase name="testDispRivista" classname="laptop.test.TestLaptop3" time="0.024">
    <system-err><![CDATA[ott 28, 2023 11:42:12 AM laptop.controller.ControllerUserPage <init>
INFORMAZIONI: Costruttore ControllerUserPage
ott 28, 2023 11:42:12 AM laptop.controller.ControllerAggiungiUtente <init>
INFORMAZIONI: Costruttore ControllerAggiungiUtente
ott 28, 2023 11:42:12 AM laptop.controller.ControllerModificaUtente <init>
INFORMAZIONI: Costruttore ControllerModificaUtente
ott 28, 2023 11:42:12 AM laptop.controller.ControllerCancellaUser <init>
INFORMAZIONI: Costruttore ControllerCancellaUser
ott 28, 2023 11:42:12 AM laptop.utilities.ConnToDb generalConnection
INFORMAZIONI: Tentativo di conessione al server..........\\n
ott 28, 2023 11:42:12 AM laptop.utilities.ConnToDb generalConnection
INFORMAZIONI: Connesso standard ........

]]></system-err>
  </testcase>
  <testcase name="testGetTipologia(String)[1]" classname="laptop.test.TestLaptop3" time="0.002">
    <system-err><![CDATA[ott 28, 2023 11:42:12 AM laptop.controller.ControllerUserPage <init>
INFORMAZIONI: Costruttore ControllerUserPage
ott 28, 2023 11:42:12 AM laptop.controller.ControllerAggiungiUtente <init>
INFORMAZIONI: Costruttore ControllerAggiungiUtente
ott 28, 2023 11:42:12 AM laptop.controller.ControllerModificaUtente <init>
INFORMAZIONI: Costruttore ControllerModificaUtente
ott 28, 2023 11:42:12 AM laptop.controller.ControllerCancellaUser <init>
INFORMAZIONI: Costruttore ControllerCancellaUser
]]></system-err>
  </testcase>
  <testcase name="testGetTipologia(String)[2]" classname="laptop.test.TestLaptop3" time="0.001">
    <system-err><![CDATA[ott 28, 2023 11:42:12 AM laptop.controller.ControllerUserPage <init>
INFORMAZIONI: Costruttore ControllerUserPage
ott 28, 2023 11:42:12 AM laptop.controller.ControllerAggiungiUtente <init>
INFORMAZIONI: Costruttore ControllerAggiungiUtente
ott 28, 2023 11:42:12 AM laptop.controller.ControllerModificaUtente <init>
INFORMAZIONI: Costruttore ControllerModificaUtente
ott 28, 2023 11:42:12 AM laptop.controller.ControllerCancellaUser <init>
INFORMAZIONI: Costruttore ControllerCancellaUser
]]></system-err>
  </testcase>
  <testcase name="testGetTipologia(String)[3]" classname="laptop.test.TestLaptop3" time="0.001">
    <system-err><![CDATA[ott 28, 2023 11:42:12 AM laptop.controller.ControllerUserPage <init>
INFORMAZIONI: Costruttore ControllerUserPage
ott 28, 2023 11:42:12 AM laptop.controller.ControllerAggiungiUtente <init>
INFORMAZIONI: Costruttore ControllerAggiungiUtente
ott 28, 2023 11:42:12 AM laptop.controller.ControllerModificaUtente <init>
INFORMAZIONI: Costruttore ControllerModificaUtente
ott 28, 2023 11:42:12 AM laptop.controller.ControllerCancellaUser <init>
INFORMAZIONI: Costruttore ControllerCancellaUser
]]></system-err>
  </testcase>
  <testcase name="testGetTipologia(String)[4]" classname="laptop.test.TestLaptop3" time="0.001">
    <system-err><![CDATA[ott 28, 2023 11:42:12 AM laptop.controller.ControllerUserPage <init>
INFORMAZIONI: Costruttore ControllerUserPage
ott 28, 2023 11:42:12 AM laptop.controller.ControllerAggiungiUtente <init>
INFORMAZIONI: Costruttore ControllerAggiungiUtente
ott 28, 2023 11:42:12 AM laptop.controller.ControllerModificaUtente <init>
INFORMAZIONI: Costruttore ControllerModificaUtente
ott 28, 2023 11:42:12 AM laptop.controller.ControllerCancellaUser <init>
INFORMAZIONI: Costruttore ControllerCancellaUser
]]></system-err>
  </testcase>
  <testcase name="testGetTipologia(String)[5]" classname="laptop.test.TestLaptop3" time="0.001">
    <system-err><![CDATA[ott 28, 2023 11:42:12 AM laptop.controller.ControllerUserPage <init>
INFORMAZIONI: Costruttore ControllerUserPage
ott 28, 2023 11:42:12 AM laptop.controller.ControllerAggiungiUtente <init>
INFORMAZIONI: Costruttore ControllerAggiungiUtente
ott 28, 2023 11:42:12 AM laptop.controller.ControllerModificaUtente <init>
INFORMAZIONI: Costruttore ControllerModificaUtente
ott 28, 2023 11:42:12 AM laptop.controller.ControllerCancellaUser <init>
INFORMAZIONI: Costruttore ControllerCancellaUser
]]></system-err>
  </testcase>
  <testcase name="testGetTipologia(String)[6]" classname="laptop.test.TestLaptop3" time="0.001">
    <system-err><![CDATA[ott 28, 2023 11:42:12 AM laptop.controller.ControllerUserPage <init>
INFORMAZIONI: Costruttore ControllerUserPage
ott 28, 2023 11:42:12 AM laptop.controller.ControllerAggiungiUtente <init>
INFORMAZIONI: Costruttore ControllerAggiungiUtente
ott 28, 2023 11:42:12 AM laptop.controller.ControllerModificaUtente <init>
INFORMAZIONI: Costruttore ControllerModificaUtente
ott 28, 2023 11:42:12 AM laptop.controller.ControllerCancellaUser <init>
INFORMAZIONI: Costruttore ControllerCancellaUser
]]></system-err>
  </testcase>
  <testcase name="testGetTipologia(String)[7]" classname="laptop.test.TestLaptop3" time="0.001">
    <system-err><![CDATA[ott 28, 2023 11:42:12 AM laptop.controller.ControllerUserPage <init>
INFORMAZIONI: Costruttore ControllerUserPage
ott 28, 2023 11:42:12 AM laptop.controller.ControllerAggiungiUtente <init>
INFORMAZIONI: Costruttore ControllerAggiungiUtente
ott 28, 2023 11:42:12 AM laptop.controller.ControllerModificaUtente <init>
INFORMAZIONI: Costruttore ControllerModificaUtente
ott 28, 2023 11:42:12 AM laptop.controller.ControllerCancellaUser <init>
INFORMAZIONI: Costruttore ControllerCancellaUser
]]></system-err>
  </testcase>
  <testcase name="testGetTipologia(String)[8]" classname="laptop.test.TestLaptop3" time="0.001">
    <system-err><![CDATA[ott 28, 2023 11:42:12 AM laptop.controller.ControllerUserPage <init>
INFORMAZIONI: Costruttore ControllerUserPage
ott 28, 2023 11:42:12 AM laptop.controller.ControllerAggiungiUtente <init>
INFORMAZIONI: Costruttore ControllerAggiungiUtente
ott 28, 2023 11:42:12 AM laptop.controller.ControllerModificaUtente <init>
INFORMAZIONI: Costruttore ControllerModificaUtente
ott 28, 2023 11:42:12 AM laptop.controller.ControllerCancellaUser <init>
INFORMAZIONI: Costruttore ControllerCancellaUser
]]></system-err>
  </testcase>
  <testcase name="testGetTipologia(String)[9]" classname="laptop.test.TestLaptop3" time="0.001">
    <system-err><![CDATA[ott 28, 2023 11:42:12 AM laptop.controller.ControllerUserPage <init>
INFORMAZIONI: Costruttore ControllerUserPage
ott 28, 2023 11:42:12 AM laptop.controller.ControllerAggiungiUtente <init>
INFORMAZIONI: Costruttore ControllerAggiungiUtente
ott 28, 2023 11:42:12 AM laptop.controller.ControllerModificaUtente <init>
INFORMAZIONI: Costruttore ControllerModificaUtente
ott 28, 2023 11:42:12 AM laptop.controller.ControllerCancellaUser <init>
INFORMAZIONI: Costruttore ControllerCancellaUser
]]></system-err>
  </testcase>
  <testcase name="testGetTipologia(String)[10]" classname="laptop.test.TestLaptop3" time="0.001">
    <system-err><![CDATA[ott 28, 2023 11:42:12 AM laptop.controller.ControllerUserPage <init>
INFORMAZIONI: Costruttore ControllerUserPage
ott 28, 2023 11:42:12 AM laptop.controller.ControllerAggiungiUtente <init>
INFORMAZIONI: Costruttore ControllerAggiungiUtente
ott 28, 2023 11:42:12 AM laptop.controller.ControllerModificaUtente <init>
INFORMAZIONI: Costruttore ControllerModificaUtente
ott 28, 2023 11:42:12 AM laptop.controller.ControllerCancellaUser <init>
INFORMAZIONI: Costruttore ControllerCancellaUser
]]></system-err>
  </testcase>
  <testcase name="testGetTipologia(String)[11]" classname="laptop.test.TestLaptop3" time="0.001">
    <system-err><![CDATA[ott 28, 2023 11:42:12 AM laptop.controller.ControllerUserPage <init>
INFORMAZIONI: Costruttore ControllerUserPage
ott 28, 2023 11:42:12 AM laptop.controller.ControllerAggiungiUtente <init>
INFORMAZIONI: Costruttore ControllerAggiungiUtente
ott 28, 2023 11:42:12 AM laptop.controller.ControllerModificaUtente <init>
INFORMAZIONI: Costruttore ControllerModificaUtente
ott 28, 2023 11:42:12 AM laptop.controller.ControllerCancellaUser <init>
INFORMAZIONI: Costruttore ControllerCancellaUser
]]></system-err>
  </testcase>
  <testcase name="testGetTipologia(String)[12]" classname="laptop.test.TestLaptop3" time="0.001">
    <system-err><![CDATA[ott 28, 2023 11:42:12 AM laptop.controller.ControllerUserPage <init>
INFORMAZIONI: Costruttore ControllerUserPage
ott 28, 2023 11:42:12 AM laptop.controller.ControllerAggiungiUtente <init>
INFORMAZIONI: Costruttore ControllerAggiungiUtente
ott 28, 2023 11:42:12 AM laptop.controller.ControllerModificaUtente <init>
INFORMAZIONI: Costruttore ControllerModificaUtente
ott 28, 2023 11:42:12 AM laptop.controller.ControllerCancellaUser <init>
INFORMAZIONI: Costruttore ControllerCancellaUser
]]></system-err>
  </testcase>
  <testcase name="testGetTipologia(String)[13]" classname="laptop.test.TestLaptop3" time="0.001">
    <system-err><![CDATA[ott 28, 2023 11:42:12 AM laptop.controller.ControllerUserPage <init>
INFORMAZIONI: Costruttore ControllerUserPage
ott 28, 2023 11:42:12 AM laptop.controller.ControllerAggiungiUtente <init>
INFORMAZIONI: Costruttore ControllerAggiungiUtente
ott 28, 2023 11:42:12 AM laptop.controller.ControllerModificaUtente <init>
INFORMAZIONI: Costruttore ControllerModificaUtente
ott 28, 2023 11:42:12 AM laptop.controller.ControllerCancellaUser <init>
INFORMAZIONI: Costruttore ControllerCancellaUser
]]></system-err>
  </testcase>
  <testcase name="testGetTipologia(String)[14]" classname="laptop.test.TestLaptop3" time="0.001">
    <system-err><![CDATA[ott 28, 2023 11:42:12 AM laptop.controller.ControllerUserPage <init>
INFORMAZIONI: Costruttore ControllerUserPage
ott 28, 2023 11:42:12 AM laptop.controller.ControllerAggiungiUtente <init>
INFORMAZIONI: Costruttore ControllerAggiungiUtente
ott 28, 2023 11:42:12 AM laptop.controller.ControllerModificaUtente <init>
INFORMAZIONI: Costruttore ControllerModificaUtente
ott 28, 2023 11:42:12 AM laptop.controller.ControllerCancellaUser <init>
INFORMAZIONI: Costruttore ControllerCancellaUser
]]></system-err>
  </testcase>
  <testcase name="testInserisciPagamento(String)[1]" classname="laptop.test.TestLaptop3" time="0.323">
    <system-err><![CDATA[ott 28, 2023 11:42:12 AM laptop.controller.ControllerUserPage <init>
INFORMAZIONI: Costruttore ControllerUserPage
ott 28, 2023 11:42:12 AM laptop.controller.ControllerAggiungiUtente <init>
INFORMAZIONI: Costruttore ControllerAggiungiUtente
ott 28, 2023 11:42:12 AM laptop.controller.ControllerModificaUtente <init>
INFORMAZIONI: Costruttore ControllerModificaUtente
ott 28, 2023 11:42:12 AM laptop.controller.ControllerCancellaUser <init>
INFORMAZIONI: Costruttore ControllerCancellaUser
ott 28, 2023 11:42:12 AM laptop.utilities.ConnToDb generalConnection
INFORMAZIONI: Tentativo di conessione al server..........\\n
ott 28, 2023 11:42:12 AM laptop.utilities.ConnToDb generalConnection
INFORMAZIONI: Connesso standard ........

]]></system-err>
  </testcase>
  <testcase name="testInserisciPagamento(String)[2]" classname="laptop.test.TestLaptop3" time="0.236">
    <system-err><![CDATA[ott 28, 2023 11:42:12 AM laptop.controller.ControllerUserPage <init>
INFORMAZIONI: Costruttore ControllerUserPage
ott 28, 2023 11:42:12 AM laptop.controller.ControllerAggiungiUtente <init>
INFORMAZIONI: Costruttore ControllerAggiungiUtente
ott 28, 2023 11:42:12 AM laptop.controller.ControllerModificaUtente <init>
INFORMAZIONI: Costruttore ControllerModificaUtente
ott 28, 2023 11:42:12 AM laptop.controller.ControllerCancellaUser <init>
INFORMAZIONI: Costruttore ControllerCancellaUser
ott 28, 2023 11:42:12 AM laptop.utilities.ConnToDb generalConnection
INFORMAZIONI: Tentativo di conessione al server..........\\n
ott 28, 2023 11:42:12 AM laptop.utilities.ConnToDb generalConnection
INFORMAZIONI: Connesso standard ........

]]></system-err>
  </testcase>
  <testcase name="testCancellaUser" classname="laptop.test.TestLaptop3" time="0.121">
    <system-err><![CDATA[ott 28, 2023 11:42:12 AM laptop.controller.ControllerUserPage <init>
INFORMAZIONI: Costruttore ControllerUserPage
ott 28, 2023 11:42:12 AM laptop.controller.ControllerAggiungiUtente <init>
INFORMAZIONI: Costruttore ControllerAggiungiUtente
ott 28, 2023 11:42:12 AM laptop.controller.ControllerModificaUtente <init>
INFORMAZIONI: Costruttore ControllerModificaUtente
ott 28, 2023 11:42:12 AM laptop.controller.ControllerCancellaUser <init>
INFORMAZIONI: Costruttore ControllerCancellaUser
ott 28, 2023 11:42:12 AM laptop.utilities.ConnToDb generalConnection
INFORMAZIONI: Tentativo di conessione al server..........\\n
ott 28, 2023 11:42:12 AM laptop.utilities.ConnToDb generalConnection
INFORMAZIONI: Connesso standard ........

ott 28, 2023 11:42:12 AM laptop.database.UsersDao deleteUser
INFORMAZIONI: cancello user ruoloEDITORE
]]></system-err>
  </testcase>
  <testcase name="testListaUsers" classname="laptop.test.TestLaptop3" time="0.024">
    <system-err><![CDATA[ott 28, 2023 11:42:12 AM laptop.controller.ControllerUserPage <init>
INFORMAZIONI: Costruttore ControllerUserPage
ott 28, 2023 11:42:12 AM laptop.controller.ControllerAggiungiUtente <init>
INFORMAZIONI: Costruttore ControllerAggiungiUtente
ott 28, 2023 11:42:12 AM laptop.controller.ControllerModificaUtente <init>
INFORMAZIONI: Costruttore ControllerModificaUtente
ott 28, 2023 11:42:12 AM laptop.controller.ControllerCancellaUser <init>
INFORMAZIONI: Costruttore ControllerCancellaUser
ott 28, 2023 11:42:12 AM laptop.utilities.ConnToDb generalConnection
INFORMAZIONI: Tentativo di conessione al server..........\\n
ott 28, 2023 11:42:12 AM laptop.utilities.ConnToDb generalConnection
INFORMAZIONI: Connesso standard ........

]]></system-err>
  </testcase>
  <testcase name="testGetPasswordU" classname="laptop.test.TestLaptop3" time="0">
    <system-err><![CDATA[ott 28, 2023 11:42:12 AM laptop.controller.ControllerUserPage <init>
INFORMAZIONI: Costruttore ControllerUserPage
ott 28, 2023 11:42:12 AM laptop.controller.ControllerAggiungiUtente <init>
INFORMAZIONI: Costruttore ControllerAggiungiUtente
ott 28, 2023 11:42:12 AM laptop.controller.ControllerModificaUtente <init>
INFORMAZIONI: Costruttore ControllerModificaUtente
ott 28, 2023 11:42:12 AM laptop.controller.ControllerCancellaUser <init>
INFORMAZIONI: Costruttore ControllerCancellaUser
]]></system-err>
  </testcase>
  <testcase name="testGetDataDiNascitaU" classname="laptop.test.TestLaptop3" time="0.001">
    <system-err><![CDATA[ott 28, 2023 11:42:12 AM laptop.controller.ControllerUserPage <init>
INFORMAZIONI: Costruttore ControllerUserPage
ott 28, 2023 11:42:12 AM laptop.controller.ControllerAggiungiUtente <init>
INFORMAZIONI: Costruttore ControllerAggiungiUtente
ott 28, 2023 11:42:12 AM laptop.controller.ControllerModificaUtente <init>
INFORMAZIONI: Costruttore ControllerModificaUtente
ott 28, 2023 11:42:12 AM laptop.controller.ControllerCancellaUser <init>
INFORMAZIONI: Costruttore ControllerCancellaUser
]]></system-err>
  </testcase>
  <testcase name="testGetCognomeU" classname="laptop.test.TestLaptop3" time="0.001">
    <system-err><![CDATA[ott 28, 2023 11:42:12 AM laptop.controller.ControllerUserPage <init>
INFORMAZIONI: Costruttore ControllerUserPage
ott 28, 2023 11:42:12 AM laptop.controller.ControllerAggiungiUtente <init>
INFORMAZIONI: Costruttore ControllerAggiungiUtente
ott 28, 2023 11:42:12 AM laptop.controller.ControllerModificaUtente <init>
INFORMAZIONI: Costruttore ControllerModificaUtente
ott 28, 2023 11:42:12 AM laptop.controller.ControllerCancellaUser <init>
INFORMAZIONI: Costruttore ControllerCancellaUser
]]></system-err>
  </testcase>
  <testcase name="testGetDescrizione" classname="laptop.test.TestLaptop3" time="0.001">
    <system-err><![CDATA[ott 28, 2023 11:42:12 AM laptop.controller.ControllerUserPage <init>
INFORMAZIONI: Costruttore ControllerUserPage
ott 28, 2023 11:42:12 AM laptop.controller.ControllerAggiungiUtente <init>
INFORMAZIONI: Costruttore ControllerAggiungiUtente
ott 28, 2023 11:42:12 AM laptop.controller.ControllerModificaUtente <init>
INFORMAZIONI: Costruttore ControllerModificaUtente
ott 28, 2023 11:42:12 AM laptop.controller.ControllerCancellaUser <init>
INFORMAZIONI: Costruttore ControllerCancellaUser
]]></system-err>
  </testcase>
  <testcase name="testGetIdRuoloF" classname="laptop.test.TestLaptop3" time="0.001">
    <system-err><![CDATA[ott 28, 2023 11:42:12 AM laptop.controller.ControllerUserPage <init>
INFORMAZIONI: Costruttore ControllerUserPage
ott 28, 2023 11:42:12 AM laptop.controller.ControllerAggiungiUtente <init>
INFORMAZIONI: Costruttore ControllerAggiungiUtente
ott 28, 2023 11:42:12 AM laptop.controller.ControllerModificaUtente <init>
INFORMAZIONI: Costruttore ControllerModificaUtente
ott 28, 2023 11:42:12 AM laptop.controller.ControllerCancellaUser <init>
INFORMAZIONI: Costruttore ControllerCancellaUser
]]></system-err>
  </testcase>
  <testcase name="testGetIdRuoloU(String)[1]" classname="laptop.test.TestLaptop3" time="0">
    <system-err><![CDATA[ott 28, 2023 11:42:12 AM laptop.controller.ControllerUserPage <init>
INFORMAZIONI: Costruttore ControllerUserPage
ott 28, 2023 11:42:12 AM laptop.controller.ControllerAggiungiUtente <init>
INFORMAZIONI: Costruttore ControllerAggiungiUtente
ott 28, 2023 11:42:12 AM laptop.controller.ControllerModificaUtente <init>
INFORMAZIONI: Costruttore ControllerModificaUtente
ott 28, 2023 11:42:12 AM laptop.controller.ControllerCancellaUser <init>
INFORMAZIONI: Costruttore ControllerCancellaUser
]]></system-err>
  </testcase>
  <testcase name="testGetIdRuoloU(String)[2]" classname="laptop.test.TestLaptop3" time="0.001">
    <system-err><![CDATA[ott 28, 2023 11:42:12 AM laptop.controller.ControllerUserPage <init>
INFORMAZIONI: Costruttore ControllerUserPage
ott 28, 2023 11:42:12 AM laptop.controller.ControllerAggiungiUtente <init>
INFORMAZIONI: Costruttore ControllerAggiungiUtente
ott 28, 2023 11:42:12 AM laptop.controller.ControllerModificaUtente <init>
INFORMAZIONI: Costruttore ControllerModificaUtente
ott 28, 2023 11:42:12 AM laptop.controller.ControllerCancellaUser <init>
INFORMAZIONI: Costruttore ControllerCancellaUser
]]></system-err>
  </testcase>
  <testcase name="testGetIdRuoloU(String)[3]" classname="laptop.test.TestLaptop3" time="0">
    <system-err><![CDATA[ott 28, 2023 11:42:12 AM laptop.controller.ControllerUserPage <init>
INFORMAZIONI: Costruttore ControllerUserPage
ott 28, 2023 11:42:12 AM laptop.controller.ControllerAggiungiUtente <init>
INFORMAZIONI: Costruttore ControllerAggiungiUtente
ott 28, 2023 11:42:12 AM laptop.controller.ControllerModificaUtente <init>
INFORMAZIONI: Costruttore ControllerModificaUtente
ott 28, 2023 11:42:12 AM laptop.controller.ControllerCancellaUser <init>
INFORMAZIONI: Costruttore ControllerCancellaUser
]]></system-err>
  </testcase>
  <testcase name="testGetCopieRim" classname="laptop.test.TestLaptop3" time="0.001">
    <system-err><![CDATA[ott 28, 2023 11:42:12 AM laptop.controller.ControllerUserPage <init>
INFORMAZIONI: Costruttore ControllerUserPage
ott 28, 2023 11:42:12 AM laptop.controller.ControllerAggiungiUtente <init>
INFORMAZIONI: Costruttore ControllerAggiungiUtente
ott 28, 2023 11:42:12 AM laptop.controller.ControllerModificaUtente <init>
INFORMAZIONI: Costruttore ControllerModificaUtente
ott 28, 2023 11:42:12 AM laptop.controller.ControllerCancellaUser <init>
INFORMAZIONI: Costruttore ControllerCancellaUser
]]></system-err>
  </testcase>
  <testcase name="testGetAutore(String)[1]" classname="laptop.test.TestLaptop3" time="0.001">
    <system-err><![CDATA[ott 28, 2023 11:42:13 AM laptop.controller.ControllerUserPage <init>
INFORMAZIONI: Costruttore ControllerUserPage
ott 28, 2023 11:42:13 AM laptop.controller.ControllerAggiungiUtente <init>
INFORMAZIONI: Costruttore ControllerAggiungiUtente
ott 28, 2023 11:42:13 AM laptop.controller.ControllerModificaUtente <init>
INFORMAZIONI: Costruttore ControllerModificaUtente
ott 28, 2023 11:42:13 AM laptop.controller.ControllerCancellaUser <init>
INFORMAZIONI: Costruttore ControllerCancellaUser
]]></system-err>
  </testcase>
  <testcase name="testGetAutore(String)[2]" classname="laptop.test.TestLaptop3" time="0.001">
    <system-err><![CDATA[ott 28, 2023 11:42:13 AM laptop.controller.ControllerUserPage <init>
INFORMAZIONI: Costruttore ControllerUserPage
ott 28, 2023 11:42:13 AM laptop.controller.ControllerAggiungiUtente <init>
INFORMAZIONI: Costruttore ControllerAggiungiUtente
ott 28, 2023 11:42:13 AM laptop.controller.ControllerModificaUtente <init>
INFORMAZIONI: Costruttore ControllerModificaUtente
ott 28, 2023 11:42:13 AM laptop.controller.ControllerCancellaUser <init>
INFORMAZIONI: Costruttore ControllerCancellaUser
]]></system-err>
  </testcase>
  <testcase name="testGetAutore(String)[3]" classname="laptop.test.TestLaptop3" time="0.001">
    <system-err><![CDATA[ott 28, 2023 11:42:13 AM laptop.controller.ControllerUserPage <init>
INFORMAZIONI: Costruttore ControllerUserPage
ott 28, 2023 11:42:13 AM laptop.controller.ControllerAggiungiUtente <init>
INFORMAZIONI: Costruttore ControllerAggiungiUtente
ott 28, 2023 11:42:13 AM laptop.controller.ControllerModificaUtente <init>
INFORMAZIONI: Costruttore ControllerModificaUtente
ott 28, 2023 11:42:13 AM laptop.controller.ControllerCancellaUser <init>
INFORMAZIONI: Costruttore ControllerCancellaUser
]]></system-err>
  </testcase>
  <testcase name="testGetInstanceU" classname="laptop.test.TestLaptop3" time="0.001">
    <system-err><![CDATA[ott 28, 2023 11:42:13 AM laptop.controller.ControllerUserPage <init>
INFORMAZIONI: Costruttore ControllerUserPage
ott 28, 2023 11:42:13 AM laptop.controller.ControllerAggiungiUtente <init>
INFORMAZIONI: Costruttore ControllerAggiungiUtente
ott 28, 2023 11:42:13 AM laptop.controller.ControllerModificaUtente <init>
INFORMAZIONI: Costruttore ControllerModificaUtente
ott 28, 2023 11:42:13 AM laptop.controller.ControllerCancellaUser <init>
INFORMAZIONI: Costruttore ControllerCancellaUser
]]></system-err>
  </testcase>
  <testcase name="testGetEmailU" classname="laptop.test.TestLaptop3" time="0">
    <system-err><![CDATA[ott 28, 2023 11:42:13 AM laptop.controller.ControllerUserPage <init>
INFORMAZIONI: Costruttore ControllerUserPage
ott 28, 2023 11:42:13 AM laptop.controller.ControllerAggiungiUtente <init>
INFORMAZIONI: Costruttore ControllerAggiungiUtente
ott 28, 2023 11:42:13 AM laptop.controller.ControllerModificaUtente <init>
INFORMAZIONI: Costruttore ControllerModificaUtente
ott 28, 2023 11:42:13 AM laptop.controller.ControllerCancellaUser <init>
INFORMAZIONI: Costruttore ControllerCancellaUser
]]></system-err>
  </testcase>
  <testcase name="testCheckData" classname="laptop.test.TestLaptop3" time="0.369">
    <system-err><![CDATA[ott 28, 2023 11:42:13 AM laptop.controller.ControllerUserPage <init>
INFORMAZIONI: Costruttore ControllerUserPage
ott 28, 2023 11:42:13 AM laptop.controller.ControllerAggiungiUtente <init>
INFORMAZIONI: Costruttore ControllerAggiungiUtente
ott 28, 2023 11:42:13 AM laptop.controller.ControllerModificaUtente <init>
INFORMAZIONI: Costruttore ControllerModificaUtente
ott 28, 2023 11:42:13 AM laptop.controller.ControllerCancellaUser <init>
INFORMAZIONI: Costruttore ControllerCancellaUser
ott 28, 2023 11:42:13 AM laptop.utilities.ConnToDb generalConnection
INFORMAZIONI: Tentativo di conessione al server..........\\n
ott 28, 2023 11:42:13 AM laptop.utilities.ConnToDb generalConnection
INFORMAZIONI: Connesso standard ........

]]></system-err>
  </testcase>
  <testcase name="testCheckDisp" classname="laptop.test.TestLaptop3" time="0.045">
    <system-err><![CDATA[ott 28, 2023 11:42:13 AM laptop.controller.ControllerUserPage <init>
INFORMAZIONI: Costruttore ControllerUserPage
ott 28, 2023 11:42:13 AM laptop.controller.ControllerAggiungiUtente <init>
INFORMAZIONI: Costruttore ControllerAggiungiUtente
ott 28, 2023 11:42:13 AM laptop.controller.ControllerModificaUtente <init>
INFORMAZIONI: Costruttore ControllerModificaUtente
ott 28, 2023 11:42:13 AM laptop.controller.ControllerCancellaUser <init>
INFORMAZIONI: Costruttore ControllerCancellaUser
ott 28, 2023 11:42:13 AM laptop.utilities.ConnToDb generalConnection
INFORMAZIONI: Tentativo di conessione al server..........\\n
ott 28, 2023 11:42:13 AM laptop.utilities.ConnToDb generalConnection
INFORMAZIONI: Connesso standard ........

]]></system-err>
  </testcase>
  <testcase name="testIdLibro" classname="laptop.test.TestLaptop3" time="0.047">
    <system-err><![CDATA[ott 28, 2023 11:42:13 AM laptop.controller.ControllerUserPage <init>
INFORMAZIONI: Costruttore ControllerUserPage
ott 28, 2023 11:42:13 AM laptop.controller.ControllerAggiungiUtente <init>
INFORMAZIONI: Costruttore ControllerAggiungiUtente
ott 28, 2023 11:42:13 AM laptop.controller.ControllerModificaUtente <init>
INFORMAZIONI: Costruttore ControllerModificaUtente
ott 28, 2023 11:42:13 AM laptop.controller.ControllerCancellaUser <init>
INFORMAZIONI: Costruttore ControllerCancellaUser
ott 28, 2023 11:42:13 AM laptop.utilities.ConnToDb generalConnection
INFORMAZIONI: Tentativo di conessione al server..........\\n
ott 28, 2023 11:42:13 AM laptop.utilities.ConnToDb generalConnection
INFORMAZIONI: Connesso standard ........

]]></system-err>
  </testcase>
  <testcase name="testAggiornaCopieVendute" classname="laptop.test.TestLaptop3" time="0.177">
    <system-err><![CDATA[ott 28, 2023 11:42:13 AM laptop.controller.ControllerUserPage <init>
INFORMAZIONI: Costruttore ControllerUserPage
ott 28, 2023 11:42:13 AM laptop.controller.ControllerAggiungiUtente <init>
INFORMAZIONI: Costruttore ControllerAggiungiUtente
ott 28, 2023 11:42:13 AM laptop.controller.ControllerModificaUtente <init>
INFORMAZIONI: Costruttore ControllerModificaUtente
ott 28, 2023 11:42:13 AM laptop.controller.ControllerCancellaUser <init>
INFORMAZIONI: Costruttore ControllerCancellaUser
ott 28, 2023 11:42:13 AM laptop.utilities.ConnToDb generalConnection
INFORMAZIONI: Tentativo di conessione al server..........\\n
ott 28, 2023 11:42:13 AM laptop.utilities.ConnToDb generalConnection
INFORMAZIONI: Connesso standard ........

]]></system-err>
  </testcase>
  <testcase name="testGetLingua" classname="laptop.test.TestLaptop3" time="0">
    <system-err><![CDATA[ott 28, 2023 11:42:13 AM laptop.controller.ControllerUserPage <init>
INFORMAZIONI: Costruttore ControllerUserPage
ott 28, 2023 11:42:13 AM laptop.controller.ControllerAggiungiUtente <init>
INFORMAZIONI: Costruttore ControllerAggiungiUtente
ott 28, 2023 11:42:13 AM laptop.controller.ControllerModificaUtente <init>
INFORMAZIONI: Costruttore ControllerModificaUtente
ott 28, 2023 11:42:13 AM laptop.controller.ControllerCancellaUser <init>
INFORMAZIONI: Costruttore ControllerCancellaUser
]]></system-err>
  </testcase>
  <testcase name="testGetCognome" classname="laptop.test.TestLaptop3" time="0.001">
    <system-err><![CDATA[ott 28, 2023 11:42:13 AM laptop.controller.ControllerUserPage <init>
INFORMAZIONI: Costruttore ControllerUserPage
ott 28, 2023 11:42:13 AM laptop.controller.ControllerAggiungiUtente <init>
INFORMAZIONI: Costruttore ControllerAggiungiUtente
ott 28, 2023 11:42:13 AM laptop.controller.ControllerModificaUtente <init>
INFORMAZIONI: Costruttore ControllerModificaUtente
ott 28, 2023 11:42:13 AM laptop.controller.ControllerCancellaUser <init>
INFORMAZIONI: Costruttore ControllerCancellaUser
]]></system-err>
  </testcase>
  <testcase name="testRivistaSinngoloById" classname="laptop.test.TestLaptop3" time="0.03">
    <system-err><![CDATA[ott 28, 2023 11:42:13 AM laptop.controller.ControllerUserPage <init>
INFORMAZIONI: Costruttore ControllerUserPage
ott 28, 2023 11:42:13 AM laptop.controller.ControllerAggiungiUtente <init>
INFORMAZIONI: Costruttore ControllerAggiungiUtente
ott 28, 2023 11:42:13 AM laptop.controller.ControllerModificaUtente <init>
INFORMAZIONI: Costruttore ControllerModificaUtente
ott 28, 2023 11:42:13 AM laptop.controller.ControllerCancellaUser <init>
INFORMAZIONI: Costruttore ControllerCancellaUser
ott 28, 2023 11:42:13 AM laptop.utilities.ConnToDb generalConnection
INFORMAZIONI: Tentativo di conessione al server..........\\n
ott 28, 2023 11:42:13 AM laptop.utilities.ConnToDb generalConnection
INFORMAZIONI: Connesso standard ........

]]></system-err>
  </testcase>
  <testcase name="testGetIdU" classname="laptop.test.TestLaptop3" time="0.001">
    <system-err><![CDATA[ott 28, 2023 11:42:13 AM laptop.controller.ControllerUserPage <init>
INFORMAZIONI: Costruttore ControllerUserPage
ott 28, 2023 11:42:13 AM laptop.controller.ControllerAggiungiUtente <init>
INFORMAZIONI: Costruttore ControllerAggiungiUtente
ott 28, 2023 11:42:13 AM laptop.controller.ControllerModificaUtente <init>
INFORMAZIONI: Costruttore ControllerModificaUtente
ott 28, 2023 11:42:13 AM laptop.controller.ControllerCancellaUser <init>
INFORMAZIONI: Costruttore ControllerCancellaUser
]]></system-err>
  </testcase>
  <testcase name="testGetPrezzo" classname="laptop.test.TestLaptop3" time="0.001">
    <system-err><![CDATA[ott 28, 2023 11:42:13 AM laptop.controller.ControllerUserPage <init>
INFORMAZIONI: Costruttore ControllerUserPage
ott 28, 2023 11:42:13 AM laptop.controller.ControllerAggiungiUtente <init>
INFORMAZIONI: Costruttore ControllerAggiungiUtente
ott 28, 2023 11:42:13 AM laptop.controller.ControllerModificaUtente <init>
INFORMAZIONI: Costruttore ControllerModificaUtente
ott 28, 2023 11:42:13 AM laptop.controller.ControllerCancellaUser <init>
INFORMAZIONI: Costruttore ControllerCancellaUser
]]></system-err>
  </testcase>
  <testcase name="testGetTitolo(String)[1]" classname="laptop.test.TestLaptop3" time="0.002">
    <system-err><![CDATA[ott 28, 2023 11:42:13 AM laptop.controller.ControllerUserPage <init>
INFORMAZIONI: Costruttore ControllerUserPage
ott 28, 2023 11:42:13 AM laptop.controller.ControllerAggiungiUtente <init>
INFORMAZIONI: Costruttore ControllerAggiungiUtente
ott 28, 2023 11:42:13 AM laptop.controller.ControllerModificaUtente <init>
INFORMAZIONI: Costruttore ControllerModificaUtente
ott 28, 2023 11:42:13 AM laptop.controller.ControllerCancellaUser <init>
INFORMAZIONI: Costruttore ControllerCancellaUser
]]></system-err>
  </testcase>
  <testcase name="testGetTitolo(String)[2]" classname="laptop.test.TestLaptop3" time="0.001">
    <system-err><![CDATA[ott 28, 2023 11:42:13 AM laptop.controller.ControllerUserPage <init>
INFORMAZIONI: Costruttore ControllerUserPage
ott 28, 2023 11:42:13 AM laptop.controller.ControllerAggiungiUtente <init>
INFORMAZIONI: Costruttore ControllerAggiungiUtente
ott 28, 2023 11:42:13 AM laptop.controller.ControllerModificaUtente <init>
INFORMAZIONI: Costruttore ControllerModificaUtente
ott 28, 2023 11:42:13 AM laptop.controller.ControllerCancellaUser <init>
INFORMAZIONI: Costruttore ControllerCancellaUser
]]></system-err>
  </testcase>
  <testcase name="testGetTitolo(String)[3]" classname="laptop.test.TestLaptop3" time="0">
    <system-err><![CDATA[ott 28, 2023 11:42:13 AM laptop.controller.ControllerUserPage <init>
INFORMAZIONI: Costruttore ControllerUserPage
ott 28, 2023 11:42:13 AM laptop.controller.ControllerAggiungiUtente <init>
INFORMAZIONI: Costruttore ControllerAggiungiUtente
ott 28, 2023 11:42:13 AM laptop.controller.ControllerModificaUtente <init>
INFORMAZIONI: Costruttore ControllerModificaUtente
ott 28, 2023 11:42:13 AM laptop.controller.ControllerCancellaUser <init>
INFORMAZIONI: Costruttore ControllerCancellaUser
]]></system-err>
  </testcase>
  <testcase name="testScarica(int)[1]" classname="laptop.test.TestLaptop3" time="0.04">
    <system-err><![CDATA[ott 28, 2023 11:42:13 AM laptop.controller.ControllerUserPage <init>
INFORMAZIONI: Costruttore ControllerUserPage
ott 28, 2023 11:42:13 AM laptop.controller.ControllerAggiungiUtente <init>
INFORMAZIONI: Costruttore ControllerAggiungiUtente
ott 28, 2023 11:42:13 AM laptop.controller.ControllerModificaUtente <init>
INFORMAZIONI: Costruttore ControllerModificaUtente
ott 28, 2023 11:42:13 AM laptop.controller.ControllerCancellaUser <init>
INFORMAZIONI: Costruttore ControllerCancellaUser
]]></system-err>
  </testcase>
  <testcase name="testScarica(int)[2]" classname="laptop.test.TestLaptop3" time="0.035">
    <system-err><![CDATA[ott 28, 2023 11:42:13 AM laptop.controller.ControllerUserPage <init>
INFORMAZIONI: Costruttore ControllerUserPage
ott 28, 2023 11:42:13 AM laptop.controller.ControllerAggiungiUtente <init>
INFORMAZIONI: Costruttore ControllerAggiungiUtente
ott 28, 2023 11:42:13 AM laptop.controller.ControllerModificaUtente <init>
INFORMAZIONI: Costruttore ControllerModificaUtente
ott 28, 2023 11:42:13 AM laptop.controller.ControllerCancellaUser <init>
INFORMAZIONI: Costruttore ControllerCancellaUser
]]></system-err>
  </testcase>
  <testcase name="testScarica(int)[3]" classname="laptop.test.TestLaptop3" time="0.022">
    <system-err><![CDATA[ott 28, 2023 11:42:13 AM laptop.controller.ControllerUserPage <init>
INFORMAZIONI: Costruttore ControllerUserPage
ott 28, 2023 11:42:13 AM laptop.controller.ControllerAggiungiUtente <init>
INFORMAZIONI: Costruttore ControllerAggiungiUtente
ott 28, 2023 11:42:13 AM laptop.controller.ControllerModificaUtente <init>
INFORMAZIONI: Costruttore ControllerModificaUtente
ott 28, 2023 11:42:13 AM laptop.controller.ControllerCancellaUser <init>
INFORMAZIONI: Costruttore ControllerCancellaUser
]]></system-err>
  </testcase>
  <testcase name="testScarica(int)[4]" classname="laptop.test.TestLaptop3" time="0.025">
    <system-err><![CDATA[ott 28, 2023 11:42:13 AM laptop.controller.ControllerUserPage <init>
INFORMAZIONI: Costruttore ControllerUserPage
ott 28, 2023 11:42:13 AM laptop.controller.ControllerAggiungiUtente <init>
INFORMAZIONI: Costruttore ControllerAggiungiUtente
ott 28, 2023 11:42:13 AM laptop.controller.ControllerModificaUtente <init>
INFORMAZIONI: Costruttore ControllerModificaUtente
ott 28, 2023 11:42:13 AM laptop.controller.ControllerCancellaUser <init>
INFORMAZIONI: Costruttore ControllerCancellaUser
]]></system-err>
  </testcase>
  <testcase name="testScarica(int)[5]" classname="laptop.test.TestLaptop3" time="0.036">
    <system-err><![CDATA[ott 28, 2023 11:42:13 AM laptop.controller.ControllerUserPage <init>
INFORMAZIONI: Costruttore ControllerUserPage
ott 28, 2023 11:42:13 AM laptop.controller.ControllerAggiungiUtente <init>
INFORMAZIONI: Costruttore ControllerAggiungiUtente
ott 28, 2023 11:42:13 AM laptop.controller.ControllerModificaUtente <init>
INFORMAZIONI: Costruttore ControllerModificaUtente
ott 28, 2023 11:42:13 AM laptop.controller.ControllerCancellaUser <init>
INFORMAZIONI: Costruttore ControllerCancellaUser
]]></system-err>
  </testcase>
  <testcase name="testGetUtenti" classname="laptop.test.TestLaptop3" time="0.041">
    <system-err><![CDATA[ott 28, 2023 11:42:13 AM laptop.controller.ControllerUserPage <init>
INFORMAZIONI: Costruttore ControllerUserPage
ott 28, 2023 11:42:13 AM laptop.controller.ControllerAggiungiUtente <init>
INFORMAZIONI: Costruttore ControllerAggiungiUtente
ott 28, 2023 11:42:13 AM laptop.controller.ControllerModificaUtente <init>
INFORMAZIONI: Costruttore ControllerModificaUtente
ott 28, 2023 11:42:13 AM laptop.controller.ControllerCancellaUser <init>
INFORMAZIONI: Costruttore ControllerCancellaUser
ott 28, 2023 11:42:13 AM laptop.utilities.ConnToDb generalConnection
INFORMAZIONI: Tentativo di conessione al server..........\\n
ott 28, 2023 11:42:13 AM laptop.utilities.ConnToDb generalConnection
INFORMAZIONI: Connesso standard ........

]]></system-err>
  </testcase>
  <testcase name="testGetIdRuoloFU" classname="laptop.test.TestLaptop3" time="0.001">
    <system-err><![CDATA[ott 28, 2023 11:42:13 AM laptop.controller.ControllerUserPage <init>
INFORMAZIONI: Costruttore ControllerUserPage
ott 28, 2023 11:42:13 AM laptop.controller.ControllerAggiungiUtente <init>
INFORMAZIONI: Costruttore ControllerAggiungiUtente
ott 28, 2023 11:42:13 AM laptop.controller.ControllerModificaUtente <init>
INFORMAZIONI: Costruttore ControllerModificaUtente
ott 28, 2023 11:42:13 AM laptop.controller.ControllerCancellaUser <init>
INFORMAZIONI: Costruttore ControllerCancellaUser
]]></system-err>
  </testcase>
  <testcase name="testGetTitoloRivista" classname="laptop.test.TestLaptop3" time="0.025">
    <system-err><![CDATA[ott 28, 2023 11:42:13 AM laptop.controller.ControllerUserPage <init>
INFORMAZIONI: Costruttore ControllerUserPage
ott 28, 2023 11:42:13 AM laptop.controller.ControllerAggiungiUtente <init>
INFORMAZIONI: Costruttore ControllerAggiungiUtente
ott 28, 2023 11:42:13 AM laptop.controller.ControllerModificaUtente <init>
INFORMAZIONI: Costruttore ControllerModificaUtente
ott 28, 2023 11:42:13 AM laptop.controller.ControllerCancellaUser <init>
INFORMAZIONI: Costruttore ControllerCancellaUser
ott 28, 2023 11:42:13 AM laptop.utilities.ConnToDb generalConnection
INFORMAZIONI: Tentativo di conessione al server..........\\n
ott 28, 2023 11:42:13 AM laptop.utilities.ConnToDb generalConnection
INFORMAZIONI: Connesso standard ........

]]></system-err>
  </testcase>
  <testcase name="testGetDataDiNascita" classname="laptop.test.TestLaptop3" time="0">
    <system-err><![CDATA[ott 28, 2023 11:42:13 AM laptop.controller.ControllerUserPage <init>
INFORMAZIONI: Costruttore ControllerUserPage
ott 28, 2023 11:42:13 AM laptop.controller.ControllerAggiungiUtente <init>
INFORMAZIONI: Costruttore ControllerAggiungiUtente
ott 28, 2023 11:42:13 AM laptop.controller.ControllerModificaUtente <init>
INFORMAZIONI: Costruttore ControllerModificaUtente
ott 28, 2023 11:42:13 AM laptop.controller.ControllerCancellaUser <init>
INFORMAZIONI: Costruttore ControllerCancellaUser
]]></system-err>
  </testcase>
  <testcase name="testLibroTitolo" classname="laptop.test.TestLaptop3" time="0.034">
    <system-err><![CDATA[ott 28, 2023 11:42:13 AM laptop.controller.ControllerUserPage <init>
INFORMAZIONI: Costruttore ControllerUserPage
ott 28, 2023 11:42:13 AM laptop.controller.ControllerAggiungiUtente <init>
INFORMAZIONI: Costruttore ControllerAggiungiUtente
ott 28, 2023 11:42:13 AM laptop.controller.ControllerModificaUtente <init>
INFORMAZIONI: Costruttore ControllerModificaUtente
ott 28, 2023 11:42:13 AM laptop.controller.ControllerCancellaUser <init>
INFORMAZIONI: Costruttore ControllerCancellaUser
ott 28, 2023 11:42:13 AM laptop.utilities.ConnToDb generalConnection
INFORMAZIONI: Tentativo di conessione al server..........\\n
ott 28, 2023 11:42:14 AM laptop.utilities.ConnToDb generalConnection
INFORMAZIONI: Connesso standard ........

]]></system-err>
  </testcase>
  <testcase name="testCambioTemUser" classname="laptop.test.TestLaptop3" time="0.577">
    <system-err><![CDATA[ott 28, 2023 11:42:14 AM laptop.controller.ControllerUserPage <init>
INFORMAZIONI: Costruttore ControllerUserPage
ott 28, 2023 11:42:14 AM laptop.controller.ControllerAggiungiUtente <init>
INFORMAZIONI: Costruttore ControllerAggiungiUtente
ott 28, 2023 11:42:14 AM laptop.controller.ControllerModificaUtente <init>
INFORMAZIONI: Costruttore ControllerModificaUtente
ott 28, 2023 11:42:14 AM laptop.controller.ControllerCancellaUser <init>
INFORMAZIONI: Costruttore ControllerCancellaUser
ott 28, 2023 11:42:14 AM laptop.utilities.ConnToDb generalConnection
INFORMAZIONI: Tentativo di conessione al server..........\\n
ott 28, 2023 11:42:14 AM laptop.utilities.ConnToDb generalConnection
INFORMAZIONI: Connesso standard ........

ott 28, 2023 11:42:14 AM laptop.utilities.ConnToDb generalConnection
INFORMAZIONI: Tentativo di conessione al server..........\\n
ott 28, 2023 11:42:14 AM laptop.utilities.ConnToDb generalConnection
INFORMAZIONI: Connesso standard ........

ott 28, 2023 11:42:14 AM laptop.utilities.ConnToDb generalConnection
INFORMAZIONI: Tentativo di conessione al server..........\\n
ott 28, 2023 11:42:14 AM laptop.utilities.ConnToDb generalConnection
INFORMAZIONI: Connesso standard ........

]]></system-err>
  </testcase>
  <testcase name="testGetPagamenti" classname="laptop.test.TestLaptop3" time="0.062">
    <system-err><![CDATA[ott 28, 2023 11:42:14 AM laptop.controller.ControllerUserPage <init>
INFORMAZIONI: Costruttore ControllerUserPage
ott 28, 2023 11:42:14 AM laptop.controller.ControllerAggiungiUtente <init>
INFORMAZIONI: Costruttore ControllerAggiungiUtente
ott 28, 2023 11:42:14 AM laptop.controller.ControllerModificaUtente <init>
INFORMAZIONI: Costruttore ControllerModificaUtente
ott 28, 2023 11:42:14 AM laptop.controller.ControllerCancellaUser <init>
INFORMAZIONI: Costruttore ControllerCancellaUser
ott 28, 2023 11:42:14 AM laptop.utilities.ConnToDb generalConnection
INFORMAZIONI: Tentativo di conessione al server..........\\n
ott 28, 2023 11:42:14 AM laptop.utilities.ConnToDb generalConnection
INFORMAZIONI: Connesso standard ........

]]></system-err>
  </testcase>
  <testcase name="testGetIdRuolo(String)[1]" classname="laptop.test.TestLaptop3" time="0.001">
    <system-err><![CDATA[ott 28, 2023 11:42:14 AM laptop.controller.ControllerUserPage <init>
INFORMAZIONI: Costruttore ControllerUserPage
ott 28, 2023 11:42:14 AM laptop.controller.ControllerAggiungiUtente <init>
INFORMAZIONI: Costruttore ControllerAggiungiUtente
ott 28, 2023 11:42:14 AM laptop.controller.ControllerModificaUtente <init>
INFORMAZIONI: Costruttore ControllerModificaUtente
ott 28, 2023 11:42:14 AM laptop.controller.ControllerCancellaUser <init>
INFORMAZIONI: Costruttore ControllerCancellaUser
]]></system-err>
  </testcase>
  <testcase name="testGetIdRuolo(String)[2]" classname="laptop.test.TestLaptop3" time="0.003">
    <system-err><![CDATA[ott 28, 2023 11:42:14 AM laptop.controller.ControllerUserPage <init>
INFORMAZIONI: Costruttore ControllerUserPage
ott 28, 2023 11:42:14 AM laptop.controller.ControllerAggiungiUtente <init>
INFORMAZIONI: Costruttore ControllerAggiungiUtente
ott 28, 2023 11:42:14 AM laptop.controller.ControllerModificaUtente <init>
INFORMAZIONI: Costruttore ControllerModificaUtente
ott 28, 2023 11:42:14 AM laptop.controller.ControllerCancellaUser <init>
INFORMAZIONI: Costruttore ControllerCancellaUser
]]></system-err>
  </testcase>
  <testcase name="testGetIdRuolo(String)[3]" classname="laptop.test.TestLaptop3" time="0.001">
    <system-err><![CDATA[ott 28, 2023 11:42:14 AM laptop.controller.ControllerUserPage <init>
INFORMAZIONI: Costruttore ControllerUserPage
ott 28, 2023 11:42:14 AM laptop.controller.ControllerAggiungiUtente <init>
INFORMAZIONI: Costruttore ControllerAggiungiUtente
ott 28, 2023 11:42:14 AM laptop.controller.ControllerModificaUtente <init>
INFORMAZIONI: Costruttore ControllerModificaUtente
ott 28, 2023 11:42:14 AM laptop.controller.ControllerCancellaUser <init>
INFORMAZIONI: Costruttore ControllerCancellaUser
]]></system-err>
  </testcase>
  <testcase name="testGetInstance" classname="laptop.test.TestLaptop3" time="0.001">
    <system-err><![CDATA[ott 28, 2023 11:42:14 AM laptop.controller.ControllerUserPage <init>
INFORMAZIONI: Costruttore ControllerUserPage
ott 28, 2023 11:42:14 AM laptop.controller.ControllerAggiungiUtente <init>
INFORMAZIONI: Costruttore ControllerAggiungiUtente
ott 28, 2023 11:42:14 AM laptop.controller.ControllerModificaUtente <init>
INFORMAZIONI: Costruttore ControllerModificaUtente
ott 28, 2023 11:42:14 AM laptop.controller.ControllerCancellaUser <init>
INFORMAZIONI: Costruttore ControllerCancellaUser
]]></system-err>
  </testcase>
</testsuite>