<?xml version="1.0" encoding="UTF-8"?>
<testsuite xmlns:xsi="http://www.w3.org/2001/XMLSchema-instance" xsi:noNamespaceSchemaLocation="https://maven.apache.org/surefire/maven-surefire-plugin/xsd/surefire-test-report-3.0.xsd" version="3.0" name="laptop.test.TestLaptop1" time="34.182" tests="77" errors="0" skipped="0" failures="0">
  <properties>
[...]
</properties>
  <testcase name="testAggiorna" classname="laptop.test.TestLaptop1" time="0.759">
    <system-err><![CDATA[ott 29, 2023 7:13:28 PM laptop.utilities.ConnToDb initailConnection
INFORMAZIONI: Connesso initial.....

ott 29, 2023 7:13:28 PM laptop.utilities.ConnToDb initailConnection
INFORMAZIONI: Connesso initial.....

ott 29, 2023 7:13:28 PM laptop.utilities.ConnToDb connection
INFORMAZIONI: Tentativo di conessione al server..........\\n
ott 29, 2023 7:13:28 PM laptop.utilities.ConnToDb connection
INFORMAZIONI: Connesso standard ........

ott 29, 2023 7:13:28 PM laptop.utilities.CreateDefaultDB createDefaultDB
AVVERTENZA: Ops..! qualcosa è andato storto nella connesione al database!
ott 29, 2023 7:13:28 PM laptop.controller.ControllerModificaUtente <init>
INFORMAZIONI: Costruttore ControllerModificaUtente
ott 29, 2023 7:13:28 PM laptop.utilities.ConnToDb generalConnection
INFORMAZIONI: Tentativo di conessione al server..........\\n
ott 29, 2023 7:13:28 PM laptop.utilities.ConnToDb generalConnection
INFORMAZIONI: Connesso standard ........

ott 29, 2023 7:13:28 PM laptop.utilities.ConnToDb generalConnection
INFORMAZIONI: Tentativo di conessione al server..........\\n
ott 29, 2023 7:13:28 PM laptop.utilities.ConnToDb generalConnection
INFORMAZIONI: Connesso standard ........

ott 29, 2023 7:13:28 PM laptop.utilities.ConnToDb generalConnection
INFORMAZIONI: Tentativo di conessione al server..........\\n
ott 29, 2023 7:13:28 PM laptop.utilities.ConnToDb generalConnection
INFORMAZIONI: Connesso standard ........

ott 29, 2023 7:13:28 PM laptop.utilities.ConnToDb generalConnection
INFORMAZIONI: Tentativo di conessione al server..........\\n
ott 29, 2023 7:13:28 PM laptop.utilities.ConnToDb generalConnection
INFORMAZIONI: Connesso standard ........

ott 29, 2023 7:13:28 PM laptop.utilities.ConnToDb generalConnection
INFORMAZIONI: Tentativo di conessione al server..........\\n
ott 29, 2023 7:13:28 PM laptop.utilities.ConnToDb generalConnection
INFORMAZIONI: Connesso standard ........

]]></system-err>
  </testcase>
  <testcase name="testAggiornaTot" classname="laptop.test.TestLaptop1" time="0.205">
    <system-err><![CDATA[ott 29, 2023 7:13:29 PM laptop.controller.ControllerModificaUtente <init>
INFORMAZIONI: Costruttore ControllerModificaUtente
ott 29, 2023 7:13:29 PM laptop.utilities.ConnToDb generalConnection
INFORMAZIONI: Tentativo di conessione al server..........\\n
ott 29, 2023 7:13:29 PM laptop.utilities.ConnToDb generalConnection
INFORMAZIONI: Connesso standard ........

ott 29, 2023 7:13:29 PM laptop.database.UsersDao pickData
INFORMAZIONI: errore in mysql :
ott 29, 2023 7:13:29 PM laptop.utilities.ConnToDb generalConnection
INFORMAZIONI: Tentativo di conessione al server..........\\n
ott 29, 2023 7:13:29 PM laptop.utilities.ConnToDb generalConnection
INFORMAZIONI: Connesso standard ........

]]></system-err>
  </testcase>
  <testcase name="testGetRivistaById" classname="laptop.test.TestLaptop1" time="0.219">
    <system-err><![CDATA[ott 29, 2023 7:13:29 PM laptop.controller.ControllerModificaUtente <init>
INFORMAZIONI: Costruttore ControllerModificaUtente
ott 29, 2023 7:13:29 PM laptop.utilities.ConnToDb generalConnection
INFORMAZIONI: Tentativo di conessione al server..........\\n
ott 29, 2023 7:13:29 PM laptop.utilities.ConnToDb generalConnection
INFORMAZIONI: Connesso standard ........

]]></system-err>
  </testcase>
  <testcase name="testScaricaLibro(int)[1]" classname="laptop.test.TestLaptop1" time="4.646">
    <system-err><![CDATA[ott 29, 2023 7:13:29 PM laptop.controller.ControllerModificaUtente <init>
INFORMAZIONI: Costruttore ControllerModificaUtente
]]></system-err>
  </testcase>
  <testcase name="testScaricaLibro(int)[2]" classname="laptop.test.TestLaptop1" time="0.28">
    <system-err><![CDATA[ott 29, 2023 7:13:34 PM laptop.controller.ControllerModificaUtente <init>
INFORMAZIONI: Costruttore ControllerModificaUtente
]]></system-err>
  </testcase>
  <testcase name="testScaricaLibro(int)[3]" classname="laptop.test.TestLaptop1" time="0.274">
    <system-err><![CDATA[ott 29, 2023 7:13:34 PM laptop.controller.ControllerModificaUtente <init>
INFORMAZIONI: Costruttore ControllerModificaUtente
]]></system-err>
  </testcase>
  <testcase name="testScaricaLibro(int)[4]" classname="laptop.test.TestLaptop1" time="0.358">
    <system-err><![CDATA[ott 29, 2023 7:13:35 PM laptop.controller.ControllerModificaUtente <init>
INFORMAZIONI: Costruttore ControllerModificaUtente
]]></system-err>
  </testcase>
  <testcase name="testScaricaLibro(int)[5]" classname="laptop.test.TestLaptop1" time="0.271">
    <system-err><![CDATA[ott 29, 2023 7:13:35 PM laptop.controller.ControllerModificaUtente <init>
INFORMAZIONI: Costruttore ControllerModificaUtente
]]></system-err>
  </testcase>
  <testcase name="testScaricaLibro(int)[6]" classname="laptop.test.TestLaptop1" time="0.185">
    <system-err><![CDATA[ott 29, 2023 7:13:35 PM laptop.controller.ControllerModificaUtente <init>
INFORMAZIONI: Costruttore ControllerModificaUtente
]]></system-err>
  </testcase>
  <testcase name="testGetDispG" classname="laptop.test.TestLaptop1" time="0.055">
    <system-err><![CDATA[ott 29, 2023 7:13:35 PM laptop.controller.ControllerModificaUtente <init>
INFORMAZIONI: Costruttore ControllerModificaUtente
ott 29, 2023 7:13:35 PM laptop.utilities.ConnToDb generalConnection
INFORMAZIONI: Tentativo di conessione al server..........\\n
ott 29, 2023 7:13:36 PM laptop.utilities.ConnToDb generalConnection
INFORMAZIONI: Connesso standard ........

]]></system-err>
  </testcase>
  <testcase name="testGetDispL" classname="laptop.test.TestLaptop1" time="0.048">
    <system-err><![CDATA[ott 29, 2023 7:13:36 PM laptop.controller.ControllerModificaUtente <init>
INFORMAZIONI: Costruttore ControllerModificaUtente
ott 29, 2023 7:13:36 PM laptop.utilities.ConnToDb generalConnection
INFORMAZIONI: Tentativo di conessione al server..........\\n
ott 29, 2023 7:13:36 PM laptop.utilities.ConnToDb generalConnection
INFORMAZIONI: Connesso standard ........

]]></system-err>
  </testcase>
  <testcase name="testGetDispR" classname="laptop.test.TestLaptop1" time="0.055">
    <system-err><![CDATA[ott 29, 2023 7:13:36 PM laptop.controller.ControllerModificaUtente <init>
INFORMAZIONI: Costruttore ControllerModificaUtente
ott 29, 2023 7:13:36 PM laptop.utilities.ConnToDb generalConnection
INFORMAZIONI: Tentativo di conessione al server..........\\n
ott 29, 2023 7:13:36 PM laptop.utilities.ConnToDb generalConnection
INFORMAZIONI: Connesso standard ........

]]></system-err>
  </testcase>
  <testcase name="testGetLista(String)[1]" classname="laptop.test.TestLaptop1" time="0.063">
    <system-err><![CDATA[ott 29, 2023 7:13:36 PM laptop.controller.ControllerModificaUtente <init>
INFORMAZIONI: Costruttore ControllerModificaUtente
ott 29, 2023 7:13:36 PM laptop.utilities.ConnToDb generalConnection
INFORMAZIONI: Tentativo di conessione al server..........\\n
ott 29, 2023 7:13:36 PM laptop.utilities.ConnToDb generalConnection
INFORMAZIONI: Connesso standard ........

]]></system-err>
  </testcase>
  <testcase name="testGetLista(String)[2]" classname="laptop.test.TestLaptop1" time="0.053">
    <system-err><![CDATA[ott 29, 2023 7:13:36 PM laptop.controller.ControllerModificaUtente <init>
INFORMAZIONI: Costruttore ControllerModificaUtente
ott 29, 2023 7:13:36 PM laptop.utilities.ConnToDb generalConnection
INFORMAZIONI: Tentativo di conessione al server..........\\n
ott 29, 2023 7:13:36 PM laptop.utilities.ConnToDb generalConnection
INFORMAZIONI: Connesso standard ........

]]></system-err>
  </testcase>
  <testcase name="testGetLista(String)[3]" classname="laptop.test.TestLaptop1" time="0.048">
    <system-err><![CDATA[ott 29, 2023 7:13:36 PM laptop.controller.ControllerModificaUtente <init>
INFORMAZIONI: Costruttore ControllerModificaUtente
ott 29, 2023 7:13:36 PM laptop.utilities.ConnToDb generalConnection
INFORMAZIONI: Tentativo di conessione al server..........\\n
ott 29, 2023 7:13:36 PM laptop.utilities.ConnToDb generalConnection
INFORMAZIONI: Connesso standard ........

]]></system-err>
  </testcase>
  <testcase name="testLogoutSE" classname="laptop.test.TestLaptop1" time="0.006">
    <system-err><![CDATA[ott 29, 2023 7:13:36 PM laptop.controller.ControllerModificaUtente <init>
INFORMAZIONI: Costruttore ControllerModificaUtente
ott 29, 2023 7:13:36 PM laptop.controller.ControllerHomePageAfterLoginSE logout
INFORMAZIONI: stai sloggando come Bao Publishing
ott 29, 2023 7:13:36 PM laptop.controller.ControllerHomePageAfterLoginSE logout
INFORMAZIONI: logout utente null
]]></system-err>
  </testcase>
  <testcase name="testTotaleG" classname="laptop.test.TestLaptop1" time="0.264">
    <system-err><![CDATA[ott 29, 2023 7:13:36 PM laptop.controller.ControllerModificaUtente <init>
INFORMAZIONI: Costruttore ControllerModificaUtente
ott 29, 2023 7:13:36 PM laptop.utilities.ConnToDb generalConnection
INFORMAZIONI: Tentativo di conessione al server..........\\n
ott 29, 2023 7:13:36 PM laptop.utilities.ConnToDb generalConnection
INFORMAZIONI: Connesso standard ........

ott 29, 2023 7:13:36 PM laptop.utilities.ConnToDb generalConnection
INFORMAZIONI: Tentativo di conessione al server..........\\n
ott 29, 2023 7:13:36 PM laptop.utilities.ConnToDb generalConnection
INFORMAZIONI: Connesso standard ........

]]></system-err>
  </testcase>
  <testcase name="testTotaleR" classname="laptop.test.TestLaptop1" time="0.443">
    <system-err><![CDATA[ott 29, 2023 7:13:36 PM laptop.controller.ControllerModificaUtente <init>
INFORMAZIONI: Costruttore ControllerModificaUtente
ott 29, 2023 7:13:36 PM laptop.utilities.ConnToDb generalConnection
INFORMAZIONI: Tentativo di conessione al server..........\\n
ott 29, 2023 7:13:36 PM laptop.utilities.ConnToDb generalConnection
INFORMAZIONI: Connesso standard ........

ott 29, 2023 7:13:36 PM laptop.utilities.ConnToDb generalConnection
INFORMAZIONI: Tentativo di conessione al server..........\\n
ott 29, 2023 7:13:36 PM laptop.utilities.ConnToDb generalConnection
INFORMAZIONI: Connesso standard ........

]]></system-err>
  </testcase>
  <testcase name="testGetNomeById" classname="laptop.test.TestLaptop1" time="0.039">
    <system-err><![CDATA[ott 29, 2023 7:13:37 PM laptop.controller.ControllerModificaUtente <init>
INFORMAZIONI: Costruttore ControllerModificaUtente
ott 29, 2023 7:13:37 PM laptop.utilities.ConnToDb generalConnection
INFORMAZIONI: Tentativo di conessione al server..........\\n
ott 29, 2023 7:13:37 PM laptop.utilities.ConnToDb generalConnection
INFORMAZIONI: Connesso standard ........

]]></system-err>
  </testcase>
  <testcase name="testGetNomeUser" classname="laptop.test.TestLaptop1" time="0.001">
    <system-err><![CDATA[ott 29, 2023 7:13:37 PM laptop.controller.ControllerModificaUtente <init>
INFORMAZIONI: Costruttore ControllerModificaUtente
]]></system-err>
  </testcase>
  <testcase name="testDisponibilitaLibro" classname="laptop.test.TestLaptop1" time="0.045">
    <system-err><![CDATA[ott 29, 2023 7:13:37 PM laptop.controller.ControllerModificaUtente <init>
INFORMAZIONI: Costruttore ControllerModificaUtente
ott 29, 2023 7:13:37 PM laptop.utilities.ConnToDb generalConnection
INFORMAZIONI: Tentativo di conessione al server..........\\n
ott 29, 2023 7:13:37 PM laptop.utilities.ConnToDb generalConnection
INFORMAZIONI: Connesso standard ........

ott 29, 2023 7:13:37 PM laptop.database.LibroDao checkDisp
INFORMAZIONI: libro disponibile
]]></system-err>
  </testcase>
  <testcase name="testCheckDataG" classname="laptop.test.TestLaptop1" time="0.259">
    <system-err><![CDATA[ott 29, 2023 7:13:37 PM laptop.controller.ControllerModificaUtente <init>
INFORMAZIONI: Costruttore ControllerModificaUtente
ott 29, 2023 7:13:37 PM laptop.utilities.ConnToDb generalConnection
INFORMAZIONI: Tentativo di conessione al server..........\\n
ott 29, 2023 7:13:37 PM laptop.utilities.ConnToDb generalConnection
INFORMAZIONI: Connesso standard ........

]]></system-err>
  </testcase>
  <testcase name="testCheckDataL" classname="laptop.test.TestLaptop1" time="0.154">
    <system-err><![CDATA[ott 29, 2023 7:13:37 PM laptop.controller.ControllerModificaUtente <init>
INFORMAZIONI: Costruttore ControllerModificaUtente
ott 29, 2023 7:13:37 PM laptop.utilities.ConnToDb generalConnection
INFORMAZIONI: Tentativo di conessione al server..........\\n
ott 29, 2023 7:13:37 PM laptop.utilities.ConnToDb generalConnection
INFORMAZIONI: Connesso standard ........

ott 29, 2023 7:13:37 PM laptop.database.LibroDao aggiornaLibro
INFORMAZIONI: row affected 1
]]></system-err>
  </testcase>
  <testcase name="testCheckDataR" classname="laptop.test.TestLaptop1" time="0.356">
    <system-err><![CDATA[ott 29, 2023 7:13:37 PM laptop.controller.ControllerModificaUtente <init>
INFORMAZIONI: Costruttore ControllerModificaUtente
ott 29, 2023 7:13:37 PM laptop.utilities.ConnToDb generalConnection
INFORMAZIONI: Tentativo di conessione al server..........\\n
ott 29, 2023 7:13:37 PM laptop.utilities.ConnToDb generalConnection
INFORMAZIONI: Connesso standard ........

]]></system-err>
  </testcase>
  <testcase name="testAnnullaOrdine" classname="laptop.test.TestLaptop1" time="0.094">
    <system-err><![CDATA[ott 29, 2023 7:13:37 PM laptop.controller.ControllerModificaUtente <init>
INFORMAZIONI: Costruttore ControllerModificaUtente
ott 29, 2023 7:13:37 PM laptop.utilities.ConnToDb generalConnection
INFORMAZIONI: Tentativo di conessione al server..........\\n
ott 29, 2023 7:13:37 PM laptop.utilities.ConnToDb generalConnection
INFORMAZIONI: Connesso standard ........

]]></system-err>
  </testcase>
  <testcase name="testDisponibilitaRivista" classname="laptop.test.TestLaptop1" time="0.142">
    <system-err><![CDATA[ott 29, 2023 7:13:38 PM laptop.controller.ControllerModificaUtente <init>
INFORMAZIONI: Costruttore ControllerModificaUtente
ott 29, 2023 7:13:38 PM laptop.utilities.ConnToDb generalConnection
INFORMAZIONI: Tentativo di conessione al server..........\\n
ott 29, 2023 7:13:38 PM laptop.utilities.ConnToDb generalConnection
INFORMAZIONI: Connesso standard ........

]]></system-err>
  </testcase>
  <testcase name="testGetRuoloTempUSer" classname="laptop.test.TestLaptop1" time="0.093">
    <system-err><![CDATA[ott 29, 2023 7:13:38 PM laptop.controller.ControllerModificaUtente <init>
INFORMAZIONI: Costruttore ControllerModificaUtente
ott 29, 2023 7:13:38 PM laptop.utilities.ConnToDb generalConnection
INFORMAZIONI: Tentativo di conessione al server..........\\n
ott 29, 2023 7:13:38 PM laptop.utilities.ConnToDb generalConnection
INFORMAZIONI: Connesso standard ........

]]></system-err>
  </testcase>
  <testcase name="testDisponibilitaGiornale" classname="laptop.test.TestLaptop1" time="0.037">
    <system-err><![CDATA[ott 29, 2023 7:13:38 PM laptop.controller.ControllerModificaUtente <init>
INFORMAZIONI: Costruttore ControllerModificaUtente
ott 29, 2023 7:13:38 PM laptop.utilities.ConnToDb generalConnection
INFORMAZIONI: Tentativo di conessione al server..........\\n
ott 29, 2023 7:13:38 PM laptop.utilities.ConnToDb generalConnection
INFORMAZIONI: Connesso standard ........

ott 29, 2023 7:13:38 PM laptop.database.GiornaleDao checkDisp
INFORMAZIONI: giornale Trovato
]]></system-err>
  </testcase>
  <testcase name="testGetGiornaliById" classname="laptop.test.TestLaptop1" time="0.037">
    <system-err><![CDATA[ott 29, 2023 7:13:38 PM laptop.controller.ControllerModificaUtente <init>
INFORMAZIONI: Costruttore ControllerModificaUtente
ott 29, 2023 7:13:38 PM laptop.utilities.ConnToDb generalConnection
INFORMAZIONI: Tentativo di conessione al server..........\\n
ott 29, 2023 7:13:38 PM laptop.utilities.ConnToDb generalConnection
INFORMAZIONI: Connesso standard ........

ott 29, 2023 7:13:38 PM laptop.database.GiornaleDao getGiornaliSingoloById
INFORMAZIONI: catalogo [laptop.model.raccolta.Giornale@2314cd97]
]]></system-err>
  </testcase>
  <testcase name="testGetTipo" classname="laptop.test.TestLaptop1" time="0.001">
    <system-err><![CDATA[ott 29, 2023 7:13:38 PM laptop.controller.ControllerModificaUtente <init>
INFORMAZIONI: Costruttore ControllerModificaUtente
]]></system-err>
  </testcase>
  <testcase name="testGetNumeroCC" classname="laptop.test.TestLaptop1" time="0.001">
    <system-err><![CDATA[ott 29, 2023 7:13:38 PM laptop.controller.ControllerModificaUtente <init>
INFORMAZIONI: Costruttore ControllerModificaUtente
]]></system-err>
  </testcase>
  <testcase name="testCheckDataGM" classname="laptop.test.TestLaptop1" time="0.476">
    <system-err><![CDATA[ott 29, 2023 7:13:38 PM laptop.controller.ControllerModificaUtente <init>
INFORMAZIONI: Costruttore ControllerModificaUtente
ott 29, 2023 7:13:38 PM laptop.utilities.ConnToDb generalConnection
INFORMAZIONI: Tentativo di conessione al server..........\\n
ott 29, 2023 7:13:38 PM laptop.utilities.ConnToDb generalConnection
INFORMAZIONI: Connesso standard ........

ott 29, 2023 7:13:38 PM laptop.database.GiornaleDao aggiornaGiornale
INFORMAZIONI:  rows aggiornalte 1
]]></system-err>
  </testcase>
  <testcase name="testCheckDataRM" classname="laptop.test.TestLaptop1" time="0.248">
    <system-err><![CDATA[ott 29, 2023 7:13:38 PM laptop.controller.ControllerModificaUtente <init>
INFORMAZIONI: Costruttore ControllerModificaUtente
ott 29, 2023 7:13:38 PM laptop.utilities.ConnToDb generalConnection
INFORMAZIONI: Tentativo di conessione al server..........\\n
ott 29, 2023 7:13:38 PM laptop.utilities.ConnToDb generalConnection
INFORMAZIONI: Connesso standard ........

ott 29, 2023 7:13:39 PM laptop.database.RivistaDao aggiornaRivista
INFORMAZIONI: rows afffected1
]]></system-err>
  </testcase>
  <testcase name="testGetAmmontare" classname="laptop.test.TestLaptop1" time="0.003">
    <system-err><![CDATA[ott 29, 2023 7:13:39 PM laptop.controller.ControllerModificaUtente <init>
INFORMAZIONI: Costruttore ControllerModificaUtente
]]></system-err>
  </testcase>
  <testcase name="testControllaG" classname="laptop.test.TestLaptop1" time="0.42">
    <system-err><![CDATA[ott 29, 2023 7:13:39 PM laptop.controller.ControllerModificaUtente <init>
INFORMAZIONI: Costruttore ControllerModificaUtente
ott 29, 2023 7:13:39 PM laptop.utilities.ConnToDb generalConnection
INFORMAZIONI: Tentativo di conessione al server..........\\n
ott 29, 2023 7:13:39 PM laptop.utilities.ConnToDb generalConnection
INFORMAZIONI: Connesso standard ........

ott 29, 2023 7:13:39 PM laptop.utilities.ConnToDb generalConnection
INFORMAZIONI: Tentativo di conessione al server..........\\n
ott 29, 2023 7:13:39 PM laptop.utilities.ConnToDb generalConnection
INFORMAZIONI: Connesso standard ........

ott 29, 2023 7:13:39 PM laptop.utilities.ConnToDb generalConnection
INFORMAZIONI: Tentativo di conessione al server..........\\n
ott 29, 2023 7:13:39 PM laptop.utilities.ConnToDb generalConnection
INFORMAZIONI: Connesso standard ........

]]></system-err>
  </testcase>
  <testcase name="testControllaL" classname="laptop.test.TestLaptop1" time="0.466">
    <system-err><![CDATA[ott 29, 2023 7:13:39 PM laptop.controller.ControllerModificaUtente <init>
INFORMAZIONI: Costruttore ControllerModificaUtente
ott 29, 2023 7:13:39 PM laptop.utilities.ConnToDb generalConnection
INFORMAZIONI: Tentativo di conessione al server..........\\n
ott 29, 2023 7:13:39 PM laptop.utilities.ConnToDb generalConnection
INFORMAZIONI: Connesso standard ........

ott 29, 2023 7:13:39 PM laptop.utilities.ConnToDb generalConnection
INFORMAZIONI: Tentativo di conessione al server..........\\n
ott 29, 2023 7:13:39 PM laptop.utilities.ConnToDb generalConnection
INFORMAZIONI: Connesso standard ........

ott 29, 2023 7:13:39 PM laptop.utilities.ConnToDb generalConnection
INFORMAZIONI: Tentativo di conessione al server..........\\n
ott 29, 2023 7:13:40 PM laptop.utilities.ConnToDb generalConnection
INFORMAZIONI: Connesso standard ........

]]></system-err>
  </testcase>
  <testcase name="testControllaR" classname="laptop.test.TestLaptop1" time="1.168">
    <system-err><![CDATA[ott 29, 2023 7:13:40 PM laptop.controller.ControllerModificaUtente <init>
INFORMAZIONI: Costruttore ControllerModificaUtente
ott 29, 2023 7:13:40 PM laptop.utilities.ConnToDb generalConnection
INFORMAZIONI: Tentativo di conessione al server..........\\n
ott 29, 2023 7:13:40 PM laptop.utilities.ConnToDb generalConnection
INFORMAZIONI: Connesso standard ........

ott 29, 2023 7:13:40 PM laptop.utilities.ConnToDb generalConnection
INFORMAZIONI: Tentativo di conessione al server..........\\n
ott 29, 2023 7:13:40 PM laptop.utilities.ConnToDb generalConnection
INFORMAZIONI: Connesso standard ........

ott 29, 2023 7:13:41 PM laptop.utilities.ConnToDb generalConnection
INFORMAZIONI: Tentativo di conessione al server..........\\n
ott 29, 2023 7:13:41 PM laptop.utilities.ConnToDb generalConnection
INFORMAZIONI: Connesso standard ........

]]></system-err>
  </testcase>
  <testcase name="testGetPrezzoTransazine" classname="laptop.test.TestLaptop1" time="0.036">
    <system-err><![CDATA[ott 29, 2023 7:13:41 PM laptop.controller.ControllerModificaUtente <init>
INFORMAZIONI: Costruttore ControllerModificaUtente
]]></system-err>
  </testcase>
  <testcase name="testGetCognomeUser" classname="laptop.test.TestLaptop1" time="0">
    <system-err><![CDATA[ott 29, 2023 7:13:41 PM laptop.controller.ControllerModificaUtente <init>
INFORMAZIONI: Costruttore ControllerModificaUtente
]]></system-err>
  </testcase>
  <testcase name="testControlla" classname="laptop.test.TestLaptop1" time="0.303">
    <system-err><![CDATA[ott 29, 2023 7:13:41 PM laptop.controller.ControllerModificaUtente <init>
INFORMAZIONI: Costruttore ControllerModificaUtente
ott 29, 2023 7:13:41 PM laptop.utilities.ConnToDb generalConnection
INFORMAZIONI: Tentativo di conessione al server..........\\n
ott 29, 2023 7:13:41 PM laptop.utilities.ConnToDb generalConnection
INFORMAZIONI: Connesso standard ........

ott 29, 2023 7:13:41 PM laptop.database.UsersDao checkUser
INFORMAZIONI: idUser zerocalcare@gmail.com
ott 29, 2023 7:13:41 PM laptop.utilities.ConnToDb generalConnection
INFORMAZIONI: Tentativo di conessione al server..........\\n
ott 29, 2023 7:13:41 PM laptop.utilities.ConnToDb generalConnection
INFORMAZIONI: Connesso standard ........

ott 29, 2023 7:13:41 PM laptop.utilities.ConnToDb generalConnection
INFORMAZIONI: Tentativo di conessione al server..........\\n
ott 29, 2023 7:13:41 PM laptop.utilities.ConnToDb generalConnection
INFORMAZIONI: Connesso standard ........

ott 29, 2023 7:13:41 PM laptop.database.UsersDao pickData
INFORMAZIONI: errore in mysql :
ott 29, 2023 7:13:41 PM laptop.controller.ControllerLogin controlla
INFORMAZIONI: loggato come W
]]></system-err>
  </testcase>
  <testcase name="testGetRivistaS" classname="laptop.test.TestLaptop1" time="0.053">
    <system-err><![CDATA[ott 29, 2023 7:13:41 PM laptop.controller.ControllerModificaUtente <init>
INFORMAZIONI: Costruttore ControllerModificaUtente
ott 29, 2023 7:13:41 PM laptop.utilities.ConnToDb generalConnection
INFORMAZIONI: Tentativo di conessione al server..........\\n
ott 29, 2023 7:13:41 PM laptop.utilities.ConnToDb generalConnection
INFORMAZIONI: Connesso standard ........

]]></system-err>
  </testcase>
  <testcase name="testGetScadenza" classname="laptop.test.TestLaptop1" time="0.004">
    <system-err><![CDATA[ott 29, 2023 7:13:41 PM laptop.controller.ControllerModificaUtente <init>
INFORMAZIONI: Costruttore ControllerModificaUtente
]]></system-err>
  </testcase>
  <testcase name="testScaricaRivista(int)[1]" classname="laptop.test.TestLaptop1" time="6.49">
    <system-err><![CDATA[ott 29, 2023 7:13:41 PM laptop.controller.ControllerModificaUtente <init>
INFORMAZIONI: Costruttore ControllerModificaUtente
]]></system-err>
  </testcase>
  <testcase name="testScaricaRivista(int)[2]" classname="laptop.test.TestLaptop1" time="0.183">
    <system-err><![CDATA[ott 29, 2023 7:13:48 PM laptop.controller.ControllerModificaUtente <init>
INFORMAZIONI: Costruttore ControllerModificaUtente
]]></system-err>
  </testcase>
  <testcase name="testScaricaRivista(int)[3]" classname="laptop.test.TestLaptop1" time="0.096">
    <system-err><![CDATA[ott 29, 2023 7:13:48 PM laptop.controller.ControllerModificaUtente <init>
INFORMAZIONI: Costruttore ControllerModificaUtente
]]></system-err>
  </testcase>
  <testcase name="testScaricaRivista(int)[4]" classname="laptop.test.TestLaptop1" time="0.049">
    <system-err><![CDATA[ott 29, 2023 7:13:48 PM laptop.controller.ControllerModificaUtente <init>
INFORMAZIONI: Costruttore ControllerModificaUtente
]]></system-err>
  </testcase>
  <testcase name="testScaricaRivista(int)[5]" classname="laptop.test.TestLaptop1" time="0.065">
    <system-err><![CDATA[ott 29, 2023 7:13:48 PM laptop.controller.ControllerModificaUtente <init>
INFORMAZIONI: Costruttore ControllerModificaUtente
]]></system-err>
  </testcase>
  <testcase name="testScaricaRivista(int)[6]" classname="laptop.test.TestLaptop1" time="0.037">
    <system-err><![CDATA[ott 29, 2023 7:13:48 PM laptop.controller.ControllerModificaUtente <init>
INFORMAZIONI: Costruttore ControllerModificaUtente
]]></system-err>
  </testcase>
  <testcase name="testGetNomeByIdG" classname="laptop.test.TestLaptop1" time="0.206">
    <system-err><![CDATA[ott 29, 2023 7:13:48 PM laptop.controller.ControllerModificaUtente <init>
INFORMAZIONI: Costruttore ControllerModificaUtente
ott 29, 2023 7:13:48 PM laptop.utilities.ConnToDb generalConnection
INFORMAZIONI: Tentativo di conessione al server..........\\n
ott 29, 2023 7:13:48 PM laptop.utilities.ConnToDb generalConnection
INFORMAZIONI: Connesso standard ........

]]></system-err>
  </testcase>
  <testcase name="testGetNomeByIdR" classname="laptop.test.TestLaptop1" time="0.066">
    <system-err><![CDATA[ott 29, 2023 7:13:48 PM laptop.controller.ControllerModificaUtente <init>
INFORMAZIONI: Costruttore ControllerModificaUtente
ott 29, 2023 7:13:48 PM laptop.utilities.ConnToDb generalConnection
INFORMAZIONI: Tentativo di conessione al server..........\\n
ott 29, 2023 7:13:48 PM laptop.utilities.ConnToDb generalConnection
INFORMAZIONI: Connesso standard ........

]]></system-err>
  </testcase>
  <testcase name="testAnnullaOrdineG" classname="laptop.test.TestLaptop1" time="1.557">
    <system-err><![CDATA[ott 29, 2023 7:13:48 PM laptop.controller.ControllerModificaUtente <init>
INFORMAZIONI: Costruttore ControllerModificaUtente
ott 29, 2023 7:13:48 PM laptop.utilities.ConnToDb generalConnection
INFORMAZIONI: Tentativo di conessione al server..........\\n
ott 29, 2023 7:13:48 PM laptop.utilities.ConnToDb generalConnection
INFORMAZIONI: Connesso standard ........

ott 29, 2023 7:13:49 PM laptop.utilities.ConnToDb generalConnection
INFORMAZIONI: Tentativo di conessione al server..........\\n
ott 29, 2023 7:13:49 PM laptop.utilities.ConnToDb generalConnection
INFORMAZIONI: Connesso standard ........

ott 29, 2023 7:13:49 PM laptop.utilities.ConnToDb generalConnection
INFORMAZIONI: Tentativo di conessione al server..........\\n
ott 29, 2023 7:13:49 PM laptop.utilities.ConnToDb generalConnection
INFORMAZIONI: Connesso standard ........

ott 29, 2023 7:13:49 PM laptop.utilities.ConnToDb generalConnection
INFORMAZIONI: Tentativo di conessione al server..........\\n
ott 29, 2023 7:13:49 PM laptop.utilities.ConnToDb generalConnection
INFORMAZIONI: Connesso standard ........

ott 29, 2023 7:13:49 PM laptop.utilities.ConnToDb generalConnection
INFORMAZIONI: Tentativo di conessione al server..........\\n
ott 29, 2023 7:13:49 PM laptop.utilities.ConnToDb generalConnection
INFORMAZIONI: Connesso standard ........

ott 29, 2023 7:13:49 PM laptop.utilities.ConnToDb generalConnection
INFORMAZIONI: Tentativo di conessione al server..........\\n
ott 29, 2023 7:13:49 PM laptop.utilities.ConnToDb generalConnection
INFORMAZIONI: Connesso standard ........

ott 29, 2023 7:13:49 PM laptop.utilities.ConnToDb generalConnection
INFORMAZIONI: Tentativo di conessione al server..........\\n
ott 29, 2023 7:13:50 PM laptop.utilities.ConnToDb generalConnection
INFORMAZIONI: Connesso standard ........

ott 29, 2023 7:13:50 PM laptop.utilities.ConnToDb generalConnection
INFORMAZIONI: Tentativo di conessione al server..........\\n
ott 29, 2023 7:13:50 PM laptop.utilities.ConnToDb generalConnection
INFORMAZIONI: Connesso standard ........

ott 29, 2023 7:13:50 PM laptop.utilities.ConnToDb generalConnection
INFORMAZIONI: Tentativo di conessione al server..........\\n
ott 29, 2023 7:13:50 PM laptop.utilities.ConnToDb generalConnection
INFORMAZIONI: Connesso standard ........

]]></system-err>
  </testcase>
  <testcase name="testAnnullaOrdineL" classname="laptop.test.TestLaptop1" time="5.456">
    <system-err><![CDATA[ott 29, 2023 7:13:50 PM laptop.controller.ControllerModificaUtente <init>
INFORMAZIONI: Costruttore ControllerModificaUtente
ott 29, 2023 7:13:50 PM laptop.utilities.ConnToDb generalConnection
INFORMAZIONI: Tentativo di conessione al server..........\\n
ott 29, 2023 7:13:50 PM laptop.utilities.ConnToDb generalConnection
INFORMAZIONI: Connesso standard ........

ott 29, 2023 7:13:50 PM laptop.utilities.ConnToDb generalConnection
INFORMAZIONI: Tentativo di conessione al server..........\\n
ott 29, 2023 7:13:50 PM laptop.utilities.ConnToDb generalConnection
INFORMAZIONI: Connesso standard ........

ott 29, 2023 7:13:51 PM laptop.utilities.ConnToDb generalConnection
INFORMAZIONI: Tentativo di conessione al server..........\\n
ott 29, 2023 7:13:51 PM laptop.utilities.ConnToDb generalConnection
INFORMAZIONI: Connesso standard ........

ott 29, 2023 7:13:52 PM laptop.utilities.ConnToDb generalConnection
INFORMAZIONI: Tentativo di conessione al server..........\\n
ott 29, 2023 7:13:52 PM laptop.utilities.ConnToDb generalConnection
INFORMAZIONI: Connesso standard ........

ott 29, 2023 7:13:53 PM laptop.utilities.ConnToDb generalConnection
INFORMAZIONI: Tentativo di conessione al server..........\\n
ott 29, 2023 7:13:53 PM laptop.utilities.ConnToDb generalConnection
INFORMAZIONI: Connesso standard ........

ott 29, 2023 7:13:54 PM laptop.utilities.ConnToDb generalConnection
INFORMAZIONI: Tentativo di conessione al server..........\\n
ott 29, 2023 7:13:54 PM laptop.utilities.ConnToDb generalConnection
INFORMAZIONI: Connesso standard ........

ott 29, 2023 7:13:54 PM laptop.utilities.ConnToDb generalConnection
INFORMAZIONI: Tentativo di conessione al server..........\\n
ott 29, 2023 7:13:54 PM laptop.utilities.ConnToDb generalConnection
INFORMAZIONI: Connesso standard ........

ott 29, 2023 7:13:54 PM laptop.utilities.ConnToDb generalConnection
INFORMAZIONI: Tentativo di conessione al server..........\\n
ott 29, 2023 7:13:54 PM laptop.utilities.ConnToDb generalConnection
INFORMAZIONI: Connesso standard ........

ott 29, 2023 7:13:55 PM laptop.utilities.ConnToDb generalConnection
INFORMAZIONI: Tentativo di conessione al server..........\\n
ott 29, 2023 7:13:55 PM laptop.utilities.ConnToDb generalConnection
INFORMAZIONI: Connesso standard ........

]]></system-err>
  </testcase>
  <testcase name="testAnnullaOrdineR" classname="laptop.test.TestLaptop1" time="1.354">
    <system-err><![CDATA[ott 29, 2023 7:13:55 PM laptop.controller.ControllerModificaUtente <init>
INFORMAZIONI: Costruttore ControllerModificaUtente
ott 29, 2023 7:13:55 PM laptop.utilities.ConnToDb generalConnection
INFORMAZIONI: Tentativo di conessione al server..........\\n
ott 29, 2023 7:13:55 PM laptop.utilities.ConnToDb generalConnection
INFORMAZIONI: Connesso standard ........

ott 29, 2023 7:13:56 PM laptop.utilities.ConnToDb generalConnection
INFORMAZIONI: Tentativo di conessione al server..........\\n
ott 29, 2023 7:13:56 PM laptop.utilities.ConnToDb generalConnection
INFORMAZIONI: Connesso standard ........

ott 29, 2023 7:13:56 PM laptop.utilities.ConnToDb generalConnection
INFORMAZIONI: Tentativo di conessione al server..........\\n
ott 29, 2023 7:13:56 PM laptop.utilities.ConnToDb generalConnection
INFORMAZIONI: Connesso standard ........

ott 29, 2023 7:13:56 PM laptop.utilities.ConnToDb generalConnection
INFORMAZIONI: Tentativo di conessione al server..........\\n
ott 29, 2023 7:13:56 PM laptop.utilities.ConnToDb generalConnection
INFORMAZIONI: Connesso standard ........

ott 29, 2023 7:13:56 PM laptop.utilities.ConnToDb generalConnection
INFORMAZIONI: Tentativo di conessione al server..........\\n
ott 29, 2023 7:13:56 PM laptop.utilities.ConnToDb generalConnection
INFORMAZIONI: Connesso standard ........

ott 29, 2023 7:13:56 PM laptop.utilities.ConnToDb generalConnection
INFORMAZIONI: Tentativo di conessione al server..........\\n
ott 29, 2023 7:13:56 PM laptop.utilities.ConnToDb generalConnection
INFORMAZIONI: Connesso standard ........

ott 29, 2023 7:13:56 PM laptop.utilities.ConnToDb generalConnection
INFORMAZIONI: Tentativo di conessione al server..........\\n
ott 29, 2023 7:13:56 PM laptop.utilities.ConnToDb generalConnection
INFORMAZIONI: Connesso standard ........

]]></system-err>
  </testcase>
  <testcase name="testGetGiornaleS" classname="laptop.test.TestLaptop1" time="0.037">
    <system-err><![CDATA[ott 29, 2023 7:13:57 PM laptop.controller.ControllerModificaUtente <init>
INFORMAZIONI: Costruttore ControllerModificaUtente
ott 29, 2023 7:13:57 PM laptop.utilities.ConnToDb generalConnection
INFORMAZIONI: Tentativo di conessione al server..........\\n
ott 29, 2023 7:13:57 PM laptop.utilities.ConnToDb generalConnection
INFORMAZIONI: Connesso standard ........

]]></system-err>
  </testcase>
  <testcase name="testGetCostoG" classname="laptop.test.TestLaptop1" time="0.04">
    <system-err><![CDATA[ott 29, 2023 7:13:57 PM laptop.controller.ControllerModificaUtente <init>
INFORMAZIONI: Costruttore ControllerModificaUtente
ott 29, 2023 7:13:57 PM laptop.utilities.ConnToDb generalConnection
INFORMAZIONI: Tentativo di conessione al server..........\\n
ott 29, 2023 7:13:57 PM laptop.utilities.ConnToDb generalConnection
INFORMAZIONI: Connesso standard ........

]]></system-err>
  </testcase>
  <testcase name="testGetCostoL" classname="laptop.test.TestLaptop1" time="0.033">
    <system-err><![CDATA[ott 29, 2023 7:13:57 PM laptop.controller.ControllerModificaUtente <init>
INFORMAZIONI: Costruttore ControllerModificaUtente
ott 29, 2023 7:13:57 PM laptop.utilities.ConnToDb generalConnection
INFORMAZIONI: Tentativo di conessione al server..........\\n
ott 29, 2023 7:13:57 PM laptop.utilities.ConnToDb generalConnection
INFORMAZIONI: Connesso standard ........

]]></system-err>
  </testcase>
  <testcase name="testGetCostoR" classname="laptop.test.TestLaptop1" time="0.042">
    <system-err><![CDATA[ott 29, 2023 7:13:57 PM laptop.controller.ControllerModificaUtente <init>
INFORMAZIONI: Costruttore ControllerModificaUtente
ott 29, 2023 7:13:57 PM laptop.utilities.ConnToDb generalConnection
INFORMAZIONI: Tentativo di conessione al server..........\\n
ott 29, 2023 7:13:57 PM laptop.utilities.ConnToDb generalConnection
INFORMAZIONI: Connesso standard ........

]]></system-err>
  </testcase>
  <testcase name="testCheckData" classname="laptop.test.TestLaptop1" time="0.162">
    <system-err><![CDATA[ott 29, 2023 7:13:57 PM laptop.controller.ControllerModificaUtente <init>
INFORMAZIONI: Costruttore ControllerModificaUtente
ott 29, 2023 7:13:57 PM laptop.utilities.ConnToDb generalConnection
INFORMAZIONI: Tentativo di conessione al server..........\\n
ott 29, 2023 7:13:57 PM laptop.utilities.ConnToDb generalConnection
INFORMAZIONI: Connesso standard ........

]]></system-err>
  </testcase>
  <testcase name="testRetTipoUser(String)[1]" classname="laptop.test.TestLaptop1" time="0.001">
    <system-err><![CDATA[ott 29, 2023 7:13:57 PM laptop.controller.ControllerModificaUtente <init>
INFORMAZIONI: Costruttore ControllerModificaUtente
]]></system-err>
  </testcase>
  <testcase name="testRetTipoUser(String)[2]" classname="laptop.test.TestLaptop1" time="0.002">
    <system-err><![CDATA[ott 29, 2023 7:13:57 PM laptop.controller.ControllerModificaUtente <init>
INFORMAZIONI: Costruttore ControllerModificaUtente
]]></system-err>
  </testcase>
  <testcase name="testRetTipoUser(String)[3]" classname="laptop.test.TestLaptop1" time="0.002">
    <system-err><![CDATA[ott 29, 2023 7:13:57 PM laptop.controller.ControllerModificaUtente <init>
INFORMAZIONI: Costruttore ControllerModificaUtente
]]></system-err>
  </testcase>
  <testcase name="testCancellaG" classname="laptop.test.TestLaptop1" time="0.269">
    <system-err><![CDATA[ott 29, 2023 7:13:57 PM laptop.controller.ControllerModificaUtente <init>
INFORMAZIONI: Costruttore ControllerModificaUtente
ott 29, 2023 7:13:57 PM laptop.utilities.ConnToDb generalConnection
INFORMAZIONI: Tentativo di conessione al server..........\\n
ott 29, 2023 7:13:57 PM laptop.utilities.ConnToDb generalConnection
INFORMAZIONI: Connesso standard ........

ott 29, 2023 7:13:57 PM laptop.database.GiornaleDao cancella
INFORMAZIONI: 
 rows affcted 1
]]></system-err>
  </testcase>
  <testcase name="testCancellaL" classname="laptop.test.TestLaptop1" time="0.489">
    <system-err><![CDATA[ott 29, 2023 7:13:57 PM laptop.controller.ControllerModificaUtente <init>
INFORMAZIONI: Costruttore ControllerModificaUtente
ott 29, 2023 7:13:57 PM laptop.utilities.ConnToDb generalConnection
INFORMAZIONI: Tentativo di conessione al server..........\\n
ott 29, 2023 7:13:57 PM laptop.utilities.ConnToDb generalConnection
INFORMAZIONI: Connesso standard ........

ott 29, 2023 7:13:58 PM laptop.database.LibroDao cancella
INFORMAZIONI: libro cancellato 1
]]></system-err>
  </testcase>
  <testcase name="testCancellaR" classname="laptop.test.TestLaptop1" time="0.135">
    <system-err><![CDATA[ott 29, 2023 7:13:58 PM laptop.controller.ControllerModificaUtente <init>
INFORMAZIONI: Costruttore ControllerModificaUtente
ott 29, 2023 7:13:58 PM laptop.utilities.ConnToDb generalConnection
INFORMAZIONI: Tentativo di conessione al server..........\\n
ott 29, 2023 7:13:58 PM laptop.utilities.ConnToDb generalConnection
INFORMAZIONI: Connesso standard ........

ott 29, 2023 7:13:58 PM laptop.database.RivistaDao cancella
INFORMAZIONI: row delected1
]]></system-err>
  </testcase>
  <testcase name="testGetLibroS" classname="laptop.test.TestLaptop1" time="0.037">
    <system-err><![CDATA[ott 29, 2023 7:13:58 PM laptop.controller.ControllerModificaUtente <init>
INFORMAZIONI: Costruttore ControllerModificaUtente
ott 29, 2023 7:13:58 PM laptop.utilities.ConnToDb generalConnection
INFORMAZIONI: Tentativo di conessione al server..........\\n
ott 29, 2023 7:13:58 PM laptop.utilities.ConnToDb generalConnection
INFORMAZIONI: Connesso standard ........

ott 29, 2023 7:13:58 PM laptop.database.LibroDao getLibroSingolo
INFORMAZIONI: ctalogo [laptop.model.raccolta.Libro@6ad26381, laptop.model.raccolta.Libro@4b20aa21, laptop.model.raccolta.Libro@f5167f0, laptop.model.raccolta.Libro@1260c85e, laptop.model.raccolta.Libro@6b576ff8, laptop.model.raccolta.Libro@25e8a111, laptop.model.raccolta.Libro@21022cbb, laptop.model.raccolta.Libro@353422fd, laptop.model.raccolta.Libro@654cb30c, laptop.model.raccolta.Libro@5cc669d, laptop.model.raccolta.Libro@351be56b, laptop.model.raccolta.Libro@212c0aff, laptop.model.raccolta.Libro@21780905, laptop.model.raccolta.Libro@47666b39, laptop.model.raccolta.Libro@2dbcee03, laptop.model.raccolta.Libro@6c8672b9, laptop.model.raccolta.Libro@dd77e0d, laptop.model.raccolta.Libro@799cf32d, laptop.model.raccolta.Libro@331ad6eb]
]]></system-err>
  </testcase>
  <testcase name="testGetLimite" classname="laptop.test.TestLaptop1" time="0.005">
    <system-err><![CDATA[ott 29, 2023 7:13:58 PM laptop.controller.ControllerModificaUtente <init>
INFORMAZIONI: Costruttore ControllerModificaUtente
]]></system-err>
  </testcase>
  <testcase name="testGetCiv" classname="laptop.test.TestLaptop1" time="0.001">
    <system-err><![CDATA[ott 29, 2023 7:13:58 PM laptop.controller.ControllerModificaUtente <init>
INFORMAZIONI: Costruttore ControllerModificaUtente
]]></system-err>
  </testcase>
  <testcase name="testLogout" classname="laptop.test.TestLaptop1" time="0.007">
    <system-err><![CDATA[ott 29, 2023 7:13:58 PM laptop.controller.ControllerModificaUtente <init>
INFORMAZIONI: Costruttore ControllerModificaUtente
ott 29, 2023 7:13:58 PM laptop.controller.ControllerHomePageAfterLogin logout
INFORMAZIONI: stai sloggando come Zerocalcare
ott 29, 2023 7:13:58 PM laptop.controller.ControllerHomePageAfterLogin logout
INFORMAZIONI: stai sloggando null
]]></system-err>
  </testcase>
  <testcase name="testPrendi" classname="laptop.test.TestLaptop1" time="0.031">
    <system-err><![CDATA[ott 29, 2023 7:13:58 PM laptop.controller.ControllerModificaUtente <init>
INFORMAZIONI: Costruttore ControllerModificaUtente
ott 29, 2023 7:13:58 PM laptop.utilities.ConnToDb generalConnection
INFORMAZIONI: Tentativo di conessione al server..........\\n
ott 29, 2023 7:13:58 PM laptop.utilities.ConnToDb generalConnection
INFORMAZIONI: Connesso standard ........

ott 29, 2023 7:13:58 PM laptop.database.UsersDao pickData
INFORMAZIONI: errore in mysql :
]]></system-err>
  </testcase>
  <testcase name="testTotale" classname="laptop.test.TestLaptop1" time="0.071">
    <system-err><![CDATA[ott 29, 2023 7:13:58 PM laptop.controller.ControllerModificaUtente <init>
INFORMAZIONI: Costruttore ControllerModificaUtente
ott 29, 2023 7:13:58 PM laptop.utilities.ConnToDb generalConnection
INFORMAZIONI: Tentativo di conessione al server..........\\n
ott 29, 2023 7:13:58 PM laptop.utilities.ConnToDb generalConnection
INFORMAZIONI: Connesso standard ........

ott 29, 2023 7:13:58 PM laptop.utilities.ConnToDb generalConnection
INFORMAZIONI: Tentativo di conessione al server..........\\n
ott 29, 2023 7:13:58 PM laptop.utilities.ConnToDb generalConnection
INFORMAZIONI: Connesso standard ........

]]></system-err>
  </testcase>
  <testcase name="testGetLibriById" classname="laptop.test.TestLaptop1" time="0.045">
    <system-err><![CDATA[ott 29, 2023 7:13:58 PM laptop.controller.ControllerModificaUtente <init>
INFORMAZIONI: Costruttore ControllerModificaUtente
ott 29, 2023 7:13:58 PM laptop.utilities.ConnToDb generalConnection
INFORMAZIONI: Tentativo di conessione al server..........\\n
ott 29, 2023 7:13:58 PM laptop.utilities.ConnToDb generalConnection
INFORMAZIONI: Connesso standard ........

ott 29, 2023 7:13:58 PM laptop.database.LibroDao getLibriSingoloById
INFORMAZIONI: catalogo trovato
]]></system-err>
  </testcase>
  <testcase name="testScaricaGiornale(int)[1]" classname="laptop.test.TestLaptop1" time="0.055">
    <system-err><![CDATA[ott 29, 2023 7:13:58 PM laptop.controller.ControllerModificaUtente <init>
INFORMAZIONI: Costruttore ControllerModificaUtente
]]></system-err>
  </testcase>
  <testcase name="testScaricaGiornale(int)[2]" classname="laptop.test.TestLaptop1" time="0.062">
    <system-err><![CDATA[ott 29, 2023 7:13:58 PM laptop.controller.ControllerModificaUtente <init>
INFORMAZIONI: Costruttore ControllerModificaUtente
]]></system-err>
  </testcase>
  <testcase name="testScaricaGiornale(int)[3]" classname="laptop.test.TestLaptop1" time="0.047">
    <system-err><![CDATA[ott 29, 2023 7:13:58 PM laptop.controller.ControllerModificaUtente <init>
INFORMAZIONI: Costruttore ControllerModificaUtente
]]></system-err>
  </testcase>
  <testcase name="testScaricaGiornale(int)[4]" classname="laptop.test.TestLaptop1" time="0.028">
    <system-err><![CDATA[ott 29, 2023 7:13:58 PM laptop.controller.ControllerModificaUtente <init>
INFORMAZIONI: Costruttore ControllerModificaUtente
]]></system-err>
  </testcase>
  <testcase name="testScaricaGiornale(int)[5]" classname="laptop.test.TestLaptop1" time="0.03">
    <system-err><![CDATA[ott 29, 2023 7:13:59 PM laptop.controller.ControllerModificaUtente <init>
INFORMAZIONI: Costruttore ControllerModificaUtente
]]></system-err>
  </testcase>
  <testcase name="testScaricaGiornale(int)[6]" classname="laptop.test.TestLaptop1" time="0.084">
    <system-err><![CDATA[ott 29, 2023 7:13:59 PM laptop.controller.ControllerModificaUtente <init>
INFORMAZIONI: Costruttore ControllerModificaUtente
]]></system-err>
  </testcase>
</testsuite>