<?xml version="1.0" encoding="UTF-8"?>
<testsuite xmlns:xsi="http://www.w3.org/2001/XMLSchema-instance" xsi:noNamespaceSchemaLocation="https://maven.apache.org/surefire/maven-surefire-plugin/xsd/surefire-test-report-3.0.xsd" version="3.0" name="laptop.test.TestLaptop2" time="10.862" tests="155" errors="0" skipped="0" failures="0">
  <properties>
[...]
</properties>
  <testcase name="testGetNegoziL" classname="laptop.test.TestLaptop2" time="0.032">
    <system-err><![CDATA[ott 28, 2023 11:41:59 AM laptop.controller.ControllerPassword <init>
INFORMAZIONI: Costruttore ControllerPassword
ott 28, 2023 11:41:59 AM laptop.controller.ControllerRegistraUtente <init>
INFORMAZIONI: Costruttore ControllerRegistaUtente
ott 28, 2023 11:41:59 AM laptop.controller.ControllerRicercaPerTipo <init>
INFORMAZIONI: Costruttore ControllerRicercaPerTipo
ott 28, 2023 11:41:59 AM laptop.controller.ControllerVisualizzaProfilo <init>
INFORMAZIONI: Costruttore ControllerVisualizzaProfilo
ott 28, 2023 11:41:59 AM laptop.utilities.ConnToDb generalConnection
INFORMAZIONI: Tentativo di conessione al server..........\\n
ott 28, 2023 11:41:59 AM laptop.utilities.ConnToDb generalConnection
INFORMAZIONI: Connesso standard ........

]]></system-err>
  </testcase>
  <testcase name="testAggiornaPass" classname="laptop.test.TestLaptop2" time="0.471">
    <system-err><![CDATA[ott 28, 2023 11:41:59 AM laptop.controller.ControllerPassword <init>
INFORMAZIONI: Costruttore ControllerPassword
ott 28, 2023 11:41:59 AM laptop.controller.ControllerRegistraUtente <init>
INFORMAZIONI: Costruttore ControllerRegistaUtente
ott 28, 2023 11:41:59 AM laptop.controller.ControllerRicercaPerTipo <init>
INFORMAZIONI: Costruttore ControllerRicercaPerTipo
ott 28, 2023 11:41:59 AM laptop.controller.ControllerVisualizzaProfilo <init>
INFORMAZIONI: Costruttore ControllerVisualizzaProfilo
ott 28, 2023 11:41:59 AM laptop.utilities.ConnToDb generalConnection
INFORMAZIONI: Tentativo di conessione al server..........\\n
ott 28, 2023 11:41:59 AM laptop.utilities.ConnToDb generalConnection
INFORMAZIONI: Connesso standard ........

ott 28, 2023 11:41:59 AM laptop.database.UsersDao checkUser
INFORMAZIONI: idUser baoPublishing@gmail.com
ott 28, 2023 11:41:59 AM laptop.utilities.ConnToDb generalConnection
INFORMAZIONI: Tentativo di conessione al server..........\\n
ott 28, 2023 11:41:59 AM laptop.utilities.ConnToDb generalConnection
INFORMAZIONI: Connesso standard ........

ott 28, 2023 11:42:00 AM laptop.database.UsersDao checkResetpass
INFORMAZIONI: row affectedbaoPublishing@gmail.com
]]></system-err>
  </testcase>
  <testcase name="testGetIsValid" classname="laptop.test.TestLaptop2" time="0.006">
    <system-err><![CDATA[ott 28, 2023 11:42:00 AM laptop.controller.ControllerPassword <init>
INFORMAZIONI: Costruttore ControllerPassword
ott 28, 2023 11:42:00 AM laptop.controller.ControllerRegistraUtente <init>
INFORMAZIONI: Costruttore ControllerRegistaUtente
ott 28, 2023 11:42:00 AM laptop.controller.ControllerRicercaPerTipo <init>
INFORMAZIONI: Costruttore ControllerRicercaPerTipo
ott 28, 2023 11:42:00 AM laptop.controller.ControllerVisualizzaProfilo <init>
INFORMAZIONI: Costruttore ControllerVisualizzaProfilo
]]></system-err>
  </testcase>
  <testcase name="testAggiornaTempNome" classname="laptop.test.TestLaptop2" time="0.042">
    <system-err><![CDATA[ott 28, 2023 11:42:00 AM laptop.controller.ControllerPassword <init>
INFORMAZIONI: Costruttore ControllerPassword
ott 28, 2023 11:42:00 AM laptop.controller.ControllerRegistraUtente <init>
INFORMAZIONI: Costruttore ControllerRegistaUtente
ott 28, 2023 11:42:00 AM laptop.controller.ControllerRicercaPerTipo <init>
INFORMAZIONI: Costruttore ControllerRicercaPerTipo
ott 28, 2023 11:42:00 AM laptop.controller.ControllerVisualizzaProfilo <init>
INFORMAZIONI: Costruttore ControllerVisualizzaProfilo
ott 28, 2023 11:42:00 AM laptop.utilities.ConnToDb generalConnection
INFORMAZIONI: Tentativo di conessione al server..........\\n
ott 28, 2023 11:42:00 AM laptop.utilities.ConnToDb generalConnection
INFORMAZIONI: Connesso standard ........

]]></system-err>
  </testcase>
  <testcase name="testGetNrCopie" classname="laptop.test.TestLaptop2" time="0.001">
    <system-err><![CDATA[ott 28, 2023 11:42:00 AM laptop.controller.ControllerPassword <init>
INFORMAZIONI: Costruttore ControllerPassword
ott 28, 2023 11:42:00 AM laptop.controller.ControllerRegistraUtente <init>
INFORMAZIONI: Costruttore ControllerRegistaUtente
ott 28, 2023 11:42:00 AM laptop.controller.ControllerRicercaPerTipo <init>
INFORMAZIONI: Costruttore ControllerRicercaPerTipo
ott 28, 2023 11:42:00 AM laptop.controller.ControllerVisualizzaProfilo <init>
INFORMAZIONI: Costruttore ControllerVisualizzaProfilo
]]></system-err>
  </testcase>
  <testcase name="testGetCategoria(String)[1]" classname="laptop.test.TestLaptop2" time="0.001">
    <system-err><![CDATA[ott 28, 2023 11:42:00 AM laptop.controller.ControllerPassword <init>
INFORMAZIONI: Costruttore ControllerPassword
ott 28, 2023 11:42:00 AM laptop.controller.ControllerRegistraUtente <init>
INFORMAZIONI: Costruttore ControllerRegistaUtente
ott 28, 2023 11:42:00 AM laptop.controller.ControllerRicercaPerTipo <init>
INFORMAZIONI: Costruttore ControllerRicercaPerTipo
ott 28, 2023 11:42:00 AM laptop.controller.ControllerVisualizzaProfilo <init>
INFORMAZIONI: Costruttore ControllerVisualizzaProfilo
]]></system-err>
  </testcase>
  <testcase name="testGetCategoria(String)[2]" classname="laptop.test.TestLaptop2" time="0.005">
    <system-err><![CDATA[ott 28, 2023 11:42:00 AM laptop.controller.ControllerPassword <init>
INFORMAZIONI: Costruttore ControllerPassword
ott 28, 2023 11:42:00 AM laptop.controller.ControllerRegistraUtente <init>
INFORMAZIONI: Costruttore ControllerRegistaUtente
ott 28, 2023 11:42:00 AM laptop.controller.ControllerRicercaPerTipo <init>
INFORMAZIONI: Costruttore ControllerRicercaPerTipo
ott 28, 2023 11:42:00 AM laptop.controller.ControllerVisualizzaProfilo <init>
INFORMAZIONI: Costruttore ControllerVisualizzaProfilo
]]></system-err>
  </testcase>
  <testcase name="testGetCategoria(String)[3]" classname="laptop.test.TestLaptop2" time="0.003">
    <system-err><![CDATA[ott 28, 2023 11:42:00 AM laptop.controller.ControllerPassword <init>
INFORMAZIONI: Costruttore ControllerPassword
ott 28, 2023 11:42:00 AM laptop.controller.ControllerRegistraUtente <init>
INFORMAZIONI: Costruttore ControllerRegistaUtente
ott 28, 2023 11:42:00 AM laptop.controller.ControllerRicercaPerTipo <init>
INFORMAZIONI: Costruttore ControllerRicercaPerTipo
ott 28, 2023 11:42:00 AM laptop.controller.ControllerVisualizzaProfilo <init>
INFORMAZIONI: Costruttore ControllerVisualizzaProfilo
]]></system-err>
  </testcase>
  <testcase name="testGetCategoria(String)[4]" classname="laptop.test.TestLaptop2" time="0.002">
    <system-err><![CDATA[ott 28, 2023 11:42:00 AM laptop.controller.ControllerPassword <init>
INFORMAZIONI: Costruttore ControllerPassword
ott 28, 2023 11:42:00 AM laptop.controller.ControllerRegistraUtente <init>
INFORMAZIONI: Costruttore ControllerRegistaUtente
ott 28, 2023 11:42:00 AM laptop.controller.ControllerRicercaPerTipo <init>
INFORMAZIONI: Costruttore ControllerRicercaPerTipo
ott 28, 2023 11:42:00 AM laptop.controller.ControllerVisualizzaProfilo <init>
INFORMAZIONI: Costruttore ControllerVisualizzaProfilo
]]></system-err>
  </testcase>
  <testcase name="testGetCategoria(String)[5]" classname="laptop.test.TestLaptop2" time="0.001">
    <system-err><![CDATA[ott 28, 2023 11:42:00 AM laptop.controller.ControllerPassword <init>
INFORMAZIONI: Costruttore ControllerPassword
ott 28, 2023 11:42:00 AM laptop.controller.ControllerRegistraUtente <init>
INFORMAZIONI: Costruttore ControllerRegistaUtente
ott 28, 2023 11:42:00 AM laptop.controller.ControllerRicercaPerTipo <init>
INFORMAZIONI: Costruttore ControllerRicercaPerTipo
ott 28, 2023 11:42:00 AM laptop.controller.ControllerVisualizzaProfilo <init>
INFORMAZIONI: Costruttore ControllerVisualizzaProfilo
]]></system-err>
  </testcase>
  <testcase name="testGetCategoria(String)[6]" classname="laptop.test.TestLaptop2" time="0.002">
    <system-err><![CDATA[ott 28, 2023 11:42:00 AM laptop.controller.ControllerPassword <init>
INFORMAZIONI: Costruttore ControllerPassword
ott 28, 2023 11:42:00 AM laptop.controller.ControllerRegistraUtente <init>
INFORMAZIONI: Costruttore ControllerRegistaUtente
ott 28, 2023 11:42:00 AM laptop.controller.ControllerRicercaPerTipo <init>
INFORMAZIONI: Costruttore ControllerRicercaPerTipo
ott 28, 2023 11:42:00 AM laptop.controller.ControllerVisualizzaProfilo <init>
INFORMAZIONI: Costruttore ControllerVisualizzaProfilo
]]></system-err>
  </testcase>
  <testcase name="testGetCategoria(String)[7]" classname="laptop.test.TestLaptop2" time="0.002">
    <system-err><![CDATA[ott 28, 2023 11:42:00 AM laptop.controller.ControllerPassword <init>
INFORMAZIONI: Costruttore ControllerPassword
ott 28, 2023 11:42:00 AM laptop.controller.ControllerRegistraUtente <init>
INFORMAZIONI: Costruttore ControllerRegistaUtente
ott 28, 2023 11:42:00 AM laptop.controller.ControllerRicercaPerTipo <init>
INFORMAZIONI: Costruttore ControllerRicercaPerTipo
ott 28, 2023 11:42:00 AM laptop.controller.ControllerVisualizzaProfilo <init>
INFORMAZIONI: Costruttore ControllerVisualizzaProfilo
]]></system-err>
  </testcase>
  <testcase name="testGetCategoria(String)[8]" classname="laptop.test.TestLaptop2" time="0.001">
    <system-err><![CDATA[ott 28, 2023 11:42:00 AM laptop.controller.ControllerPassword <init>
INFORMAZIONI: Costruttore ControllerPassword
ott 28, 2023 11:42:00 AM laptop.controller.ControllerRegistraUtente <init>
INFORMAZIONI: Costruttore ControllerRegistaUtente
ott 28, 2023 11:42:00 AM laptop.controller.ControllerRicercaPerTipo <init>
INFORMAZIONI: Costruttore ControllerRicercaPerTipo
ott 28, 2023 11:42:00 AM laptop.controller.ControllerVisualizzaProfilo <init>
INFORMAZIONI: Costruttore ControllerVisualizzaProfilo
]]></system-err>
  </testcase>
  <testcase name="testGetDataG(int)[1]" classname="laptop.test.TestLaptop2" time="0.172">
    <system-err><![CDATA[ott 28, 2023 11:42:00 AM laptop.controller.ControllerPassword <init>
INFORMAZIONI: Costruttore ControllerPassword
ott 28, 2023 11:42:00 AM laptop.controller.ControllerRegistraUtente <init>
INFORMAZIONI: Costruttore ControllerRegistaUtente
ott 28, 2023 11:42:00 AM laptop.controller.ControllerRicercaPerTipo <init>
INFORMAZIONI: Costruttore ControllerRicercaPerTipo
ott 28, 2023 11:42:00 AM laptop.controller.ControllerVisualizzaProfilo <init>
INFORMAZIONI: Costruttore ControllerVisualizzaProfilo
ott 28, 2023 11:42:00 AM laptop.utilities.ConnToDb generalConnection
INFORMAZIONI: Tentativo di conessione al server..........\\n
ott 28, 2023 11:42:00 AM laptop.utilities.ConnToDb generalConnection
INFORMAZIONI: Connesso standard ........

]]></system-err>
  </testcase>
  <testcase name="testGetDataG(int)[2]" classname="laptop.test.TestLaptop2" time="0.03">
    <system-err><![CDATA[ott 28, 2023 11:42:00 AM laptop.controller.ControllerPassword <init>
INFORMAZIONI: Costruttore ControllerPassword
ott 28, 2023 11:42:00 AM laptop.controller.ControllerRegistraUtente <init>
INFORMAZIONI: Costruttore ControllerRegistaUtente
ott 28, 2023 11:42:00 AM laptop.controller.ControllerRicercaPerTipo <init>
INFORMAZIONI: Costruttore ControllerRicercaPerTipo
ott 28, 2023 11:42:00 AM laptop.controller.ControllerVisualizzaProfilo <init>
INFORMAZIONI: Costruttore ControllerVisualizzaProfilo
ott 28, 2023 11:42:00 AM laptop.utilities.ConnToDb generalConnection
INFORMAZIONI: Tentativo di conessione al server..........\\n
ott 28, 2023 11:42:00 AM laptop.utilities.ConnToDb generalConnection
INFORMAZIONI: Connesso standard ........

]]></system-err>
  </testcase>
  <testcase name="testGetDataG(int)[3]" classname="laptop.test.TestLaptop2" time="0.027">
    <system-err><![CDATA[ott 28, 2023 11:42:00 AM laptop.controller.ControllerPassword <init>
INFORMAZIONI: Costruttore ControllerPassword
ott 28, 2023 11:42:00 AM laptop.controller.ControllerRegistraUtente <init>
INFORMAZIONI: Costruttore ControllerRegistaUtente
ott 28, 2023 11:42:00 AM laptop.controller.ControllerRicercaPerTipo <init>
INFORMAZIONI: Costruttore ControllerRicercaPerTipo
ott 28, 2023 11:42:00 AM laptop.controller.ControllerVisualizzaProfilo <init>
INFORMAZIONI: Costruttore ControllerVisualizzaProfilo
ott 28, 2023 11:42:00 AM laptop.utilities.ConnToDb generalConnection
INFORMAZIONI: Tentativo di conessione al server..........\\n
ott 28, 2023 11:42:00 AM laptop.utilities.ConnToDb generalConnection
INFORMAZIONI: Connesso standard ........

]]></system-err>
  </testcase>
  <testcase name="testGetDataG(int)[4]" classname="laptop.test.TestLaptop2" time="0.031">
    <system-err><![CDATA[ott 28, 2023 11:42:00 AM laptop.controller.ControllerPassword <init>
INFORMAZIONI: Costruttore ControllerPassword
ott 28, 2023 11:42:00 AM laptop.controller.ControllerRegistraUtente <init>
INFORMAZIONI: Costruttore ControllerRegistaUtente
ott 28, 2023 11:42:00 AM laptop.controller.ControllerRicercaPerTipo <init>
INFORMAZIONI: Costruttore ControllerRicercaPerTipo
ott 28, 2023 11:42:00 AM laptop.controller.ControllerVisualizzaProfilo <init>
INFORMAZIONI: Costruttore ControllerVisualizzaProfilo
ott 28, 2023 11:42:00 AM laptop.utilities.ConnToDb generalConnection
INFORMAZIONI: Tentativo di conessione al server..........\\n
ott 28, 2023 11:42:00 AM laptop.utilities.ConnToDb generalConnection
INFORMAZIONI: Connesso standard ........

]]></system-err>
  </testcase>
  <testcase name="testGetDataG(int)[5]" classname="laptop.test.TestLaptop2" time="0.028">
    <system-err><![CDATA[ott 28, 2023 11:42:00 AM laptop.controller.ControllerPassword <init>
INFORMAZIONI: Costruttore ControllerPassword
ott 28, 2023 11:42:00 AM laptop.controller.ControllerRegistraUtente <init>
INFORMAZIONI: Costruttore ControllerRegistaUtente
ott 28, 2023 11:42:00 AM laptop.controller.ControllerRicercaPerTipo <init>
INFORMAZIONI: Costruttore ControllerRicercaPerTipo
ott 28, 2023 11:42:00 AM laptop.controller.ControllerVisualizzaProfilo <init>
INFORMAZIONI: Costruttore ControllerVisualizzaProfilo
ott 28, 2023 11:42:00 AM laptop.utilities.ConnToDb generalConnection
INFORMAZIONI: Tentativo di conessione al server..........\\n
ott 28, 2023 11:42:00 AM laptop.utilities.ConnToDb generalConnection
INFORMAZIONI: Connesso standard ........

]]></system-err>
  </testcase>
  <testcase name="testGetDataG(int)[6]" classname="laptop.test.TestLaptop2" time="0.032">
    <system-err><![CDATA[ott 28, 2023 11:42:00 AM laptop.controller.ControllerPassword <init>
INFORMAZIONI: Costruttore ControllerPassword
ott 28, 2023 11:42:00 AM laptop.controller.ControllerRegistraUtente <init>
INFORMAZIONI: Costruttore ControllerRegistaUtente
ott 28, 2023 11:42:00 AM laptop.controller.ControllerRicercaPerTipo <init>
INFORMAZIONI: Costruttore ControllerRicercaPerTipo
ott 28, 2023 11:42:00 AM laptop.controller.ControllerVisualizzaProfilo <init>
INFORMAZIONI: Costruttore ControllerVisualizzaProfilo
ott 28, 2023 11:42:00 AM laptop.utilities.ConnToDb generalConnection
INFORMAZIONI: Tentativo di conessione al server..........\\n
ott 28, 2023 11:42:00 AM laptop.utilities.ConnToDb generalConnection
INFORMAZIONI: Connesso standard ........

]]></system-err>
  </testcase>
  <testcase name="testGetDataL(int)[1]" classname="laptop.test.TestLaptop2" time="0.03">
    <system-err><![CDATA[ott 28, 2023 11:42:00 AM laptop.controller.ControllerPassword <init>
INFORMAZIONI: Costruttore ControllerPassword
ott 28, 2023 11:42:00 AM laptop.controller.ControllerRegistraUtente <init>
INFORMAZIONI: Costruttore ControllerRegistaUtente
ott 28, 2023 11:42:00 AM laptop.controller.ControllerRicercaPerTipo <init>
INFORMAZIONI: Costruttore ControllerRicercaPerTipo
ott 28, 2023 11:42:00 AM laptop.controller.ControllerVisualizzaProfilo <init>
INFORMAZIONI: Costruttore ControllerVisualizzaProfilo
ott 28, 2023 11:42:00 AM laptop.utilities.ConnToDb generalConnection
INFORMAZIONI: Tentativo di conessione al server..........\\n
ott 28, 2023 11:42:00 AM laptop.utilities.ConnToDb generalConnection
INFORMAZIONI: Connesso standard ........

]]></system-err>
  </testcase>
  <testcase name="testGetDataL(int)[2]" classname="laptop.test.TestLaptop2" time="0.035">
    <system-err><![CDATA[ott 28, 2023 11:42:00 AM laptop.controller.ControllerPassword <init>
INFORMAZIONI: Costruttore ControllerPassword
ott 28, 2023 11:42:00 AM laptop.controller.ControllerRegistraUtente <init>
INFORMAZIONI: Costruttore ControllerRegistaUtente
ott 28, 2023 11:42:00 AM laptop.controller.ControllerRicercaPerTipo <init>
INFORMAZIONI: Costruttore ControllerRicercaPerTipo
ott 28, 2023 11:42:00 AM laptop.controller.ControllerVisualizzaProfilo <init>
INFORMAZIONI: Costruttore ControllerVisualizzaProfilo
ott 28, 2023 11:42:00 AM laptop.utilities.ConnToDb generalConnection
INFORMAZIONI: Tentativo di conessione al server..........\\n
ott 28, 2023 11:42:00 AM laptop.utilities.ConnToDb generalConnection
INFORMAZIONI: Connesso standard ........

]]></system-err>
  </testcase>
  <testcase name="testGetDataL(int)[3]" classname="laptop.test.TestLaptop2" time="0.033">
    <system-err><![CDATA[ott 28, 2023 11:42:00 AM laptop.controller.ControllerPassword <init>
INFORMAZIONI: Costruttore ControllerPassword
ott 28, 2023 11:42:00 AM laptop.controller.ControllerRegistraUtente <init>
INFORMAZIONI: Costruttore ControllerRegistaUtente
ott 28, 2023 11:42:00 AM laptop.controller.ControllerRicercaPerTipo <init>
INFORMAZIONI: Costruttore ControllerRicercaPerTipo
ott 28, 2023 11:42:00 AM laptop.controller.ControllerVisualizzaProfilo <init>
INFORMAZIONI: Costruttore ControllerVisualizzaProfilo
ott 28, 2023 11:42:00 AM laptop.utilities.ConnToDb generalConnection
INFORMAZIONI: Tentativo di conessione al server..........\\n
ott 28, 2023 11:42:00 AM laptop.utilities.ConnToDb generalConnection
INFORMAZIONI: Connesso standard ........

]]></system-err>
  </testcase>
  <testcase name="testGetDataL(int)[4]" classname="laptop.test.TestLaptop2" time="0.095">
    <system-err><![CDATA[ott 28, 2023 11:42:00 AM laptop.controller.ControllerPassword <init>
INFORMAZIONI: Costruttore ControllerPassword
ott 28, 2023 11:42:00 AM laptop.controller.ControllerRegistraUtente <init>
INFORMAZIONI: Costruttore ControllerRegistaUtente
ott 28, 2023 11:42:00 AM laptop.controller.ControllerRicercaPerTipo <init>
INFORMAZIONI: Costruttore ControllerRicercaPerTipo
ott 28, 2023 11:42:00 AM laptop.controller.ControllerVisualizzaProfilo <init>
INFORMAZIONI: Costruttore ControllerVisualizzaProfilo
ott 28, 2023 11:42:00 AM laptop.utilities.ConnToDb generalConnection
INFORMAZIONI: Tentativo di conessione al server..........\\n
ott 28, 2023 11:42:00 AM laptop.utilities.ConnToDb generalConnection
INFORMAZIONI: Connesso standard ........

]]></system-err>
  </testcase>
  <testcase name="testGetDataL(int)[5]" classname="laptop.test.TestLaptop2" time="0.028">
    <system-err><![CDATA[ott 28, 2023 11:42:00 AM laptop.controller.ControllerPassword <init>
INFORMAZIONI: Costruttore ControllerPassword
ott 28, 2023 11:42:00 AM laptop.controller.ControllerRegistraUtente <init>
INFORMAZIONI: Costruttore ControllerRegistaUtente
ott 28, 2023 11:42:00 AM laptop.controller.ControllerRicercaPerTipo <init>
INFORMAZIONI: Costruttore ControllerRicercaPerTipo
ott 28, 2023 11:42:00 AM laptop.controller.ControllerVisualizzaProfilo <init>
INFORMAZIONI: Costruttore ControllerVisualizzaProfilo
ott 28, 2023 11:42:00 AM laptop.utilities.ConnToDb generalConnection
INFORMAZIONI: Tentativo di conessione al server..........\\n
ott 28, 2023 11:42:00 AM laptop.utilities.ConnToDb generalConnection
INFORMAZIONI: Connesso standard ........

]]></system-err>
  </testcase>
  <testcase name="testGetDataL(int)[6]" classname="laptop.test.TestLaptop2" time="0.03">
    <system-err><![CDATA[ott 28, 2023 11:42:00 AM laptop.controller.ControllerPassword <init>
INFORMAZIONI: Costruttore ControllerPassword
ott 28, 2023 11:42:00 AM laptop.controller.ControllerRegistraUtente <init>
INFORMAZIONI: Costruttore ControllerRegistaUtente
ott 28, 2023 11:42:00 AM laptop.controller.ControllerRicercaPerTipo <init>
INFORMAZIONI: Costruttore ControllerRicercaPerTipo
ott 28, 2023 11:42:00 AM laptop.controller.ControllerVisualizzaProfilo <init>
INFORMAZIONI: Costruttore ControllerVisualizzaProfilo
ott 28, 2023 11:42:00 AM laptop.utilities.ConnToDb generalConnection
INFORMAZIONI: Tentativo di conessione al server..........\\n
ott 28, 2023 11:42:00 AM laptop.utilities.ConnToDb generalConnection
INFORMAZIONI: Connesso standard ........

]]></system-err>
  </testcase>
  <testcase name="testGetDataL(int)[7]" classname="laptop.test.TestLaptop2" time="0.053">
    <system-err><![CDATA[ott 28, 2023 11:42:00 AM laptop.controller.ControllerPassword <init>
INFORMAZIONI: Costruttore ControllerPassword
ott 28, 2023 11:42:00 AM laptop.controller.ControllerRegistraUtente <init>
INFORMAZIONI: Costruttore ControllerRegistaUtente
ott 28, 2023 11:42:00 AM laptop.controller.ControllerRicercaPerTipo <init>
INFORMAZIONI: Costruttore ControllerRicercaPerTipo
ott 28, 2023 11:42:00 AM laptop.controller.ControllerVisualizzaProfilo <init>
INFORMAZIONI: Costruttore ControllerVisualizzaProfilo
ott 28, 2023 11:42:00 AM laptop.utilities.ConnToDb generalConnection
INFORMAZIONI: Tentativo di conessione al server..........\\n
ott 28, 2023 11:42:01 AM laptop.utilities.ConnToDb generalConnection
INFORMAZIONI: Connesso standard ........

]]></system-err>
  </testcase>
  <testcase name="testGetDataL(int)[8]" classname="laptop.test.TestLaptop2" time="0.032">
    <system-err><![CDATA[ott 28, 2023 11:42:01 AM laptop.controller.ControllerPassword <init>
INFORMAZIONI: Costruttore ControllerPassword
ott 28, 2023 11:42:01 AM laptop.controller.ControllerRegistraUtente <init>
INFORMAZIONI: Costruttore ControllerRegistaUtente
ott 28, 2023 11:42:01 AM laptop.controller.ControllerRicercaPerTipo <init>
INFORMAZIONI: Costruttore ControllerRicercaPerTipo
ott 28, 2023 11:42:01 AM laptop.controller.ControllerVisualizzaProfilo <init>
INFORMAZIONI: Costruttore ControllerVisualizzaProfilo
ott 28, 2023 11:42:01 AM laptop.utilities.ConnToDb generalConnection
INFORMAZIONI: Tentativo di conessione al server..........\\n
ott 28, 2023 11:42:01 AM laptop.utilities.ConnToDb generalConnection
INFORMAZIONI: Connesso standard ........

]]></system-err>
  </testcase>
  <testcase name="testGetDataL(int)[9]" classname="laptop.test.TestLaptop2" time="0.033">
    <system-err><![CDATA[ott 28, 2023 11:42:01 AM laptop.controller.ControllerPassword <init>
INFORMAZIONI: Costruttore ControllerPassword
ott 28, 2023 11:42:01 AM laptop.controller.ControllerRegistraUtente <init>
INFORMAZIONI: Costruttore ControllerRegistaUtente
ott 28, 2023 11:42:01 AM laptop.controller.ControllerRicercaPerTipo <init>
INFORMAZIONI: Costruttore ControllerRicercaPerTipo
ott 28, 2023 11:42:01 AM laptop.controller.ControllerVisualizzaProfilo <init>
INFORMAZIONI: Costruttore ControllerVisualizzaProfilo
ott 28, 2023 11:42:01 AM laptop.utilities.ConnToDb generalConnection
INFORMAZIONI: Tentativo di conessione al server..........\\n
ott 28, 2023 11:42:01 AM laptop.utilities.ConnToDb generalConnection
INFORMAZIONI: Connesso standard ........

]]></system-err>
  </testcase>
  <testcase name="testGetDataL(int)[10]" classname="laptop.test.TestLaptop2" time="0.026">
    <system-err><![CDATA[ott 28, 2023 11:42:01 AM laptop.controller.ControllerPassword <init>
INFORMAZIONI: Costruttore ControllerPassword
ott 28, 2023 11:42:01 AM laptop.controller.ControllerRegistraUtente <init>
INFORMAZIONI: Costruttore ControllerRegistaUtente
ott 28, 2023 11:42:01 AM laptop.controller.ControllerRicercaPerTipo <init>
INFORMAZIONI: Costruttore ControllerRicercaPerTipo
ott 28, 2023 11:42:01 AM laptop.controller.ControllerVisualizzaProfilo <init>
INFORMAZIONI: Costruttore ControllerVisualizzaProfilo
ott 28, 2023 11:42:01 AM laptop.utilities.ConnToDb generalConnection
INFORMAZIONI: Tentativo di conessione al server..........\\n
ott 28, 2023 11:42:01 AM laptop.utilities.ConnToDb generalConnection
INFORMAZIONI: Connesso standard ........

]]></system-err>
  </testcase>
  <testcase name="testGetDataR(int)[1]" classname="laptop.test.TestLaptop2" time="0.027">
    <system-err><![CDATA[ott 28, 2023 11:42:01 AM laptop.controller.ControllerPassword <init>
INFORMAZIONI: Costruttore ControllerPassword
ott 28, 2023 11:42:01 AM laptop.controller.ControllerRegistraUtente <init>
INFORMAZIONI: Costruttore ControllerRegistaUtente
ott 28, 2023 11:42:01 AM laptop.controller.ControllerRicercaPerTipo <init>
INFORMAZIONI: Costruttore ControllerRicercaPerTipo
ott 28, 2023 11:42:01 AM laptop.controller.ControllerVisualizzaProfilo <init>
INFORMAZIONI: Costruttore ControllerVisualizzaProfilo
ott 28, 2023 11:42:01 AM laptop.utilities.ConnToDb generalConnection
INFORMAZIONI: Tentativo di conessione al server..........\\n
ott 28, 2023 11:42:01 AM laptop.utilities.ConnToDb generalConnection
INFORMAZIONI: Connesso standard ........

]]></system-err>
  </testcase>
  <testcase name="testGetDataR(int)[2]" classname="laptop.test.TestLaptop2" time="0.027">
    <system-err><![CDATA[ott 28, 2023 11:42:01 AM laptop.controller.ControllerPassword <init>
INFORMAZIONI: Costruttore ControllerPassword
ott 28, 2023 11:42:01 AM laptop.controller.ControllerRegistraUtente <init>
INFORMAZIONI: Costruttore ControllerRegistaUtente
ott 28, 2023 11:42:01 AM laptop.controller.ControllerRicercaPerTipo <init>
INFORMAZIONI: Costruttore ControllerRicercaPerTipo
ott 28, 2023 11:42:01 AM laptop.controller.ControllerVisualizzaProfilo <init>
INFORMAZIONI: Costruttore ControllerVisualizzaProfilo
ott 28, 2023 11:42:01 AM laptop.utilities.ConnToDb generalConnection
INFORMAZIONI: Tentativo di conessione al server..........\\n
ott 28, 2023 11:42:01 AM laptop.utilities.ConnToDb generalConnection
INFORMAZIONI: Connesso standard ........

]]></system-err>
  </testcase>
  <testcase name="testGetDataR(int)[3]" classname="laptop.test.TestLaptop2" time="0.043">
    <system-err><![CDATA[ott 28, 2023 11:42:01 AM laptop.controller.ControllerPassword <init>
INFORMAZIONI: Costruttore ControllerPassword
ott 28, 2023 11:42:01 AM laptop.controller.ControllerRegistraUtente <init>
INFORMAZIONI: Costruttore ControllerRegistaUtente
ott 28, 2023 11:42:01 AM laptop.controller.ControllerRicercaPerTipo <init>
INFORMAZIONI: Costruttore ControllerRicercaPerTipo
ott 28, 2023 11:42:01 AM laptop.controller.ControllerVisualizzaProfilo <init>
INFORMAZIONI: Costruttore ControllerVisualizzaProfilo
ott 28, 2023 11:42:01 AM laptop.utilities.ConnToDb generalConnection
INFORMAZIONI: Tentativo di conessione al server..........\\n
ott 28, 2023 11:42:01 AM laptop.utilities.ConnToDb generalConnection
INFORMAZIONI: Connesso standard ........

]]></system-err>
  </testcase>
  <testcase name="testGetDataR(int)[4]" classname="laptop.test.TestLaptop2" time="0.032">
    <system-err><![CDATA[ott 28, 2023 11:42:01 AM laptop.controller.ControllerPassword <init>
INFORMAZIONI: Costruttore ControllerPassword
ott 28, 2023 11:42:01 AM laptop.controller.ControllerRegistraUtente <init>
INFORMAZIONI: Costruttore ControllerRegistaUtente
ott 28, 2023 11:42:01 AM laptop.controller.ControllerRicercaPerTipo <init>
INFORMAZIONI: Costruttore ControllerRicercaPerTipo
ott 28, 2023 11:42:01 AM laptop.controller.ControllerVisualizzaProfilo <init>
INFORMAZIONI: Costruttore ControllerVisualizzaProfilo
ott 28, 2023 11:42:01 AM laptop.utilities.ConnToDb generalConnection
INFORMAZIONI: Tentativo di conessione al server..........\\n
ott 28, 2023 11:42:01 AM laptop.utilities.ConnToDb generalConnection
INFORMAZIONI: Connesso standard ........

]]></system-err>
  </testcase>
  <testcase name="testGetDataR(int)[5]" classname="laptop.test.TestLaptop2" time="0.03">
    <system-err><![CDATA[ott 28, 2023 11:42:01 AM laptop.controller.ControllerPassword <init>
INFORMAZIONI: Costruttore ControllerPassword
ott 28, 2023 11:42:01 AM laptop.controller.ControllerRegistraUtente <init>
INFORMAZIONI: Costruttore ControllerRegistaUtente
ott 28, 2023 11:42:01 AM laptop.controller.ControllerRicercaPerTipo <init>
INFORMAZIONI: Costruttore ControllerRicercaPerTipo
ott 28, 2023 11:42:01 AM laptop.controller.ControllerVisualizzaProfilo <init>
INFORMAZIONI: Costruttore ControllerVisualizzaProfilo
ott 28, 2023 11:42:01 AM laptop.utilities.ConnToDb generalConnection
INFORMAZIONI: Tentativo di conessione al server..........\\n
ott 28, 2023 11:42:01 AM laptop.utilities.ConnToDb generalConnection
INFORMAZIONI: Connesso standard ........

]]></system-err>
  </testcase>
  <testcase name="testGetEsito" classname="laptop.test.TestLaptop2" time="0.002">
    <system-err><![CDATA[ott 28, 2023 11:42:01 AM laptop.controller.ControllerPassword <init>
INFORMAZIONI: Costruttore ControllerPassword
ott 28, 2023 11:42:01 AM laptop.controller.ControllerRegistraUtente <init>
INFORMAZIONI: Costruttore ControllerRegistaUtente
ott 28, 2023 11:42:01 AM laptop.controller.ControllerRicercaPerTipo <init>
INFORMAZIONI: Costruttore ControllerRicercaPerTipo
ott 28, 2023 11:42:01 AM laptop.controller.ControllerVisualizzaProfilo <init>
INFORMAZIONI: Costruttore ControllerVisualizzaProfilo
]]></system-err>
  </testcase>
  <testcase name="testGetNomeN" classname="laptop.test.TestLaptop2" time="0.001">
    <system-err><![CDATA[ott 28, 2023 11:42:01 AM laptop.controller.ControllerPassword <init>
INFORMAZIONI: Costruttore ControllerPassword
ott 28, 2023 11:42:01 AM laptop.controller.ControllerRegistraUtente <init>
INFORMAZIONI: Costruttore ControllerRegistaUtente
ott 28, 2023 11:42:01 AM laptop.controller.ControllerRicercaPerTipo <init>
INFORMAZIONI: Costruttore ControllerRicercaPerTipo
ott 28, 2023 11:42:01 AM laptop.controller.ControllerVisualizzaProfilo <init>
INFORMAZIONI: Costruttore ControllerVisualizzaProfilo
]]></system-err>
  </testcase>
  <testcase name="testGetCredenziali" classname="laptop.test.TestLaptop2" time="0.029">
    <system-err><![CDATA[ott 28, 2023 11:42:01 AM laptop.controller.ControllerPassword <init>
INFORMAZIONI: Costruttore ControllerPassword
ott 28, 2023 11:42:01 AM laptop.controller.ControllerRegistraUtente <init>
INFORMAZIONI: Costruttore ControllerRegistaUtente
ott 28, 2023 11:42:01 AM laptop.controller.ControllerRicercaPerTipo <init>
INFORMAZIONI: Costruttore ControllerRicercaPerTipo
ott 28, 2023 11:42:01 AM laptop.controller.ControllerVisualizzaProfilo <init>
INFORMAZIONI: Costruttore ControllerVisualizzaProfilo
ott 28, 2023 11:42:01 AM laptop.utilities.ConnToDb generalConnection
INFORMAZIONI: Tentativo di conessione al server..........\\n
ott 28, 2023 11:42:01 AM laptop.utilities.ConnToDb generalConnection
INFORMAZIONI: Connesso standard ........

ott 28, 2023 11:42:01 AM laptop.database.UsersDao pickData
INFORMAZIONI: errore in mysql :
]]></system-err>
  </testcase>
  <testcase name="testGetEditore" classname="laptop.test.TestLaptop2" time="0.002">
    <system-err><![CDATA[ott 28, 2023 11:42:01 AM laptop.controller.ControllerPassword <init>
INFORMAZIONI: Costruttore ControllerPassword
ott 28, 2023 11:42:01 AM laptop.controller.ControllerRegistraUtente <init>
INFORMAZIONI: Costruttore ControllerRegistaUtente
ott 28, 2023 11:42:01 AM laptop.controller.ControllerRicercaPerTipo <init>
INFORMAZIONI: Costruttore ControllerRicercaPerTipo
ott 28, 2023 11:42:01 AM laptop.controller.ControllerVisualizzaProfilo <init>
INFORMAZIONI: Costruttore ControllerVisualizzaProfilo
]]></system-err>
  </testcase>
  <testcase name="testGetIdOggetto" classname="laptop.test.TestLaptop2" time="0.002">
    <system-err><![CDATA[ott 28, 2023 11:42:01 AM laptop.controller.ControllerPassword <init>
INFORMAZIONI: Costruttore ControllerPassword
ott 28, 2023 11:42:01 AM laptop.controller.ControllerRegistraUtente <init>
INFORMAZIONI: Costruttore ControllerRegistaUtente
ott 28, 2023 11:42:01 AM laptop.controller.ControllerRicercaPerTipo <init>
INFORMAZIONI: Costruttore ControllerRicercaPerTipo
ott 28, 2023 11:42:01 AM laptop.controller.ControllerVisualizzaProfilo <init>
INFORMAZIONI: Costruttore ControllerVisualizzaProfilo
]]></system-err>
  </testcase>
  <testcase name="testAggiungiCartaDBG" classname="laptop.test.TestLaptop2" time="0.539">
    <system-err><![CDATA[ott 28, 2023 11:42:01 AM laptop.controller.ControllerPassword <init>
INFORMAZIONI: Costruttore ControllerPassword
ott 28, 2023 11:42:01 AM laptop.controller.ControllerRegistraUtente <init>
INFORMAZIONI: Costruttore ControllerRegistaUtente
ott 28, 2023 11:42:01 AM laptop.controller.ControllerRicercaPerTipo <init>
INFORMAZIONI: Costruttore ControllerRicercaPerTipo
ott 28, 2023 11:42:01 AM laptop.controller.ControllerVisualizzaProfilo <init>
INFORMAZIONI: Costruttore ControllerVisualizzaProfilo
ott 28, 2023 11:42:01 AM laptop.utilities.ConnToDb generalConnection
INFORMAZIONI: Tentativo di conessione al server..........\\n
ott 28, 2023 11:42:01 AM laptop.utilities.ConnToDb generalConnection
INFORMAZIONI: Connesso standard ........

ott 28, 2023 11:42:01 AM laptop.utilities.ConnToDb generalConnection
INFORMAZIONI: Tentativo di conessione al server..........\\n
ott 28, 2023 11:42:01 AM laptop.utilities.ConnToDb generalConnection
INFORMAZIONI: Connesso standard ........

ott 28, 2023 11:42:01 AM laptop.utilities.ConnToDb generalConnection
INFORMAZIONI: Tentativo di conessione al server..........\\n
ott 28, 2023 11:42:01 AM laptop.utilities.ConnToDb generalConnection
INFORMAZIONI: Connesso standard ........

ott 28, 2023 11:42:01 AM laptop.utilities.ConnToDb generalConnection
INFORMAZIONI: Tentativo di conessione al server..........\\n
ott 28, 2023 11:42:01 AM laptop.utilities.ConnToDb generalConnection
INFORMAZIONI: Connesso standard ........

]]></system-err>
  </testcase>
  <testcase name="testAggiungiCartaDBL" classname="laptop.test.TestLaptop2" time="0.371">
    <system-err><![CDATA[ott 28, 2023 11:42:01 AM laptop.controller.ControllerPassword <init>
INFORMAZIONI: Costruttore ControllerPassword
ott 28, 2023 11:42:01 AM laptop.controller.ControllerRegistraUtente <init>
INFORMAZIONI: Costruttore ControllerRegistaUtente
ott 28, 2023 11:42:01 AM laptop.controller.ControllerRicercaPerTipo <init>
INFORMAZIONI: Costruttore ControllerRicercaPerTipo
ott 28, 2023 11:42:01 AM laptop.controller.ControllerVisualizzaProfilo <init>
INFORMAZIONI: Costruttore ControllerVisualizzaProfilo
ott 28, 2023 11:42:01 AM laptop.utilities.ConnToDb generalConnection
INFORMAZIONI: Tentativo di conessione al server..........\\n
ott 28, 2023 11:42:01 AM laptop.utilities.ConnToDb generalConnection
INFORMAZIONI: Connesso standard ........

ott 28, 2023 11:42:02 AM laptop.utilities.ConnToDb generalConnection
INFORMAZIONI: Tentativo di conessione al server..........\\n
ott 28, 2023 11:42:02 AM laptop.utilities.ConnToDb generalConnection
INFORMAZIONI: Connesso standard ........

ott 28, 2023 11:42:02 AM laptop.utilities.ConnToDb generalConnection
INFORMAZIONI: Tentativo di conessione al server..........\\n
ott 28, 2023 11:42:02 AM laptop.utilities.ConnToDb generalConnection
INFORMAZIONI: Connesso standard ........

ott 28, 2023 11:42:02 AM laptop.utilities.ConnToDb generalConnection
INFORMAZIONI: Tentativo di conessione al server..........\\n
ott 28, 2023 11:42:02 AM laptop.utilities.ConnToDb generalConnection
INFORMAZIONI: Connesso standard ........

]]></system-err>
  </testcase>
  <testcase name="testAggiungiCartaDBR" classname="laptop.test.TestLaptop2" time="0.32">
    <system-err><![CDATA[ott 28, 2023 11:42:02 AM laptop.controller.ControllerPassword <init>
INFORMAZIONI: Costruttore ControllerPassword
ott 28, 2023 11:42:02 AM laptop.controller.ControllerRegistraUtente <init>
INFORMAZIONI: Costruttore ControllerRegistaUtente
ott 28, 2023 11:42:02 AM laptop.controller.ControllerRicercaPerTipo <init>
INFORMAZIONI: Costruttore ControllerRicercaPerTipo
ott 28, 2023 11:42:02 AM laptop.controller.ControllerVisualizzaProfilo <init>
INFORMAZIONI: Costruttore ControllerVisualizzaProfilo
ott 28, 2023 11:42:02 AM laptop.utilities.ConnToDb generalConnection
INFORMAZIONI: Tentativo di conessione al server..........\\n
ott 28, 2023 11:42:02 AM laptop.utilities.ConnToDb generalConnection
INFORMAZIONI: Connesso standard ........

ott 28, 2023 11:42:02 AM laptop.utilities.ConnToDb generalConnection
INFORMAZIONI: Tentativo di conessione al server..........\\n
ott 28, 2023 11:42:02 AM laptop.utilities.ConnToDb generalConnection
INFORMAZIONI: Connesso standard ........

ott 28, 2023 11:42:02 AM laptop.utilities.ConnToDb generalConnection
INFORMAZIONI: Tentativo di conessione al server..........\\n
ott 28, 2023 11:42:02 AM laptop.utilities.ConnToDb generalConnection
INFORMAZIONI: Connesso standard ........

ott 28, 2023 11:42:02 AM laptop.utilities.ConnToDb generalConnection
INFORMAZIONI: Tentativo di conessione al server..........\\n
ott 28, 2023 11:42:02 AM laptop.utilities.ConnToDb generalConnection
INFORMAZIONI: Connesso standard ........

]]></system-err>
  </testcase>
  <testcase name="testCheckTempUser(String)[1]" classname="laptop.test.TestLaptop2" time="0.028">
    <system-err><![CDATA[ott 28, 2023 11:42:02 AM laptop.controller.ControllerPassword <init>
INFORMAZIONI: Costruttore ControllerPassword
ott 28, 2023 11:42:02 AM laptop.controller.ControllerRegistraUtente <init>
INFORMAZIONI: Costruttore ControllerRegistaUtente
ott 28, 2023 11:42:02 AM laptop.controller.ControllerRicercaPerTipo <init>
INFORMAZIONI: Costruttore ControllerRicercaPerTipo
ott 28, 2023 11:42:02 AM laptop.controller.ControllerVisualizzaProfilo <init>
INFORMAZIONI: Costruttore ControllerVisualizzaProfilo
ott 28, 2023 11:42:02 AM laptop.utilities.ConnToDb generalConnection
INFORMAZIONI: Tentativo di conessione al server..........\\n
ott 28, 2023 11:42:02 AM laptop.utilities.ConnToDb generalConnection
INFORMAZIONI: Connesso standard ........

ott 28, 2023 11:42:02 AM laptop.database.UsersDao checkTempUser
INFORMAZIONI: errore in mysql :
java.sql.SQLException: Column 'idUser' not found.
	at com.mysql.cj.jdbc.exceptions.SQLError.createSQLException(SQLError.java:129)
	at com.mysql.cj.jdbc.exceptions.SQLError.createSQLException(SQLError.java:97)
	at com.mysql.cj.jdbc.exceptions.SQLError.createSQLException(SQLError.java:89)
	at com.mysql.cj.jdbc.exceptions.SQLError.createSQLException(SQLError.java:63)
	at com.mysql.cj.jdbc.result.ResultSetImpl.findColumn(ResultSetImpl.java:584)
	at com.mysql.cj.jdbc.result.ResultSetImpl.getInt(ResultSetImpl.java:851)
	at laptop.database.UsersDao.checkTempUser(UsersDao.java:179)
	at laptop.test.TestLaptop2.testCheckTempUser(TestLaptop2.java:284)
	at java.base/jdk.internal.reflect.NativeMethodAccessorImpl.invoke0(Native Method)
	at java.base/jdk.internal.reflect.NativeMethodAccessorImpl.invoke(NativeMethodAccessorImpl.java:77)
	at java.base/jdk.internal.reflect.DelegatingMethodAccessorImpl.invoke(DelegatingMethodAccessorImpl.java:43)
	at java.base/java.lang.reflect.Method.invoke(Method.java:568)
	at org.junit.platform.commons.util.ReflectionUtils.invokeMethod(ReflectionUtils.java:727)
	at org.junit.jupiter.engine.execution.MethodInvocation.proceed(MethodInvocation.java:60)
	at org.junit.jupiter.engine.execution.InvocationInterceptorChain$ValidatingInvocation.proceed(InvocationInterceptorChain.java:131)
	at org.junit.jupiter.engine.extension.TimeoutExtension.intercept(TimeoutExtension.java:156)
	at org.junit.jupiter.engine.extension.TimeoutExtension.interceptTestableMethod(TimeoutExtension.java:147)
	at org.junit.jupiter.engine.extension.TimeoutExtension.interceptTestTemplateMethod(TimeoutExtension.java:94)
	at org.junit.jupiter.engine.execution.InterceptingExecutableInvoker$ReflectiveInterceptorCall.lambda$ofVoidMethod$0(InterceptingExecutableInvoker.java:103)
	at org.junit.jupiter.engine.execution.InterceptingExecutableInvoker.lambda$invoke$0(InterceptingExecutableInvoker.java:93)
	at org.junit.jupiter.engine.execution.InvocationInterceptorChain$InterceptedInvocation.proceed(InvocationInterceptorChain.java:106)
	at org.junit.jupiter.engine.execution.InvocationInterceptorChain.proceed(InvocationInterceptorChain.java:64)
	at org.junit.jupiter.engine.execution.InvocationInterceptorChain.chainAndInvoke(InvocationInterceptorChain.java:45)
	at org.junit.jupiter.engine.execution.InvocationInterceptorChain.invoke(InvocationInterceptorChain.java:37)
	at org.junit.jupiter.engine.execution.InterceptingExecutableInvoker.invoke(InterceptingExecutableInvoker.java:92)
	at org.junit.jupiter.engine.execution.InterceptingExecutableInvoker.invoke(InterceptingExecutableInvoker.java:86)
	at org.junit.jupiter.engine.descriptor.TestMethodTestDescriptor.lambda$invokeTestMethod$7(TestMethodTestDescriptor.java:217)
	at org.junit.platform.engine.support.hierarchical.ThrowableCollector.execute(ThrowableCollector.java:73)
	at org.junit.jupiter.engine.descriptor.TestMethodTestDescriptor.invokeTestMethod(TestMethodTestDescriptor.java:213)
	at org.junit.jupiter.engine.descriptor.TestMethodTestDescriptor.execute(TestMethodTestDescriptor.java:138)
	at org.junit.jupiter.engine.descriptor.TestMethodTestDescriptor.execute(TestMethodTestDescriptor.java:68)
	at org.junit.platform.engine.support.hierarchical.NodeTestTask.lambda$executeRecursively$6(NodeTestTask.java:151)
	at org.junit.platform.engine.support.hierarchical.ThrowableCollector.execute(ThrowableCollector.java:73)
	at org.junit.platform.engine.support.hierarchical.NodeTestTask.lambda$executeRecursively$8(NodeTestTask.java:141)
	at org.junit.platform.engine.support.hierarchical.Node.around(Node.java:137)
	at org.junit.platform.engine.support.hierarchical.NodeTestTask.lambda$executeRecursively$9(NodeTestTask.java:139)
	at org.junit.platform.engine.support.hierarchical.ThrowableCollector.execute(ThrowableCollector.java:73)
	at org.junit.platform.engine.support.hierarchical.NodeTestTask.executeRecursively(NodeTestTask.java:138)
	at org.junit.platform.engine.support.hierarchical.NodeTestTask.execute(NodeTestTask.java:95)
	at org.junit.platform.engine.support.hierarchical.SameThreadHierarchicalTestExecutorService.submit(SameThreadHierarchicalTestExecutorService.java:35)
	at org.junit.platform.engine.support.hierarchical.NodeTestTask$DefaultDynamicTestExecutor.execute(NodeTestTask.java:226)
	at org.junit.platform.engine.support.hierarchical.NodeTestTask$DefaultDynamicTestExecutor.execute(NodeTestTask.java:204)
	at org.junit.jupiter.engine.descriptor.TestTemplateTestDescriptor.execute(TestTemplateTestDescriptor.java:142)
	at org.junit.jupiter.engine.descriptor.TestTemplateTestDescriptor.lambda$execute$2(TestTemplateTestDescriptor.java:110)
	at java.base/java.util.stream.ForEachOps$ForEachOp$OfRef.accept(ForEachOps.java:183)
	at java.base/java.util.stream.ReferencePipeline$3$1.accept(ReferencePipeline.java:197)
	at java.base/java.util.stream.ReferencePipeline$2$1.accept(ReferencePipeline.java:179)
	at java.base/java.util.stream.ReferencePipeline$3$1.accept(ReferencePipeline.java:197)
	at java.base/java.util.stream.ForEachOps$ForEachOp$OfRef.accept(ForEachOps.java:183)
	at java.base/java.util.stream.ReferencePipeline$3$1.accept(ReferencePipeline.java:197)
	at java.base/java.util.stream.ReferencePipeline$3$1.accept(ReferencePipeline.java:197)
	at java.base/java.util.stream.ReferencePipeline$3$1.accept(ReferencePipeline.java:197)
	at java.base/java.util.stream.ForEachOps$ForEachOp$OfRef.accept(ForEachOps.java:183)
	at java.base/java.util.stream.ReferencePipeline$3$1.accept(ReferencePipeline.java:197)
	at java.base/java.util.Spliterators$ArraySpliterator.forEachRemaining(Spliterators.java:992)
	at java.base/java.util.stream.AbstractPipeline.copyInto(AbstractPipeline.java:509)
	at java.base/java.util.stream.AbstractPipeline.wrapAndCopyInto(AbstractPipeline.java:499)
	at java.base/java.util.stream.ForEachOps$ForEachOp.evaluateSequential(ForEachOps.java:150)
	at java.base/java.util.stream.ForEachOps$ForEachOp$OfRef.evaluateSequential(ForEachOps.java:173)
	at java.base/java.util.stream.AbstractPipeline.evaluate(AbstractPipeline.java:234)
	at java.base/java.util.stream.ReferencePipeline.forEach(ReferencePipeline.java:596)
	at java.base/java.util.stream.ReferencePipeline$7$1.accept(ReferencePipeline.java:276)
	at java.base/java.util.stream.ReferencePipeline$3$1.accept(ReferencePipeline.java:197)
	at java.base/java.util.stream.ReferencePipeline$3$1.accept(ReferencePipeline.java:197)
	at java.base/java.util.stream.ReferencePipeline$3$1.accept(ReferencePipeline.java:197)
	at java.base/java.util.ArrayList$ArrayListSpliterator.forEachRemaining(ArrayList.java:1625)
	at java.base/java.util.stream.AbstractPipeline.copyInto(AbstractPipeline.java:509)
	at java.base/java.util.stream.AbstractPipeline.wrapAndCopyInto(AbstractPipeline.java:499)
	at java.base/java.util.stream.ForEachOps$ForEachOp.evaluateSequential(ForEachOps.java:150)
	at java.base/java.util.stream.ForEachOps$ForEachOp$OfRef.evaluateSequential(ForEachOps.java:173)
	at java.base/java.util.stream.AbstractPipeline.evaluate(AbstractPipeline.java:234)
	at java.base/java.util.stream.ReferencePipeline.forEach(ReferencePipeline.java:596)
	at java.base/java.util.stream.ReferencePipeline$7$1.accept(ReferencePipeline.java:276)
	at java.base/java.util.ArrayList$ArrayListSpliterator.forEachRemaining(ArrayList.java:1625)
	at java.base/java.util.stream.AbstractPipeline.copyInto(AbstractPipeline.java:509)
	at java.base/java.util.stream.AbstractPipeline.wrapAndCopyInto(AbstractPipeline.java:499)
	at java.base/java.util.stream.ForEachOps$ForEachOp.evaluateSequential(ForEachOps.java:150)
	at java.base/java.util.stream.ForEachOps$ForEachOp$OfRef.evaluateSequential(ForEachOps.java:173)
	at java.base/java.util.stream.AbstractPipeline.evaluate(AbstractPipeline.java:234)
	at java.base/java.util.stream.ReferencePipeline.forEach(ReferencePipeline.java:596)
	at org.junit.jupiter.engine.descriptor.TestTemplateTestDescriptor.execute(TestTemplateTestDescriptor.java:110)
	at org.junit.jupiter.engine.descriptor.TestTemplateTestDescriptor.execute(TestTemplateTestDescriptor.java:44)
	at org.junit.platform.engine.support.hierarchical.NodeTestTask.lambda$executeRecursively$6(NodeTestTask.java:151)
	at org.junit.platform.engine.support.hierarchical.ThrowableCollector.execute(ThrowableCollector.java:73)
	at org.junit.platform.engine.support.hierarchical.NodeTestTask.lambda$executeRecursively$8(NodeTestTask.java:141)
	at org.junit.platform.engine.support.hierarchical.Node.around(Node.java:137)
	at org.junit.platform.engine.support.hierarchical.NodeTestTask.lambda$executeRecursively$9(NodeTestTask.java:139)
	at org.junit.platform.engine.support.hierarchical.ThrowableCollector.execute(ThrowableCollector.java:73)
	at org.junit.platform.engine.support.hierarchical.NodeTestTask.executeRecursively(NodeTestTask.java:138)
	at org.junit.platform.engine.support.hierarchical.NodeTestTask.execute(NodeTestTask.java:95)
	at java.base/java.util.ArrayList.forEach(ArrayList.java:1511)
	at org.junit.platform.engine.support.hierarchical.SameThreadHierarchicalTestExecutorService.invokeAll(SameThreadHierarchicalTestExecutorService.java:41)
	at org.junit.platform.engine.support.hierarchical.NodeTestTask.lambda$executeRecursively$6(NodeTestTask.java:155)
	at org.junit.platform.engine.support.hierarchical.ThrowableCollector.execute(ThrowableCollector.java:73)
	at org.junit.platform.engine.support.hierarchical.NodeTestTask.lambda$executeRecursively$8(NodeTestTask.java:141)
	at org.junit.platform.engine.support.hierarchical.Node.around(Node.java:137)
	at org.junit.platform.engine.support.hierarchical.NodeTestTask.lambda$executeRecursively$9(NodeTestTask.java:139)
	at org.junit.platform.engine.support.hierarchical.ThrowableCollector.execute(ThrowableCollector.java:73)
	at org.junit.platform.engine.support.hierarchical.NodeTestTask.executeRecursively(NodeTestTask.java:138)
	at org.junit.platform.engine.support.hierarchical.NodeTestTask.execute(NodeTestTask.java:95)
	at java.base/java.util.ArrayList.forEach(ArrayList.java:1511)
	at org.junit.platform.engine.support.hierarchical.SameThreadHierarchicalTestExecutorService.invokeAll(SameThreadHierarchicalTestExecutorService.java:41)
	at org.junit.platform.engine.support.hierarchical.NodeTestTask.lambda$executeRecursively$6(NodeTestTask.java:155)
	at org.junit.platform.engine.support.hierarchical.ThrowableCollector.execute(ThrowableCollector.java:73)
	at org.junit.platform.engine.support.hierarchical.NodeTestTask.lambda$executeRecursively$8(NodeTestTask.java:141)
	at org.junit.platform.engine.support.hierarchical.Node.around(Node.java:137)
	at org.junit.platform.engine.support.hierarchical.NodeTestTask.lambda$executeRecursively$9(NodeTestTask.java:139)
	at org.junit.platform.engine.support.hierarchical.ThrowableCollector.execute(ThrowableCollector.java:73)
	at org.junit.platform.engine.support.hierarchical.NodeTestTask.executeRecursively(NodeTestTask.java:138)
	at org.junit.platform.engine.support.hierarchical.NodeTestTask.execute(NodeTestTask.java:95)
	at org.junit.platform.engine.support.hierarchical.SameThreadHierarchicalTestExecutorService.submit(SameThreadHierarchicalTestExecutorService.java:35)
	at org.junit.platform.engine.support.hierarchical.HierarchicalTestExecutor.execute(HierarchicalTestExecutor.java:57)
	at org.junit.platform.engine.support.hierarchical.HierarchicalTestEngine.execute(HierarchicalTestEngine.java:54)
	at org.junit.platform.launcher.core.EngineExecutionOrchestrator.execute(EngineExecutionOrchestrator.java:147)
	at org.junit.platform.launcher.core.EngineExecutionOrchestrator.execute(EngineExecutionOrchestrator.java:127)
	at org.junit.platform.launcher.core.EngineExecutionOrchestrator.execute(EngineExecutionOrchestrator.java:90)
	at org.junit.platform.launcher.core.EngineExecutionOrchestrator.lambda$execute$0(EngineExecutionOrchestrator.java:55)
	at org.junit.platform.launcher.core.EngineExecutionOrchestrator.withInterceptedStreams(EngineExecutionOrchestrator.java:102)
	at org.junit.platform.launcher.core.EngineExecutionOrchestrator.execute(EngineExecutionOrchestrator.java:54)
	at org.junit.platform.launcher.core.DefaultLauncher.execute(DefaultLauncher.java:114)
	at org.junit.platform.launcher.core.DefaultLauncher.execute(DefaultLauncher.java:86)
	at org.junit.platform.launcher.core.DefaultLauncherSession$DelegatingLauncher.execute(DefaultLauncherSession.java:86)
	at org.junit.platform.launcher.core.SessionPerRequestLauncher.execute(SessionPerRequestLauncher.java:53)
	at org.apache.maven.surefire.junitplatform.JUnitPlatformProvider.execute(JUnitPlatformProvider.java:188)
	at org.apache.maven.surefire.junitplatform.JUnitPlatformProvider.invokeAllTests(JUnitPlatformProvider.java:154)
	at org.apache.maven.surefire.junitplatform.JUnitPlatformProvider.invoke(JUnitPlatformProvider.java:128)
	at org.apache.maven.surefire.booter.ForkedBooter.runSuitesInProcess(ForkedBooter.java:428)
	at org.apache.maven.surefire.booter.ForkedBooter.execute(ForkedBooter.java:162)
	at org.apache.maven.surefire.booter.ForkedBooter.run(ForkedBooter.java:562)
	at org.apache.maven.surefire.booter.ForkedBooter.main(ForkedBooter.java:548)

]]></system-err>
  </testcase>
  <testcase name="testCheckTempUser(String)[2]" classname="laptop.test.TestLaptop2" time="0.03">
    <system-err><![CDATA[ott 28, 2023 11:42:02 AM laptop.controller.ControllerPassword <init>
INFORMAZIONI: Costruttore ControllerPassword
ott 28, 2023 11:42:02 AM laptop.controller.ControllerRegistraUtente <init>
INFORMAZIONI: Costruttore ControllerRegistaUtente
ott 28, 2023 11:42:02 AM laptop.controller.ControllerRicercaPerTipo <init>
INFORMAZIONI: Costruttore ControllerRicercaPerTipo
ott 28, 2023 11:42:02 AM laptop.controller.ControllerVisualizzaProfilo <init>
INFORMAZIONI: Costruttore ControllerVisualizzaProfilo
ott 28, 2023 11:42:02 AM laptop.utilities.ConnToDb generalConnection
INFORMAZIONI: Tentativo di conessione al server..........\\n
ott 28, 2023 11:42:02 AM laptop.utilities.ConnToDb generalConnection
INFORMAZIONI: Connesso standard ........

]]></system-err>
  </testcase>
  <testcase name="testGetEditoreL" classname="laptop.test.TestLaptop2" time="0.001">
    <system-err><![CDATA[ott 28, 2023 11:42:02 AM laptop.controller.ControllerPassword <init>
INFORMAZIONI: Costruttore ControllerPassword
ott 28, 2023 11:42:02 AM laptop.controller.ControllerRegistraUtente <init>
INFORMAZIONI: Costruttore ControllerRegistaUtente
ott 28, 2023 11:42:02 AM laptop.controller.ControllerRicercaPerTipo <init>
INFORMAZIONI: Costruttore ControllerRicercaPerTipo
ott 28, 2023 11:42:02 AM laptop.controller.ControllerVisualizzaProfilo <init>
INFORMAZIONI: Costruttore ControllerVisualizzaProfilo
]]></system-err>
  </testcase>
  <testcase name="testCancellaUtente" classname="laptop.test.TestLaptop2" time="0.102">
    <system-err><![CDATA[ott 28, 2023 11:42:02 AM laptop.controller.ControllerPassword <init>
INFORMAZIONI: Costruttore ControllerPassword
ott 28, 2023 11:42:02 AM laptop.controller.ControllerRegistraUtente <init>
INFORMAZIONI: Costruttore ControllerRegistaUtente
ott 28, 2023 11:42:02 AM laptop.controller.ControllerRicercaPerTipo <init>
INFORMAZIONI: Costruttore ControllerRicercaPerTipo
ott 28, 2023 11:42:02 AM laptop.controller.ControllerVisualizzaProfilo <init>
INFORMAZIONI: Costruttore ControllerVisualizzaProfilo
ott 28, 2023 11:42:02 AM laptop.utilities.ConnToDb generalConnection
INFORMAZIONI: Tentativo di conessione al server..........\\n
ott 28, 2023 11:42:02 AM laptop.utilities.ConnToDb generalConnection
INFORMAZIONI: Connesso standard ........

ott 28, 2023 11:42:02 AM laptop.database.UsersDao deleteUser
INFORMAZIONI: cancello user ruoloEDITORE
]]></system-err>
  </testcase>
  <testcase name="testGetId" classname="laptop.test.TestLaptop2" time="0.004">
    <system-err><![CDATA[ott 28, 2023 11:42:02 AM laptop.controller.ControllerPassword <init>
INFORMAZIONI: Costruttore ControllerPassword
ott 28, 2023 11:42:02 AM laptop.controller.ControllerRegistraUtente <init>
INFORMAZIONI: Costruttore ControllerRegistaUtente
ott 28, 2023 11:42:02 AM laptop.controller.ControllerRicercaPerTipo <init>
INFORMAZIONI: Costruttore ControllerRicercaPerTipo
ott 28, 2023 11:42:02 AM laptop.controller.ControllerVisualizzaProfilo <init>
INFORMAZIONI: Costruttore ControllerVisualizzaProfilo
]]></system-err>
  </testcase>
  <testcase name="testGetId(int)[1]" classname="laptop.test.TestLaptop2" time="0.002">
    <system-err><![CDATA[ott 28, 2023 11:42:02 AM laptop.controller.ControllerPassword <init>
INFORMAZIONI: Costruttore ControllerPassword
ott 28, 2023 11:42:02 AM laptop.controller.ControllerRegistraUtente <init>
INFORMAZIONI: Costruttore ControllerRegistaUtente
ott 28, 2023 11:42:02 AM laptop.controller.ControllerRicercaPerTipo <init>
INFORMAZIONI: Costruttore ControllerRicercaPerTipo
ott 28, 2023 11:42:02 AM laptop.controller.ControllerVisualizzaProfilo <init>
INFORMAZIONI: Costruttore ControllerVisualizzaProfilo
]]></system-err>
  </testcase>
  <testcase name="testGetId(int)[2]" classname="laptop.test.TestLaptop2" time="0.001">
    <system-err><![CDATA[ott 28, 2023 11:42:02 AM laptop.controller.ControllerPassword <init>
INFORMAZIONI: Costruttore ControllerPassword
ott 28, 2023 11:42:02 AM laptop.controller.ControllerRegistraUtente <init>
INFORMAZIONI: Costruttore ControllerRegistaUtente
ott 28, 2023 11:42:02 AM laptop.controller.ControllerRicercaPerTipo <init>
INFORMAZIONI: Costruttore ControllerRicercaPerTipo
ott 28, 2023 11:42:02 AM laptop.controller.ControllerVisualizzaProfilo <init>
INFORMAZIONI: Costruttore ControllerVisualizzaProfilo
]]></system-err>
  </testcase>
  <testcase name="testGetId(int)[3]" classname="laptop.test.TestLaptop2" time="0.001">
    <system-err><![CDATA[ott 28, 2023 11:42:02 AM laptop.controller.ControllerPassword <init>
INFORMAZIONI: Costruttore ControllerPassword
ott 28, 2023 11:42:02 AM laptop.controller.ControllerRegistraUtente <init>
INFORMAZIONI: Costruttore ControllerRegistaUtente
ott 28, 2023 11:42:02 AM laptop.controller.ControllerRicercaPerTipo <init>
INFORMAZIONI: Costruttore ControllerRicercaPerTipo
ott 28, 2023 11:42:02 AM laptop.controller.ControllerVisualizzaProfilo <init>
INFORMAZIONI: Costruttore ControllerVisualizzaProfilo
]]></system-err>
  </testcase>
  <testcase name="testGetId(int)[4]" classname="laptop.test.TestLaptop2" time="0.001">
    <system-err><![CDATA[ott 28, 2023 11:42:02 AM laptop.controller.ControllerPassword <init>
INFORMAZIONI: Costruttore ControllerPassword
ott 28, 2023 11:42:02 AM laptop.controller.ControllerRegistraUtente <init>
INFORMAZIONI: Costruttore ControllerRegistaUtente
ott 28, 2023 11:42:02 AM laptop.controller.ControllerRicercaPerTipo <init>
INFORMAZIONI: Costruttore ControllerRicercaPerTipo
ott 28, 2023 11:42:02 AM laptop.controller.ControllerVisualizzaProfilo <init>
INFORMAZIONI: Costruttore ControllerVisualizzaProfilo
]]></system-err>
  </testcase>
  <testcase name="testGetId(int)[5]" classname="laptop.test.TestLaptop2" time="0">
    <system-err><![CDATA[ott 28, 2023 11:42:02 AM laptop.controller.ControllerPassword <init>
INFORMAZIONI: Costruttore ControllerPassword
ott 28, 2023 11:42:02 AM laptop.controller.ControllerRegistraUtente <init>
INFORMAZIONI: Costruttore ControllerRegistaUtente
ott 28, 2023 11:42:02 AM laptop.controller.ControllerRicercaPerTipo <init>
INFORMAZIONI: Costruttore ControllerRicercaPerTipo
ott 28, 2023 11:42:02 AM laptop.controller.ControllerVisualizzaProfilo <init>
INFORMAZIONI: Costruttore ControllerVisualizzaProfilo
]]></system-err>
  </testcase>
  <testcase name="testGetId(int)[6]" classname="laptop.test.TestLaptop2" time="0">
    <system-err><![CDATA[ott 28, 2023 11:42:02 AM laptop.controller.ControllerPassword <init>
INFORMAZIONI: Costruttore ControllerPassword
ott 28, 2023 11:42:02 AM laptop.controller.ControllerRegistraUtente <init>
INFORMAZIONI: Costruttore ControllerRegistaUtente
ott 28, 2023 11:42:02 AM laptop.controller.ControllerRicercaPerTipo <init>
INFORMAZIONI: Costruttore ControllerRicercaPerTipo
ott 28, 2023 11:42:02 AM laptop.controller.ControllerVisualizzaProfilo <init>
INFORMAZIONI: Costruttore ControllerVisualizzaProfilo
]]></system-err>
  </testcase>
  <testcase name="testGetId(int)[7]" classname="laptop.test.TestLaptop2" time="0.011">
    <system-err><![CDATA[ott 28, 2023 11:42:02 AM laptop.controller.ControllerPassword <init>
INFORMAZIONI: Costruttore ControllerPassword
ott 28, 2023 11:42:02 AM laptop.controller.ControllerRegistraUtente <init>
INFORMAZIONI: Costruttore ControllerRegistaUtente
ott 28, 2023 11:42:02 AM laptop.controller.ControllerRicercaPerTipo <init>
INFORMAZIONI: Costruttore ControllerRicercaPerTipo
ott 28, 2023 11:42:02 AM laptop.controller.ControllerVisualizzaProfilo <init>
INFORMAZIONI: Costruttore ControllerVisualizzaProfilo
]]></system-err>
  </testcase>
  <testcase name="testGetId(int)[8]" classname="laptop.test.TestLaptop2" time="0.001">
    <system-err><![CDATA[ott 28, 2023 11:42:02 AM laptop.controller.ControllerPassword <init>
INFORMAZIONI: Costruttore ControllerPassword
ott 28, 2023 11:42:02 AM laptop.controller.ControllerRegistraUtente <init>
INFORMAZIONI: Costruttore ControllerRegistaUtente
ott 28, 2023 11:42:02 AM laptop.controller.ControllerRicercaPerTipo <init>
INFORMAZIONI: Costruttore ControllerRicercaPerTipo
ott 28, 2023 11:42:02 AM laptop.controller.ControllerVisualizzaProfilo <init>
INFORMAZIONI: Costruttore ControllerVisualizzaProfilo
]]></system-err>
  </testcase>
  <testcase name="testGetId(int)[9]" classname="laptop.test.TestLaptop2" time="0.001">
    <system-err><![CDATA[ott 28, 2023 11:42:02 AM laptop.controller.ControllerPassword <init>
INFORMAZIONI: Costruttore ControllerPassword
ott 28, 2023 11:42:02 AM laptop.controller.ControllerRegistraUtente <init>
INFORMAZIONI: Costruttore ControllerRegistaUtente
ott 28, 2023 11:42:02 AM laptop.controller.ControllerRicercaPerTipo <init>
INFORMAZIONI: Costruttore ControllerRicercaPerTipo
ott 28, 2023 11:42:02 AM laptop.controller.ControllerVisualizzaProfilo <init>
INFORMAZIONI: Costruttore ControllerVisualizzaProfilo
]]></system-err>
  </testcase>
  <testcase name="testGetId(int)[10]" classname="laptop.test.TestLaptop2" time="0.002">
    <system-err><![CDATA[ott 28, 2023 11:42:02 AM laptop.controller.ControllerPassword <init>
INFORMAZIONI: Costruttore ControllerPassword
ott 28, 2023 11:42:02 AM laptop.controller.ControllerRegistraUtente <init>
INFORMAZIONI: Costruttore ControllerRegistaUtente
ott 28, 2023 11:42:02 AM laptop.controller.ControllerRicercaPerTipo <init>
INFORMAZIONI: Costruttore ControllerRicercaPerTipo
ott 28, 2023 11:42:02 AM laptop.controller.ControllerVisualizzaProfilo <init>
INFORMAZIONI: Costruttore ControllerVisualizzaProfilo
]]></system-err>
  </testcase>
  <testcase name="testLeggi(int)[1]" classname="laptop.test.TestLaptop2" time="0.104">
    <system-err><![CDATA[ott 28, 2023 11:42:02 AM laptop.controller.ControllerPassword <init>
INFORMAZIONI: Costruttore ControllerPassword
ott 28, 2023 11:42:02 AM laptop.controller.ControllerRegistraUtente <init>
INFORMAZIONI: Costruttore ControllerRegistaUtente
ott 28, 2023 11:42:02 AM laptop.controller.ControllerRicercaPerTipo <init>
INFORMAZIONI: Costruttore ControllerRicercaPerTipo
ott 28, 2023 11:42:02 AM laptop.controller.ControllerVisualizzaProfilo <init>
INFORMAZIONI: Costruttore ControllerVisualizzaProfilo
]]></system-err>
  </testcase>
  <testcase name="testLeggi(int)[2]" classname="laptop.test.TestLaptop2" time="0.059">
    <system-err><![CDATA[ott 28, 2023 11:42:02 AM laptop.controller.ControllerPassword <init>
INFORMAZIONI: Costruttore ControllerPassword
ott 28, 2023 11:42:02 AM laptop.controller.ControllerRegistraUtente <init>
INFORMAZIONI: Costruttore ControllerRegistaUtente
ott 28, 2023 11:42:02 AM laptop.controller.ControllerRicercaPerTipo <init>
INFORMAZIONI: Costruttore ControllerRicercaPerTipo
ott 28, 2023 11:42:02 AM laptop.controller.ControllerVisualizzaProfilo <init>
INFORMAZIONI: Costruttore ControllerVisualizzaProfilo
]]></system-err>
  </testcase>
  <testcase name="testLeggi(int)[3]" classname="laptop.test.TestLaptop2" time="0.017">
    <system-err><![CDATA[ott 28, 2023 11:42:03 AM laptop.controller.ControllerPassword <init>
INFORMAZIONI: Costruttore ControllerPassword
ott 28, 2023 11:42:03 AM laptop.controller.ControllerRegistraUtente <init>
INFORMAZIONI: Costruttore ControllerRegistaUtente
ott 28, 2023 11:42:03 AM laptop.controller.ControllerRicercaPerTipo <init>
INFORMAZIONI: Costruttore ControllerRicercaPerTipo
ott 28, 2023 11:42:03 AM laptop.controller.ControllerVisualizzaProfilo <init>
INFORMAZIONI: Costruttore ControllerVisualizzaProfilo
]]></system-err>
  </testcase>
  <testcase name="testLeggi(int)[4]" classname="laptop.test.TestLaptop2" time="0.007">
    <system-err><![CDATA[ott 28, 2023 11:42:03 AM laptop.controller.ControllerPassword <init>
INFORMAZIONI: Costruttore ControllerPassword
ott 28, 2023 11:42:03 AM laptop.controller.ControllerRegistraUtente <init>
INFORMAZIONI: Costruttore ControllerRegistaUtente
ott 28, 2023 11:42:03 AM laptop.controller.ControllerRicercaPerTipo <init>
INFORMAZIONI: Costruttore ControllerRicercaPerTipo
ott 28, 2023 11:42:03 AM laptop.controller.ControllerVisualizzaProfilo <init>
INFORMAZIONI: Costruttore ControllerVisualizzaProfilo
]]></system-err>
  </testcase>
  <testcase name="testLeggi(int)[5]" classname="laptop.test.TestLaptop2" time="0.007">
    <system-err><![CDATA[ott 28, 2023 11:42:03 AM laptop.controller.ControllerPassword <init>
INFORMAZIONI: Costruttore ControllerPassword
ott 28, 2023 11:42:03 AM laptop.controller.ControllerRegistraUtente <init>
INFORMAZIONI: Costruttore ControllerRegistaUtente
ott 28, 2023 11:42:03 AM laptop.controller.ControllerRicercaPerTipo <init>
INFORMAZIONI: Costruttore ControllerRicercaPerTipo
ott 28, 2023 11:42:03 AM laptop.controller.ControllerVisualizzaProfilo <init>
INFORMAZIONI: Costruttore ControllerVisualizzaProfilo
]]></system-err>
  </testcase>
  <testcase name="testLeggi(int)[6]" classname="laptop.test.TestLaptop2" time="0.014">
    <system-err><![CDATA[ott 28, 2023 11:42:03 AM laptop.controller.ControllerPassword <init>
INFORMAZIONI: Costruttore ControllerPassword
ott 28, 2023 11:42:03 AM laptop.controller.ControllerRegistraUtente <init>
INFORMAZIONI: Costruttore ControllerRegistaUtente
ott 28, 2023 11:42:03 AM laptop.controller.ControllerRicercaPerTipo <init>
INFORMAZIONI: Costruttore ControllerRicercaPerTipo
ott 28, 2023 11:42:03 AM laptop.controller.ControllerVisualizzaProfilo <init>
INFORMAZIONI: Costruttore ControllerVisualizzaProfilo
]]></system-err>
  </testcase>
  <testcase name="testLeggi(int)[7]" classname="laptop.test.TestLaptop2" time="0.01">
    <system-err><![CDATA[ott 28, 2023 11:42:03 AM laptop.controller.ControllerPassword <init>
INFORMAZIONI: Costruttore ControllerPassword
ott 28, 2023 11:42:03 AM laptop.controller.ControllerRegistraUtente <init>
INFORMAZIONI: Costruttore ControllerRegistaUtente
ott 28, 2023 11:42:03 AM laptop.controller.ControllerRicercaPerTipo <init>
INFORMAZIONI: Costruttore ControllerRicercaPerTipo
ott 28, 2023 11:42:03 AM laptop.controller.ControllerVisualizzaProfilo <init>
INFORMAZIONI: Costruttore ControllerVisualizzaProfilo
]]></system-err>
  </testcase>
  <testcase name="testLeggi(int)[8]" classname="laptop.test.TestLaptop2" time="0.081">
    <system-err><![CDATA[ott 28, 2023 11:42:03 AM laptop.controller.ControllerPassword <init>
INFORMAZIONI: Costruttore ControllerPassword
ott 28, 2023 11:42:03 AM laptop.controller.ControllerRegistraUtente <init>
INFORMAZIONI: Costruttore ControllerRegistaUtente
ott 28, 2023 11:42:03 AM laptop.controller.ControllerRicercaPerTipo <init>
INFORMAZIONI: Costruttore ControllerRicercaPerTipo
ott 28, 2023 11:42:03 AM laptop.controller.ControllerVisualizzaProfilo <init>
INFORMAZIONI: Costruttore ControllerVisualizzaProfilo
]]></system-err>
  </testcase>
  <testcase name="testLeggi(int)[9]" classname="laptop.test.TestLaptop2" time="0.025">
    <system-err><![CDATA[ott 28, 2023 11:42:03 AM laptop.controller.ControllerPassword <init>
INFORMAZIONI: Costruttore ControllerPassword
ott 28, 2023 11:42:03 AM laptop.controller.ControllerRegistraUtente <init>
INFORMAZIONI: Costruttore ControllerRegistaUtente
ott 28, 2023 11:42:03 AM laptop.controller.ControllerRicercaPerTipo <init>
INFORMAZIONI: Costruttore ControllerRicercaPerTipo
ott 28, 2023 11:42:03 AM laptop.controller.ControllerVisualizzaProfilo <init>
INFORMAZIONI: Costruttore ControllerVisualizzaProfilo
]]></system-err>
  </testcase>
  <testcase name="testLeggi(int)[10]" classname="laptop.test.TestLaptop2" time="0.006">
    <system-err><![CDATA[ott 28, 2023 11:42:03 AM laptop.controller.ControllerPassword <init>
INFORMAZIONI: Costruttore ControllerPassword
ott 28, 2023 11:42:03 AM laptop.controller.ControllerRegistraUtente <init>
INFORMAZIONI: Costruttore ControllerRegistaUtente
ott 28, 2023 11:42:03 AM laptop.controller.ControllerRicercaPerTipo <init>
INFORMAZIONI: Costruttore ControllerRicercaPerTipo
ott 28, 2023 11:42:03 AM laptop.controller.ControllerVisualizzaProfilo <init>
INFORMAZIONI: Costruttore ControllerVisualizzaProfilo
]]></system-err>
  </testcase>
  <testcase name="testRetId" classname="laptop.test.TestLaptop2" time="0.033">
    <system-err><![CDATA[ott 28, 2023 11:42:03 AM laptop.controller.ControllerPassword <init>
INFORMAZIONI: Costruttore ControllerPassword
ott 28, 2023 11:42:03 AM laptop.controller.ControllerRegistraUtente <init>
INFORMAZIONI: Costruttore ControllerRegistaUtente
ott 28, 2023 11:42:03 AM laptop.controller.ControllerRicercaPerTipo <init>
INFORMAZIONI: Costruttore ControllerRicercaPerTipo
ott 28, 2023 11:42:03 AM laptop.controller.ControllerVisualizzaProfilo <init>
INFORMAZIONI: Costruttore ControllerVisualizzaProfilo
ott 28, 2023 11:42:03 AM laptop.utilities.ConnToDb generalConnection
INFORMAZIONI: Tentativo di conessione al server..........\\n
ott 28, 2023 11:42:03 AM laptop.utilities.ConnToDb generalConnection
INFORMAZIONI: Connesso standard ........

]]></system-err>
  </testcase>
  <testcase name="testCreateUser2" classname="laptop.test.TestLaptop2" time="0.106">
    <system-err><![CDATA[ott 28, 2023 11:42:03 AM laptop.controller.ControllerPassword <init>
INFORMAZIONI: Costruttore ControllerPassword
ott 28, 2023 11:42:03 AM laptop.controller.ControllerRegistraUtente <init>
INFORMAZIONI: Costruttore ControllerRegistaUtente
ott 28, 2023 11:42:03 AM laptop.controller.ControllerRicercaPerTipo <init>
INFORMAZIONI: Costruttore ControllerRicercaPerTipo
ott 28, 2023 11:42:03 AM laptop.controller.ControllerVisualizzaProfilo <init>
INFORMAZIONI: Costruttore ControllerVisualizzaProfilo
ott 28, 2023 11:42:03 AM laptop.utilities.ConnToDb generalConnection
INFORMAZIONI: Tentativo di conessione al server..........\\n
ott 28, 2023 11:42:03 AM laptop.utilities.ConnToDb generalConnection
INFORMAZIONI: Connesso standard ........

]]></system-err>
  </testcase>
  <testcase name="testGetDataPubb" classname="laptop.test.TestLaptop2" time="0.001">
    <system-err><![CDATA[ott 28, 2023 11:42:03 AM laptop.controller.ControllerPassword <init>
INFORMAZIONI: Costruttore ControllerPassword
ott 28, 2023 11:42:03 AM laptop.controller.ControllerRegistraUtente <init>
INFORMAZIONI: Costruttore ControllerRegistaUtente
ott 28, 2023 11:42:03 AM laptop.controller.ControllerRicercaPerTipo <init>
INFORMAZIONI: Costruttore ControllerRicercaPerTipo
ott 28, 2023 11:42:03 AM laptop.controller.ControllerVisualizzaProfilo <init>
INFORMAZIONI: Costruttore ControllerVisualizzaProfilo
]]></system-err>
  </testcase>
  <testcase name="testCercaPerTipoG(String)[1]" classname="laptop.test.TestLaptop2" time="0.033">
    <system-err><![CDATA[ott 28, 2023 11:42:03 AM laptop.controller.ControllerPassword <init>
INFORMAZIONI: Costruttore ControllerPassword
ott 28, 2023 11:42:03 AM laptop.controller.ControllerRegistraUtente <init>
INFORMAZIONI: Costruttore ControllerRegistaUtente
ott 28, 2023 11:42:03 AM laptop.controller.ControllerRicercaPerTipo <init>
INFORMAZIONI: Costruttore ControllerRicercaPerTipo
ott 28, 2023 11:42:03 AM laptop.controller.ControllerVisualizzaProfilo <init>
INFORMAZIONI: Costruttore ControllerVisualizzaProfilo
ott 28, 2023 11:42:03 AM laptop.utilities.ConnToDb generalConnection
INFORMAZIONI: Tentativo di conessione al server..........\\n
ott 28, 2023 11:42:03 AM laptop.utilities.ConnToDb generalConnection
INFORMAZIONI: Connesso standard ........

]]></system-err>
  </testcase>
  <testcase name="testCercaPerTipoG(String)[2]" classname="laptop.test.TestLaptop2" time="0.029">
    <system-err><![CDATA[ott 28, 2023 11:42:03 AM laptop.controller.ControllerPassword <init>
INFORMAZIONI: Costruttore ControllerPassword
ott 28, 2023 11:42:03 AM laptop.controller.ControllerRegistraUtente <init>
INFORMAZIONI: Costruttore ControllerRegistaUtente
ott 28, 2023 11:42:03 AM laptop.controller.ControllerRicercaPerTipo <init>
INFORMAZIONI: Costruttore ControllerRicercaPerTipo
ott 28, 2023 11:42:03 AM laptop.controller.ControllerVisualizzaProfilo <init>
INFORMAZIONI: Costruttore ControllerVisualizzaProfilo
ott 28, 2023 11:42:03 AM laptop.utilities.ConnToDb generalConnection
INFORMAZIONI: Tentativo di conessione al server..........\\n
ott 28, 2023 11:42:03 AM laptop.utilities.ConnToDb generalConnection
INFORMAZIONI: Connesso standard ........

]]></system-err>
  </testcase>
  <testcase name="testCercaPerTipoL(String)[1]" classname="laptop.test.TestLaptop2" time="0.029">
    <system-err><![CDATA[ott 28, 2023 11:42:03 AM laptop.controller.ControllerPassword <init>
INFORMAZIONI: Costruttore ControllerPassword
ott 28, 2023 11:42:03 AM laptop.controller.ControllerRegistraUtente <init>
INFORMAZIONI: Costruttore ControllerRegistaUtente
ott 28, 2023 11:42:03 AM laptop.controller.ControllerRicercaPerTipo <init>
INFORMAZIONI: Costruttore ControllerRicercaPerTipo
ott 28, 2023 11:42:03 AM laptop.controller.ControllerVisualizzaProfilo <init>
INFORMAZIONI: Costruttore ControllerVisualizzaProfilo
ott 28, 2023 11:42:03 AM laptop.utilities.ConnToDb generalConnection
INFORMAZIONI: Tentativo di conessione al server..........\\n
ott 28, 2023 11:42:03 AM laptop.utilities.ConnToDb generalConnection
INFORMAZIONI: Connesso standard ........

]]></system-err>
  </testcase>
  <testcase name="testCercaPerTipoL(String)[2]" classname="laptop.test.TestLaptop2" time="0.025">
    <system-err><![CDATA[ott 28, 2023 11:42:03 AM laptop.controller.ControllerPassword <init>
INFORMAZIONI: Costruttore ControllerPassword
ott 28, 2023 11:42:03 AM laptop.controller.ControllerRegistraUtente <init>
INFORMAZIONI: Costruttore ControllerRegistaUtente
ott 28, 2023 11:42:03 AM laptop.controller.ControllerRicercaPerTipo <init>
INFORMAZIONI: Costruttore ControllerRicercaPerTipo
ott 28, 2023 11:42:03 AM laptop.controller.ControllerVisualizzaProfilo <init>
INFORMAZIONI: Costruttore ControllerVisualizzaProfilo
ott 28, 2023 11:42:03 AM laptop.utilities.ConnToDb generalConnection
INFORMAZIONI: Tentativo di conessione al server..........\\n
ott 28, 2023 11:42:03 AM laptop.utilities.ConnToDb generalConnection
INFORMAZIONI: Connesso standard ........

]]></system-err>
  </testcase>
  <testcase name="testCercaPerTipoR(String)[1]" classname="laptop.test.TestLaptop2" time="0.026">
    <system-err><![CDATA[ott 28, 2023 11:42:03 AM laptop.controller.ControllerPassword <init>
INFORMAZIONI: Costruttore ControllerPassword
ott 28, 2023 11:42:03 AM laptop.controller.ControllerRegistraUtente <init>
INFORMAZIONI: Costruttore ControllerRegistaUtente
ott 28, 2023 11:42:03 AM laptop.controller.ControllerRicercaPerTipo <init>
INFORMAZIONI: Costruttore ControllerRicercaPerTipo
ott 28, 2023 11:42:03 AM laptop.controller.ControllerVisualizzaProfilo <init>
INFORMAZIONI: Costruttore ControllerVisualizzaProfilo
ott 28, 2023 11:42:03 AM laptop.utilities.ConnToDb generalConnection
INFORMAZIONI: Tentativo di conessione al server..........\\n
ott 28, 2023 11:42:03 AM laptop.utilities.ConnToDb generalConnection
INFORMAZIONI: Connesso standard ........

]]></system-err>
  </testcase>
  <testcase name="testCercaPerTipoR(String)[2]" classname="laptop.test.TestLaptop2" time="0.036">
    <system-err><![CDATA[ott 28, 2023 11:42:03 AM laptop.controller.ControllerPassword <init>
INFORMAZIONI: Costruttore ControllerPassword
ott 28, 2023 11:42:03 AM laptop.controller.ControllerRegistraUtente <init>
INFORMAZIONI: Costruttore ControllerRegistaUtente
ott 28, 2023 11:42:03 AM laptop.controller.ControllerRicercaPerTipo <init>
INFORMAZIONI: Costruttore ControllerRicercaPerTipo
ott 28, 2023 11:42:03 AM laptop.controller.ControllerVisualizzaProfilo <init>
INFORMAZIONI: Costruttore ControllerVisualizzaProfilo
ott 28, 2023 11:42:03 AM laptop.utilities.ConnToDb generalConnection
INFORMAZIONI: Tentativo di conessione al server..........\\n
ott 28, 2023 11:42:03 AM laptop.utilities.ConnToDb generalConnection
INFORMAZIONI: Connesso standard ........

]]></system-err>
  </testcase>
  <testcase name="testControllaPag" classname="laptop.test.TestLaptop2" time="0.003">
    <system-err><![CDATA[ott 28, 2023 11:42:03 AM laptop.controller.ControllerPassword <init>
INFORMAZIONI: Costruttore ControllerPassword
ott 28, 2023 11:42:03 AM laptop.controller.ControllerRegistraUtente <init>
INFORMAZIONI: Costruttore ControllerRegistaUtente
ott 28, 2023 11:42:03 AM laptop.controller.ControllerRicercaPerTipo <init>
INFORMAZIONI: Costruttore ControllerRicercaPerTipo
ott 28, 2023 11:42:03 AM laptop.controller.ControllerVisualizzaProfilo <init>
INFORMAZIONI: Costruttore ControllerVisualizzaProfilo
]]></system-err>
  </testcase>
  <testcase name="testGetDisponibilita" classname="laptop.test.TestLaptop2" time="0.001">
    <system-err><![CDATA[ott 28, 2023 11:42:03 AM laptop.controller.ControllerPassword <init>
INFORMAZIONI: Costruttore ControllerPassword
ott 28, 2023 11:42:03 AM laptop.controller.ControllerRegistraUtente <init>
INFORMAZIONI: Costruttore ControllerRegistaUtente
ott 28, 2023 11:42:03 AM laptop.controller.ControllerRicercaPerTipo <init>
INFORMAZIONI: Costruttore ControllerRicercaPerTipo
ott 28, 2023 11:42:03 AM laptop.controller.ControllerVisualizzaProfilo <init>
INFORMAZIONI: Costruttore ControllerVisualizzaProfilo
]]></system-err>
  </testcase>
  <testcase name="testGetDati" classname="laptop.test.TestLaptop2" time="0.282">
    <system-err><![CDATA[ott 28, 2023 11:42:03 AM laptop.controller.ControllerPassword <init>
INFORMAZIONI: Costruttore ControllerPassword
ott 28, 2023 11:42:03 AM laptop.controller.ControllerRegistraUtente <init>
INFORMAZIONI: Costruttore ControllerRegistaUtente
ott 28, 2023 11:42:03 AM laptop.controller.ControllerRicercaPerTipo <init>
INFORMAZIONI: Costruttore ControllerRicercaPerTipo
ott 28, 2023 11:42:03 AM laptop.controller.ControllerVisualizzaProfilo <init>
INFORMAZIONI: Costruttore ControllerVisualizzaProfilo
ott 28, 2023 11:42:03 AM laptop.utilities.ConnToDb generalConnection
INFORMAZIONI: Tentativo di conessione al server..........\\n
ott 28, 2023 11:42:03 AM laptop.utilities.ConnToDb generalConnection
INFORMAZIONI: Connesso standard ........

]]></system-err>
  </testcase>
  <testcase name="testGetDesc" classname="laptop.test.TestLaptop2" time="0">
    <system-err><![CDATA[ott 28, 2023 11:42:03 AM laptop.controller.ControllerPassword <init>
INFORMAZIONI: Costruttore ControllerPassword
ott 28, 2023 11:42:03 AM laptop.controller.ControllerRegistraUtente <init>
INFORMAZIONI: Costruttore ControllerRegistaUtente
ott 28, 2023 11:42:03 AM laptop.controller.ControllerRicercaPerTipo <init>
INFORMAZIONI: Costruttore ControllerRicercaPerTipo
ott 28, 2023 11:42:03 AM laptop.controller.ControllerVisualizzaProfilo <init>
INFORMAZIONI: Costruttore ControllerVisualizzaProfilo
]]></system-err>
  </testcase>
  <testcase name="testGetDisp" classname="laptop.test.TestLaptop2" time="0.025">
    <system-err><![CDATA[ott 28, 2023 11:42:03 AM laptop.controller.ControllerPassword <init>
INFORMAZIONI: Costruttore ControllerPassword
ott 28, 2023 11:42:03 AM laptop.controller.ControllerRegistraUtente <init>
INFORMAZIONI: Costruttore ControllerRegistaUtente
ott 28, 2023 11:42:03 AM laptop.controller.ControllerRicercaPerTipo <init>
INFORMAZIONI: Costruttore ControllerRicercaPerTipo
ott 28, 2023 11:42:03 AM laptop.controller.ControllerVisualizzaProfilo <init>
INFORMAZIONI: Costruttore ControllerVisualizzaProfilo
ott 28, 2023 11:42:03 AM laptop.utilities.ConnToDb generalConnection
INFORMAZIONI: Tentativo di conessione al server..........\\n
ott 28, 2023 11:42:03 AM laptop.utilities.ConnToDb generalConnection
INFORMAZIONI: Connesso standard ........

]]></system-err>
  </testcase>
  <testcase name="testGetNome" classname="laptop.test.TestLaptop2" time="0">
    <system-err><![CDATA[ott 28, 2023 11:42:03 AM laptop.controller.ControllerPassword <init>
INFORMAZIONI: Costruttore ControllerPassword
ott 28, 2023 11:42:03 AM laptop.controller.ControllerRegistraUtente <init>
INFORMAZIONI: Costruttore ControllerRegistaUtente
ott 28, 2023 11:42:03 AM laptop.controller.ControllerRicercaPerTipo <init>
INFORMAZIONI: Costruttore ControllerRicercaPerTipo
ott 28, 2023 11:42:03 AM laptop.controller.ControllerVisualizzaProfilo <init>
INFORMAZIONI: Costruttore ControllerVisualizzaProfilo
]]></system-err>
  </testcase>
  <testcase name="testGetTipo" classname="laptop.test.TestLaptop2" time="0">
    <system-err><![CDATA[ott 28, 2023 11:42:03 AM laptop.controller.ControllerPassword <init>
INFORMAZIONI: Costruttore ControllerPassword
ott 28, 2023 11:42:03 AM laptop.controller.ControllerRegistraUtente <init>
INFORMAZIONI: Costruttore ControllerRegistaUtente
ott 28, 2023 11:42:03 AM laptop.controller.ControllerRicercaPerTipo <init>
INFORMAZIONI: Costruttore ControllerRicercaPerTipo
ott 28, 2023 11:42:03 AM laptop.controller.ControllerVisualizzaProfilo <init>
INFORMAZIONI: Costruttore ControllerVisualizzaProfilo
]]></system-err>
  </testcase>
  <testcase name="testGetTipo(String)[1]" classname="laptop.test.TestLaptop2" time="0.002">
    <system-err><![CDATA[ott 28, 2023 11:42:03 AM laptop.controller.ControllerPassword <init>
INFORMAZIONI: Costruttore ControllerPassword
ott 28, 2023 11:42:03 AM laptop.controller.ControllerRegistraUtente <init>
INFORMAZIONI: Costruttore ControllerRegistaUtente
ott 28, 2023 11:42:03 AM laptop.controller.ControllerRicercaPerTipo <init>
[...]
INFORMAZIONI: Costruttore ControllerRicercaPerTipo
ott 28, 2023 11:42:05 AM laptop.controller.ControllerVisualizzaProfilo <init>
INFORMAZIONI: Costruttore ControllerVisualizzaProfilo
ott 28, 2023 11:42:05 AM laptop.utilities.ConnToDb generalConnection
INFORMAZIONI: Tentativo di conessione al server..........\\n
ott 28, 2023 11:42:05 AM laptop.utilities.ConnToDb generalConnection
INFORMAZIONI: Connesso standard ........

ott 28, 2023 11:42:05 AM laptop.utilities.ConnToDb generalConnection
INFORMAZIONI: Tentativo di conessione al server..........\\n
ott 28, 2023 11:42:05 AM laptop.utilities.ConnToDb generalConnection
INFORMAZIONI: Connesso standard ........

ott 28, 2023 11:42:05 AM laptop.controller.ControllerPagamentoCC pagamentoCC
INFORMAZIONI: info 0.0null0
ott 28, 2023 11:42:05 AM laptop.utilities.ConnToDb generalConnection
INFORMAZIONI: Tentativo di conessione al server..........\\n
ott 28, 2023 11:42:05 AM laptop.utilities.ConnToDb generalConnection
INFORMAZIONI: Connesso standard ........

]]></system-err>
  </testcase>
  <testcase name="testPagamentoCCL" classname="laptop.test.TestLaptop2" time="0.447">
    <system-err><![CDATA[ott 28, 2023 11:42:05 AM laptop.controller.ControllerPassword <init>
INFORMAZIONI: Costruttore ControllerPassword
ott 28, 2023 11:42:05 AM laptop.controller.ControllerRegistraUtente <init>
INFORMAZIONI: Costruttore ControllerRegistaUtente
ott 28, 2023 11:42:05 AM laptop.controller.ControllerRicercaPerTipo <init>
INFORMAZIONI: Costruttore ControllerRicercaPerTipo
ott 28, 2023 11:42:05 AM laptop.controller.ControllerVisualizzaProfilo <init>
INFORMAZIONI: Costruttore ControllerVisualizzaProfilo
ott 28, 2023 11:42:05 AM laptop.utilities.ConnToDb generalConnection
INFORMAZIONI: Tentativo di conessione al server..........\\n
ott 28, 2023 11:42:05 AM laptop.utilities.ConnToDb generalConnection
INFORMAZIONI: Connesso standard ........

ott 28, 2023 11:42:05 AM laptop.utilities.ConnToDb generalConnection
INFORMAZIONI: Tentativo di conessione al server..........\\n
ott 28, 2023 11:42:05 AM laptop.utilities.ConnToDb generalConnection
INFORMAZIONI: Connesso standard ........

ott 28, 2023 11:42:05 AM laptop.controller.ControllerPagamentoCC pagamentoCC
INFORMAZIONI: info 0.0null0
ott 28, 2023 11:42:05 AM laptop.utilities.ConnToDb generalConnection
INFORMAZIONI: Tentativo di conessione al server..........\\n
ott 28, 2023 11:42:05 AM laptop.utilities.ConnToDb generalConnection
INFORMAZIONI: Connesso standard ........

]]></system-err>
  </testcase>
  <testcase name="testPagamentoCCR" classname="laptop.test.TestLaptop2" time="0.483">
    <system-err><![CDATA[ott 28, 2023 11:42:05 AM laptop.controller.ControllerPassword <init>
INFORMAZIONI: Costruttore ControllerPassword
ott 28, 2023 11:42:05 AM laptop.controller.ControllerRegistraUtente <init>
INFORMAZIONI: Costruttore ControllerRegistaUtente
ott 28, 2023 11:42:05 AM laptop.controller.ControllerRicercaPerTipo <init>
INFORMAZIONI: Costruttore ControllerRicercaPerTipo
ott 28, 2023 11:42:05 AM laptop.controller.ControllerVisualizzaProfilo <init>
INFORMAZIONI: Costruttore ControllerVisualizzaProfilo
ott 28, 2023 11:42:05 AM laptop.utilities.ConnToDb generalConnection
INFORMAZIONI: Tentativo di conessione al server..........\\n
ott 28, 2023 11:42:05 AM laptop.utilities.ConnToDb generalConnection
INFORMAZIONI: Connesso standard ........

ott 28, 2023 11:42:05 AM laptop.utilities.ConnToDb generalConnection
INFORMAZIONI: Tentativo di conessione al server..........\\n
ott 28, 2023 11:42:05 AM laptop.utilities.ConnToDb generalConnection
INFORMAZIONI: Connesso standard ........

ott 28, 2023 11:42:05 AM laptop.controller.ControllerPagamentoCC pagamentoCC
INFORMAZIONI: info 0.0null0
ott 28, 2023 11:42:05 AM laptop.utilities.ConnToDb generalConnection
INFORMAZIONI: Tentativo di conessione al server..........\\n
ott 28, 2023 11:42:06 AM laptop.utilities.ConnToDb generalConnection
INFORMAZIONI: Connesso standard ........

]]></system-err>
  </testcase>
  <testcase name="testLeggiL(int)[1]" classname="laptop.test.TestLaptop2" time="0.394">
    <system-err><![CDATA[ott 28, 2023 11:42:06 AM laptop.controller.ControllerPassword <init>
INFORMAZIONI: Costruttore ControllerPassword
ott 28, 2023 11:42:06 AM laptop.controller.ControllerRegistraUtente <init>
INFORMAZIONI: Costruttore ControllerRegistaUtente
ott 28, 2023 11:42:06 AM laptop.controller.ControllerRicercaPerTipo <init>
INFORMAZIONI: Costruttore ControllerRicercaPerTipo
ott 28, 2023 11:42:06 AM laptop.controller.ControllerVisualizzaProfilo <init>
INFORMAZIONI: Costruttore ControllerVisualizzaProfilo
]]></system-err>
  </testcase>
  <testcase name="testLeggiL(int)[2]" classname="laptop.test.TestLaptop2" time="0.949">
    <system-err><![CDATA[ott 28, 2023 11:42:06 AM laptop.controller.ControllerPassword <init>
INFORMAZIONI: Costruttore ControllerPassword
ott 28, 2023 11:42:06 AM laptop.controller.ControllerRegistraUtente <init>
INFORMAZIONI: Costruttore ControllerRegistaUtente
ott 28, 2023 11:42:06 AM laptop.controller.ControllerRicercaPerTipo <init>
INFORMAZIONI: Costruttore ControllerRicercaPerTipo
ott 28, 2023 11:42:06 AM laptop.controller.ControllerVisualizzaProfilo <init>
INFORMAZIONI: Costruttore ControllerVisualizzaProfilo
]]></system-err>
  </testcase>
  <testcase name="testLeggiL(int)[3]" classname="laptop.test.TestLaptop2" time="0.388">
    <system-err><![CDATA[ott 28, 2023 11:42:07 AM laptop.controller.ControllerPassword <init>
INFORMAZIONI: Costruttore ControllerPassword
ott 28, 2023 11:42:07 AM laptop.controller.ControllerRegistraUtente <init>
INFORMAZIONI: Costruttore ControllerRegistaUtente
ott 28, 2023 11:42:07 AM laptop.controller.ControllerRicercaPerTipo <init>
INFORMAZIONI: Costruttore ControllerRicercaPerTipo
ott 28, 2023 11:42:07 AM laptop.controller.ControllerVisualizzaProfilo <init>
INFORMAZIONI: Costruttore ControllerVisualizzaProfilo
]]></system-err>
  </testcase>
  <testcase name="testLeggiL(int)[4]" classname="laptop.test.TestLaptop2" time="0.168">
    <system-err><![CDATA[ott 28, 2023 11:42:08 AM laptop.controller.ControllerPassword <init>
INFORMAZIONI: Costruttore ControllerPassword
ott 28, 2023 11:42:08 AM laptop.controller.ControllerRegistraUtente <init>
INFORMAZIONI: Costruttore ControllerRegistaUtente
ott 28, 2023 11:42:08 AM laptop.controller.ControllerRicercaPerTipo <init>
INFORMAZIONI: Costruttore ControllerRicercaPerTipo
ott 28, 2023 11:42:08 AM laptop.controller.ControllerVisualizzaProfilo <init>
INFORMAZIONI: Costruttore ControllerVisualizzaProfilo
]]></system-err>
  </testcase>
  <testcase name="testScarica(int)[1]" classname="laptop.test.TestLaptop2" time="1.49">
    <system-err><![CDATA[ott 28, 2023 11:42:08 AM laptop.controller.ControllerPassword <init>
INFORMAZIONI: Costruttore ControllerPassword
ott 28, 2023 11:42:08 AM laptop.controller.ControllerRegistraUtente <init>
INFORMAZIONI: Costruttore ControllerRegistaUtente
ott 28, 2023 11:42:08 AM laptop.controller.ControllerRicercaPerTipo <init>
INFORMAZIONI: Costruttore ControllerRicercaPerTipo
ott 28, 2023 11:42:08 AM laptop.controller.ControllerVisualizzaProfilo <init>
INFORMAZIONI: Costruttore ControllerVisualizzaProfilo
]]></system-err>
  </testcase>
  <testcase name="testScarica(int)[2]" classname="laptop.test.TestLaptop2" time="0.031">
    <system-err><![CDATA[ott 28, 2023 11:42:09 AM laptop.controller.ControllerPassword <init>
INFORMAZIONI: Costruttore ControllerPassword
ott 28, 2023 11:42:09 AM laptop.controller.ControllerRegistraUtente <init>
INFORMAZIONI: Costruttore ControllerRegistaUtente
ott 28, 2023 11:42:09 AM laptop.controller.ControllerRicercaPerTipo <init>
INFORMAZIONI: Costruttore ControllerRicercaPerTipo
ott 28, 2023 11:42:09 AM laptop.controller.ControllerVisualizzaProfilo <init>
INFORMAZIONI: Costruttore ControllerVisualizzaProfilo
]]></system-err>
  </testcase>
  <testcase name="testScarica(int)[3]" classname="laptop.test.TestLaptop2" time="0.086">
    <system-err><![CDATA[ott 28, 2023 11:42:09 AM laptop.controller.ControllerPassword <init>
INFORMAZIONI: Costruttore ControllerPassword
ott 28, 2023 11:42:09 AM laptop.controller.ControllerRegistraUtente <init>
INFORMAZIONI: Costruttore ControllerRegistaUtente
ott 28, 2023 11:42:09 AM laptop.controller.ControllerRicercaPerTipo <init>
INFORMAZIONI: Costruttore ControllerRicercaPerTipo
ott 28, 2023 11:42:09 AM laptop.controller.ControllerVisualizzaProfilo <init>
INFORMAZIONI: Costruttore ControllerVisualizzaProfilo
]]></system-err>
  </testcase>
  <testcase name="testScarica(int)[4]" classname="laptop.test.TestLaptop2" time="0.019">
    <system-err><![CDATA[ott 28, 2023 11:42:09 AM laptop.controller.ControllerPassword <init>
INFORMAZIONI: Costruttore ControllerPassword
ott 28, 2023 11:42:09 AM laptop.controller.ControllerRegistraUtente <init>
INFORMAZIONI: Costruttore ControllerRegistaUtente
ott 28, 2023 11:42:09 AM laptop.controller.ControllerRicercaPerTipo <init>
INFORMAZIONI: Costruttore ControllerRicercaPerTipo
ott 28, 2023 11:42:09 AM laptop.controller.ControllerVisualizzaProfilo <init>
INFORMAZIONI: Costruttore ControllerVisualizzaProfilo
]]></system-err>
  </testcase>
  <testcase name="testScarica(int)[5]" classname="laptop.test.TestLaptop2" time="0.026">
    <system-err><![CDATA[ott 28, 2023 11:42:09 AM laptop.controller.ControllerPassword <init>
INFORMAZIONI: Costruttore ControllerPassword
ott 28, 2023 11:42:09 AM laptop.controller.ControllerRegistraUtente <init>
INFORMAZIONI: Costruttore ControllerRegistaUtente
ott 28, 2023 11:42:09 AM laptop.controller.ControllerRicercaPerTipo <init>
INFORMAZIONI: Costruttore ControllerRicercaPerTipo
ott 28, 2023 11:42:09 AM laptop.controller.ControllerVisualizzaProfilo <init>
INFORMAZIONI: Costruttore ControllerVisualizzaProfilo
]]></system-err>
  </testcase>
  <testcase name="testScarica(int)[6]" classname="laptop.test.TestLaptop2" time="0.026">
    <system-err><![CDATA[ott 28, 2023 11:42:09 AM laptop.controller.ControllerPassword <init>
INFORMAZIONI: Costruttore ControllerPassword
ott 28, 2023 11:42:09 AM laptop.controller.ControllerRegistraUtente <init>
INFORMAZIONI: Costruttore ControllerRegistaUtente
ott 28, 2023 11:42:09 AM laptop.controller.ControllerRicercaPerTipo <init>
INFORMAZIONI: Costruttore ControllerRicercaPerTipo
ott 28, 2023 11:42:09 AM laptop.controller.ControllerVisualizzaProfilo <init>
INFORMAZIONI: Costruttore ControllerVisualizzaProfilo
]]></system-err>
  </testcase>
  <testcase name="testScarica(int)[7]" classname="laptop.test.TestLaptop2" time="0.019">
    <system-err><![CDATA[ott 28, 2023 11:42:09 AM laptop.controller.ControllerPassword <init>
INFORMAZIONI: Costruttore ControllerPassword
ott 28, 2023 11:42:09 AM laptop.controller.ControllerRegistraUtente <init>
INFORMAZIONI: Costruttore ControllerRegistaUtente
ott 28, 2023 11:42:09 AM laptop.controller.ControllerRicercaPerTipo <init>
INFORMAZIONI: Costruttore ControllerRicercaPerTipo
ott 28, 2023 11:42:09 AM laptop.controller.ControllerVisualizzaProfilo <init>
INFORMAZIONI: Costruttore ControllerVisualizzaProfilo
]]></system-err>
  </testcase>
  <testcase name="testScarica(int)[8]" classname="laptop.test.TestLaptop2" time="0.019">
    <system-err><![CDATA[ott 28, 2023 11:42:09 AM laptop.controller.ControllerPassword <init>
INFORMAZIONI: Costruttore ControllerPassword
ott 28, 2023 11:42:09 AM laptop.controller.ControllerRegistraUtente <init>
INFORMAZIONI: Costruttore ControllerRegistaUtente
ott 28, 2023 11:42:09 AM laptop.controller.ControllerRicercaPerTipo <init>
INFORMAZIONI: Costruttore ControllerRicercaPerTipo
ott 28, 2023 11:42:09 AM laptop.controller.ControllerVisualizzaProfilo <init>
INFORMAZIONI: Costruttore ControllerVisualizzaProfilo
]]></system-err>
  </testcase>
  <testcase name="testScarica(int)[9]" classname="laptop.test.TestLaptop2" time="0.017">
    <system-err><![CDATA[ott 28, 2023 11:42:09 AM laptop.controller.ControllerPassword <init>
INFORMAZIONI: Costruttore ControllerPassword
ott 28, 2023 11:42:09 AM laptop.controller.ControllerRegistraUtente <init>
INFORMAZIONI: Costruttore ControllerRegistaUtente
ott 28, 2023 11:42:09 AM laptop.controller.ControllerRicercaPerTipo <init>
INFORMAZIONI: Costruttore ControllerRicercaPerTipo
ott 28, 2023 11:42:09 AM laptop.controller.ControllerVisualizzaProfilo <init>
INFORMAZIONI: Costruttore ControllerVisualizzaProfilo
]]></system-err>
  </testcase>
  <testcase name="testScarica(int)[10]" classname="laptop.test.TestLaptop2" time="0.02">
    <system-err><![CDATA[ott 28, 2023 11:42:09 AM laptop.controller.ControllerPassword <init>
INFORMAZIONI: Costruttore ControllerPassword
ott 28, 2023 11:42:09 AM laptop.controller.ControllerRegistraUtente <init>
INFORMAZIONI: Costruttore ControllerRegistaUtente
ott 28, 2023 11:42:09 AM laptop.controller.ControllerRicercaPerTipo <init>
INFORMAZIONI: Costruttore ControllerRicercaPerTipo
ott 28, 2023 11:42:09 AM laptop.controller.ControllerVisualizzaProfilo <init>
INFORMAZIONI: Costruttore ControllerVisualizzaProfilo
]]></system-err>
  </testcase>
  <testcase name="testGetUtenti" classname="laptop.test.TestLaptop2" time="0.439">
    <system-err><![CDATA[ott 28, 2023 11:42:09 AM laptop.controller.ControllerPassword <init>
INFORMAZIONI: Costruttore ControllerPassword
ott 28, 2023 11:42:09 AM laptop.controller.ControllerRegistraUtente <init>
INFORMAZIONI: Costruttore ControllerRegistaUtente
ott 28, 2023 11:42:09 AM laptop.controller.ControllerRicercaPerTipo <init>
INFORMAZIONI: Costruttore ControllerRicercaPerTipo
ott 28, 2023 11:42:09 AM laptop.controller.ControllerVisualizzaProfilo <init>
INFORMAZIONI: Costruttore ControllerVisualizzaProfilo
ott 28, 2023 11:42:10 AM laptop.utilities.ConnToDb generalConnection
INFORMAZIONI: Tentativo di conessione al server..........\\n
ott 28, 2023 11:42:10 AM laptop.utilities.ConnToDb generalConnection
INFORMAZIONI: Connesso standard ........

]]></system-err>
  </testcase>
  <testcase name="testGeneraReportGiornali" classname="laptop.test.TestLaptop2" time="0.029">
    <system-err><![CDATA[ott 28, 2023 11:42:10 AM laptop.controller.ControllerPassword <init>
INFORMAZIONI: Costruttore ControllerPassword
ott 28, 2023 11:42:10 AM laptop.controller.ControllerRegistraUtente <init>
INFORMAZIONI: Costruttore ControllerRegistaUtente
ott 28, 2023 11:42:10 AM laptop.controller.ControllerRicercaPerTipo <init>
INFORMAZIONI: Costruttore ControllerRicercaPerTipo
ott 28, 2023 11:42:10 AM laptop.controller.ControllerVisualizzaProfilo <init>
INFORMAZIONI: Costruttore ControllerVisualizzaProfilo
ott 28, 2023 11:42:10 AM laptop.utilities.ConnToDb generalConnection
INFORMAZIONI: Tentativo di conessione al server..........\\n
ott 28, 2023 11:42:10 AM laptop.utilities.ConnToDb generalConnection
INFORMAZIONI: Connesso standard ........

]]></system-err>
  </testcase>
  <testcase name="testCreateRaccoltaFinaleCompletaG" classname="laptop.test.TestLaptop2" time="0.001">
    <system-err><![CDATA[ott 28, 2023 11:42:10 AM laptop.controller.ControllerPassword <init>
INFORMAZIONI: Costruttore ControllerPassword
ott 28, 2023 11:42:10 AM laptop.controller.ControllerRegistraUtente <init>
INFORMAZIONI: Costruttore ControllerRegistaUtente
ott 28, 2023 11:42:10 AM laptop.controller.ControllerRicercaPerTipo <init>
INFORMAZIONI: Costruttore ControllerRicercaPerTipo
ott 28, 2023 11:42:10 AM laptop.controller.ControllerVisualizzaProfilo <init>
INFORMAZIONI: Costruttore ControllerVisualizzaProfilo
]]></system-err>
  </testcase>
  <testcase name="testCreateRaccoltaFinaleCompletaL" classname="laptop.test.TestLaptop2" time="0.001">
    <system-err><![CDATA[ott 28, 2023 11:42:10 AM laptop.controller.ControllerPassword <init>
INFORMAZIONI: Costruttore ControllerPassword
ott 28, 2023 11:42:10 AM laptop.controller.ControllerRegistraUtente <init>
INFORMAZIONI: Costruttore ControllerRegistaUtente
ott 28, 2023 11:42:10 AM laptop.controller.ControllerRicercaPerTipo <init>
INFORMAZIONI: Costruttore ControllerRicercaPerTipo
ott 28, 2023 11:42:10 AM laptop.controller.ControllerVisualizzaProfilo <init>
INFORMAZIONI: Costruttore ControllerVisualizzaProfilo
]]></system-err>
  </testcase>
  <testcase name="testCreateRaccoltaFinaleCompletaR" classname="laptop.test.TestLaptop2" time="0">
    <system-err><![CDATA[ott 28, 2023 11:42:10 AM laptop.controller.ControllerPassword <init>
INFORMAZIONI: Costruttore ControllerPassword
ott 28, 2023 11:42:10 AM laptop.controller.ControllerRegistraUtente <init>
INFORMAZIONI: Costruttore ControllerRegistaUtente
ott 28, 2023 11:42:10 AM laptop.controller.ControllerRicercaPerTipo <init>
INFORMAZIONI: Costruttore ControllerRicercaPerTipo
ott 28, 2023 11:42:10 AM laptop.controller.ControllerVisualizzaProfilo <init>
INFORMAZIONI: Costruttore ControllerVisualizzaProfilo
]]></system-err>
  </testcase>
  <testcase name="testGeneraReportRiviste" classname="laptop.test.TestLaptop2" time="0.049">
    <system-err><![CDATA[ott 28, 2023 11:42:10 AM laptop.controller.ControllerPassword <init>
INFORMAZIONI: Costruttore ControllerPassword
ott 28, 2023 11:42:10 AM laptop.controller.ControllerRegistraUtente <init>
INFORMAZIONI: Costruttore ControllerRegistaUtente
ott 28, 2023 11:42:10 AM laptop.controller.ControllerRicercaPerTipo <init>
INFORMAZIONI: Costruttore ControllerRicercaPerTipo
ott 28, 2023 11:42:10 AM laptop.controller.ControllerVisualizzaProfilo <init>
INFORMAZIONI: Costruttore ControllerVisualizzaProfilo
ott 28, 2023 11:42:10 AM laptop.utilities.ConnToDb generalConnection
INFORMAZIONI: Tentativo di conessione al server..........\\n
ott 28, 2023 11:42:10 AM laptop.utilities.ConnToDb generalConnection
INFORMAZIONI: Connesso standard ........

]]></system-err>
  </testcase>
  <testcase name="testGetRecensione" classname="laptop.test.TestLaptop2" time="0.001">
    <system-err><![CDATA[ott 28, 2023 11:42:10 AM laptop.controller.ControllerPassword <init>
INFORMAZIONI: Costruttore ControllerPassword
ott 28, 2023 11:42:10 AM laptop.controller.ControllerRegistraUtente <init>
INFORMAZIONI: Costruttore ControllerRegistaUtente
ott 28, 2023 11:42:10 AM laptop.controller.ControllerRicercaPerTipo <init>
INFORMAZIONI: Costruttore ControllerRicercaPerTipo
ott 28, 2023 11:42:10 AM laptop.controller.ControllerVisualizzaProfilo <init>
INFORMAZIONI: Costruttore ControllerVisualizzaProfilo
]]></system-err>
  </testcase>
  <testcase name="testTornaDalDb" classname="laptop.test.TestLaptop2" time="0.031">
    <system-err><![CDATA[ott 28, 2023 11:42:10 AM laptop.controller.ControllerPassword <init>
INFORMAZIONI: Costruttore ControllerPassword
ott 28, 2023 11:42:10 AM laptop.controller.ControllerRegistraUtente <init>
INFORMAZIONI: Costruttore ControllerRegistaUtente
ott 28, 2023 11:42:10 AM laptop.controller.ControllerRicercaPerTipo <init>
INFORMAZIONI: Costruttore ControllerRicercaPerTipo
ott 28, 2023 11:42:10 AM laptop.controller.ControllerVisualizzaProfilo <init>
INFORMAZIONI: Costruttore ControllerVisualizzaProfilo
ott 28, 2023 11:42:10 AM laptop.utilities.ConnToDb generalConnection
INFORMAZIONI: Tentativo di conessione al server..........\\n
ott 28, 2023 11:42:10 AM laptop.utilities.ConnToDb generalConnection
INFORMAZIONI: Connesso standard ........

]]></system-err>
  </testcase>
  <testcase name="testRitornaElencoCC" classname="laptop.test.TestLaptop2" time="0.028">
    <system-err><![CDATA[ott 28, 2023 11:42:10 AM laptop.controller.ControllerPassword <init>
INFORMAZIONI: Costruttore ControllerPassword
ott 28, 2023 11:42:10 AM laptop.controller.ControllerRegistraUtente <init>
INFORMAZIONI: Costruttore ControllerRegistaUtente
ott 28, 2023 11:42:10 AM laptop.controller.ControllerRicercaPerTipo <init>
INFORMAZIONI: Costruttore ControllerRicercaPerTipo
ott 28, 2023 11:42:10 AM laptop.controller.ControllerVisualizzaProfilo <init>
INFORMAZIONI: Costruttore ControllerVisualizzaProfilo
ott 28, 2023 11:42:10 AM laptop.utilities.ConnToDb generalConnection
INFORMAZIONI: Tentativo di conessione al server..........\\n
ott 28, 2023 11:42:10 AM laptop.utilities.ConnToDb generalConnection
INFORMAZIONI: Connesso standard ........

]]></system-err>
  </testcase>
</testsuite>