<?xml version="1.0" encoding="UTF-8"?>
<testsuite xmlns:xsi="http://www.w3.org/2001/XMLSchema-instance" xsi:noNamespaceSchemaLocation="https://maven.apache.org/surefire/maven-surefire-plugin/xsd/surefire-test-report-3.0.xsd" version="3.0" name="laptop.test.TestLaptop3" time="1.617" tests="37" errors="0" skipped="0" failures="0">
  <properties>
[...]
</properties>
  <testcase name="testCategorie(String)[1]" classname="laptop.test.TestLaptop3" time="0.001">
    <system-err><![CDATA[nov 08, 2023 5:34:52 PM web.bean.LibroBean <init>
INFORMAZIONI: costruttore
]]></system-err>
  </testcase>
  <testcase name="testCategorie(String)[2]" classname="laptop.test.TestLaptop3" time="0.001">
    <system-err><![CDATA[nov 08, 2023 5:34:52 PM web.bean.LibroBean <init>
INFORMAZIONI: costruttore
]]></system-err>
  </testcase>
  <testcase name="testCategorie(String)[3]" classname="laptop.test.TestLaptop3" time="0.029">
    <system-err><![CDATA[nov 08, 2023 5:34:52 PM web.bean.LibroBean <init>
INFORMAZIONI: costruttore
]]></system-err>
  </testcase>
  <testcase name="testCategorie(String)[4]" classname="laptop.test.TestLaptop3" time="0.001">
    <system-err><![CDATA[nov 08, 2023 5:34:52 PM web.bean.LibroBean <init>
INFORMAZIONI: costruttore
]]></system-err>
  </testcase>
  <testcase name="testCategorie(String)[5]" classname="laptop.test.TestLaptop3" time="0">
    <system-err><![CDATA[nov 08, 2023 5:34:52 PM web.bean.LibroBean <init>
INFORMAZIONI: costruttore
]]></system-err>
  </testcase>
  <testcase name="testCategorie(String)[6]" classname="laptop.test.TestLaptop3" time="0.001">
    <system-err><![CDATA[nov 08, 2023 5:34:52 PM web.bean.LibroBean <init>
INFORMAZIONI: costruttore
]]></system-err>
  </testcase>
  <testcase name="testCategorie(String)[7]" classname="laptop.test.TestLaptop3" time="0.001">
    <system-err><![CDATA[nov 08, 2023 5:34:52 PM web.bean.LibroBean <init>
INFORMAZIONI: costruttore
]]></system-err>
  </testcase>
  <testcase name="testCategorie(String)[8]" classname="laptop.test.TestLaptop3" time="0.001">
    <system-err><![CDATA[nov 08, 2023 5:34:52 PM web.bean.LibroBean <init>
INFORMAZIONI: costruttore
]]></system-err>
  </testcase>
  <testcase name="testFattura" classname="laptop.test.TestLaptop3" time="0">
    <system-err><![CDATA[nov 08, 2023 5:34:52 PM web.bean.LibroBean <init>
INFORMAZIONI: costruttore
]]></system-err>
  </testcase>
  <testcase name="testModificaOggettoList" classname="laptop.test.TestLaptop3" time="0.026">
    <system-err><![CDATA[nov 08, 2023 5:34:52 PM web.bean.LibroBean <init>
INFORMAZIONI: costruttore
nov 08, 2023 5:34:52 PM laptop.utilities.ConnToDb generalConnection
INFORMAZIONI: Tentativo di conessione al server..........\\n
nov 08, 2023 5:34:52 PM laptop.utilities.ConnToDb generalConnection
INFORMAZIONI: Connesso standard ........

]]></system-err>
  </testcase>
  <testcase name="testTipo(String)[1]" classname="laptop.test.TestLaptop3" time="0.002">
    <system-err><![CDATA[nov 08, 2023 5:34:52 PM web.bean.LibroBean <init>
INFORMAZIONI: costruttore
]]></system-err>
  </testcase>
  <testcase name="testTipo(String)[2]" classname="laptop.test.TestLaptop3" time="0.001">
    <system-err><![CDATA[nov 08, 2023 5:34:52 PM web.bean.LibroBean <init>
INFORMAZIONI: costruttore
]]></system-err>
  </testcase>
  <testcase name="testTipo(String)[3]" classname="laptop.test.TestLaptop3" time="0.001">
    <system-err><![CDATA[nov 08, 2023 5:34:52 PM web.bean.LibroBean <init>
INFORMAZIONI: costruttore
]]></system-err>
  </testcase>
  <testcase name="testUser" classname="laptop.test.TestLaptop3" time="0.003">
    <system-err><![CDATA[nov 08, 2023 5:34:52 PM web.bean.LibroBean <init>
INFORMAZIONI: costruttore
]]></system-err>
  </testcase>
  <testcase name="testCartaCreditoBeanSetter" classname="laptop.test.TestLaptop3" time="0.171">
    <system-err><![CDATA[nov 08, 2023 5:34:52 PM web.bean.LibroBean <init>
INFORMAZIONI: costruttore
nov 08, 2023 5:34:52 PM laptop.utilities.ConnToDb generalConnection
INFORMAZIONI: Tentativo di conessione al server..........\\n
nov 08, 2023 5:34:52 PM laptop.utilities.ConnToDb generalConnection
INFORMAZIONI: Connesso standard ........

nov 08, 2023 5:34:52 PM laptop.utilities.ConnToDb generalConnection
INFORMAZIONI: Tentativo di conessione al server..........\\n
nov 08, 2023 5:34:52 PM laptop.utilities.ConnToDb generalConnection
INFORMAZIONI: Connesso standard ........

nov 08, 2023 5:34:52 PM laptop.utilities.ConnToDb generalConnection
INFORMAZIONI: Tentativo di conessione al server..........\\n
nov 08, 2023 5:34:52 PM laptop.utilities.ConnToDb generalConnection
INFORMAZIONI: Connesso standard ........

nov 08, 2023 5:34:52 PM laptop.utilities.ConnToDb generalConnection
INFORMAZIONI: Tentativo di conessione al server..........\\n
nov 08, 2023 5:34:52 PM laptop.utilities.ConnToDb generalConnection
INFORMAZIONI: Connesso standard ........

nov 08, 2023 5:34:52 PM laptop.utilities.ConnToDb generalConnection
INFORMAZIONI: Tentativo di conessione al server..........\\n
nov 08, 2023 5:34:52 PM laptop.utilities.ConnToDb generalConnection
INFORMAZIONI: Connesso standard ........

]]></system-err>
  </testcase>
  <testcase name="testCreaNegozio" classname="laptop.test.TestLaptop3" time="0.001">
    <system-err><![CDATA[nov 08, 2023 5:34:52 PM web.bean.LibroBean <init>
INFORMAZIONI: costruttore
]]></system-err>
  </testcase>
  <testcase name="testRicercaBean" classname="laptop.test.TestLaptop3" time="0.036">
    <system-err><![CDATA[nov 08, 2023 5:34:52 PM web.bean.LibroBean <init>
INFORMAZIONI: costruttore
nov 08, 2023 5:34:52 PM laptop.utilities.ConnToDb generalConnection
INFORMAZIONI: Tentativo di conessione al server..........\\n
nov 08, 2023 5:34:52 PM laptop.utilities.ConnToDb generalConnection
INFORMAZIONI: Connesso standard ........

]]></system-err>
  </testcase>
  <testcase name="testListaCarte" classname="laptop.test.TestLaptop3" time="0.058">
    <system-err><![CDATA[nov 08, 2023 5:34:52 PM web.bean.LibroBean <init>
INFORMAZIONI: costruttore
nov 08, 2023 5:34:52 PM laptop.utilities.ConnToDb generalConnection
INFORMAZIONI: Tentativo di conessione al server..........\\n
nov 08, 2023 5:34:53 PM laptop.utilities.ConnToDb generalConnection
INFORMAZIONI: Connesso standard ........

nov 08, 2023 5:34:53 PM laptop.database.CartaCreditoDao insCC
GRAVE: 
 eccezione ottenuta .
com.mysql.cj.jdbc.exceptions.MysqlDataTruncation: Data truncation: Data too long for column 'codiceCarta' at row 1
	at com.mysql.cj.jdbc.exceptions.SQLExceptionsMapping.translateException(SQLExceptionsMapping.java:104)
	at com.mysql.cj.jdbc.ClientPreparedStatement.executeInternal(ClientPreparedStatement.java:916)
	at com.mysql.cj.jdbc.ClientPreparedStatement.executeUpdateInternal(ClientPreparedStatement.java:1061)
	at com.mysql.cj.jdbc.ClientPreparedStatement.executeUpdateInternal(ClientPreparedStatement.java:1009)
	at com.mysql.cj.jdbc.ClientPreparedStatement.executeLargeUpdate(ClientPreparedStatement.java:1320)
	at laptop.database.CartaCreditoDao.insCC(CartaCreditoDao.java:75)
	at laptop.test.TestLaptop3.testListaCarte(TestLaptop3.java:160)
	at java.base/jdk.internal.reflect.NativeMethodAccessorImpl.invoke0(Native Method)
	at java.base/jdk.internal.reflect.NativeMethodAccessorImpl.invoke(NativeMethodAccessorImpl.java:77)
	at java.base/jdk.internal.reflect.DelegatingMethodAccessorImpl.invoke(DelegatingMethodAccessorImpl.java:43)
	at java.base/java.lang.reflect.Method.invoke(Method.java:568)
	at org.junit.platform.commons.util.ReflectionUtils.invokeMethod(ReflectionUtils.java:727)
	at org.junit.jupiter.engine.execution.MethodInvocation.proceed(MethodInvocation.java:60)
	at org.junit.jupiter.engine.execution.InvocationInterceptorChain$ValidatingInvocation.proceed(InvocationInterceptorChain.java:131)
	at org.junit.jupiter.engine.extension.TimeoutExtension.intercept(TimeoutExtension.java:156)
	at org.junit.jupiter.engine.extension.TimeoutExtension.interceptTestableMethod(TimeoutExtension.java:147)
	at org.junit.jupiter.engine.extension.TimeoutExtension.interceptTestMethod(TimeoutExtension.java:86)
	at org.junit.jupiter.engine.execution.InterceptingExecutableInvoker$ReflectiveInterceptorCall.lambda$ofVoidMethod$0(InterceptingExecutableInvoker.java:103)
	at org.junit.jupiter.engine.execution.InterceptingExecutableInvoker.lambda$invoke$0(InterceptingExecutableInvoker.java:93)
	at org.junit.jupiter.engine.execution.InvocationInterceptorChain$InterceptedInvocation.proceed(InvocationInterceptorChain.java:106)
	at org.junit.jupiter.engine.execution.InvocationInterceptorChain.proceed(InvocationInterceptorChain.java:64)
	at org.junit.jupiter.engine.execution.InvocationInterceptorChain.chainAndInvoke(InvocationInterceptorChain.java:45)
	at org.junit.jupiter.engine.execution.InvocationInterceptorChain.invoke(InvocationInterceptorChain.java:37)
	at org.junit.jupiter.engine.execution.InterceptingExecutableInvoker.invoke(InterceptingExecutableInvoker.java:92)
	at org.junit.jupiter.engine.execution.InterceptingExecutableInvoker.invoke(InterceptingExecutableInvoker.java:86)
	at org.junit.jupiter.engine.descriptor.TestMethodTestDescriptor.lambda$invokeTestMethod$7(TestMethodTestDescriptor.java:217)
	at org.junit.platform.engine.support.hierarchical.ThrowableCollector.execute(ThrowableCollector.java:73)
	at org.junit.jupiter.engine.descriptor.TestMethodTestDescriptor.invokeTestMethod(TestMethodTestDescriptor.java:213)
	at org.junit.jupiter.engine.descriptor.TestMethodTestDescriptor.execute(TestMethodTestDescriptor.java:138)
	at org.junit.jupiter.engine.descriptor.TestMethodTestDescriptor.execute(TestMethodTestDescriptor.java:68)
	at org.junit.platform.engine.support.hierarchical.NodeTestTask.lambda$executeRecursively$6(NodeTestTask.java:151)
	at org.junit.platform.engine.support.hierarchical.ThrowableCollector.execute(ThrowableCollector.java:73)
	at org.junit.platform.engine.support.hierarchical.NodeTestTask.lambda$executeRecursively$8(NodeTestTask.java:141)
	at org.junit.platform.engine.support.hierarchical.Node.around(Node.java:137)
	at org.junit.platform.engine.support.hierarchical.NodeTestTask.lambda$executeRecursively$9(NodeTestTask.java:139)
	at org.junit.platform.engine.support.hierarchical.ThrowableCollector.execute(ThrowableCollector.java:73)
	at org.junit.platform.engine.support.hierarchical.NodeTestTask.executeRecursively(NodeTestTask.java:138)
	at org.junit.platform.engine.support.hierarchical.NodeTestTask.execute(NodeTestTask.java:95)
	at java.base/java.util.ArrayList.forEach(ArrayList.java:1511)
	at org.junit.platform.engine.support.hierarchical.SameThreadHierarchicalTestExecutorService.invokeAll(SameThreadHierarchicalTestExecutorService.java:41)
	at org.junit.platform.engine.support.hierarchical.NodeTestTask.lambda$executeRecursively$6(NodeTestTask.java:155)
	at org.junit.platform.engine.support.hierarchical.ThrowableCollector.execute(ThrowableCollector.java:73)
	at org.junit.platform.engine.support.hierarchical.NodeTestTask.lambda$executeRecursively$8(NodeTestTask.java:141)
	at org.junit.platform.engine.support.hierarchical.Node.around(Node.java:137)
	at org.junit.platform.engine.support.hierarchical.NodeTestTask.lambda$executeRecursively$9(NodeTestTask.java:139)
	at org.junit.platform.engine.support.hierarchical.ThrowableCollector.execute(ThrowableCollector.java:73)
	at org.junit.platform.engine.support.hierarchical.NodeTestTask.executeRecursively(NodeTestTask.java:138)
	at org.junit.platform.engine.support.hierarchical.NodeTestTask.execute(NodeTestTask.java:95)
	at java.base/java.util.ArrayList.forEach(ArrayList.java:1511)
	at org.junit.platform.engine.support.hierarchical.SameThreadHierarchicalTestExecutorService.invokeAll(SameThreadHierarchicalTestExecutorService.java:41)
	at org.junit.platform.engine.support.hierarchical.NodeTestTask.lambda$executeRecursively$6(NodeTestTask.java:155)
	at org.junit.platform.engine.support.hierarchical.ThrowableCollector.execute(ThrowableCollector.java:73)
	at org.junit.platform.engine.support.hierarchical.NodeTestTask.lambda$executeRecursively$8(NodeTestTask.java:141)
	at org.junit.platform.engine.support.hierarchical.Node.around(Node.java:137)
	at org.junit.platform.engine.support.hierarchical.NodeTestTask.lambda$executeRecursively$9(NodeTestTask.java:139)
	at org.junit.platform.engine.support.hierarchical.ThrowableCollector.execute(ThrowableCollector.java:73)
	at org.junit.platform.engine.support.hierarchical.NodeTestTask.executeRecursively(NodeTestTask.java:138)
	at org.junit.platform.engine.support.hierarchical.NodeTestTask.execute(NodeTestTask.java:95)
	at org.junit.platform.engine.support.hierarchical.SameThreadHierarchicalTestExecutorService.submit(SameThreadHierarchicalTestExecutorService.java:35)
	at org.junit.platform.engine.support.hierarchical.HierarchicalTestExecutor.execute(HierarchicalTestExecutor.java:57)
	at org.junit.platform.engine.support.hierarchical.HierarchicalTestEngine.execute(HierarchicalTestEngine.java:54)
	at org.junit.platform.launcher.core.EngineExecutionOrchestrator.execute(EngineExecutionOrchestrator.java:147)
	at org.junit.platform.launcher.core.EngineExecutionOrchestrator.execute(EngineExecutionOrchestrator.java:127)
	at org.junit.platform.launcher.core.EngineExecutionOrchestrator.execute(EngineExecutionOrchestrator.java:90)
	at org.junit.platform.launcher.core.EngineExecutionOrchestrator.lambda$execute$0(EngineExecutionOrchestrator.java:55)
	at org.junit.platform.launcher.core.EngineExecutionOrchestrator.withInterceptedStreams(EngineExecutionOrchestrator.java:102)
	at org.junit.platform.launcher.core.EngineExecutionOrchestrator.execute(EngineExecutionOrchestrator.java:54)
	at org.junit.platform.launcher.core.DefaultLauncher.execute(DefaultLauncher.java:114)
	at org.junit.platform.launcher.core.DefaultLauncher.execute(DefaultLauncher.java:86)
	at org.junit.platform.launcher.core.DefaultLauncherSession$DelegatingLauncher.execute(DefaultLauncherSession.java:86)
	at org.junit.platform.launcher.core.SessionPerRequestLauncher.execute(SessionPerRequestLauncher.java:53)
	at org.apache.maven.surefire.junitplatform.JUnitPlatformProvider.execute(JUnitPlatformProvider.java:188)
	at org.apache.maven.surefire.junitplatform.JUnitPlatformProvider.invokeAllTests(JUnitPlatformProvider.java:154)
	at org.apache.maven.surefire.junitplatform.JUnitPlatformProvider.invoke(JUnitPlatformProvider.java:128)
	at org.apache.maven.surefire.booter.ForkedBooter.runSuitesInProcess(ForkedBooter.java:428)
	at org.apache.maven.surefire.booter.ForkedBooter.execute(ForkedBooter.java:162)
	at org.apache.maven.surefire.booter.ForkedBooter.run(ForkedBooter.java:562)
	at org.apache.maven.surefire.booter.ForkedBooter.main(ForkedBooter.java:548)

nov 08, 2023 5:34:53 PM laptop.utilities.ConnToDb generalConnection
INFORMAZIONI: Tentativo di conessione al server..........\\n
nov 08, 2023 5:34:53 PM laptop.utilities.ConnToDb generalConnection
INFORMAZIONI: Connesso standard ........

]]></system-err>
  </testcase>
  <testcase name="testListaLibri" classname="laptop.test.TestLaptop3" time="0.068">
    <system-err><![CDATA[nov 08, 2023 5:34:53 PM web.bean.LibroBean <init>
INFORMAZIONI: costruttore
nov 08, 2023 5:34:53 PM laptop.utilities.ConnToDb generalConnection
INFORMAZIONI: Tentativo di conessione al server..........\\n
nov 08, 2023 5:34:53 PM laptop.utilities.ConnToDb generalConnection
INFORMAZIONI: Connesso standard ........

]]></system-err>
  </testcase>
  <testcase name="testInsertRivistaBean" classname="laptop.test.TestLaptop3" time="0.21">
    <system-err><![CDATA[nov 08, 2023 5:34:53 PM web.bean.LibroBean <init>
INFORMAZIONI: costruttore
nov 08, 2023 5:34:53 PM laptop.utilities.ConnToDb generalConnection
INFORMAZIONI: Tentativo di conessione al server..........\\n
nov 08, 2023 5:34:53 PM laptop.utilities.ConnToDb generalConnection
INFORMAZIONI: Connesso standard ........

nov 08, 2023 5:34:53 PM laptop.utilities.ConnToDb generalConnection
INFORMAZIONI: Tentativo di conessione al server..........\\n
nov 08, 2023 5:34:53 PM laptop.utilities.ConnToDb generalConnection
INFORMAZIONI: Connesso standard ........

]]></system-err>
  </testcase>
  <testcase name="testCreaLibroBean" classname="laptop.test.TestLaptop3" time="0.001">
    <system-err><![CDATA[nov 08, 2023 5:34:53 PM web.bean.LibroBean <init>
INFORMAZIONI: costruttore
]]></system-err>
  </testcase>
  <testcase name="testReportG" classname="laptop.test.TestLaptop3" time="0.04">
    <system-err><![CDATA[nov 08, 2023 5:34:53 PM web.bean.LibroBean <init>
INFORMAZIONI: costruttore
nov 08, 2023 5:34:53 PM laptop.utilities.ConnToDb generalConnection
INFORMAZIONI: Tentativo di conessione al server..........\\n
nov 08, 2023 5:34:53 PM laptop.utilities.ConnToDb generalConnection
INFORMAZIONI: Connesso standard ........

]]></system-err>
  </testcase>
  <testcase name="testReportL" classname="laptop.test.TestLaptop3" time="0.035">
    <system-err><![CDATA[nov 08, 2023 5:34:53 PM web.bean.LibroBean <init>
INFORMAZIONI: costruttore
nov 08, 2023 5:34:53 PM laptop.utilities.ConnToDb generalConnection
INFORMAZIONI: Tentativo di conessione al server..........\\n
nov 08, 2023 5:34:53 PM laptop.utilities.ConnToDb generalConnection
INFORMAZIONI: Connesso standard ........

]]></system-err>
  </testcase>
  <testcase name="testReportR" classname="laptop.test.TestLaptop3" time="0.032">
    <system-err><![CDATA[nov 08, 2023 5:34:53 PM web.bean.LibroBean <init>
INFORMAZIONI: costruttore
nov 08, 2023 5:34:53 PM laptop.utilities.ConnToDb generalConnection
INFORMAZIONI: Tentativo di conessione al server..........\\n
nov 08, 2023 5:34:53 PM laptop.utilities.ConnToDb generalConnection
INFORMAZIONI: Connesso standard ........

]]></system-err>
  </testcase>
  <testcase name="testListaGiornali" classname="laptop.test.TestLaptop3" time="0.039">
    <system-err><![CDATA[nov 08, 2023 5:34:53 PM web.bean.LibroBean <init>
INFORMAZIONI: costruttore
nov 08, 2023 5:34:53 PM laptop.utilities.ConnToDb generalConnection
INFORMAZIONI: Tentativo di conessione al server..........\\n
nov 08, 2023 5:34:53 PM laptop.utilities.ConnToDb generalConnection
INFORMAZIONI: Connesso standard ........

]]></system-err>
  </testcase>
  <testcase name="testPagamento" classname="laptop.test.TestLaptop3" time="0.448">
    <system-err><![CDATA[nov 08, 2023 5:34:53 PM web.bean.LibroBean <init>
INFORMAZIONI: costruttore
nov 08, 2023 5:34:53 PM laptop.utilities.ConnToDb generalConnection
INFORMAZIONI: Tentativo di conessione al server..........\\n
nov 08, 2023 5:34:53 PM laptop.utilities.ConnToDb generalConnection
INFORMAZIONI: Connesso standard ........

nov 08, 2023 5:34:53 PM laptop.utilities.ConnToDb generalConnection
INFORMAZIONI: Tentativo di conessione al server..........\\n
nov 08, 2023 5:34:53 PM laptop.utilities.ConnToDb generalConnection
INFORMAZIONI: Connesso standard ........

nov 08, 2023 5:34:53 PM laptop.utilities.ConnToDb generalConnection
INFORMAZIONI: Tentativo di conessione al server..........\\n
nov 08, 2023 5:34:53 PM laptop.utilities.ConnToDb generalConnection
INFORMAZIONI: Connesso standard ........

]]></system-err>
  </testcase>
  <testcase name="testLibriBean" classname="laptop.test.TestLaptop3" time="0.05">
    <system-err><![CDATA[nov 08, 2023 5:34:53 PM web.bean.LibroBean <init>
INFORMAZIONI: costruttore
nov 08, 2023 5:34:53 PM laptop.utilities.ConnToDb generalConnection
INFORMAZIONI: Tentativo di conessione al server..........\\n
nov 08, 2023 5:34:53 PM laptop.utilities.ConnToDb generalConnection
INFORMAZIONI: Connesso standard ........

]]></system-err>
  </testcase>
  <testcase name="testCreaGiornale" classname="laptop.test.TestLaptop3" time="0">
    <system-err><![CDATA[nov 08, 2023 5:34:53 PM web.bean.LibroBean <init>
INFORMAZIONI: costruttore
]]></system-err>
  </testcase>
  <testcase name="testUserBeanType(String)[1]" classname="laptop.test.TestLaptop3" time="0.001">
    <system-err><![CDATA[nov 08, 2023 5:34:53 PM web.bean.LibroBean <init>
INFORMAZIONI: costruttore
]]></system-err>
  </testcase>
  <testcase name="testUserBeanType(String)[2]" classname="laptop.test.TestLaptop3" time="0.001">
    <system-err><![CDATA[nov 08, 2023 5:34:53 PM web.bean.LibroBean <init>
INFORMAZIONI: costruttore
]]></system-err>
  </testcase>
  <testcase name="testUserBeanType(String)[3]" classname="laptop.test.TestLaptop3" time="0.001">
    <system-err><![CDATA[nov 08, 2023 5:34:53 PM web.bean.LibroBean <init>
INFORMAZIONI: costruttore
]]></system-err>
  </testcase>
  <testcase name="testUserBeanType(String)[4]" classname="laptop.test.TestLaptop3" time="0.006">
    <system-err><![CDATA[nov 08, 2023 5:34:53 PM web.bean.LibroBean <init>
INFORMAZIONI: costruttore
]]></system-err>
  </testcase>
  <testcase name="testPrezzo(Float)[1]" classname="laptop.test.TestLaptop3" time="0.059">
    <system-err><![CDATA[nov 08, 2023 5:34:53 PM web.bean.LibroBean <init>
INFORMAZIONI: costruttore
]]></system-err>
  </testcase>
  <testcase name="testPrezzo(Float)[2]" classname="laptop.test.TestLaptop3" time="0.003">
    <system-err><![CDATA[nov 08, 2023 5:34:54 PM web.bean.LibroBean <init>
INFORMAZIONI: costruttore
]]></system-err>
  </testcase>
  <testcase name="testPrezzo(Float)[3]" classname="laptop.test.TestLaptop3" time="0.002">
    <system-err><![CDATA[nov 08, 2023 5:34:54 PM web.bean.LibroBean <init>
INFORMAZIONI: costruttore
]]></system-err>
  </testcase>
  <testcase name="testCategorieRivista" classname="laptop.test.TestLaptop3" time="0.005">
    <system-err><![CDATA[nov 08, 2023 5:34:54 PM web.bean.LibroBean <init>
INFORMAZIONI: costruttore
]]></system-err>
  </testcase>
  <testcase name="testReportUtenti" classname="laptop.test.TestLaptop3" time="0.196">
    <system-err><![CDATA[nov 08, 2023 5:34:54 PM web.bean.LibroBean <init>
INFORMAZIONI: costruttore
nov 08, 2023 5:34:54 PM laptop.utilities.ConnToDb generalConnection
INFORMAZIONI: Tentativo di conessione al server..........\\n
nov 08, 2023 5:34:54 PM laptop.utilities.ConnToDb generalConnection
INFORMAZIONI: Connesso standard ........

]]></system-err>
  </testcase>
</testsuite>